Args in experiment:
Namespace(ver='D', is_training=1, model_id='mirae_Linear', model='DLinear', data='mirae', root_path='./data/ETT/', data_path='ETTh1.csv', features='M', target='OT', freq='h', checkpoints='./checkpoints/', seq_len=72, label_len=48, pred_len=12, individual=False, embed_type=0, enc_in=7, dec_in=7, c_out=7, d_model=512, n_heads=8, e_layers=2, d_layers=1, d_ff=2048, moving_avg=25, factor=1, distil=True, dropout=0.05, embed='timeF', activation='gelu', output_attention=False, do_predict=False, num_workers=10, itr=1, train_epochs=20, batch_size=32, patience=3, learning_rate=0.005, des='Exp', loss='mse', lradj='type1', use_amp=False, use_gpu=True, gpu=0, use_multi_gpu=False, devices='0,1,2,3', test_flop=False)
Use GPU: cuda:0
>>>>>>>start training : mirae_Linear_DLinear_mirae_ftM_sl72_ll48_pl12_dm512_nh8_el2_dl1_df2048_fc1_ebtimeF_dtTrue_Exp_0>>>>>>>>>>>>>>>>>>>>>>>>>>
train 4552
val 975
test 976
	iters: 100, epoch: 1 | loss: 0.0090207
	speed: 0.0196s/iter; left time: 53.6827s
Epoch: 1 cost time: 2.2989003658294678
Epoch: 1, Steps: 142 | Train Loss: 0.0109697 Vali Loss: 0.0018448 Test Loss: 0.0019153
Validation loss decreased (inf --> 0.001845).  Saving model ...
Updating learning rate to 0.005
	iters: 100, epoch: 2 | loss: 0.0040985
	speed: 0.0363s/iter; left time: 94.3075s
Epoch: 2 cost time: 1.6798467636108398
Epoch: 2, Steps: 142 | Train Loss: 0.0056246 Vali Loss: 0.0018299 Test Loss: 0.0018828
Validation loss decreased (0.001845 --> 0.001830).  Saving model ...
Updating learning rate to 0.0025
	iters: 100, epoch: 3 | loss: 0.0044768
	speed: 0.0358s/iter; left time: 88.0439s
Epoch: 3 cost time: 1.7332487106323242
Epoch: 3, Steps: 142 | Train Loss: 0.0046598 Vali Loss: 0.0017834 Test Loss: 0.0016211
Validation loss decreased (0.001830 --> 0.001783).  Saving model ...
Updating learning rate to 0.00125
	iters: 100, epoch: 4 | loss: 0.0055944
	speed: 0.0402s/iter; left time: 93.1672s
Epoch: 4 cost time: 1.9551599025726318
Epoch: 4, Steps: 142 | Train Loss: 0.0042787 Vali Loss: 0.0015998 Test Loss: 0.0015416
Validation loss decreased (0.001783 --> 0.001600).  Saving model ...
Updating learning rate to 0.000625
	iters: 100, epoch: 5 | loss: 0.0042214
	speed: 0.0371s/iter; left time: 80.6834s
Epoch: 5 cost time: 1.8243217468261719
Epoch: 5, Steps: 142 | Train Loss: 0.0039998 Vali Loss: 0.0018081 Test Loss: 0.0015835
EarlyStopping counter: 1 out of 3
Updating learning rate to 0.0003125
	iters: 100, epoch: 6 | loss: 0.0048983
	speed: 0.0368s/iter; left time: 74.6644s
Epoch: 6 cost time: 1.8280653953552246
Epoch: 6, Steps: 142 | Train Loss: 0.0038844 Vali Loss: 0.0015475 Test Loss: 0.0014527
Validation loss decreased (0.001600 --> 0.001548).  Saving model ...
Updating learning rate to 0.00015625
	iters: 100, epoch: 7 | loss: 0.0022213
	speed: 0.0383s/iter; left time: 72.2817s
Epoch: 7 cost time: 1.8339073657989502
Epoch: 7, Steps: 142 | Train Loss: 0.0038099 Vali Loss: 0.0015816 Test Loss: 0.0014482
EarlyStopping counter: 1 out of 3
Updating learning rate to 7.8125e-05
	iters: 100, epoch: 8 | loss: 0.0032842
	speed: 0.0379s/iter; left time: 66.2462s
Epoch: 8 cost time: 1.8614649772644043
Epoch: 8, Steps: 142 | Train Loss: 0.0037882 Vali Loss: 0.0015250 Test Loss: 0.0014304
Validation loss decreased (0.001548 --> 0.001525).  Saving model ...
Updating learning rate to 3.90625e-05
	iters: 100, epoch: 9 | loss: 0.0029329
	speed: 0.0346s/iter; left time: 55.5962s
Epoch: 9 cost time: 1.7360172271728516
Epoch: 9, Steps: 142 | Train Loss: 0.0037744 Vali Loss: 0.0015861 Test Loss: 0.0014463
EarlyStopping counter: 1 out of 3
Updating learning rate to 1.953125e-05
	iters: 100, epoch: 10 | loss: 0.0057312
	speed: 0.0388s/iter; left time: 56.7028s
Epoch: 10 cost time: 1.7558348178863525
Epoch: 10, Steps: 142 | Train Loss: 0.0037594 Vali Loss: 0.0015473 Test Loss: 0.0014292
EarlyStopping counter: 2 out of 3
Updating learning rate to 9.765625e-06
	iters: 100, epoch: 11 | loss: 0.0046265
	speed: 0.0373s/iter; left time: 49.3130s
Epoch: 11 cost time: 1.747896671295166
Epoch: 11, Steps: 142 | Train Loss: 0.0037612 Vali Loss: 0.0015457 Test Loss: 0.0014331
EarlyStopping counter: 3 out of 3
Early stopping
>>>>>>>testing : mirae_Linear_DLinear_mirae_ftM_sl72_ll48_pl12_dm512_nh8_el2_dl1_df2048_fc1_ebtimeF_dtTrue_Exp_0<<<<<<<<<<<<<<<<<<<<<<<<<<<<<<<<<
test 976
mse:0.0014304055366665125, mae:0.02646246924996376
