Args in experiment:
Namespace(ver='TPM', is_training=1, model_id='mirae_Linear', model='DLinear_S', data='mirae', root_path='./data/ETT/', data_path='ETTh1.csv', features='M', target='OT', freq='h', checkpoints='./checkpoints/', seq_len=72, label_len=48, pred_len=12, individual=False, embed_type=0, enc_in=7, dec_in=7, c_out=7, d_model=512, n_heads=8, e_layers=2, d_layers=1, d_ff=2048, moving_avg=25, factor=1, distil=True, dropout=0.05, embed='timeF', activation='gelu', output_attention=False, do_predict=False, num_workers=10, itr=1, train_epochs=20, batch_size=32, patience=3, learning_rate=0.005, des='Exp', loss='mse', lradj='type1', use_amp=False, use_gpu=True, gpu=0, use_multi_gpu=False, devices='0,1,2,3', test_flop=False)
Use GPU: cuda:0
>>>>>>>start training : mirae_Linear_DLinear_S_mirae_ftM_sl72_ll48_pl12_dm512_nh8_el2_dl1_df2048_fc1_ebtimeF_dtTrue_Exp_0>>>>>>>>>>>>>>>>>>>>>>>>>>
train 4552
val 975
test 976
	iters: 100, epoch: 1 | loss: 0.0063955
	speed: 0.0354s/iter; left time: 97.0935s
Epoch: 1 cost time: 3.881560802459717
Epoch: 1, Steps: 142 | Train Loss: 0.0175628 Vali Loss: 0.0032775 Test Loss: 0.0028939
Validation loss decreased (inf --> 0.003278).  Saving model ...
Updating learning rate to 0.005
	iters: 100, epoch: 2 | loss: 0.0108374
	speed: 0.0421s/iter; left time: 109.3160s
Epoch: 2 cost time: 2.028909683227539
Epoch: 2, Steps: 142 | Train Loss: 0.0070014 Vali Loss: 0.0019015 Test Loss: 0.0018929
Validation loss decreased (0.003278 --> 0.001902).  Saving model ...
Updating learning rate to 0.0025
	iters: 100, epoch: 3 | loss: 0.0065685
	speed: 0.0435s/iter; left time: 106.7936s
Epoch: 3 cost time: 2.005554437637329
Epoch: 3, Steps: 142 | Train Loss: 0.0056451 Vali Loss: 0.0018255 Test Loss: 0.0016125
Validation loss decreased (0.001902 --> 0.001825).  Saving model ...
Updating learning rate to 0.00125
	iters: 100, epoch: 4 | loss: 0.0030287
	speed: 0.0438s/iter; left time: 101.4580s
Epoch: 4 cost time: 1.9712634086608887
Epoch: 4, Steps: 142 | Train Loss: 0.0048525 Vali Loss: 0.0017163 Test Loss: 0.0015430
Validation loss decreased (0.001825 --> 0.001716).  Saving model ...
Updating learning rate to 0.000625
	iters: 100, epoch: 5 | loss: 0.0037644
	speed: 0.0411s/iter; left time: 89.3071s
Epoch: 5 cost time: 1.8144221305847168
Epoch: 5, Steps: 142 | Train Loss: 0.0045426 Vali Loss: 0.0016021 Test Loss: 0.0014727
Validation loss decreased (0.001716 --> 0.001602).  Saving model ...
Updating learning rate to 0.0003125
	iters: 100, epoch: 6 | loss: 0.0057287
	speed: 0.0445s/iter; left time: 90.3411s
Epoch: 6 cost time: 1.8538711071014404
Epoch: 6, Steps: 142 | Train Loss: 0.0044034 Vali Loss: 0.0016915 Test Loss: 0.0015740
EarlyStopping counter: 1 out of 3
Updating learning rate to 0.00015625
	iters: 100, epoch: 7 | loss: 0.0035831
	speed: 0.0419s/iter; left time: 79.1442s
Epoch: 7 cost time: 1.9026908874511719
Epoch: 7, Steps: 142 | Train Loss: 0.0043179 Vali Loss: 0.0017045 Test Loss: 0.0015743
EarlyStopping counter: 2 out of 3
Updating learning rate to 7.8125e-05
	iters: 100, epoch: 8 | loss: 0.0029167
	speed: 0.0388s/iter; left time: 67.7186s
Epoch: 8 cost time: 1.8380372524261475
Epoch: 8, Steps: 142 | Train Loss: 0.0042733 Vali Loss: 0.0016853 Test Loss: 0.0015718
EarlyStopping counter: 3 out of 3
Early stopping
>>>>>>>testing : mirae_Linear_DLinear_S_mirae_ftM_sl72_ll48_pl12_dm512_nh8_el2_dl1_df2048_fc1_ebtimeF_dtTrue_Exp_0<<<<<<<<<<<<<<<<<<<<<<<<<<<<<<<<<
test 976
mse:0.001473, mae:0.02834
