Args in experiment:
Namespace(ver='TWM-2', is_training=1, model_id='mirae_Linear', model='DLinear', data='mirae', root_path='./data/ETT/', data_path='ETTh1.csv', features='M', target='OT', freq='h', checkpoints='./checkpoints/', seq_len=72, label_len=48, pred_len=12, individual=False, embed_type=0, enc_in=7, dec_in=7, c_out=7, d_model=512, n_heads=8, e_layers=2, d_layers=1, d_ff=2048, moving_avg=25, factor=1, distil=True, dropout=0.05, embed='timeF', activation='gelu', output_attention=False, do_predict=False, num_workers=10, itr=1, train_epochs=20, batch_size=32, patience=3, learning_rate=0.005, des='Exp', loss='mse', lradj='type1', use_amp=False, use_gpu=True, gpu=0, use_multi_gpu=False, devices='0,1,2,3', test_flop=False)
Use GPU: cuda:0
>>>>>>>start training : mirae_Linear_DLinear_mirae_ftM_sl72_ll48_pl12_dm512_nh8_el2_dl1_df2048_fc1_ebtimeF_dtTrue_Exp_0>>>>>>>>>>>>>>>>>>>>>>>>>>
train 4552
val 975
test 976
	iters: 100, epoch: 1 | loss: 0.0109097
	speed: 0.0365s/iter; left time: 99.9323s
Epoch: 1 cost time: 4.031093120574951
Epoch: 1, Steps: 142 | Train Loss: 0.0206223 Vali Loss: 0.0022475 Test Loss: 0.0030245
Validation loss decreased (inf --> 0.002248).  Saving model ...
Updating learning rate to 0.005
	iters: 100, epoch: 2 | loss: 0.0059361
	speed: 0.0483s/iter; left time: 125.6279s
Epoch: 2 cost time: 2.3332040309906006
Epoch: 2, Steps: 142 | Train Loss: 0.0065535 Vali Loss: 0.0015083 Test Loss: 0.0019827
Validation loss decreased (0.002248 --> 0.001508).  Saving model ...
Updating learning rate to 0.0025
	iters: 100, epoch: 3 | loss: 0.0043195
	speed: 0.0515s/iter; left time: 126.4376s
Epoch: 3 cost time: 2.373556137084961
Epoch: 3, Steps: 142 | Train Loss: 0.0050897 Vali Loss: 0.0014062 Test Loss: 0.0018306
Validation loss decreased (0.001508 --> 0.001406).  Saving model ...
Updating learning rate to 0.00125
	iters: 100, epoch: 4 | loss: 0.0027665
	speed: 0.0515s/iter; left time: 119.1595s
Epoch: 4 cost time: 2.3379716873168945
Epoch: 4, Steps: 142 | Train Loss: 0.0046974 Vali Loss: 0.0013255 Test Loss: 0.0016947
Validation loss decreased (0.001406 --> 0.001325).  Saving model ...
Updating learning rate to 0.000625
	iters: 100, epoch: 5 | loss: 0.0049038
	speed: 0.0537s/iter; left time: 116.7114s
Epoch: 5 cost time: 2.306520700454712
Epoch: 5, Steps: 142 | Train Loss: 0.0045345 Vali Loss: 0.0012847 Test Loss: 0.0016632
Validation loss decreased (0.001325 --> 0.001285).  Saving model ...
Updating learning rate to 0.0003125
	iters: 100, epoch: 6 | loss: 0.0033101
	speed: 0.0513s/iter; left time: 104.2752s
Epoch: 6 cost time: 2.2983007431030273
Epoch: 6, Steps: 142 | Train Loss: 0.0044431 Vali Loss: 0.0012716 Test Loss: 0.0016465
Validation loss decreased (0.001285 --> 0.001272).  Saving model ...
Updating learning rate to 0.00015625
	iters: 100, epoch: 7 | loss: 0.0084940
	speed: 0.0503s/iter; left time: 94.9813s
Epoch: 7 cost time: 2.268993377685547
Epoch: 7, Steps: 142 | Train Loss: 0.0044113 Vali Loss: 0.0012641 Test Loss: 0.0016357
Validation loss decreased (0.001272 --> 0.001264).  Saving model ...
Updating learning rate to 7.8125e-05
	iters: 100, epoch: 8 | loss: 0.0052247
	speed: 0.0496s/iter; left time: 86.7186s
Epoch: 8 cost time: 2.036311626434326
Epoch: 8, Steps: 142 | Train Loss: 0.0043796 Vali Loss: 0.0012600 Test Loss: 0.0016339
Validation loss decreased (0.001264 --> 0.001260).  Saving model ...
Updating learning rate to 3.90625e-05
	iters: 100, epoch: 9 | loss: 0.0057147
	speed: 0.0502s/iter; left time: 80.5551s
Epoch: 9 cost time: 2.1771910190582275
Epoch: 9, Steps: 142 | Train Loss: 0.0043853 Vali Loss: 0.0012676 Test Loss: 0.0016326
EarlyStopping counter: 1 out of 3
Updating learning rate to 1.953125e-05
	iters: 100, epoch: 10 | loss: 0.0032536
	speed: 0.0508s/iter; left time: 74.2598s
Epoch: 10 cost time: 2.421069860458374
Epoch: 10, Steps: 142 | Train Loss: 0.0043726 Vali Loss: 0.0012665 Test Loss: 0.0016314
EarlyStopping counter: 2 out of 3
Updating learning rate to 9.765625e-06
	iters: 100, epoch: 11 | loss: 0.0043899
	speed: 0.0456s/iter; left time: 60.2386s
Epoch: 11 cost time: 2.1156108379364014
Epoch: 11, Steps: 142 | Train Loss: 0.0043770 Vali Loss: 0.0012679 Test Loss: 0.0016317
EarlyStopping counter: 3 out of 3
Early stopping
>>>>>>>testing : mirae_Linear_DLinear_mirae_ftM_sl72_ll48_pl12_dm512_nh8_el2_dl1_df2048_fc1_ebtimeF_dtTrue_Exp_0<<<<<<<<<<<<<<<<<<<<<<<<<<<<<<<<<
test 976
mse:0.001634, mae:0.02916
