Args in experiment:
Namespace(ver='TWM', is_training=1, model_id='mirae_Linear', model='DLinear_S', data='mirae', root_path='./data/ETT/', data_path='ETTh1.csv', features='M', target='OT', freq='h', checkpoints='./checkpoints/', seq_len=72, label_len=48, pred_len=12, individual=False, embed_type=0, enc_in=7, dec_in=7, c_out=7, d_model=512, n_heads=8, e_layers=2, d_layers=1, d_ff=2048, moving_avg=25, factor=1, distil=True, dropout=0.05, embed='timeF', activation='gelu', output_attention=False, do_predict=False, num_workers=10, itr=1, train_epochs=20, batch_size=32, patience=3, learning_rate=0.005, des='Exp', loss='mse', lradj='type1', use_amp=False, use_gpu=True, gpu=0, use_multi_gpu=False, devices='0,1,2,3', test_flop=False)
Use GPU: cuda:0
>>>>>>>start training : mirae_Linear_DLinear_S_mirae_ftM_sl72_ll48_pl12_dm512_nh8_el2_dl1_df2048_fc1_ebtimeF_dtTrue_Exp_0>>>>>>>>>>>>>>>>>>>>>>>>>>
train 4552
val 975
test 976
	iters: 100, epoch: 1 | loss: 0.0204277
	speed: 0.0359s/iter; left time: 98.2854s
Epoch: 1 cost time: 3.8863229751586914
Epoch: 1, Steps: 142 | Train Loss: 0.0185738 Vali Loss: 0.0038243 Test Loss: 0.0042663
Validation loss decreased (inf --> 0.003824).  Saving model ...
Updating learning rate to 0.005
	iters: 100, epoch: 2 | loss: 0.0060732
	speed: 0.0407s/iter; left time: 105.7562s
Epoch: 2 cost time: 1.863715648651123
Epoch: 2, Steps: 142 | Train Loss: 0.0098594 Vali Loss: 0.0038885 Test Loss: 0.0036803
EarlyStopping counter: 1 out of 3
Updating learning rate to 0.0025
	iters: 100, epoch: 3 | loss: 0.0046875
	speed: 0.0428s/iter; left time: 105.2588s
Epoch: 3 cost time: 1.8057239055633545
Epoch: 3, Steps: 142 | Train Loss: 0.0083257 Vali Loss: 0.0025471 Test Loss: 0.0028648
Validation loss decreased (0.003824 --> 0.002547).  Saving model ...
Updating learning rate to 0.00125
	iters: 100, epoch: 4 | loss: 0.0054592
	speed: 0.0424s/iter; left time: 98.1149s
Epoch: 4 cost time: 2.026407241821289
Epoch: 4, Steps: 142 | Train Loss: 0.0078139 Vali Loss: 0.0024850 Test Loss: 0.0027868
Validation loss decreased (0.002547 --> 0.002485).  Saving model ...
Updating learning rate to 0.000625
	iters: 100, epoch: 5 | loss: 0.0085173
	speed: 0.0453s/iter; left time: 98.3713s
Epoch: 5 cost time: 2.357431173324585
Epoch: 5, Steps: 142 | Train Loss: 0.0076220 Vali Loss: 0.0025404 Test Loss: 0.0028124
EarlyStopping counter: 1 out of 3
Updating learning rate to 0.0003125
	iters: 100, epoch: 6 | loss: 0.0073268
	speed: 0.0431s/iter; left time: 87.5846s
Epoch: 6 cost time: 2.026621103286743
Epoch: 6, Steps: 142 | Train Loss: 0.0075352 Vali Loss: 0.0025439 Test Loss: 0.0028041
EarlyStopping counter: 2 out of 3
Updating learning rate to 0.00015625
	iters: 100, epoch: 7 | loss: 0.0090326
	speed: 0.0447s/iter; left time: 84.4995s
Epoch: 7 cost time: 2.112013578414917
Epoch: 7, Steps: 142 | Train Loss: 0.0074283 Vali Loss: 0.0025740 Test Loss: 0.0028167
EarlyStopping counter: 3 out of 3
Early stopping
>>>>>>>testing : mirae_Linear_DLinear_S_mirae_ftM_sl72_ll48_pl12_dm512_nh8_el2_dl1_df2048_fc1_ebtimeF_dtTrue_Exp_0<<<<<<<<<<<<<<<<<<<<<<<<<<<<<<<<<
test 976
mse:0.002787, mae:0.03878
