Args in experiment:
Namespace(ver='TPM', is_training=1, model_id='mirae_Linear', model='DLinear_T', data='mirae', root_path='./data/ETT/', data_path='ETTh1.csv', features='M', target='OT', freq='h', checkpoints='./checkpoints/', seq_len=72, label_len=48, pred_len=12, individual=False, embed_type=0, enc_in=7, dec_in=7, c_out=7, d_model=512, n_heads=8, e_layers=2, d_layers=1, d_ff=2048, moving_avg=25, factor=1, distil=True, dropout=0.05, embed='timeF', activation='gelu', output_attention=False, do_predict=False, num_workers=10, itr=1, train_epochs=20, batch_size=32, patience=3, learning_rate=0.005, des='Exp', loss='mse', lradj='type1', use_amp=False, use_gpu=True, gpu=0, use_multi_gpu=False, devices='0,1,2,3', test_flop=False)
Use GPU: cuda:0
>>>>>>>start training : mirae_Linear_DLinear_T_mirae_ftM_sl72_ll48_pl12_dm512_nh8_el2_dl1_df2048_fc1_ebtimeF_dtTrue_Exp_0>>>>>>>>>>>>>>>>>>>>>>>>>>
train 4552
val 975
test 976
	iters: 100, epoch: 1 | loss: 0.0179649
	speed: 0.0332s/iter; left time: 90.9168s
Epoch: 1 cost time: 3.6142876148223877
Epoch: 1, Steps: 142 | Train Loss: 0.0493209 Vali Loss: 0.0047562 Test Loss: 0.0046551
Validation loss decreased (inf --> 0.004756).  Saving model ...
Updating learning rate to 0.005
	iters: 100, epoch: 2 | loss: 0.0095244
	speed: 0.0403s/iter; left time: 104.7334s
Epoch: 2 cost time: 1.9601058959960938
Epoch: 2, Steps: 142 | Train Loss: 0.0104241 Vali Loss: 0.0041807 Test Loss: 0.0039621
Validation loss decreased (0.004756 --> 0.004181).  Saving model ...
Updating learning rate to 0.0025
	iters: 100, epoch: 3 | loss: 0.0104059
	speed: 0.0449s/iter; left time: 110.2442s
Epoch: 3 cost time: 2.0603280067443848
Epoch: 3, Steps: 142 | Train Loss: 0.0081770 Vali Loss: 0.0035501 Test Loss: 0.0031589
Validation loss decreased (0.004181 --> 0.003550).  Saving model ...
Updating learning rate to 0.00125
	iters: 100, epoch: 4 | loss: 0.0082207
	speed: 0.0444s/iter; left time: 102.7176s
Epoch: 4 cost time: 1.9642574787139893
Epoch: 4, Steps: 142 | Train Loss: 0.0071913 Vali Loss: 0.0037673 Test Loss: 0.0033004
EarlyStopping counter: 1 out of 3
Updating learning rate to 0.000625
	iters: 100, epoch: 5 | loss: 0.0068893
	speed: 0.0447s/iter; left time: 97.1891s
Epoch: 5 cost time: 1.8921895027160645
Epoch: 5, Steps: 142 | Train Loss: 0.0066566 Vali Loss: 0.0037689 Test Loss: 0.0033210
EarlyStopping counter: 2 out of 3
Updating learning rate to 0.0003125
	iters: 100, epoch: 6 | loss: 0.0107752
	speed: 0.0437s/iter; left time: 88.8303s
Epoch: 6 cost time: 2.188990831375122
Epoch: 6, Steps: 142 | Train Loss: 0.0064148 Vali Loss: 0.0041022 Test Loss: 0.0035033
EarlyStopping counter: 3 out of 3
Early stopping
>>>>>>>testing : mirae_Linear_DLinear_T_mirae_ftM_sl72_ll48_pl12_dm512_nh8_el2_dl1_df2048_fc1_ebtimeF_dtTrue_Exp_0<<<<<<<<<<<<<<<<<<<<<<<<<<<<<<<<<
test 976
mse:0.003159, mae:0.04329
