Args in experiment:
Namespace(ver='TCM', is_training=1, model_id='mirae_Linear', model='DLinear_T', data='mirae', root_path='./data/ETT/', data_path='ETTh1.csv', features='M', target='OT', freq='h', checkpoints='./checkpoints/', seq_len=72, label_len=48, pred_len=12, individual=False, embed_type=0, enc_in=7, dec_in=7, c_out=7, d_model=512, n_heads=8, e_layers=2, d_layers=1, d_ff=2048, moving_avg=25, factor=1, distil=True, dropout=0.05, embed='timeF', activation='gelu', output_attention=False, do_predict=False, num_workers=10, itr=1, train_epochs=20, batch_size=32, patience=3, learning_rate=0.005, des='Exp', loss='mse', lradj='type1', use_amp=False, use_gpu=True, gpu=0, use_multi_gpu=False, devices='0,1,2,3', test_flop=False)
Use GPU: cuda:0
>>>>>>>start training : mirae_Linear_DLinear_T_mirae_ftM_sl72_ll48_pl12_dm512_nh8_el2_dl1_df2048_fc1_ebtimeF_dtTrue_Exp_0>>>>>>>>>>>>>>>>>>>>>>>>>>
train 4552
val 975
test 976
	iters: 100, epoch: 1 | loss: 0.0269776
	speed: 0.0263s/iter; left time: 72.1909s
Epoch: 1 cost time: 2.931469202041626
Epoch: 1, Steps: 142 | Train Loss: 0.0481583 Vali Loss: 0.0085545 Test Loss: 0.0114727
Validation loss decreased (inf --> 0.008554).  Saving model ...
Updating learning rate to 0.005
	iters: 100, epoch: 2 | loss: 0.0137021
	speed: 0.0374s/iter; left time: 97.1952s
Epoch: 2 cost time: 1.6859219074249268
Epoch: 2, Steps: 142 | Train Loss: 0.0187350 Vali Loss: 0.0057549 Test Loss: 0.0064012
Validation loss decreased (0.008554 --> 0.005755).  Saving model ...
Updating learning rate to 0.0025
	iters: 100, epoch: 3 | loss: 0.0203417
	speed: 0.0403s/iter; left time: 98.9583s
Epoch: 3 cost time: 1.9891149997711182
Epoch: 3, Steps: 142 | Train Loss: 0.0137125 Vali Loss: 0.0044819 Test Loss: 0.0044221
Validation loss decreased (0.005755 --> 0.004482).  Saving model ...
Updating learning rate to 0.00125
	iters: 100, epoch: 4 | loss: 0.0105213
	speed: 0.0434s/iter; left time: 100.5713s
Epoch: 4 cost time: 1.8385670185089111
Epoch: 4, Steps: 142 | Train Loss: 0.0111287 Vali Loss: 0.0036853 Test Loss: 0.0035860
Validation loss decreased (0.004482 --> 0.003685).  Saving model ...
Updating learning rate to 0.000625
	iters: 100, epoch: 5 | loss: 0.0067645
	speed: 0.0421s/iter; left time: 91.4936s
Epoch: 5 cost time: 1.8184597492218018
Epoch: 5, Steps: 142 | Train Loss: 0.0097694 Vali Loss: 0.0034279 Test Loss: 0.0033219
Validation loss decreased (0.003685 --> 0.003428).  Saving model ...
Updating learning rate to 0.0003125
	iters: 100, epoch: 6 | loss: 0.0126697
	speed: 0.0420s/iter; left time: 85.3207s
Epoch: 6 cost time: 1.8695344924926758
Epoch: 6, Steps: 142 | Train Loss: 0.0091652 Vali Loss: 0.0029478 Test Loss: 0.0029535
Validation loss decreased (0.003428 --> 0.002948).  Saving model ...
Updating learning rate to 0.00015625
	iters: 100, epoch: 7 | loss: 0.0077430
	speed: 0.0401s/iter; left time: 75.6930s
Epoch: 7 cost time: 1.8790080547332764
Epoch: 7, Steps: 142 | Train Loss: 0.0088424 Vali Loss: 0.0028102 Test Loss: 0.0028471
Validation loss decreased (0.002948 --> 0.002810).  Saving model ...
Updating learning rate to 7.8125e-05
	iters: 100, epoch: 8 | loss: 0.0083761
	speed: 0.0395s/iter; left time: 68.9857s
Epoch: 8 cost time: 1.7908391952514648
Epoch: 8, Steps: 142 | Train Loss: 0.0086919 Vali Loss: 0.0029510 Test Loss: 0.0029642
EarlyStopping counter: 1 out of 3
Updating learning rate to 3.90625e-05
	iters: 100, epoch: 9 | loss: 0.0094701
	speed: 0.0402s/iter; left time: 64.5992s
Epoch: 9 cost time: 1.7369108200073242
Epoch: 9, Steps: 142 | Train Loss: 0.0086131 Vali Loss: 0.0028473 Test Loss: 0.0028929
EarlyStopping counter: 2 out of 3
Updating learning rate to 1.953125e-05
	iters: 100, epoch: 10 | loss: 0.0087133
	speed: 0.0413s/iter; left time: 60.3604s
Epoch: 10 cost time: 1.9428801536560059
Epoch: 10, Steps: 142 | Train Loss: 0.0085637 Vali Loss: 0.0027950 Test Loss: 0.0028732
Validation loss decreased (0.002810 --> 0.002795).  Saving model ...
Updating learning rate to 9.765625e-06
	iters: 100, epoch: 11 | loss: 0.0088158
	speed: 0.0399s/iter; left time: 52.7503s
Epoch: 11 cost time: 1.9522926807403564
Epoch: 11, Steps: 142 | Train Loss: 0.0085311 Vali Loss: 0.0028342 Test Loss: 0.0028813
EarlyStopping counter: 1 out of 3
Updating learning rate to 4.8828125e-06
	iters: 100, epoch: 12 | loss: 0.0109173
	speed: 0.0408s/iter; left time: 48.1005s
Epoch: 12 cost time: 1.9744033813476562
Epoch: 12, Steps: 142 | Train Loss: 0.0085232 Vali Loss: 0.0027897 Test Loss: 0.0028802
Validation loss decreased (0.002795 --> 0.002790).  Saving model ...
Updating learning rate to 2.44140625e-06
	iters: 100, epoch: 13 | loss: 0.0053972
	speed: 0.0391s/iter; left time: 40.5019s
Epoch: 13 cost time: 1.7406868934631348
Epoch: 13, Steps: 142 | Train Loss: 0.0085225 Vali Loss: 0.0028392 Test Loss: 0.0028817
EarlyStopping counter: 1 out of 3
Updating learning rate to 1.220703125e-06
	iters: 100, epoch: 14 | loss: 0.0121107
	speed: 0.0366s/iter; left time: 32.7687s
Epoch: 14 cost time: 1.7360332012176514
Epoch: 14, Steps: 142 | Train Loss: 0.0085076 Vali Loss: 0.0028297 Test Loss: 0.0028806
EarlyStopping counter: 2 out of 3
Updating learning rate to 6.103515625e-07
	iters: 100, epoch: 15 | loss: 0.0057429
	speed: 0.0422s/iter; left time: 31.7479s
Epoch: 15 cost time: 1.9423933029174805
Epoch: 15, Steps: 142 | Train Loss: 0.0084866 Vali Loss: 0.0028287 Test Loss: 0.0028811
EarlyStopping counter: 3 out of 3
Early stopping
>>>>>>>testing : mirae_Linear_DLinear_T_mirae_ftM_sl72_ll48_pl12_dm512_nh8_el2_dl1_df2048_fc1_ebtimeF_dtTrue_Exp_0<<<<<<<<<<<<<<<<<<<<<<<<<<<<<<<<<
test 976
mse:0.0028801746666431427, mae:0.04147695377469063
