Args in experiment:
Namespace(ver='TWM-2', is_training=1, model_id='mirae_Linear', model='DLinear_S', data='mirae', root_path='./data/ETT/', data_path='ETTh1.csv', features='M', target='OT', freq='h', checkpoints='./checkpoints/', seq_len=72, label_len=48, pred_len=12, individual=False, embed_type=0, enc_in=7, dec_in=7, c_out=7, d_model=512, n_heads=8, e_layers=2, d_layers=1, d_ff=2048, moving_avg=25, factor=1, distil=True, dropout=0.05, embed='timeF', activation='gelu', output_attention=False, do_predict=False, num_workers=10, itr=1, train_epochs=20, batch_size=32, patience=3, learning_rate=0.005, des='Exp', loss='mse', lradj='type1', use_amp=False, use_gpu=True, gpu=0, use_multi_gpu=False, devices='0,1,2,3', test_flop=False)
Use GPU: cuda:0
>>>>>>>start training : mirae_Linear_DLinear_S_mirae_ftM_sl72_ll48_pl12_dm512_nh8_el2_dl1_df2048_fc1_ebtimeF_dtTrue_Exp_0>>>>>>>>>>>>>>>>>>>>>>>>>>
train 4552
val 975
test 976
	iters: 100, epoch: 1 | loss: 0.0072968
	speed: 0.0380s/iter; left time: 104.1001s
Epoch: 1 cost time: 4.128070831298828
Epoch: 1, Steps: 142 | Train Loss: 0.0126962 Vali Loss: 0.0016983 Test Loss: 0.0021893
Validation loss decreased (inf --> 0.001698).  Saving model ...
Updating learning rate to 0.005
	iters: 100, epoch: 2 | loss: 0.0054438
	speed: 0.0456s/iter; left time: 118.5481s
Epoch: 2 cost time: 2.006115436553955
Epoch: 2, Steps: 142 | Train Loss: 0.0058098 Vali Loss: 0.0015710 Test Loss: 0.0017875
Validation loss decreased (0.001698 --> 0.001571).  Saving model ...
Updating learning rate to 0.0025
	iters: 100, epoch: 3 | loss: 0.0044235
	speed: 0.0436s/iter; left time: 107.0406s
Epoch: 3 cost time: 2.0008809566497803
Epoch: 3, Steps: 142 | Train Loss: 0.0051130 Vali Loss: 0.0015265 Test Loss: 0.0016540
Validation loss decreased (0.001571 --> 0.001527).  Saving model ...
Updating learning rate to 0.00125
	iters: 100, epoch: 4 | loss: 0.0043014
	speed: 0.0477s/iter; left time: 110.3815s
Epoch: 4 cost time: 2.1674647331237793
Epoch: 4, Steps: 142 | Train Loss: 0.0046684 Vali Loss: 0.0014965 Test Loss: 0.0015781
Validation loss decreased (0.001527 --> 0.001496).  Saving model ...
Updating learning rate to 0.000625
	iters: 100, epoch: 5 | loss: 0.0030174
	speed: 0.0473s/iter; left time: 102.7430s
Epoch: 5 cost time: 2.0765552520751953
Epoch: 5, Steps: 142 | Train Loss: 0.0045627 Vali Loss: 0.0014142 Test Loss: 0.0015457
Validation loss decreased (0.001496 --> 0.001414).  Saving model ...
Updating learning rate to 0.0003125
	iters: 100, epoch: 6 | loss: 0.0078655
	speed: 0.0468s/iter; left time: 95.1192s
Epoch: 6 cost time: 2.076711893081665
Epoch: 6, Steps: 142 | Train Loss: 0.0044743 Vali Loss: 0.0014201 Test Loss: 0.0015379
EarlyStopping counter: 1 out of 3
Updating learning rate to 0.00015625
	iters: 100, epoch: 7 | loss: 0.0042168
	speed: 0.0462s/iter; left time: 87.2915s
Epoch: 7 cost time: 2.053809642791748
Epoch: 7, Steps: 142 | Train Loss: 0.0044419 Vali Loss: 0.0014097 Test Loss: 0.0015388
Validation loss decreased (0.001414 --> 0.001410).  Saving model ...
Updating learning rate to 7.8125e-05
	iters: 100, epoch: 8 | loss: 0.0069422
	speed: 0.0482s/iter; left time: 84.2167s
Epoch: 8 cost time: 2.25769305229187
Epoch: 8, Steps: 142 | Train Loss: 0.0044231 Vali Loss: 0.0014112 Test Loss: 0.0015293
EarlyStopping counter: 1 out of 3
Updating learning rate to 3.90625e-05
	iters: 100, epoch: 9 | loss: 0.0036754
	speed: 0.0463s/iter; left time: 74.3260s
Epoch: 9 cost time: 2.1115496158599854
Epoch: 9, Steps: 142 | Train Loss: 0.0044049 Vali Loss: 0.0014037 Test Loss: 0.0015280
Validation loss decreased (0.001410 --> 0.001404).  Saving model ...
Updating learning rate to 1.953125e-05
	iters: 100, epoch: 10 | loss: 0.0028368
	speed: 0.0485s/iter; left time: 70.9553s
Epoch: 10 cost time: 2.308730363845825
Epoch: 10, Steps: 142 | Train Loss: 0.0043995 Vali Loss: 0.0013990 Test Loss: 0.0015315
Validation loss decreased (0.001404 --> 0.001399).  Saving model ...
Updating learning rate to 9.765625e-06
	iters: 100, epoch: 11 | loss: 0.0047647
	speed: 0.0447s/iter; left time: 59.0137s
Epoch: 11 cost time: 2.0010969638824463
Epoch: 11, Steps: 142 | Train Loss: 0.0043945 Vali Loss: 0.0014084 Test Loss: 0.0015296
EarlyStopping counter: 1 out of 3
Updating learning rate to 4.8828125e-06
	iters: 100, epoch: 12 | loss: 0.0048953
	speed: 0.0446s/iter; left time: 52.5543s
Epoch: 12 cost time: 1.8149464130401611
Epoch: 12, Steps: 142 | Train Loss: 0.0043887 Vali Loss: 0.0013960 Test Loss: 0.0015292
Validation loss decreased (0.001399 --> 0.001396).  Saving model ...
Updating learning rate to 2.44140625e-06
	iters: 100, epoch: 13 | loss: 0.0035016
	speed: 0.0393s/iter; left time: 40.7591s
Epoch: 13 cost time: 1.815953016281128
Epoch: 13, Steps: 142 | Train Loss: 0.0043927 Vali Loss: 0.0014078 Test Loss: 0.0015291
EarlyStopping counter: 1 out of 3
Updating learning rate to 1.220703125e-06
	iters: 100, epoch: 14 | loss: 0.0064178
	speed: 0.0393s/iter; left time: 35.1492s
Epoch: 14 cost time: 1.7756445407867432
Epoch: 14, Steps: 142 | Train Loss: 0.0043894 Vali Loss: 0.0014067 Test Loss: 0.0015291
EarlyStopping counter: 2 out of 3
Updating learning rate to 6.103515625e-07
	iters: 100, epoch: 15 | loss: 0.0026551
	speed: 0.0375s/iter; left time: 28.2209s
Epoch: 15 cost time: 1.8256449699401855
Epoch: 15, Steps: 142 | Train Loss: 0.0043867 Vali Loss: 0.0014081 Test Loss: 0.0015291
EarlyStopping counter: 3 out of 3
Early stopping
>>>>>>>testing : mirae_Linear_DLinear_S_mirae_ftM_sl72_ll48_pl12_dm512_nh8_el2_dl1_df2048_fc1_ebtimeF_dtTrue_Exp_0<<<<<<<<<<<<<<<<<<<<<<<<<<<<<<<<<
test 976
mse:0.001529, mae:0.02711
