Args in experiment:
Namespace(ver='TCM', is_training=1, model_id='mirae_Linear', model='DLinear', data='mirae', root_path='./data/ETT/', data_path='ETTh1.csv', features='M', target='OT', freq='h', checkpoints='./checkpoints/', seq_len=72, label_len=48, pred_len=12, individual=False, embed_type=0, enc_in=7, dec_in=7, c_out=7, d_model=512, n_heads=8, e_layers=2, d_layers=1, d_ff=2048, moving_avg=25, factor=1, distil=True, dropout=0.05, embed='timeF', activation='gelu', output_attention=False, do_predict=False, num_workers=10, itr=1, train_epochs=20, batch_size=32, patience=3, learning_rate=0.005, des='Exp', loss='mse', lradj='type1', use_amp=False, use_gpu=True, gpu=0, use_multi_gpu=False, devices='0,1,2,3', test_flop=False)
Use GPU: cuda:0
>>>>>>>start training : mirae_Linear_DLinear_mirae_ftM_sl72_ll48_pl12_dm512_nh8_el2_dl1_df2048_fc1_ebtimeF_dtTrue_Exp_0>>>>>>>>>>>>>>>>>>>>>>>>>>
train 4552
val 975
test 976
	iters: 100, epoch: 1 | loss: 0.0338652
	speed: 0.0296s/iter; left time: 81.0418s
Epoch: 1 cost time: 3.286834955215454
Epoch: 1, Steps: 142 | Train Loss: 0.0490258 Vali Loss: 0.0066511 Test Loss: 0.0083017
Validation loss decreased (inf --> 0.006651).  Saving model ...
Updating learning rate to 0.005
	iters: 100, epoch: 2 | loss: 0.0178761
	speed: 0.0415s/iter; left time: 107.8345s
Epoch: 2 cost time: 1.8748347759246826
Epoch: 2, Steps: 142 | Train Loss: 0.0151022 Vali Loss: 0.0038853 Test Loss: 0.0043991
Validation loss decreased (0.006651 --> 0.003885).  Saving model ...
Updating learning rate to 0.0025
	iters: 100, epoch: 3 | loss: 0.0127644
	speed: 0.0427s/iter; left time: 104.9368s
Epoch: 3 cost time: 1.9081063270568848
Epoch: 3, Steps: 142 | Train Loss: 0.0107076 Vali Loss: 0.0034302 Test Loss: 0.0038640
Validation loss decreased (0.003885 --> 0.003430).  Saving model ...
Updating learning rate to 0.00125
	iters: 100, epoch: 4 | loss: 0.0131161
	speed: 0.0416s/iter; left time: 96.2525s
Epoch: 4 cost time: 1.8867287635803223
Epoch: 4, Steps: 142 | Train Loss: 0.0092855 Vali Loss: 0.0027727 Test Loss: 0.0033474
Validation loss decreased (0.003430 --> 0.002773).  Saving model ...
Updating learning rate to 0.000625
	iters: 100, epoch: 5 | loss: 0.0135112
	speed: 0.0439s/iter; left time: 95.4083s
Epoch: 5 cost time: 1.859929084777832
Epoch: 5, Steps: 142 | Train Loss: 0.0088171 Vali Loss: 0.0026777 Test Loss: 0.0032342
Validation loss decreased (0.002773 --> 0.002678).  Saving model ...
Updating learning rate to 0.0003125
	iters: 100, epoch: 6 | loss: 0.0072776
	speed: 0.0453s/iter; left time: 92.0212s
Epoch: 6 cost time: 1.9561371803283691
Epoch: 6, Steps: 142 | Train Loss: 0.0085679 Vali Loss: 0.0028978 Test Loss: 0.0033421
EarlyStopping counter: 1 out of 3
Updating learning rate to 0.00015625
	iters: 100, epoch: 7 | loss: 0.0102691
	speed: 0.0478s/iter; left time: 90.2064s
Epoch: 7 cost time: 2.1612606048583984
Epoch: 7, Steps: 142 | Train Loss: 0.0084788 Vali Loss: 0.0028070 Test Loss: 0.0033002
EarlyStopping counter: 2 out of 3
Updating learning rate to 7.8125e-05
	iters: 100, epoch: 8 | loss: 0.0057705
	speed: 0.0452s/iter; left time: 79.0166s
Epoch: 8 cost time: 1.9299523830413818
Epoch: 8, Steps: 142 | Train Loss: 0.0084126 Vali Loss: 0.0027566 Test Loss: 0.0032598
EarlyStopping counter: 3 out of 3
Early stopping
>>>>>>>testing : mirae_Linear_DLinear_mirae_ftM_sl72_ll48_pl12_dm512_nh8_el2_dl1_df2048_fc1_ebtimeF_dtTrue_Exp_0<<<<<<<<<<<<<<<<<<<<<<<<<<<<<<<<<
test 976
mse:0.003234162228181958, mae:0.0428960844874382
