Args in experiment:
Namespace(ver='TWM-2', is_training=1, model_id='mirae_Linear', model='DLinear_T', data='mirae', root_path='./data/ETT/', data_path='ETTh1.csv', features='M', target='OT', freq='h', checkpoints='./checkpoints/', seq_len=72, label_len=48, pred_len=12, individual=False, embed_type=0, enc_in=7, dec_in=7, c_out=7, d_model=512, n_heads=8, e_layers=2, d_layers=1, d_ff=2048, moving_avg=25, factor=1, distil=True, dropout=0.05, embed='timeF', activation='gelu', output_attention=False, do_predict=False, num_workers=10, itr=1, train_epochs=20, batch_size=32, patience=3, learning_rate=0.005, des='Exp', loss='mse', lradj='type1', use_amp=False, use_gpu=True, gpu=0, use_multi_gpu=False, devices='0,1,2,3', test_flop=False)
Use GPU: cuda:0
>>>>>>>start training : mirae_Linear_DLinear_T_mirae_ftM_sl72_ll48_pl12_dm512_nh8_el2_dl1_df2048_fc1_ebtimeF_dtTrue_Exp_0>>>>>>>>>>>>>>>>>>>>>>>>>>
train 4552
val 975
test 976
	iters: 100, epoch: 1 | loss: 0.0144834
	speed: 0.0288s/iter; left time: 78.9138s
Epoch: 1 cost time: 3.20859432220459
Epoch: 1, Steps: 142 | Train Loss: 0.0129469 Vali Loss: 0.0041919 Test Loss: 0.0032072
Validation loss decreased (inf --> 0.004192).  Saving model ...
Updating learning rate to 0.005
	iters: 100, epoch: 2 | loss: 0.0080871
	speed: 0.0427s/iter; left time: 110.9993s
Epoch: 2 cost time: 2.0346410274505615
Epoch: 2, Steps: 142 | Train Loss: 0.0078412 Vali Loss: 0.0023856 Test Loss: 0.0023347
Validation loss decreased (0.004192 --> 0.002386).  Saving model ...
Updating learning rate to 0.0025
	iters: 100, epoch: 3 | loss: 0.0102766
	speed: 0.0470s/iter; left time: 115.4716s
Epoch: 3 cost time: 2.078871726989746
Epoch: 3, Steps: 142 | Train Loss: 0.0068951 Vali Loss: 0.0027696 Test Loss: 0.0024387
EarlyStopping counter: 1 out of 3
Updating learning rate to 0.00125
	iters: 100, epoch: 4 | loss: 0.0085673
	speed: 0.0467s/iter; left time: 108.1271s
Epoch: 4 cost time: 2.0538108348846436
Epoch: 4, Steps: 142 | Train Loss: 0.0065896 Vali Loss: 0.0022003 Test Loss: 0.0021815
Validation loss decreased (0.002386 --> 0.002200).  Saving model ...
Updating learning rate to 0.000625
	iters: 100, epoch: 5 | loss: 0.0103175
	speed: 0.0445s/iter; left time: 96.7941s
Epoch: 5 cost time: 1.9857008457183838
Epoch: 5, Steps: 142 | Train Loss: 0.0064829 Vali Loss: 0.0022151 Test Loss: 0.0022027
EarlyStopping counter: 1 out of 3
Updating learning rate to 0.0003125
	iters: 100, epoch: 6 | loss: 0.0048590
	speed: 0.0446s/iter; left time: 90.6688s
Epoch: 6 cost time: 1.8845860958099365
Epoch: 6, Steps: 142 | Train Loss: 0.0063757 Vali Loss: 0.0023932 Test Loss: 0.0023064
EarlyStopping counter: 2 out of 3
Updating learning rate to 0.00015625
	iters: 100, epoch: 7 | loss: 0.0074720
	speed: 0.0451s/iter; left time: 85.1922s
Epoch: 7 cost time: 2.1381866931915283
Epoch: 7, Steps: 142 | Train Loss: 0.0063631 Vali Loss: 0.0022548 Test Loss: 0.0022292
EarlyStopping counter: 3 out of 3
Early stopping
>>>>>>>testing : mirae_Linear_DLinear_T_mirae_ftM_sl72_ll48_pl12_dm512_nh8_el2_dl1_df2048_fc1_ebtimeF_dtTrue_Exp_0<<<<<<<<<<<<<<<<<<<<<<<<<<<<<<<<<
test 976
mse:0.002181, mae:0.03215
