Args in experiment:
Namespace(ver='TWM-2', is_training=1, model_id='mirae_Linear', model='DLinear_T', data='mirae', root_path='./data/ETT/', data_path='ETTh1.csv', features='M', target='OT', freq='h', checkpoints='./checkpoints/', seq_len=72, label_len=48, pred_len=12, individual=False, embed_type=0, enc_in=7, dec_in=7, c_out=7, d_model=512, n_heads=8, e_layers=2, d_layers=1, d_ff=2048, moving_avg=25, factor=1, distil=True, dropout=0.05, embed='timeF', activation='gelu', output_attention=False, do_predict=False, num_workers=10, itr=1, train_epochs=20, batch_size=32, patience=3, learning_rate=0.005, des='Exp', loss='mse', lradj='type1', use_amp=False, use_gpu=True, gpu=0, use_multi_gpu=False, devices='0,1,2,3', test_flop=False)
Use GPU: cuda:0
>>>>>>>start training : mirae_Linear_DLinear_T_mirae_ftM_sl72_ll48_pl12_dm512_nh8_el2_dl1_df2048_fc1_ebtimeF_dtTrue_Exp_0>>>>>>>>>>>>>>>>>>>>>>>>>>
train 4552
val 975
test 976
	iters: 100, epoch: 1 | loss: 0.0086702
	speed: 0.0314s/iter; left time: 86.1473s
Epoch: 1 cost time: 3.5086522102355957
Epoch: 1, Steps: 142 | Train Loss: 0.0252211 Vali Loss: 0.0039541 Test Loss: 0.0045665
Validation loss decreased (inf --> 0.003954).  Saving model ...
Updating learning rate to 0.005
	iters: 100, epoch: 2 | loss: 0.0060987
	speed: 0.0438s/iter; left time: 113.8921s
Epoch: 2 cost time: 2.0020828247070312
Epoch: 2, Steps: 142 | Train Loss: 0.0092594 Vali Loss: 0.0029706 Test Loss: 0.0033032
Validation loss decreased (0.003954 --> 0.002971).  Saving model ...
Updating learning rate to 0.0025
	iters: 100, epoch: 3 | loss: 0.0058362
	speed: 0.0473s/iter; left time: 116.3298s
Epoch: 3 cost time: 2.0315678119659424
Epoch: 3, Steps: 142 | Train Loss: 0.0068946 Vali Loss: 0.0029643 Test Loss: 0.0028435
Validation loss decreased (0.002971 --> 0.002964).  Saving model ...
Updating learning rate to 0.00125
	iters: 100, epoch: 4 | loss: 0.0033358
	speed: 0.0452s/iter; left time: 104.7171s
Epoch: 4 cost time: 2.1304914951324463
Epoch: 4, Steps: 142 | Train Loss: 0.0055236 Vali Loss: 0.0019965 Test Loss: 0.0022218
Validation loss decreased (0.002964 --> 0.001997).  Saving model ...
Updating learning rate to 0.000625
	iters: 100, epoch: 5 | loss: 0.0039260
	speed: 0.0449s/iter; left time: 97.5706s
Epoch: 5 cost time: 2.0044636726379395
Epoch: 5, Steps: 142 | Train Loss: 0.0050469 Vali Loss: 0.0020156 Test Loss: 0.0021985
EarlyStopping counter: 1 out of 3
Updating learning rate to 0.0003125
	iters: 100, epoch: 6 | loss: 0.0036588
	speed: 0.0447s/iter; left time: 90.8584s
Epoch: 6 cost time: 2.1965246200561523
Epoch: 6, Steps: 142 | Train Loss: 0.0048655 Vali Loss: 0.0020278 Test Loss: 0.0022317
EarlyStopping counter: 2 out of 3
Updating learning rate to 0.00015625
	iters: 100, epoch: 7 | loss: 0.0042285
	speed: 0.0449s/iter; left time: 84.8278s
Epoch: 7 cost time: 1.9268581867218018
Epoch: 7, Steps: 142 | Train Loss: 0.0047479 Vali Loss: 0.0019508 Test Loss: 0.0021232
Validation loss decreased (0.001997 --> 0.001951).  Saving model ...
Updating learning rate to 7.8125e-05
	iters: 100, epoch: 8 | loss: 0.0040179
	speed: 0.0449s/iter; left time: 78.5141s
Epoch: 8 cost time: 2.0581462383270264
Epoch: 8, Steps: 142 | Train Loss: 0.0046953 Vali Loss: 0.0019082 Test Loss: 0.0020820
Validation loss decreased (0.001951 --> 0.001908).  Saving model ...
Updating learning rate to 3.90625e-05
	iters: 100, epoch: 9 | loss: 0.0081949
	speed: 0.0431s/iter; left time: 69.1568s
Epoch: 9 cost time: 2.0621867179870605
Epoch: 9, Steps: 142 | Train Loss: 0.0046618 Vali Loss: 0.0018548 Test Loss: 0.0020560
Validation loss decreased (0.001908 --> 0.001855).  Saving model ...
Updating learning rate to 1.953125e-05
	iters: 100, epoch: 10 | loss: 0.0044909
	speed: 0.0441s/iter; left time: 64.5593s
Epoch: 10 cost time: 1.9959790706634521
Epoch: 10, Steps: 142 | Train Loss: 0.0046427 Vali Loss: 0.0018421 Test Loss: 0.0020549
Validation loss decreased (0.001855 --> 0.001842).  Saving model ...
Updating learning rate to 9.765625e-06
	iters: 100, epoch: 11 | loss: 0.0024744
	speed: 0.0399s/iter; left time: 52.6515s
Epoch: 11 cost time: 1.811413049697876
Epoch: 11, Steps: 142 | Train Loss: 0.0046397 Vali Loss: 0.0018900 Test Loss: 0.0020687
EarlyStopping counter: 1 out of 3
Updating learning rate to 4.8828125e-06
	iters: 100, epoch: 12 | loss: 0.0027869
	speed: 0.0377s/iter; left time: 44.4008s
Epoch: 12 cost time: 1.73744535446167
Epoch: 12, Steps: 142 | Train Loss: 0.0046348 Vali Loss: 0.0018662 Test Loss: 0.0020612
EarlyStopping counter: 2 out of 3
Updating learning rate to 2.44140625e-06
	iters: 100, epoch: 13 | loss: 0.0030861
	speed: 0.0379s/iter; left time: 39.2628s
Epoch: 13 cost time: 1.8886370658874512
Epoch: 13, Steps: 142 | Train Loss: 0.0046341 Vali Loss: 0.0018634 Test Loss: 0.0020621
EarlyStopping counter: 3 out of 3
Early stopping
>>>>>>>testing : mirae_Linear_DLinear_T_mirae_ftM_sl72_ll48_pl12_dm512_nh8_el2_dl1_df2048_fc1_ebtimeF_dtTrue_Exp_0<<<<<<<<<<<<<<<<<<<<<<<<<<<<<<<<<
test 976
mse:0.002055, mae:0.03398
