Args in experiment:
Namespace(ver='TWM', is_training=1, model_id='mirae_Linear', model='DLinear_S', data='mirae', root_path='./data/ETT/', data_path='ETTh1.csv', features='M', target='OT', freq='h', checkpoints='./checkpoints/', seq_len=72, label_len=48, pred_len=12, individual=False, embed_type=0, enc_in=7, dec_in=7, c_out=7, d_model=512, n_heads=8, e_layers=2, d_layers=1, d_ff=2048, moving_avg=25, factor=1, distil=True, dropout=0.05, embed='timeF', activation='gelu', output_attention=False, do_predict=False, num_workers=10, itr=1, train_epochs=20, batch_size=32, patience=3, learning_rate=0.005, des='Exp', loss='mse', lradj='type1', use_amp=False, use_gpu=True, gpu=0, use_multi_gpu=False, devices='0,1,2,3', test_flop=False)
Use GPU: cuda:0
>>>>>>>start training : mirae_Linear_DLinear_S_mirae_ftM_sl72_ll48_pl12_dm512_nh8_el2_dl1_df2048_fc1_ebtimeF_dtTrue_Exp_0>>>>>>>>>>>>>>>>>>>>>>>>>>
train 4552
val 975
test 976
	iters: 100, epoch: 1 | loss: 0.0190711
	speed: 0.0333s/iter; left time: 91.4105s
Epoch: 1 cost time: 3.636605739593506
Epoch: 1, Steps: 142 | Train Loss: 0.0137272 Vali Loss: 0.0028397 Test Loss: 0.0027330
Validation loss decreased (inf --> 0.002840).  Saving model ...
Updating learning rate to 0.005
	iters: 100, epoch: 2 | loss: 0.0048001
	speed: 0.0435s/iter; left time: 112.9393s
Epoch: 2 cost time: 2.022418737411499
Epoch: 2, Steps: 142 | Train Loss: 0.0075399 Vali Loss: 0.0030066 Test Loss: 0.0026458
EarlyStopping counter: 1 out of 3
Updating learning rate to 0.0025
	iters: 100, epoch: 3 | loss: 0.0038376
	speed: 0.0396s/iter; left time: 97.2887s
Epoch: 3 cost time: 1.83027982711792
Epoch: 3, Steps: 142 | Train Loss: 0.0067763 Vali Loss: 0.0021062 Test Loss: 0.0021541
Validation loss decreased (0.002840 --> 0.002106).  Saving model ...
Updating learning rate to 0.00125
	iters: 100, epoch: 4 | loss: 0.0039045
	speed: 0.0419s/iter; left time: 97.0319s
Epoch: 4 cost time: 1.9310696125030518
Epoch: 4, Steps: 142 | Train Loss: 0.0065971 Vali Loss: 0.0022000 Test Loss: 0.0022030
EarlyStopping counter: 1 out of 3
Updating learning rate to 0.000625
	iters: 100, epoch: 5 | loss: 0.0075554
	speed: 0.0482s/iter; left time: 104.6981s
Epoch: 5 cost time: 1.9749021530151367
Epoch: 5, Steps: 142 | Train Loss: 0.0064755 Vali Loss: 0.0021619 Test Loss: 0.0021847
EarlyStopping counter: 2 out of 3
Updating learning rate to 0.0003125
	iters: 100, epoch: 6 | loss: 0.0073969
	speed: 0.0426s/iter; left time: 86.5270s
Epoch: 6 cost time: 1.839216947555542
Epoch: 6, Steps: 142 | Train Loss: 0.0064222 Vali Loss: 0.0022927 Test Loss: 0.0022433
EarlyStopping counter: 3 out of 3
Early stopping
>>>>>>>testing : mirae_Linear_DLinear_S_mirae_ftM_sl72_ll48_pl12_dm512_nh8_el2_dl1_df2048_fc1_ebtimeF_dtTrue_Exp_0<<<<<<<<<<<<<<<<<<<<<<<<<<<<<<<<<
test 976
mse:0.002154, mae:0.03088
