Args in experiment:
Namespace(ver='TWM', is_training=1, model_id='mirae_Linear', model='DLinear', data='mirae', root_path='./data/ETT/', data_path='ETTh1.csv', features='M', target='OT', freq='h', checkpoints='./checkpoints/', seq_len=72, label_len=48, pred_len=12, individual=False, embed_type=0, enc_in=7, dec_in=7, c_out=7, d_model=512, n_heads=8, e_layers=2, d_layers=1, d_ff=2048, moving_avg=25, factor=1, distil=True, dropout=0.05, embed='timeF', activation='gelu', output_attention=False, do_predict=False, num_workers=10, itr=1, train_epochs=20, batch_size=32, patience=3, learning_rate=0.005, des='Exp', loss='mse', lradj='type1', use_amp=False, use_gpu=True, gpu=0, use_multi_gpu=False, devices='0,1,2,3', test_flop=False)
Use GPU: cuda:0
>>>>>>>start training : mirae_Linear_DLinear_mirae_ftM_sl72_ll48_pl12_dm512_nh8_el2_dl1_df2048_fc1_ebtimeF_dtTrue_Exp_0>>>>>>>>>>>>>>>>>>>>>>>>>>
train 4552
val 975
test 976
	iters: 100, epoch: 1 | loss: 0.0181389
	speed: 0.0276s/iter; left time: 75.5714s
Epoch: 1 cost time: 3.106663942337036
Epoch: 1, Steps: 142 | Train Loss: 0.0138581 Vali Loss: 0.0024232 Test Loss: 0.0024994
Validation loss decreased (inf --> 0.002423).  Saving model ...
Updating learning rate to 0.005
	iters: 100, epoch: 2 | loss: 0.0077471
	speed: 0.0413s/iter; left time: 107.3229s
Epoch: 2 cost time: 1.8486433029174805
Epoch: 2, Steps: 142 | Train Loss: 0.0074627 Vali Loss: 0.0024176 Test Loss: 0.0023406
Validation loss decreased (0.002423 --> 0.002418).  Saving model ...
Updating learning rate to 0.0025
	iters: 100, epoch: 3 | loss: 0.0083476
	speed: 0.0376s/iter; left time: 92.3793s
Epoch: 3 cost time: 1.7867679595947266
Epoch: 3, Steps: 142 | Train Loss: 0.0068316 Vali Loss: 0.0027560 Test Loss: 0.0024581
EarlyStopping counter: 1 out of 3
Updating learning rate to 0.00125
	iters: 100, epoch: 4 | loss: 0.0086524
	speed: 0.0379s/iter; left time: 87.8102s
Epoch: 4 cost time: 1.8104922771453857
Epoch: 4, Steps: 142 | Train Loss: 0.0066156 Vali Loss: 0.0021556 Test Loss: 0.0021628
Validation loss decreased (0.002418 --> 0.002156).  Saving model ...
Updating learning rate to 0.000625
	iters: 100, epoch: 5 | loss: 0.0101181
	speed: 0.0377s/iter; left time: 81.9734s
Epoch: 5 cost time: 1.8630173206329346
Epoch: 5, Steps: 142 | Train Loss: 0.0064948 Vali Loss: 0.0021378 Test Loss: 0.0021576
Validation loss decreased (0.002156 --> 0.002138).  Saving model ...
Updating learning rate to 0.0003125
	iters: 100, epoch: 6 | loss: 0.0050186
	speed: 0.0375s/iter; left time: 76.2052s
Epoch: 6 cost time: 1.7535903453826904
Epoch: 6, Steps: 142 | Train Loss: 0.0063970 Vali Loss: 0.0023134 Test Loss: 0.0022666
EarlyStopping counter: 1 out of 3
Updating learning rate to 0.00015625
	iters: 100, epoch: 7 | loss: 0.0075876
	speed: 0.0375s/iter; left time: 70.7761s
Epoch: 7 cost time: 1.7917120456695557
Epoch: 7, Steps: 142 | Train Loss: 0.0063817 Vali Loss: 0.0022273 Test Loss: 0.0022213
EarlyStopping counter: 2 out of 3
Updating learning rate to 7.8125e-05
	iters: 100, epoch: 8 | loss: 0.0035080
	speed: 0.0395s/iter; left time: 69.0200s
Epoch: 8 cost time: 1.7756316661834717
Epoch: 8, Steps: 142 | Train Loss: 0.0063824 Vali Loss: 0.0022499 Test Loss: 0.0022371
EarlyStopping counter: 3 out of 3
Early stopping
>>>>>>>testing : mirae_Linear_DLinear_mirae_ftM_sl72_ll48_pl12_dm512_nh8_el2_dl1_df2048_fc1_ebtimeF_dtTrue_Exp_0<<<<<<<<<<<<<<<<<<<<<<<<<<<<<<<<<
test 976
mse:0.002158, mae:0.03162
