Args in experiment:
Namespace(ver='TWM-2', is_training=1, model_id='mirae_Linear', model='DLinear', data='mirae', root_path='./data/ETT/', data_path='ETTh1.csv', features='M', target='OT', freq='h', checkpoints='./checkpoints/', seq_len=72, label_len=48, pred_len=12, individual=False, embed_type=0, enc_in=7, dec_in=7, c_out=7, d_model=512, n_heads=8, e_layers=2, d_layers=1, d_ff=2048, moving_avg=25, factor=1, distil=True, dropout=0.05, embed='timeF', activation='gelu', output_attention=False, do_predict=False, num_workers=10, itr=1, train_epochs=20, batch_size=32, patience=3, learning_rate=0.005, des='Exp', loss='mse', lradj='type1', use_amp=False, use_gpu=True, gpu=0, use_multi_gpu=False, devices='0,1,2,3', test_flop=False)
Use GPU: cuda:0
>>>>>>>start training : mirae_Linear_DLinear_mirae_ftM_sl72_ll48_pl12_dm512_nh8_el2_dl1_df2048_fc1_ebtimeF_dtTrue_Exp_0>>>>>>>>>>>>>>>>>>>>>>>>>>
train 4552
val 975
test 976
	iters: 100, epoch: 1 | loss: 0.0123695
	speed: 0.0349s/iter; left time: 95.5872s
Epoch: 1 cost time: 3.8598639965057373
Epoch: 1, Steps: 142 | Train Loss: 0.0273559 Vali Loss: 0.0033214 Test Loss: 0.0039742
Validation loss decreased (inf --> 0.003321).  Saving model ...
Updating learning rate to 0.005
	iters: 100, epoch: 2 | loss: 0.0079934
	speed: 0.0399s/iter; left time: 103.6823s
Epoch: 2 cost time: 2.0197579860687256
Epoch: 2, Steps: 142 | Train Loss: 0.0081334 Vali Loss: 0.0020779 Test Loss: 0.0025258
Validation loss decreased (0.003321 --> 0.002078).  Saving model ...
Updating learning rate to 0.0025
	iters: 100, epoch: 3 | loss: 0.0043468
	speed: 0.0395s/iter; left time: 96.9613s
Epoch: 3 cost time: 1.7695930004119873
Epoch: 3, Steps: 142 | Train Loss: 0.0054511 Vali Loss: 0.0021805 Test Loss: 0.0022248
EarlyStopping counter: 1 out of 3
Updating learning rate to 0.00125
	iters: 100, epoch: 4 | loss: 0.0029479
	speed: 0.0425s/iter; left time: 98.4474s
Epoch: 4 cost time: 2.054661512374878
Epoch: 4, Steps: 142 | Train Loss: 0.0045917 Vali Loss: 0.0016995 Test Loss: 0.0018092
Validation loss decreased (0.002078 --> 0.001699).  Saving model ...
Updating learning rate to 0.000625
	iters: 100, epoch: 5 | loss: 0.0030997
	speed: 0.0437s/iter; left time: 95.0659s
Epoch: 5 cost time: 1.9529800415039062
Epoch: 5, Steps: 142 | Train Loss: 0.0041610 Vali Loss: 0.0016734 Test Loss: 0.0017823
Validation loss decreased (0.001699 --> 0.001673).  Saving model ...
Updating learning rate to 0.0003125
	iters: 100, epoch: 6 | loss: 0.0051615
	speed: 0.0425s/iter; left time: 86.3749s
Epoch: 6 cost time: 1.9645774364471436
Epoch: 6, Steps: 142 | Train Loss: 0.0040181 Vali Loss: 0.0015936 Test Loss: 0.0017554
Validation loss decreased (0.001673 --> 0.001594).  Saving model ...
Updating learning rate to 0.00015625
	iters: 100, epoch: 7 | loss: 0.0023608
	speed: 0.0481s/iter; left time: 90.8714s
Epoch: 7 cost time: 2.2749626636505127
Epoch: 7, Steps: 142 | Train Loss: 0.0039508 Vali Loss: 0.0015818 Test Loss: 0.0017328
Validation loss decreased (0.001594 --> 0.001582).  Saving model ...
Updating learning rate to 7.8125e-05
	iters: 100, epoch: 8 | loss: 0.0040541
	speed: 0.0467s/iter; left time: 81.6521s
Epoch: 8 cost time: 2.168184518814087
Epoch: 8, Steps: 142 | Train Loss: 0.0038889 Vali Loss: 0.0015693 Test Loss: 0.0017141
Validation loss decreased (0.001582 --> 0.001569).  Saving model ...
Updating learning rate to 3.90625e-05
	iters: 100, epoch: 9 | loss: 0.0043680
	speed: 0.0461s/iter; left time: 73.9295s
Epoch: 9 cost time: 2.161180257797241
Epoch: 9, Steps: 142 | Train Loss: 0.0038528 Vali Loss: 0.0015571 Test Loss: 0.0017108
Validation loss decreased (0.001569 --> 0.001557).  Saving model ...
Updating learning rate to 1.953125e-05
	iters: 100, epoch: 10 | loss: 0.0026745
	speed: 0.0433s/iter; left time: 63.3300s
Epoch: 10 cost time: 2.101414680480957
Epoch: 10, Steps: 142 | Train Loss: 0.0038143 Vali Loss: 0.0015487 Test Loss: 0.0017039
Validation loss decreased (0.001557 --> 0.001549).  Saving model ...
Updating learning rate to 9.765625e-06
	iters: 100, epoch: 11 | loss: 0.0024421
	speed: 0.0394s/iter; left time: 52.0255s
Epoch: 11 cost time: 1.9393632411956787
Epoch: 11, Steps: 142 | Train Loss: 0.0038364 Vali Loss: 0.0015515 Test Loss: 0.0017011
EarlyStopping counter: 1 out of 3
Updating learning rate to 4.8828125e-06
	iters: 100, epoch: 12 | loss: 0.0026712
	speed: 0.0392s/iter; left time: 46.1712s
Epoch: 12 cost time: 1.8706068992614746
Epoch: 12, Steps: 142 | Train Loss: 0.0038200 Vali Loss: 0.0015489 Test Loss: 0.0017009
EarlyStopping counter: 2 out of 3
Updating learning rate to 2.44140625e-06
	iters: 100, epoch: 13 | loss: 0.0031563
	speed: 0.0359s/iter; left time: 37.2785s
Epoch: 13 cost time: 1.8597006797790527
Epoch: 13, Steps: 142 | Train Loss: 0.0038261 Vali Loss: 0.0015503 Test Loss: 0.0017009
EarlyStopping counter: 3 out of 3
Early stopping
>>>>>>>testing : mirae_Linear_DLinear_mirae_ftM_sl72_ll48_pl12_dm512_nh8_el2_dl1_df2048_fc1_ebtimeF_dtTrue_Exp_0<<<<<<<<<<<<<<<<<<<<<<<<<<<<<<<<<
test 976
mse:0.001704, mae:0.03152
