Args in experiment:
Namespace(ver='TWM', is_training=1, model_id='mirae_Linear', model='DLinear', data='mirae', root_path='./data/ETT/', data_path='ETTh1.csv', features='M', target='OT', freq='h', checkpoints='./checkpoints/', seq_len=72, label_len=48, pred_len=12, individual=False, embed_type=0, enc_in=7, dec_in=7, c_out=7, d_model=512, n_heads=8, e_layers=2, d_layers=1, d_ff=2048, moving_avg=25, factor=1, distil=True, dropout=0.05, embed='timeF', activation='gelu', output_attention=False, do_predict=False, num_workers=10, itr=1, train_epochs=20, batch_size=32, patience=3, learning_rate=0.005, des='Exp', loss='mse', lradj='type1', use_amp=False, use_gpu=True, gpu=0, use_multi_gpu=False, devices='0,1,2,3', test_flop=False)
Use GPU: cuda:0
>>>>>>>start training : mirae_Linear_DLinear_mirae_ftM_sl72_ll48_pl12_dm512_nh8_el2_dl1_df2048_fc1_ebtimeF_dtTrue_Exp_0>>>>>>>>>>>>>>>>>>>>>>>>>>
train 4552
val 975
test 976
	iters: 100, epoch: 1 | loss: 0.0406460
	speed: 0.0317s/iter; left time: 86.9206s
Epoch: 1 cost time: 3.486086368560791
Epoch: 1, Steps: 142 | Train Loss: 0.0359674 Vali Loss: 0.0129378 Test Loss: 0.0178919
Validation loss decreased (inf --> 0.012938).  Saving model ...
Updating learning rate to 0.005
	iters: 100, epoch: 2 | loss: 0.0159936
	speed: 0.0373s/iter; left time: 97.0587s
Epoch: 2 cost time: 1.7263538837432861
Epoch: 2, Steps: 142 | Train Loss: 0.0154363 Vali Loss: 0.0058225 Test Loss: 0.0083456
Validation loss decreased (0.012938 --> 0.005823).  Saving model ...
Updating learning rate to 0.0025
	iters: 100, epoch: 3 | loss: 0.0134307
	speed: 0.0439s/iter; left time: 107.7620s
Epoch: 3 cost time: 2.2204902172088623
Epoch: 3, Steps: 142 | Train Loss: 0.0110410 Vali Loss: 0.0048326 Test Loss: 0.0068888
Validation loss decreased (0.005823 --> 0.004833).  Saving model ...
Updating learning rate to 0.00125
	iters: 100, epoch: 4 | loss: 0.0170076
	speed: 0.0447s/iter; left time: 103.3933s
Epoch: 4 cost time: 2.0447700023651123
Epoch: 4, Steps: 142 | Train Loss: 0.0100688 Vali Loss: 0.0039585 Test Loss: 0.0057140
Validation loss decreased (0.004833 --> 0.003959).  Saving model ...
Updating learning rate to 0.000625
	iters: 100, epoch: 5 | loss: 0.0138663
	speed: 0.0430s/iter; left time: 93.3795s
Epoch: 5 cost time: 1.8749656677246094
Epoch: 5, Steps: 142 | Train Loss: 0.0097400 Vali Loss: 0.0038506 Test Loss: 0.0055314
Validation loss decreased (0.003959 --> 0.003851).  Saving model ...
Updating learning rate to 0.0003125
	iters: 100, epoch: 6 | loss: 0.0085176
	speed: 0.0448s/iter; left time: 90.9736s
Epoch: 6 cost time: 1.9548962116241455
Epoch: 6, Steps: 142 | Train Loss: 0.0095596 Vali Loss: 0.0037325 Test Loss: 0.0053727
Validation loss decreased (0.003851 --> 0.003733).  Saving model ...
Updating learning rate to 0.00015625
	iters: 100, epoch: 7 | loss: 0.0102007
	speed: 0.0455s/iter; left time: 86.0017s
Epoch: 7 cost time: 2.0680863857269287
Epoch: 7, Steps: 142 | Train Loss: 0.0094996 Vali Loss: 0.0036952 Test Loss: 0.0053304
Validation loss decreased (0.003733 --> 0.003695).  Saving model ...
Updating learning rate to 7.8125e-05
	iters: 100, epoch: 8 | loss: 0.0082600
	speed: 0.0451s/iter; left time: 78.7363s
Epoch: 8 cost time: 1.9723503589630127
Epoch: 8, Steps: 142 | Train Loss: 0.0094797 Vali Loss: 0.0036492 Test Loss: 0.0052719
Validation loss decreased (0.003695 --> 0.003649).  Saving model ...
Updating learning rate to 3.90625e-05
	iters: 100, epoch: 9 | loss: 0.0124479
	speed: 0.0459s/iter; left time: 73.6054s
Epoch: 9 cost time: 2.0438392162323
Epoch: 9, Steps: 142 | Train Loss: 0.0094575 Vali Loss: 0.0036350 Test Loss: 0.0052380
Validation loss decreased (0.003649 --> 0.003635).  Saving model ...
Updating learning rate to 1.953125e-05
	iters: 100, epoch: 10 | loss: 0.0080670
	speed: 0.0459s/iter; left time: 67.1401s
Epoch: 10 cost time: 2.2484400272369385
Epoch: 10, Steps: 142 | Train Loss: 0.0094503 Vali Loss: 0.0036273 Test Loss: 0.0052221
Validation loss decreased (0.003635 --> 0.003627).  Saving model ...
Updating learning rate to 9.765625e-06
	iters: 100, epoch: 11 | loss: 0.0068863
	speed: 0.0460s/iter; left time: 60.7111s
Epoch: 11 cost time: 2.000398874282837
Epoch: 11, Steps: 142 | Train Loss: 0.0094470 Vali Loss: 0.0036249 Test Loss: 0.0052177
Validation loss decreased (0.003627 --> 0.003625).  Saving model ...
Updating learning rate to 4.8828125e-06
	iters: 100, epoch: 12 | loss: 0.0081430
	speed: 0.0403s/iter; left time: 47.5432s
Epoch: 12 cost time: 1.7714173793792725
Epoch: 12, Steps: 142 | Train Loss: 0.0094437 Vali Loss: 0.0036015 Test Loss: 0.0052151
Validation loss decreased (0.003625 --> 0.003602).  Saving model ...
Updating learning rate to 2.44140625e-06
	iters: 100, epoch: 13 | loss: 0.0084935
	speed: 0.0359s/iter; left time: 37.2341s
Epoch: 13 cost time: 1.624016523361206
Epoch: 13, Steps: 142 | Train Loss: 0.0094038 Vali Loss: 0.0035867 Test Loss: 0.0052131
Validation loss decreased (0.003602 --> 0.003587).  Saving model ...
Updating learning rate to 1.220703125e-06
	iters: 100, epoch: 14 | loss: 0.0072744
	speed: 0.0349s/iter; left time: 31.2793s
Epoch: 14 cost time: 1.651994228363037
Epoch: 14, Steps: 142 | Train Loss: 0.0094407 Vali Loss: 0.0036156 Test Loss: 0.0052121
EarlyStopping counter: 1 out of 3
Updating learning rate to 6.103515625e-07
	iters: 100, epoch: 15 | loss: 0.0071663
	speed: 0.0343s/iter; left time: 25.8085s
Epoch: 15 cost time: 1.6691160202026367
Epoch: 15, Steps: 142 | Train Loss: 0.0094376 Vali Loss: 0.0036058 Test Loss: 0.0052113
EarlyStopping counter: 2 out of 3
Updating learning rate to 3.0517578125e-07
	iters: 100, epoch: 16 | loss: 0.0081634
	speed: 0.0342s/iter; left time: 20.8885s
Epoch: 16 cost time: 1.6124331951141357
Epoch: 16, Steps: 142 | Train Loss: 0.0094411 Vali Loss: 0.0036154 Test Loss: 0.0052112
EarlyStopping counter: 3 out of 3
Early stopping
>>>>>>>testing : mirae_Linear_DLinear_mirae_ftM_sl72_ll48_pl12_dm512_nh8_el2_dl1_df2048_fc1_ebtimeF_dtTrue_Exp_0<<<<<<<<<<<<<<<<<<<<<<<<<<<<<<<<<
test 976
mse:0.005213, mae:0.06246
