Args in experiment:
Namespace(ver='TWM', is_training=1, model_id='mirae_Linear', model='DLinear_T', data='mirae', root_path='./data/ETT/', data_path='ETTh1.csv', features='M', target='OT', freq='h', checkpoints='./checkpoints/', seq_len=72, label_len=48, pred_len=12, individual=False, embed_type=0, enc_in=7, dec_in=7, c_out=7, d_model=512, n_heads=8, e_layers=2, d_layers=1, d_ff=2048, moving_avg=25, factor=1, distil=True, dropout=0.05, embed='timeF', activation='gelu', output_attention=False, do_predict=False, num_workers=10, itr=1, train_epochs=20, batch_size=32, patience=3, learning_rate=0.005, des='Exp', loss='mse', lradj='type1', use_amp=False, use_gpu=True, gpu=0, use_multi_gpu=False, devices='0,1,2,3', test_flop=False)
Use GPU: cuda:0
>>>>>>>start training : mirae_Linear_DLinear_T_mirae_ftM_sl72_ll48_pl12_dm512_nh8_el2_dl1_df2048_fc1_ebtimeF_dtTrue_Exp_0>>>>>>>>>>>>>>>>>>>>>>>>>>
train 4552
val 975
test 976
	iters: 100, epoch: 1 | loss: 0.0094132
	speed: 0.0320s/iter; left time: 87.6741s
Epoch: 1 cost time: 3.508953094482422
Epoch: 1, Steps: 142 | Train Loss: 0.0123540 Vali Loss: 0.0024272 Test Loss: 0.0024521
Validation loss decreased (inf --> 0.002427).  Saving model ...
Updating learning rate to 0.005
	iters: 100, epoch: 2 | loss: 0.0065800
	speed: 0.0462s/iter; left time: 120.1781s
Epoch: 2 cost time: 2.185389280319214
Epoch: 2, Steps: 142 | Train Loss: 0.0073710 Vali Loss: 0.0025773 Test Loss: 0.0024348
EarlyStopping counter: 1 out of 3
Updating learning rate to 0.0025
	iters: 100, epoch: 3 | loss: 0.0097771
	speed: 0.0483s/iter; left time: 118.6726s
Epoch: 3 cost time: 2.041043996810913
Epoch: 3, Steps: 142 | Train Loss: 0.0069628 Vali Loss: 0.0024854 Test Loss: 0.0023148
EarlyStopping counter: 2 out of 3
Updating learning rate to 0.00125
	iters: 100, epoch: 4 | loss: 0.0045241
	speed: 0.0486s/iter; left time: 112.4680s
Epoch: 4 cost time: 2.0482559204101562
Epoch: 4, Steps: 142 | Train Loss: 0.0065862 Vali Loss: 0.0024055 Test Loss: 0.0022853
Validation loss decreased (0.002427 --> 0.002406).  Saving model ...
Updating learning rate to 0.000625
	iters: 100, epoch: 5 | loss: 0.0044601
	speed: 0.0517s/iter; left time: 112.4236s
Epoch: 5 cost time: 2.384293794631958
Epoch: 5, Steps: 142 | Train Loss: 0.0065201 Vali Loss: 0.0022602 Test Loss: 0.0022070
Validation loss decreased (0.002406 --> 0.002260).  Saving model ...
Updating learning rate to 0.0003125
	iters: 100, epoch: 6 | loss: 0.0113868
	speed: 0.0533s/iter; left time: 108.2732s
Epoch: 6 cost time: 2.1517434120178223
Epoch: 6, Steps: 142 | Train Loss: 0.0064404 Vali Loss: 0.0022986 Test Loss: 0.0022228
EarlyStopping counter: 1 out of 3
Updating learning rate to 0.00015625
	iters: 100, epoch: 7 | loss: 0.0067173
	speed: 0.0538s/iter; left time: 101.7077s
Epoch: 7 cost time: 2.280439615249634
Epoch: 7, Steps: 142 | Train Loss: 0.0064061 Vali Loss: 0.0021946 Test Loss: 0.0021589
Validation loss decreased (0.002260 --> 0.002195).  Saving model ...
Updating learning rate to 7.8125e-05
	iters: 100, epoch: 8 | loss: 0.0056770
	speed: 0.0516s/iter; left time: 90.1041s
Epoch: 8 cost time: 2.1518542766571045
Epoch: 8, Steps: 142 | Train Loss: 0.0063937 Vali Loss: 0.0023250 Test Loss: 0.0022435
EarlyStopping counter: 1 out of 3
Updating learning rate to 3.90625e-05
	iters: 100, epoch: 9 | loss: 0.0063522
	speed: 0.0523s/iter; left time: 83.9633s
Epoch: 9 cost time: 2.234301805496216
Epoch: 9, Steps: 142 | Train Loss: 0.0063735 Vali Loss: 0.0022689 Test Loss: 0.0022071
EarlyStopping counter: 2 out of 3
Updating learning rate to 1.953125e-05
	iters: 100, epoch: 10 | loss: 0.0062467
	speed: 0.0479s/iter; left time: 70.0755s
Epoch: 10 cost time: 2.1065778732299805
Epoch: 10, Steps: 142 | Train Loss: 0.0063648 Vali Loss: 0.0022303 Test Loss: 0.0021979
EarlyStopping counter: 3 out of 3
Early stopping
>>>>>>>testing : mirae_Linear_DLinear_T_mirae_ftM_sl72_ll48_pl12_dm512_nh8_el2_dl1_df2048_fc1_ebtimeF_dtTrue_Exp_0<<<<<<<<<<<<<<<<<<<<<<<<<<<<<<<<<
test 976
mse:0.002159, mae:0.03189
