Args in experiment:
Namespace(ver='TWM-2', is_training=1, model_id='mirae_Linear', model='Linear', data='mirae', root_path='./data/ETT/', data_path='ETTh1.csv', features='M', target='OT', freq='h', checkpoints='./checkpoints/', seq_len=72, label_len=48, pred_len=12, individual=False, embed_type=0, enc_in=7, dec_in=7, c_out=7, d_model=512, n_heads=8, e_layers=2, d_layers=1, d_ff=2048, moving_avg=25, factor=1, distil=True, dropout=0.05, embed='timeF', activation='gelu', output_attention=False, do_predict=False, num_workers=10, itr=1, train_epochs=20, batch_size=32, patience=3, learning_rate=0.005, des='Exp', loss='mse', lradj='type1', use_amp=False, use_gpu=True, gpu=0, use_multi_gpu=False, devices='0,1,2,3', test_flop=False)
Use GPU: cuda:0
>>>>>>>start training : mirae_Linear_Linear_mirae_ftM_sl72_ll48_pl12_dm512_nh8_el2_dl1_df2048_fc1_ebtimeF_dtTrue_Exp_0>>>>>>>>>>>>>>>>>>>>>>>>>>
train 4552
val 975
test 976
	iters: 100, epoch: 1 | loss: 0.0159588
	speed: 0.0280s/iter; left time: 76.7024s
Epoch: 1 cost time: 3.125760078430176
Epoch: 1, Steps: 142 | Train Loss: 0.0192249 Vali Loss: 0.0026808 Test Loss: 0.0041339
Validation loss decreased (inf --> 0.002681).  Saving model ...
Updating learning rate to 0.005
	iters: 100, epoch: 2 | loss: 0.0059482
	speed: 0.0384s/iter; left time: 99.9108s
Epoch: 2 cost time: 1.905623197555542
Epoch: 2, Steps: 142 | Train Loss: 0.0076121 Vali Loss: 0.0021719 Test Loss: 0.0033018
Validation loss decreased (0.002681 --> 0.002172).  Saving model ...
Updating learning rate to 0.0025
	iters: 100, epoch: 3 | loss: 0.0052123
	speed: 0.0448s/iter; left time: 110.0293s
Epoch: 3 cost time: 2.0455002784729004
Epoch: 3, Steps: 142 | Train Loss: 0.0064727 Vali Loss: 0.0019618 Test Loss: 0.0029229
Validation loss decreased (0.002172 --> 0.001962).  Saving model ...
Updating learning rate to 0.00125
	iters: 100, epoch: 4 | loss: 0.0085239
	speed: 0.0421s/iter; left time: 97.5151s
Epoch: 4 cost time: 2.2585723400115967
Epoch: 4, Steps: 142 | Train Loss: 0.0059965 Vali Loss: 0.0017904 Test Loss: 0.0027237
Validation loss decreased (0.001962 --> 0.001790).  Saving model ...
Updating learning rate to 0.000625
	iters: 100, epoch: 5 | loss: 0.0034349
	speed: 0.0406s/iter; left time: 88.1359s
Epoch: 5 cost time: 1.765394926071167
Epoch: 5, Steps: 142 | Train Loss: 0.0057785 Vali Loss: 0.0017116 Test Loss: 0.0026191
Validation loss decreased (0.001790 --> 0.001712).  Saving model ...
Updating learning rate to 0.0003125
	iters: 100, epoch: 6 | loss: 0.0035176
	speed: 0.0420s/iter; left time: 85.2402s
Epoch: 6 cost time: 1.8997342586517334
Epoch: 6, Steps: 142 | Train Loss: 0.0056621 Vali Loss: 0.0017841 Test Loss: 0.0026249
EarlyStopping counter: 1 out of 3
Updating learning rate to 0.00015625
	iters: 100, epoch: 7 | loss: 0.0032101
	speed: 0.0442s/iter; left time: 83.4400s
Epoch: 7 cost time: 1.9097084999084473
Epoch: 7, Steps: 142 | Train Loss: 0.0055957 Vali Loss: 0.0017746 Test Loss: 0.0026122
EarlyStopping counter: 2 out of 3
Updating learning rate to 7.8125e-05
	iters: 100, epoch: 8 | loss: 0.0051933
	speed: 0.0456s/iter; left time: 79.6033s
Epoch: 8 cost time: 2.0798628330230713
Epoch: 8, Steps: 142 | Train Loss: 0.0055795 Vali Loss: 0.0017294 Test Loss: 0.0025924
EarlyStopping counter: 3 out of 3
Early stopping
>>>>>>>testing : mirae_Linear_Linear_mirae_ftM_sl72_ll48_pl12_dm512_nh8_el2_dl1_df2048_fc1_ebtimeF_dtTrue_Exp_0<<<<<<<<<<<<<<<<<<<<<<<<<<<<<<<<<
test 976
mse:0.002619, mae:0.03884
