Args in experiment:
Namespace(ver='TWM', is_training=1, model_id='mirae_Linear', model='Linear', data='mirae', root_path='./data/ETT/', data_path='ETTh1.csv', features='M', target='OT', freq='h', checkpoints='./checkpoints/', seq_len=72, label_len=48, pred_len=12, individual=False, embed_type=0, enc_in=7, dec_in=7, c_out=7, d_model=512, n_heads=8, e_layers=2, d_layers=1, d_ff=2048, moving_avg=25, factor=1, distil=True, dropout=0.05, embed='timeF', activation='gelu', output_attention=False, do_predict=False, num_workers=10, itr=1, train_epochs=20, batch_size=32, patience=3, learning_rate=0.005, des='Exp', loss='mse', lradj='type1', use_amp=False, use_gpu=True, gpu=0, use_multi_gpu=False, devices='0,1,2,3', test_flop=False)
Use GPU: cuda:0
>>>>>>>start training : mirae_Linear_Linear_mirae_ftM_sl72_ll48_pl12_dm512_nh8_el2_dl1_df2048_fc1_ebtimeF_dtTrue_Exp_0>>>>>>>>>>>>>>>>>>>>>>>>>>
train 4552
val 975
test 976
	iters: 100, epoch: 1 | loss: 0.0160557
	speed: 0.0280s/iter; left time: 76.6246s
Epoch: 1 cost time: 3.0753402709960938
Epoch: 1, Steps: 142 | Train Loss: 0.0259243 Vali Loss: 0.0039434 Test Loss: 0.0064388
Validation loss decreased (inf --> 0.003943).  Saving model ...
Updating learning rate to 0.005
	iters: 100, epoch: 2 | loss: 0.0069152
	speed: 0.0373s/iter; left time: 97.0458s
Epoch: 2 cost time: 1.747952938079834
Epoch: 2, Steps: 142 | Train Loss: 0.0070324 Vali Loss: 0.0026454 Test Loss: 0.0033278
Validation loss decreased (0.003943 --> 0.002645).  Saving model ...
Updating learning rate to 0.0025
	iters: 100, epoch: 3 | loss: 0.0046077
	speed: 0.0441s/iter; left time: 108.4500s
Epoch: 3 cost time: 1.9370570182800293
Epoch: 3, Steps: 142 | Train Loss: 0.0051799 Vali Loss: 0.0014628 Test Loss: 0.0023252
Validation loss decreased (0.002645 --> 0.001463).  Saving model ...
Updating learning rate to 0.00125
	iters: 100, epoch: 4 | loss: 0.0061109
	speed: 0.0478s/iter; left time: 110.5547s
Epoch: 4 cost time: 2.0826809406280518
Epoch: 4, Steps: 142 | Train Loss: 0.0047167 Vali Loss: 0.0014047 Test Loss: 0.0022478
Validation loss decreased (0.001463 --> 0.001405).  Saving model ...
Updating learning rate to 0.000625
	iters: 100, epoch: 5 | loss: 0.0039391
	speed: 0.0509s/iter; left time: 110.6504s
Epoch: 5 cost time: 2.137563705444336
Epoch: 5, Steps: 142 | Train Loss: 0.0044261 Vali Loss: 0.0014128 Test Loss: 0.0022828
EarlyStopping counter: 1 out of 3
Updating learning rate to 0.0003125
	iters: 100, epoch: 6 | loss: 0.0024514
	speed: 0.0527s/iter; left time: 107.1085s
Epoch: 6 cost time: 2.2050206661224365
Epoch: 6, Steps: 142 | Train Loss: 0.0042813 Vali Loss: 0.0013420 Test Loss: 0.0022240
Validation loss decreased (0.001405 --> 0.001342).  Saving model ...
Updating learning rate to 0.00015625
	iters: 100, epoch: 7 | loss: 0.0030705
	speed: 0.0549s/iter; left time: 103.6161s
Epoch: 7 cost time: 2.462733507156372
Epoch: 7, Steps: 142 | Train Loss: 0.0042298 Vali Loss: 0.0013901 Test Loss: 0.0022527
EarlyStopping counter: 1 out of 3
Updating learning rate to 7.8125e-05
	iters: 100, epoch: 8 | loss: 0.0034931
	speed: 0.0546s/iter; left time: 95.4268s
Epoch: 8 cost time: 2.2929165363311768
Epoch: 8, Steps: 142 | Train Loss: 0.0042062 Vali Loss: 0.0014047 Test Loss: 0.0022609
EarlyStopping counter: 2 out of 3
Updating learning rate to 3.90625e-05
	iters: 100, epoch: 9 | loss: 0.0043829
	speed: 0.0566s/iter; left time: 90.8991s
Epoch: 9 cost time: 2.341522455215454
Epoch: 9, Steps: 142 | Train Loss: 0.0041728 Vali Loss: 0.0014234 Test Loss: 0.0022637
EarlyStopping counter: 3 out of 3
Early stopping
>>>>>>>testing : mirae_Linear_Linear_mirae_ftM_sl72_ll48_pl12_dm512_nh8_el2_dl1_df2048_fc1_ebtimeF_dtTrue_Exp_0<<<<<<<<<<<<<<<<<<<<<<<<<<<<<<<<<
test 976
mse:0.002224, mae:0.03544
