Args in experiment:
Namespace(ver='TWM', is_training=1, model_id='mirae_Linear', model='Linear', data='mirae', root_path='./data/ETT/', data_path='ETTh1.csv', features='M', target='OT', freq='h', checkpoints='./checkpoints/', seq_len=72, label_len=48, pred_len=12, individual=False, embed_type=0, enc_in=7, dec_in=7, c_out=7, d_model=512, n_heads=8, e_layers=2, d_layers=1, d_ff=2048, moving_avg=25, factor=1, distil=True, dropout=0.05, embed='timeF', activation='gelu', output_attention=False, do_predict=False, num_workers=10, itr=1, train_epochs=20, batch_size=32, patience=3, learning_rate=0.005, des='Exp', loss='mse', lradj='type1', use_amp=False, use_gpu=True, gpu=0, use_multi_gpu=False, devices='0,1,2,3', test_flop=False)
Use GPU: cuda:0
>>>>>>>start training : mirae_Linear_Linear_mirae_ftM_sl72_ll48_pl12_dm512_nh8_el2_dl1_df2048_fc1_ebtimeF_dtTrue_Exp_0>>>>>>>>>>>>>>>>>>>>>>>>>>
train 4552
val 975
test 976
	iters: 100, epoch: 1 | loss: 0.0230744
	speed: 0.0269s/iter; left time: 73.7080s
Epoch: 1 cost time: 2.9739787578582764
Epoch: 1, Steps: 142 | Train Loss: 0.0360064 Vali Loss: 0.0157410 Test Loss: 0.0218811
Validation loss decreased (inf --> 0.015741).  Saving model ...
Updating learning rate to 0.005
	iters: 100, epoch: 2 | loss: 0.0201658
	speed: 0.0368s/iter; left time: 95.7458s
Epoch: 2 cost time: 1.6224429607391357
Epoch: 2, Steps: 142 | Train Loss: 0.0169993 Vali Loss: 0.0065404 Test Loss: 0.0099616
Validation loss decreased (0.015741 --> 0.006540).  Saving model ...
Updating learning rate to 0.0025
	iters: 100, epoch: 3 | loss: 0.0093959
	speed: 0.0367s/iter; left time: 90.2944s
Epoch: 3 cost time: 1.6897332668304443
Epoch: 3, Steps: 142 | Train Loss: 0.0121993 Vali Loss: 0.0048286 Test Loss: 0.0075481
Validation loss decreased (0.006540 --> 0.004829).  Saving model ...
Updating learning rate to 0.00125
	iters: 100, epoch: 4 | loss: 0.0108223
	speed: 0.0388s/iter; left time: 89.7757s
Epoch: 4 cost time: 1.8149261474609375
Epoch: 4, Steps: 142 | Train Loss: 0.0108772 Vali Loss: 0.0040005 Test Loss: 0.0063989
Validation loss decreased (0.004829 --> 0.004000).  Saving model ...
Updating learning rate to 0.000625
	iters: 100, epoch: 5 | loss: 0.0074944
	speed: 0.0427s/iter; left time: 92.8227s
Epoch: 5 cost time: 1.9099130630493164
Epoch: 5, Steps: 142 | Train Loss: 0.0104272 Vali Loss: 0.0037239 Test Loss: 0.0059755
Validation loss decreased (0.004000 --> 0.003724).  Saving model ...
Updating learning rate to 0.0003125
	iters: 100, epoch: 6 | loss: 0.0117107
	speed: 0.0392s/iter; left time: 79.6209s
Epoch: 6 cost time: 1.802381992340088
Epoch: 6, Steps: 142 | Train Loss: 0.0102069 Vali Loss: 0.0036603 Test Loss: 0.0058600
Validation loss decreased (0.003724 --> 0.003660).  Saving model ...
Updating learning rate to 0.00015625
	iters: 100, epoch: 7 | loss: 0.0092647
	speed: 0.0380s/iter; left time: 71.8254s
Epoch: 7 cost time: 1.9226720333099365
Epoch: 7, Steps: 142 | Train Loss: 0.0101354 Vali Loss: 0.0036271 Test Loss: 0.0058209
Validation loss decreased (0.003660 --> 0.003627).  Saving model ...
Updating learning rate to 7.8125e-05
	iters: 100, epoch: 8 | loss: 0.0085365
	speed: 0.0391s/iter; left time: 68.2986s
Epoch: 8 cost time: 1.928574800491333
Epoch: 8, Steps: 142 | Train Loss: 0.0100899 Vali Loss: 0.0035896 Test Loss: 0.0057638
Validation loss decreased (0.003627 --> 0.003590).  Saving model ...
Updating learning rate to 3.90625e-05
	iters: 100, epoch: 9 | loss: 0.0092910
	speed: 0.0365s/iter; left time: 58.5908s
Epoch: 9 cost time: 1.7522063255310059
Epoch: 9, Steps: 142 | Train Loss: 0.0100650 Vali Loss: 0.0035624 Test Loss: 0.0057451
Validation loss decreased (0.003590 --> 0.003562).  Saving model ...
Updating learning rate to 1.953125e-05
	iters: 100, epoch: 10 | loss: 0.0130318
	speed: 0.0379s/iter; left time: 55.4157s
Epoch: 10 cost time: 1.7600033283233643
Epoch: 10, Steps: 142 | Train Loss: 0.0100478 Vali Loss: 0.0035757 Test Loss: 0.0057329
EarlyStopping counter: 1 out of 3
Updating learning rate to 9.765625e-06
	iters: 100, epoch: 11 | loss: 0.0085015
	speed: 0.0384s/iter; left time: 50.6773s
Epoch: 11 cost time: 1.7103970050811768
Epoch: 11, Steps: 142 | Train Loss: 0.0100505 Vali Loss: 0.0035610 Test Loss: 0.0057269
Validation loss decreased (0.003562 --> 0.003561).  Saving model ...
Updating learning rate to 4.8828125e-06
	iters: 100, epoch: 12 | loss: 0.0073110
	speed: 0.0381s/iter; left time: 44.9731s
Epoch: 12 cost time: 1.6972858905792236
Epoch: 12, Steps: 142 | Train Loss: 0.0100413 Vali Loss: 0.0035695 Test Loss: 0.0057241
EarlyStopping counter: 1 out of 3
Updating learning rate to 2.44140625e-06
	iters: 100, epoch: 13 | loss: 0.0088718
	speed: 0.0408s/iter; left time: 42.3431s
Epoch: 13 cost time: 2.0238184928894043
Epoch: 13, Steps: 142 | Train Loss: 0.0100380 Vali Loss: 0.0035773 Test Loss: 0.0057218
EarlyStopping counter: 2 out of 3
Updating learning rate to 1.220703125e-06
	iters: 100, epoch: 14 | loss: 0.0092505
	speed: 0.0359s/iter; left time: 32.1443s
Epoch: 14 cost time: 1.6688504219055176
Epoch: 14, Steps: 142 | Train Loss: 0.0100387 Vali Loss: 0.0035634 Test Loss: 0.0057211
EarlyStopping counter: 3 out of 3
Early stopping
>>>>>>>testing : mirae_Linear_Linear_mirae_ftM_sl72_ll48_pl12_dm512_nh8_el2_dl1_df2048_fc1_ebtimeF_dtTrue_Exp_0<<<<<<<<<<<<<<<<<<<<<<<<<<<<<<<<<
test 976
mse:0.005727, mae:0.06629
