Args in experiment:
Namespace(ver='TPM', is_training=1, model_id='mirae_Linear', model='Linear', data='mirae', root_path='./data/ETT/', data_path='ETTh1.csv', features='M', target='OT', freq='h', checkpoints='./checkpoints/', seq_len=72, label_len=48, pred_len=12, individual=False, embed_type=0, enc_in=7, dec_in=7, c_out=7, d_model=512, n_heads=8, e_layers=2, d_layers=1, d_ff=2048, moving_avg=25, factor=1, distil=True, dropout=0.05, embed='timeF', activation='gelu', output_attention=False, do_predict=False, num_workers=10, itr=1, train_epochs=20, batch_size=32, patience=3, learning_rate=0.005, des='Exp', loss='mse', lradj='type1', use_amp=False, use_gpu=True, gpu=0, use_multi_gpu=False, devices='0,1,2,3', test_flop=False)
Use GPU: cuda:0
>>>>>>>start training : mirae_Linear_Linear_mirae_ftM_sl72_ll48_pl12_dm512_nh8_el2_dl1_df2048_fc1_ebtimeF_dtTrue_Exp_0>>>>>>>>>>>>>>>>>>>>>>>>>>
train 4552
val 975
test 976
	iters: 100, epoch: 1 | loss: 0.0269164
	speed: 0.0278s/iter; left time: 76.2698s
Epoch: 1 cost time: 3.148495674133301
Epoch: 1, Steps: 142 | Train Loss: 0.0315981 Vali Loss: 0.0125071 Test Loss: 0.0159305
Validation loss decreased (inf --> 0.012507).  Saving model ...
Updating learning rate to 0.005
	iters: 100, epoch: 2 | loss: 0.0119294
	speed: 0.0392s/iter; left time: 101.8435s
Epoch: 2 cost time: 1.8454458713531494
Epoch: 2, Steps: 142 | Train Loss: 0.0144554 Vali Loss: 0.0233056 Test Loss: 0.0207753
EarlyStopping counter: 1 out of 3
Updating learning rate to 0.0025
	iters: 100, epoch: 3 | loss: 0.0086400
	speed: 0.0385s/iter; left time: 94.6188s
Epoch: 3 cost time: 1.7982287406921387
Epoch: 3, Steps: 142 | Train Loss: 0.0101315 Vali Loss: 0.0296105 Test Loss: 0.0242223
EarlyStopping counter: 2 out of 3
Updating learning rate to 0.00125
	iters: 100, epoch: 4 | loss: 0.0094149
	speed: 0.0404s/iter; left time: 93.6005s
Epoch: 4 cost time: 2.0144968032836914
Epoch: 4, Steps: 142 | Train Loss: 0.0093963 Vali Loss: 0.0307095 Test Loss: 0.0250214
EarlyStopping counter: 3 out of 3
Early stopping
>>>>>>>testing : mirae_Linear_Linear_mirae_ftM_sl72_ll48_pl12_dm512_nh8_el2_dl1_df2048_fc1_ebtimeF_dtTrue_Exp_0<<<<<<<<<<<<<<<<<<<<<<<<<<<<<<<<<
test 976
mse:0.015931, mae:0.10713
