Args in experiment:
Namespace(ver='TWM', is_training=1, model_id='mirae_Linear', model='Linear', data='mirae', root_path='./data/ETT/', data_path='ETTh1.csv', features='M', target='OT', freq='h', checkpoints='./checkpoints/', seq_len=72, label_len=48, pred_len=12, individual=False, embed_type=0, enc_in=7, dec_in=7, c_out=7, d_model=512, n_heads=8, e_layers=2, d_layers=1, d_ff=2048, moving_avg=25, factor=1, distil=True, dropout=0.05, embed='timeF', activation='gelu', output_attention=False, do_predict=False, num_workers=10, itr=1, train_epochs=20, batch_size=32, patience=3, learning_rate=0.005, des='Exp', loss='mse', lradj='type1', use_amp=False, use_gpu=True, gpu=0, use_multi_gpu=False, devices='0,1,2,3', test_flop=False)
Use GPU: cuda:0
>>>>>>>start training : mirae_Linear_Linear_mirae_ftM_sl72_ll48_pl12_dm512_nh8_el2_dl1_df2048_fc1_ebtimeF_dtTrue_Exp_0>>>>>>>>>>>>>>>>>>>>>>>>>>
train 4552
val 975
test 976
	iters: 100, epoch: 1 | loss: 0.0097291
	speed: 0.0257s/iter; left time: 70.4524s
Epoch: 1 cost time: 2.9138240814208984
Epoch: 1, Steps: 142 | Train Loss: 0.0175441 Vali Loss: 0.0036880 Test Loss: 0.0038261
Validation loss decreased (inf --> 0.003688).  Saving model ...
Updating learning rate to 0.005
	iters: 100, epoch: 2 | loss: 0.0113911
	speed: 0.0375s/iter; left time: 97.4863s
Epoch: 2 cost time: 1.6786494255065918
Epoch: 2, Steps: 142 | Train Loss: 0.0083487 Vali Loss: 0.0026333 Test Loss: 0.0027924
Validation loss decreased (0.003688 --> 0.002633).  Saving model ...
Updating learning rate to 0.0025
	iters: 100, epoch: 3 | loss: 0.0063261
	speed: 0.0381s/iter; left time: 93.5614s
Epoch: 3 cost time: 1.7102766036987305
Epoch: 3, Steps: 142 | Train Loss: 0.0076128 Vali Loss: 0.0025158 Test Loss: 0.0026735
Validation loss decreased (0.002633 --> 0.002516).  Saving model ...
Updating learning rate to 0.00125
	iters: 100, epoch: 4 | loss: 0.0032236
	speed: 0.0458s/iter; left time: 106.0710s
Epoch: 4 cost time: 1.8869588375091553
Epoch: 4, Steps: 142 | Train Loss: 0.0072905 Vali Loss: 0.0023367 Test Loss: 0.0025968
Validation loss decreased (0.002516 --> 0.002337).  Saving model ...
Updating learning rate to 0.000625
	iters: 100, epoch: 5 | loss: 0.0040270
	speed: 0.0471s/iter; left time: 102.4407s
Epoch: 5 cost time: 1.7992932796478271
Epoch: 5, Steps: 142 | Train Loss: 0.0071467 Vali Loss: 0.0023368 Test Loss: 0.0025512
EarlyStopping counter: 1 out of 3
Updating learning rate to 0.0003125
	iters: 100, epoch: 6 | loss: 0.0071569
	speed: 0.0404s/iter; left time: 82.0984s
Epoch: 6 cost time: 1.726729154586792
Epoch: 6, Steps: 142 | Train Loss: 0.0070091 Vali Loss: 0.0024745 Test Loss: 0.0026145
EarlyStopping counter: 2 out of 3
Updating learning rate to 0.00015625
	iters: 100, epoch: 7 | loss: 0.0079368
	speed: 0.0415s/iter; left time: 78.3308s
Epoch: 7 cost time: 1.908437967300415
Epoch: 7, Steps: 142 | Train Loss: 0.0070029 Vali Loss: 0.0023797 Test Loss: 0.0025794
EarlyStopping counter: 3 out of 3
Early stopping
>>>>>>>testing : mirae_Linear_Linear_mirae_ftM_sl72_ll48_pl12_dm512_nh8_el2_dl1_df2048_fc1_ebtimeF_dtTrue_Exp_0<<<<<<<<<<<<<<<<<<<<<<<<<<<<<<<<<
test 976
mse:0.002597, mae:0.03689
