Args in experiment:
Namespace(ver='TPM', is_training=1, model_id='mirae_Linear', model='NLinear', data='mirae', root_path='./data/ETT/', data_path='ETTh1.csv', features='M', target='OT', freq='h', checkpoints='./checkpoints/', seq_len=72, label_len=48, pred_len=12, individual=False, embed_type=0, enc_in=7, dec_in=7, c_out=7, d_model=512, n_heads=8, e_layers=2, d_layers=1, d_ff=2048, moving_avg=25, factor=1, distil=True, dropout=0.05, embed='timeF', activation='gelu', output_attention=False, do_predict=False, num_workers=10, itr=1, train_epochs=20, batch_size=32, patience=3, learning_rate=0.005, des='Exp', loss='mse', lradj='type1', use_amp=False, use_gpu=True, gpu=0, use_multi_gpu=False, devices='0,1,2,3', test_flop=False)
Use GPU: cuda:0
>>>>>>>start training : mirae_Linear_NLinear_mirae_ftM_sl72_ll48_pl12_dm512_nh8_el2_dl1_df2048_fc1_ebtimeF_dtTrue_Exp_0>>>>>>>>>>>>>>>>>>>>>>>>>>
train 4552
val 975
test 976
	iters: 100, epoch: 1 | loss: 0.0078485
	speed: 0.0312s/iter; left time: 85.5648s
Epoch: 1 cost time: 3.4053540229797363
Epoch: 1, Steps: 142 | Train Loss: 0.0158832 Vali Loss: 0.0035428 Test Loss: 0.0028653
Validation loss decreased (inf --> 0.003543).  Saving model ...
Updating learning rate to 0.005
	iters: 100, epoch: 2 | loss: 0.0061473
	speed: 0.0391s/iter; left time: 101.6825s
Epoch: 2 cost time: 1.767347812652588
Epoch: 2, Steps: 142 | Train Loss: 0.0066533 Vali Loss: 0.0033599 Test Loss: 0.0026629
Validation loss decreased (0.003543 --> 0.003360).  Saving model ...
Updating learning rate to 0.0025
	iters: 100, epoch: 3 | loss: 0.0057946
	speed: 0.0404s/iter; left time: 99.1778s
Epoch: 3 cost time: 1.8649210929870605
Epoch: 3, Steps: 142 | Train Loss: 0.0054360 Vali Loss: 0.0023186 Test Loss: 0.0017130
Validation loss decreased (0.003360 --> 0.002319).  Saving model ...
Updating learning rate to 0.00125
	iters: 100, epoch: 4 | loss: 0.0064039
	speed: 0.0400s/iter; left time: 92.6164s
Epoch: 4 cost time: 1.747570276260376
Epoch: 4, Steps: 142 | Train Loss: 0.0048847 Vali Loss: 0.0020912 Test Loss: 0.0015845
Validation loss decreased (0.002319 --> 0.002091).  Saving model ...
Updating learning rate to 0.000625
	iters: 100, epoch: 5 | loss: 0.0048496
	speed: 0.0341s/iter; left time: 74.0365s
Epoch: 5 cost time: 1.6346940994262695
Epoch: 5, Steps: 142 | Train Loss: 0.0046743 Vali Loss: 0.0021054 Test Loss: 0.0016001
EarlyStopping counter: 1 out of 3
Updating learning rate to 0.0003125
	iters: 100, epoch: 6 | loss: 0.0035989
	speed: 0.0379s/iter; left time: 76.9351s
Epoch: 6 cost time: 1.9180049896240234
Epoch: 6, Steps: 142 | Train Loss: 0.0045785 Vali Loss: 0.0020857 Test Loss: 0.0015469
Validation loss decreased (0.002091 --> 0.002086).  Saving model ...
Updating learning rate to 0.00015625
	iters: 100, epoch: 7 | loss: 0.0056167
	speed: 0.0385s/iter; left time: 72.7619s
Epoch: 7 cost time: 1.684840440750122
Epoch: 7, Steps: 142 | Train Loss: 0.0045029 Vali Loss: 0.0020335 Test Loss: 0.0015463
Validation loss decreased (0.002086 --> 0.002034).  Saving model ...
Updating learning rate to 7.8125e-05
	iters: 100, epoch: 8 | loss: 0.0027802
	speed: 0.0405s/iter; left time: 70.6709s
Epoch: 8 cost time: 1.7555997371673584
Epoch: 8, Steps: 142 | Train Loss: 0.0044298 Vali Loss: 0.0020537 Test Loss: 0.0015707
EarlyStopping counter: 1 out of 3
Updating learning rate to 3.90625e-05
	iters: 100, epoch: 9 | loss: 0.0024519
	speed: 0.0397s/iter; left time: 63.6887s
Epoch: 9 cost time: 1.8892860412597656
Epoch: 9, Steps: 142 | Train Loss: 0.0044171 Vali Loss: 0.0020531 Test Loss: 0.0015526
EarlyStopping counter: 2 out of 3
Updating learning rate to 1.953125e-05
	iters: 100, epoch: 10 | loss: 0.0042228
	speed: 0.0432s/iter; left time: 63.1567s
Epoch: 10 cost time: 1.9307506084442139
Epoch: 10, Steps: 142 | Train Loss: 0.0044150 Vali Loss: 0.0020484 Test Loss: 0.0015543
EarlyStopping counter: 3 out of 3
Early stopping
>>>>>>>testing : mirae_Linear_NLinear_mirae_ftM_sl72_ll48_pl12_dm512_nh8_el2_dl1_df2048_fc1_ebtimeF_dtTrue_Exp_0<<<<<<<<<<<<<<<<<<<<<<<<<<<<<<<<<
test 976
mse:0.001546, mae:0.02822
