Args in experiment:
Namespace(ver='TWM-2', is_training=1, model_id='mirae_Linear', model='DLinear', data='mirae', root_path='./data/ETT/', data_path='ETTh1.csv', features='M', target='OT', freq='h', checkpoints='./checkpoints/', seq_len=72, label_len=48, pred_len=12, individual=False, embed_type=0, enc_in=7, dec_in=7, c_out=7, d_model=512, n_heads=8, e_layers=2, d_layers=1, d_ff=2048, moving_avg=25, factor=1, distil=True, dropout=0.05, embed='timeF', activation='gelu', output_attention=False, do_predict=False, num_workers=10, itr=1, train_epochs=20, batch_size=32, patience=3, learning_rate=0.005, des='Exp', loss='mse', lradj='type1', use_amp=False, use_gpu=True, gpu=0, use_multi_gpu=False, devices='0,1,2,3', test_flop=False)
Use GPU: cuda:0
>>>>>>>start training : mirae_Linear_DLinear_mirae_ftM_sl72_ll48_pl12_dm512_nh8_el2_dl1_df2048_fc1_ebtimeF_dtTrue_Exp_0>>>>>>>>>>>>>>>>>>>>>>>>>>
train 4552
val 975
test 976
	iters: 100, epoch: 1 | loss: 0.0156044
	speed: 0.0329s/iter; left time: 90.3139s
Epoch: 1 cost time: 3.7033231258392334
Epoch: 1, Steps: 142 | Train Loss: 0.0337514 Vali Loss: 0.0063350 Test Loss: 0.0070359
Validation loss decreased (inf --> 0.006335).  Saving model ...
Updating learning rate to 0.005
	iters: 100, epoch: 2 | loss: 0.0060523
	speed: 0.0386s/iter; left time: 100.3865s
Epoch: 2 cost time: 1.770524024963379
Epoch: 2, Steps: 142 | Train Loss: 0.0099121 Vali Loss: 0.0073336 Test Loss: 0.0062800
EarlyStopping counter: 1 out of 3
Updating learning rate to 0.0025
	iters: 100, epoch: 3 | loss: 0.0054836
	speed: 0.0426s/iter; left time: 104.6241s
Epoch: 3 cost time: 1.8990349769592285
Epoch: 3, Steps: 142 | Train Loss: 0.0066202 Vali Loss: 0.0078992 Test Loss: 0.0073536
EarlyStopping counter: 2 out of 3
Updating learning rate to 0.00125
	iters: 100, epoch: 4 | loss: 0.0079536
	speed: 0.0475s/iter; left time: 109.9452s
Epoch: 4 cost time: 2.2366132736206055
Epoch: 4, Steps: 142 | Train Loss: 0.0054784 Vali Loss: 0.0050999 Test Loss: 0.0044828
Validation loss decreased (0.006335 --> 0.005100).  Saving model ...
Updating learning rate to 0.000625
	iters: 100, epoch: 5 | loss: 0.0054358
	speed: 0.0447s/iter; left time: 97.2309s
Epoch: 5 cost time: 2.0070931911468506
Epoch: 5, Steps: 142 | Train Loss: 0.0051573 Vali Loss: 0.0040627 Test Loss: 0.0034139
Validation loss decreased (0.005100 --> 0.004063).  Saving model ...
Updating learning rate to 0.0003125
	iters: 100, epoch: 6 | loss: 0.0034059
	speed: 0.0425s/iter; left time: 86.2378s
Epoch: 6 cost time: 2.0118930339813232
Epoch: 6, Steps: 142 | Train Loss: 0.0048541 Vali Loss: 0.0049515 Test Loss: 0.0042353
EarlyStopping counter: 1 out of 3
Updating learning rate to 0.00015625
	iters: 100, epoch: 7 | loss: 0.0040511
	speed: 0.0429s/iter; left time: 81.0290s
Epoch: 7 cost time: 2.0542550086975098
Epoch: 7, Steps: 142 | Train Loss: 0.0047410 Vali Loss: 0.0044972 Test Loss: 0.0037183
EarlyStopping counter: 2 out of 3
Updating learning rate to 7.8125e-05
	iters: 100, epoch: 8 | loss: 0.0040395
	speed: 0.0440s/iter; left time: 76.8325s
Epoch: 8 cost time: 2.12058162689209
Epoch: 8, Steps: 142 | Train Loss: 0.0046814 Vali Loss: 0.0045662 Test Loss: 0.0037798
EarlyStopping counter: 3 out of 3
Early stopping
>>>>>>>testing : mirae_Linear_DLinear_mirae_ftM_sl72_ll48_pl12_dm512_nh8_el2_dl1_df2048_fc1_ebtimeF_dtTrue_Exp_0<<<<<<<<<<<<<<<<<<<<<<<<<<<<<<<<<
test 976
mse:0.003414, mae:0.05033
