Args in experiment:
Namespace(ver='TPM', is_training=1, model_id='mirae_Linear', model='DLinear', data='mirae', root_path='./data/ETT/', data_path='ETTh1.csv', features='M', target='OT', freq='h', checkpoints='./checkpoints/', seq_len=72, label_len=48, pred_len=12, individual=False, embed_type=0, enc_in=7, dec_in=7, c_out=7, d_model=512, n_heads=8, e_layers=2, d_layers=1, d_ff=2048, moving_avg=25, factor=1, distil=True, dropout=0.05, embed='timeF', activation='gelu', output_attention=False, do_predict=False, num_workers=10, itr=1, train_epochs=20, batch_size=32, patience=3, learning_rate=0.005, des='Exp', loss='mse', lradj='type1', use_amp=False, use_gpu=True, gpu=0, use_multi_gpu=False, devices='0,1,2,3', test_flop=False)
Use GPU: cuda:0
>>>>>>>start training : mirae_Linear_DLinear_mirae_ftM_sl72_ll48_pl12_dm512_nh8_el2_dl1_df2048_fc1_ebtimeF_dtTrue_Exp_0>>>>>>>>>>>>>>>>>>>>>>>>>>
train 4552
val 975
test 976
	iters: 100, epoch: 1 | loss: 0.0183627
	speed: 0.0321s/iter; left time: 87.8762s
Epoch: 1 cost time: 3.5309767723083496
Epoch: 1, Steps: 142 | Train Loss: 0.0562739 Vali Loss: 0.0097150 Test Loss: 0.0110056
Validation loss decreased (inf --> 0.009715).  Saving model ...
Updating learning rate to 0.005
	iters: 100, epoch: 2 | loss: 0.0168773
	speed: 0.0399s/iter; left time: 103.7985s
Epoch: 2 cost time: 2.0857315063476562
Epoch: 2, Steps: 142 | Train Loss: 0.0169167 Vali Loss: 0.0074260 Test Loss: 0.0080379
Validation loss decreased (0.009715 --> 0.007426).  Saving model ...
Updating learning rate to 0.0025
	iters: 100, epoch: 3 | loss: 0.0150130
	speed: 0.0420s/iter; left time: 103.1514s
Epoch: 3 cost time: 1.9299535751342773
Epoch: 3, Steps: 142 | Train Loss: 0.0117571 Vali Loss: 0.0052878 Test Loss: 0.0057930
Validation loss decreased (0.007426 --> 0.005288).  Saving model ...
Updating learning rate to 0.00125
	iters: 100, epoch: 4 | loss: 0.0080198
	speed: 0.0450s/iter; left time: 104.1596s
Epoch: 4 cost time: 2.221022605895996
Epoch: 4, Steps: 142 | Train Loss: 0.0099532 Vali Loss: 0.0043975 Test Loss: 0.0046378
Validation loss decreased (0.005288 --> 0.004397).  Saving model ...
Updating learning rate to 0.000625
	iters: 100, epoch: 5 | loss: 0.0082343
	speed: 0.0467s/iter; left time: 101.4467s
Epoch: 5 cost time: 2.1600708961486816
Epoch: 5, Steps: 142 | Train Loss: 0.0089348 Vali Loss: 0.0039653 Test Loss: 0.0045139
Validation loss decreased (0.004397 --> 0.003965).  Saving model ...
Updating learning rate to 0.0003125
	iters: 100, epoch: 6 | loss: 0.0073262
	speed: 0.0457s/iter; left time: 92.7993s
Epoch: 6 cost time: 2.172300100326538
Epoch: 6, Steps: 142 | Train Loss: 0.0084574 Vali Loss: 0.0038082 Test Loss: 0.0043404
Validation loss decreased (0.003965 --> 0.003808).  Saving model ...
Updating learning rate to 0.00015625
	iters: 100, epoch: 7 | loss: 0.0100536
	speed: 0.0507s/iter; left time: 95.7246s
Epoch: 7 cost time: 2.3833298683166504
Epoch: 7, Steps: 142 | Train Loss: 0.0082154 Vali Loss: 0.0036999 Test Loss: 0.0042489
Validation loss decreased (0.003808 --> 0.003700).  Saving model ...
Updating learning rate to 7.8125e-05
	iters: 100, epoch: 8 | loss: 0.0086587
	speed: 0.0550s/iter; left time: 96.0310s
Epoch: 8 cost time: 2.4184060096740723
Epoch: 8, Steps: 142 | Train Loss: 0.0080784 Vali Loss: 0.0036609 Test Loss: 0.0041891
Validation loss decreased (0.003700 --> 0.003661).  Saving model ...
Updating learning rate to 3.90625e-05
	iters: 100, epoch: 9 | loss: 0.0074175
	speed: 0.0477s/iter; left time: 76.5370s
Epoch: 9 cost time: 1.8536264896392822
Epoch: 9, Steps: 142 | Train Loss: 0.0079944 Vali Loss: 0.0037111 Test Loss: 0.0041922
EarlyStopping counter: 1 out of 3
Updating learning rate to 1.953125e-05
	iters: 100, epoch: 10 | loss: 0.0056818
	speed: 0.0506s/iter; left time: 74.0906s
Epoch: 10 cost time: 2.32570219039917
Epoch: 10, Steps: 142 | Train Loss: 0.0079766 Vali Loss: 0.0036779 Test Loss: 0.0041787
EarlyStopping counter: 2 out of 3
Updating learning rate to 9.765625e-06
	iters: 100, epoch: 11 | loss: 0.0076345
	speed: 0.0459s/iter; left time: 60.6511s
Epoch: 11 cost time: 2.1096818447113037
Epoch: 11, Steps: 142 | Train Loss: 0.0079545 Vali Loss: 0.0036288 Test Loss: 0.0041572
Validation loss decreased (0.003661 --> 0.003629).  Saving model ...
Updating learning rate to 4.8828125e-06
	iters: 100, epoch: 12 | loss: 0.0075781
	speed: 0.0464s/iter; left time: 54.6590s
Epoch: 12 cost time: 2.17374324798584
Epoch: 12, Steps: 142 | Train Loss: 0.0079345 Vali Loss: 0.0036361 Test Loss: 0.0041545
EarlyStopping counter: 1 out of 3
Updating learning rate to 2.44140625e-06
	iters: 100, epoch: 13 | loss: 0.0080181
	speed: 0.0461s/iter; left time: 47.8133s
Epoch: 13 cost time: 2.14162278175354
Epoch: 13, Steps: 142 | Train Loss: 0.0079320 Vali Loss: 0.0036637 Test Loss: 0.0041549
EarlyStopping counter: 2 out of 3
Updating learning rate to 1.220703125e-06
	iters: 100, epoch: 14 | loss: 0.0072623
	speed: 0.0455s/iter; left time: 40.7193s
Epoch: 14 cost time: 2.1080315113067627
Epoch: 14, Steps: 142 | Train Loss: 0.0079114 Vali Loss: 0.0036607 Test Loss: 0.0041543
EarlyStopping counter: 3 out of 3
Early stopping
>>>>>>>testing : mirae_Linear_DLinear_mirae_ftM_sl72_ll48_pl12_dm512_nh8_el2_dl1_df2048_fc1_ebtimeF_dtTrue_Exp_0<<<<<<<<<<<<<<<<<<<<<<<<<<<<<<<<<
test 976
mse:0.004157, mae:0.05035
