Args in experiment:
Namespace(ver='TWM-2', is_training=1, model_id='mirae_Linear', model='DLinear_T', data='mirae', root_path='./data/ETT/', data_path='ETTh1.csv', features='M', target='OT', freq='h', checkpoints='./checkpoints/', seq_len=72, label_len=48, pred_len=12, individual=False, embed_type=0, enc_in=7, dec_in=7, c_out=7, d_model=512, n_heads=8, e_layers=2, d_layers=1, d_ff=2048, moving_avg=25, factor=1, distil=True, dropout=0.05, embed='timeF', activation='gelu', output_attention=False, do_predict=False, num_workers=10, itr=1, train_epochs=20, batch_size=32, patience=3, learning_rate=0.005, des='Exp', loss='mse', lradj='type1', use_amp=False, use_gpu=True, gpu=0, use_multi_gpu=False, devices='0,1,2,3', test_flop=False)
Use GPU: cuda:0
>>>>>>>start training : mirae_Linear_DLinear_T_mirae_ftM_sl72_ll48_pl12_dm512_nh8_el2_dl1_df2048_fc1_ebtimeF_dtTrue_Exp_0>>>>>>>>>>>>>>>>>>>>>>>>>>
train 4552
val 975
test 976
	iters: 100, epoch: 1 | loss: 0.0184645
	speed: 0.0310s/iter; left time: 85.0877s
Epoch: 1 cost time: 3.4093291759490967
Epoch: 1, Steps: 142 | Train Loss: 0.0283493 Vali Loss: 0.0090706 Test Loss: 0.0072326
Validation loss decreased (inf --> 0.009071).  Saving model ...
Updating learning rate to 0.005
	iters: 100, epoch: 2 | loss: 0.0105853
	speed: 0.0464s/iter; left time: 120.6090s
Epoch: 2 cost time: 1.9433984756469727
Epoch: 2, Steps: 142 | Train Loss: 0.0089220 Vali Loss: 0.0070320 Test Loss: 0.0052755
Validation loss decreased (0.009071 --> 0.007032).  Saving model ...
Updating learning rate to 0.0025
	iters: 100, epoch: 3 | loss: 0.0057142
	speed: 0.0378s/iter; left time: 92.8673s
Epoch: 3 cost time: 1.7165393829345703
Epoch: 3, Steps: 142 | Train Loss: 0.0069804 Vali Loss: 0.0056042 Test Loss: 0.0040268
Validation loss decreased (0.007032 --> 0.005604).  Saving model ...
Updating learning rate to 0.00125
	iters: 100, epoch: 4 | loss: 0.0112583
	speed: 0.0431s/iter; left time: 99.6881s
Epoch: 4 cost time: 2.238294839859009
Epoch: 4, Steps: 142 | Train Loss: 0.0064882 Vali Loss: 0.0034981 Test Loss: 0.0028782
Validation loss decreased (0.005604 --> 0.003498).  Saving model ...
Updating learning rate to 0.000625
	iters: 100, epoch: 5 | loss: 0.0070161
	speed: 0.0447s/iter; left time: 97.0359s
Epoch: 5 cost time: 2.0349180698394775
Epoch: 5, Steps: 142 | Train Loss: 0.0062504 Vali Loss: 0.0035074 Test Loss: 0.0028408
EarlyStopping counter: 1 out of 3
Updating learning rate to 0.0003125
	iters: 100, epoch: 6 | loss: 0.0104661
	speed: 0.0476s/iter; left time: 96.6978s
Epoch: 6 cost time: 2.0574257373809814
Epoch: 6, Steps: 142 | Train Loss: 0.0060725 Vali Loss: 0.0041957 Test Loss: 0.0031225
EarlyStopping counter: 2 out of 3
Updating learning rate to 0.00015625
	iters: 100, epoch: 7 | loss: 0.0050747
	speed: 0.0482s/iter; left time: 91.0218s
Epoch: 7 cost time: 2.068488836288452
Epoch: 7, Steps: 142 | Train Loss: 0.0059602 Vali Loss: 0.0039475 Test Loss: 0.0029886
EarlyStopping counter: 3 out of 3
Early stopping
>>>>>>>testing : mirae_Linear_DLinear_T_mirae_ftM_sl72_ll48_pl12_dm512_nh8_el2_dl1_df2048_fc1_ebtimeF_dtTrue_Exp_0<<<<<<<<<<<<<<<<<<<<<<<<<<<<<<<<<
test 976
mse:0.002878, mae:0.04051
