Args in experiment:
Namespace(ver='D', is_training=1, model_id='mirae_Linear', model='DLinear', data='mirae', root_path='./data/ETT/', data_path='ETTh1.csv', features='M', target='OT', freq='h', checkpoints='./checkpoints/', seq_len=72, label_len=48, pred_len=12, individual=False, embed_type=0, enc_in=7, dec_in=7, c_out=7, d_model=512, n_heads=8, e_layers=2, d_layers=1, d_ff=2048, moving_avg=25, factor=1, distil=True, dropout=0.05, embed='timeF', activation='gelu', output_attention=False, do_predict=False, num_workers=10, itr=1, train_epochs=20, batch_size=32, patience=3, learning_rate=0.005, des='Exp', loss='mse', lradj='type1', use_amp=False, use_gpu=True, gpu=0, use_multi_gpu=False, devices='0,1,2,3', test_flop=False)
Use GPU: cuda:0
>>>>>>>start training : mirae_Linear_DLinear_mirae_ftM_sl72_ll48_pl12_dm512_nh8_el2_dl1_df2048_fc1_ebtimeF_dtTrue_Exp_0>>>>>>>>>>>>>>>>>>>>>>>>>>
train 4552
val 975
test 976
	iters: 100, epoch: 1 | loss: 0.0101516
	speed: 0.0239s/iter; left time: 65.4665s
Epoch: 1 cost time: 2.71321964263916
Epoch: 1, Steps: 142 | Train Loss: 0.0105552 Vali Loss: 0.0021480 Test Loss: 0.0020878
Validation loss decreased (inf --> 0.002148).  Saving model ...
Updating learning rate to 0.005
	iters: 100, epoch: 2 | loss: 0.0077866
	speed: 0.0384s/iter; left time: 99.8069s
Epoch: 2 cost time: 1.8150997161865234
Epoch: 2, Steps: 142 | Train Loss: 0.0057399 Vali Loss: 0.0027865 Test Loss: 0.0020911
EarlyStopping counter: 1 out of 3
Updating learning rate to 0.0025
	iters: 100, epoch: 3 | loss: 0.0023067
	speed: 0.0376s/iter; left time: 92.2626s
Epoch: 3 cost time: 1.7006826400756836
Epoch: 3, Steps: 142 | Train Loss: 0.0048582 Vali Loss: 0.0018357 Test Loss: 0.0015719
Validation loss decreased (0.002148 --> 0.001836).  Saving model ...
Updating learning rate to 0.00125
	iters: 100, epoch: 4 | loss: 0.0038749
	speed: 0.0352s/iter; left time: 81.4134s
Epoch: 4 cost time: 1.7717573642730713
Epoch: 4, Steps: 142 | Train Loss: 0.0043537 Vali Loss: 0.0016104 Test Loss: 0.0015047
Validation loss decreased (0.001836 --> 0.001610).  Saving model ...
Updating learning rate to 0.000625
	iters: 100, epoch: 5 | loss: 0.0028332
	speed: 0.0332s/iter; left time: 72.0810s
Epoch: 5 cost time: 1.432680606842041
Epoch: 5, Steps: 142 | Train Loss: 0.0040548 Vali Loss: 0.0015952 Test Loss: 0.0013989
Validation loss decreased (0.001610 --> 0.001595).  Saving model ...
Updating learning rate to 0.0003125
	iters: 100, epoch: 6 | loss: 0.0043496
	speed: 0.0347s/iter; left time: 70.5184s
Epoch: 6 cost time: 1.876068353652954
Epoch: 6, Steps: 142 | Train Loss: 0.0039341 Vali Loss: 0.0015460 Test Loss: 0.0013902
Validation loss decreased (0.001595 --> 0.001546).  Saving model ...
Updating learning rate to 0.00015625
	iters: 100, epoch: 7 | loss: 0.0044634
	speed: 0.0361s/iter; left time: 68.2332s
Epoch: 7 cost time: 1.7324192523956299
Epoch: 7, Steps: 142 | Train Loss: 0.0038548 Vali Loss: 0.0015569 Test Loss: 0.0013784
EarlyStopping counter: 1 out of 3
Updating learning rate to 7.8125e-05
	iters: 100, epoch: 8 | loss: 0.0041086
	speed: 0.0347s/iter; left time: 60.6609s
Epoch: 8 cost time: 1.6846868991851807
Epoch: 8, Steps: 142 | Train Loss: 0.0038145 Vali Loss: 0.0015539 Test Loss: 0.0013727
EarlyStopping counter: 2 out of 3
Updating learning rate to 3.90625e-05
	iters: 100, epoch: 9 | loss: 0.0034981
	speed: 0.0347s/iter; left time: 55.6274s
Epoch: 9 cost time: 1.7938337326049805
Epoch: 9, Steps: 142 | Train Loss: 0.0038038 Vali Loss: 0.0015772 Test Loss: 0.0013769
EarlyStopping counter: 3 out of 3
Early stopping
>>>>>>>testing : mirae_Linear_DLinear_mirae_ftM_sl72_ll48_pl12_dm512_nh8_el2_dl1_df2048_fc1_ebtimeF_dtTrue_Exp_0<<<<<<<<<<<<<<<<<<<<<<<<<<<<<<<<<
test 976
mse:0.001390, mae:0.02620
