Args in experiment:
Namespace(ver='TPM', is_training=1, model_id='mirae_Linear', model='DLinear_S', data='mirae', root_path='./data/ETT/', data_path='ETTh1.csv', features='M', target='OT', freq='h', checkpoints='./checkpoints/', seq_len=72, label_len=48, pred_len=12, individual=False, embed_type=0, enc_in=7, dec_in=7, c_out=7, d_model=512, n_heads=8, e_layers=2, d_layers=1, d_ff=2048, moving_avg=25, factor=1, distil=True, dropout=0.05, embed='timeF', activation='gelu', output_attention=False, do_predict=False, num_workers=10, itr=1, train_epochs=20, batch_size=32, patience=3, learning_rate=0.005, des='Exp', loss='mse', lradj='type1', use_amp=False, use_gpu=True, gpu=0, use_multi_gpu=False, devices='0,1,2,3', test_flop=False)
Use GPU: cuda:0
>>>>>>>start training : mirae_Linear_DLinear_S_mirae_ftM_sl72_ll48_pl12_dm512_nh8_el2_dl1_df2048_fc1_ebtimeF_dtTrue_Exp_0>>>>>>>>>>>>>>>>>>>>>>>>>>
train 4552
val 975
test 976
	iters: 100, epoch: 1 | loss: 0.0070691
	speed: 0.0354s/iter; left time: 96.9440s
Epoch: 1 cost time: 3.8836023807525635
Epoch: 1, Steps: 142 | Train Loss: 0.0200356 Vali Loss: 0.0037702 Test Loss: 0.0032504
Validation loss decreased (inf --> 0.003770).  Saving model ...
Updating learning rate to 0.005
	iters: 100, epoch: 2 | loss: 0.0108907
	speed: 0.0417s/iter; left time: 108.2583s
Epoch: 2 cost time: 2.054049015045166
Epoch: 2, Steps: 142 | Train Loss: 0.0077976 Vali Loss: 0.0030820 Test Loss: 0.0024976
Validation loss decreased (0.003770 --> 0.003082).  Saving model ...
Updating learning rate to 0.0025
	iters: 100, epoch: 3 | loss: 0.0047628
	speed: 0.0423s/iter; left time: 104.0184s
Epoch: 3 cost time: 2.0128352642059326
Epoch: 3, Steps: 142 | Train Loss: 0.0064313 Vali Loss: 0.0027024 Test Loss: 0.0023074
Validation loss decreased (0.003082 --> 0.002702).  Saving model ...
Updating learning rate to 0.00125
	iters: 100, epoch: 4 | loss: 0.0048794
	speed: 0.0418s/iter; left time: 96.7828s
Epoch: 4 cost time: 1.93497896194458
Epoch: 4, Steps: 142 | Train Loss: 0.0057242 Vali Loss: 0.0021979 Test Loss: 0.0019962
Validation loss decreased (0.002702 --> 0.002198).  Saving model ...
Updating learning rate to 0.000625
	iters: 100, epoch: 5 | loss: 0.0040301
	speed: 0.0380s/iter; left time: 82.6171s
Epoch: 5 cost time: 1.8192377090454102
Epoch: 5, Steps: 142 | Train Loss: 0.0053548 Vali Loss: 0.0021037 Test Loss: 0.0019698
Validation loss decreased (0.002198 --> 0.002104).  Saving model ...
Updating learning rate to 0.0003125
	iters: 100, epoch: 6 | loss: 0.0074838
	speed: 0.0399s/iter; left time: 80.9614s
Epoch: 6 cost time: 1.891467571258545
Epoch: 6, Steps: 142 | Train Loss: 0.0051867 Vali Loss: 0.0020523 Test Loss: 0.0019442
Validation loss decreased (0.002104 --> 0.002052).  Saving model ...
Updating learning rate to 0.00015625
	iters: 100, epoch: 7 | loss: 0.0065744
	speed: 0.0415s/iter; left time: 78.3073s
Epoch: 7 cost time: 1.826002597808838
Epoch: 7, Steps: 142 | Train Loss: 0.0050166 Vali Loss: 0.0019998 Test Loss: 0.0018265
Validation loss decreased (0.002052 --> 0.002000).  Saving model ...
Updating learning rate to 7.8125e-05
	iters: 100, epoch: 8 | loss: 0.0056679
	speed: 0.0432s/iter; left time: 75.5107s
Epoch: 8 cost time: 1.7785954475402832
Epoch: 8, Steps: 142 | Train Loss: 0.0049638 Vali Loss: 0.0019730 Test Loss: 0.0018323
Validation loss decreased (0.002000 --> 0.001973).  Saving model ...
Updating learning rate to 3.90625e-05
	iters: 100, epoch: 9 | loss: 0.0054474
	speed: 0.0396s/iter; left time: 63.5210s
Epoch: 9 cost time: 1.7886309623718262
Epoch: 9, Steps: 142 | Train Loss: 0.0049327 Vali Loss: 0.0020333 Test Loss: 0.0018763
EarlyStopping counter: 1 out of 3
Updating learning rate to 1.953125e-05
	iters: 100, epoch: 10 | loss: 0.0035739
	speed: 0.0352s/iter; left time: 51.4505s
Epoch: 10 cost time: 1.5814127922058105
Epoch: 10, Steps: 142 | Train Loss: 0.0049093 Vali Loss: 0.0020202 Test Loss: 0.0018520
EarlyStopping counter: 2 out of 3
Updating learning rate to 9.765625e-06
	iters: 100, epoch: 11 | loss: 0.0041582
	speed: 0.0374s/iter; left time: 49.4434s
Epoch: 11 cost time: 1.7570126056671143
Epoch: 11, Steps: 142 | Train Loss: 0.0049007 Vali Loss: 0.0020213 Test Loss: 0.0018676
EarlyStopping counter: 3 out of 3
Early stopping
>>>>>>>testing : mirae_Linear_DLinear_S_mirae_ftM_sl72_ll48_pl12_dm512_nh8_el2_dl1_df2048_fc1_ebtimeF_dtTrue_Exp_0<<<<<<<<<<<<<<<<<<<<<<<<<<<<<<<<<
test 976
mse:0.001832, mae:0.03172
