Args in experiment:
Namespace(ver='TWM-2', is_training=1, model_id='mirae_Linear', model='DLinear_T', data='mirae', root_path='./data/ETT/', data_path='ETTh1.csv', features='M', target='OT', freq='h', checkpoints='./checkpoints/', seq_len=72, label_len=48, pred_len=12, individual=False, embed_type=0, enc_in=7, dec_in=7, c_out=7, d_model=512, n_heads=8, e_layers=2, d_layers=1, d_ff=2048, moving_avg=25, factor=1, distil=True, dropout=0.05, embed='timeF', activation='gelu', output_attention=False, do_predict=False, num_workers=10, itr=1, train_epochs=20, batch_size=32, patience=3, learning_rate=0.005, des='Exp', loss='mse', lradj='type1', use_amp=False, use_gpu=True, gpu=0, use_multi_gpu=False, devices='0,1,2,3', test_flop=False)
Use GPU: cuda:0
>>>>>>>start training : mirae_Linear_DLinear_T_mirae_ftM_sl72_ll48_pl12_dm512_nh8_el2_dl1_df2048_fc1_ebtimeF_dtTrue_Exp_0>>>>>>>>>>>>>>>>>>>>>>>>>>
train 4552
val 975
test 976
	iters: 100, epoch: 1 | loss: 0.0207671
	speed: 0.0329s/iter; left time: 90.2361s
Epoch: 1 cost time: 3.5967049598693848
Epoch: 1, Steps: 142 | Train Loss: 0.0379221 Vali Loss: 0.0048923 Test Loss: 0.0059747
Validation loss decreased (inf --> 0.004892).  Saving model ...
Updating learning rate to 0.005
	iters: 100, epoch: 2 | loss: 0.0103605
	speed: 0.0406s/iter; left time: 105.4666s
Epoch: 2 cost time: 1.9971063137054443
Epoch: 2, Steps: 142 | Train Loss: 0.0117835 Vali Loss: 0.0042392 Test Loss: 0.0051693
Validation loss decreased (0.004892 --> 0.004239).  Saving model ...
Updating learning rate to 0.0025
	iters: 100, epoch: 3 | loss: 0.0056730
	speed: 0.0429s/iter; left time: 105.4816s
Epoch: 3 cost time: 2.069213390350342
Epoch: 3, Steps: 142 | Train Loss: 0.0089554 Vali Loss: 0.0032640 Test Loss: 0.0042502
Validation loss decreased (0.004239 --> 0.003264).  Saving model ...
Updating learning rate to 0.00125
	iters: 100, epoch: 4 | loss: 0.0086760
	speed: 0.0417s/iter; left time: 96.5633s
Epoch: 4 cost time: 1.8586204051971436
Epoch: 4, Steps: 142 | Train Loss: 0.0078377 Vali Loss: 0.0031355 Test Loss: 0.0039075
Validation loss decreased (0.003264 --> 0.003136).  Saving model ...
Updating learning rate to 0.000625
	iters: 100, epoch: 5 | loss: 0.0076043
	speed: 0.0430s/iter; left time: 93.4579s
Epoch: 5 cost time: 2.10050892829895
Epoch: 5, Steps: 142 | Train Loss: 0.0072350 Vali Loss: 0.0029042 Test Loss: 0.0037415
Validation loss decreased (0.003136 --> 0.002904).  Saving model ...
Updating learning rate to 0.0003125
	iters: 100, epoch: 6 | loss: 0.0077937
	speed: 0.0440s/iter; left time: 89.3229s
Epoch: 6 cost time: 2.1222500801086426
Epoch: 6, Steps: 142 | Train Loss: 0.0068657 Vali Loss: 0.0029320 Test Loss: 0.0038104
EarlyStopping counter: 1 out of 3
Updating learning rate to 0.00015625
	iters: 100, epoch: 7 | loss: 0.0073577
	speed: 0.0462s/iter; left time: 87.2547s
Epoch: 7 cost time: 2.0579631328582764
Epoch: 7, Steps: 142 | Train Loss: 0.0066680 Vali Loss: 0.0028776 Test Loss: 0.0036647
Validation loss decreased (0.002904 --> 0.002878).  Saving model ...
Updating learning rate to 7.8125e-05
	iters: 100, epoch: 8 | loss: 0.0069543
	speed: 0.0441s/iter; left time: 77.0763s
Epoch: 8 cost time: 2.076547384262085
Epoch: 8, Steps: 142 | Train Loss: 0.0066271 Vali Loss: 0.0028293 Test Loss: 0.0036274
Validation loss decreased (0.002878 --> 0.002829).  Saving model ...
Updating learning rate to 3.90625e-05
	iters: 100, epoch: 9 | loss: 0.0035887
	speed: 0.0472s/iter; left time: 75.6990s
Epoch: 9 cost time: 2.1804213523864746
Epoch: 9, Steps: 142 | Train Loss: 0.0065648 Vali Loss: 0.0029439 Test Loss: 0.0036383
EarlyStopping counter: 1 out of 3
Updating learning rate to 1.953125e-05
	iters: 100, epoch: 10 | loss: 0.0116442
	speed: 0.0447s/iter; left time: 65.4242s
Epoch: 10 cost time: 2.1377782821655273
Epoch: 10, Steps: 142 | Train Loss: 0.0065330 Vali Loss: 0.0028595 Test Loss: 0.0036265
EarlyStopping counter: 2 out of 3
Updating learning rate to 9.765625e-06
	iters: 100, epoch: 11 | loss: 0.0055768
	speed: 0.0433s/iter; left time: 57.1933s
Epoch: 11 cost time: 2.093517780303955
Epoch: 11, Steps: 142 | Train Loss: 0.0065084 Vali Loss: 0.0028471 Test Loss: 0.0036238
EarlyStopping counter: 3 out of 3
Early stopping
>>>>>>>testing : mirae_Linear_DLinear_T_mirae_ftM_sl72_ll48_pl12_dm512_nh8_el2_dl1_df2048_fc1_ebtimeF_dtTrue_Exp_0<<<<<<<<<<<<<<<<<<<<<<<<<<<<<<<<<
test 976
mse:0.003627, mae:0.04607
