Args in experiment:
Namespace(ver='TWM', is_training=1, model_id='mirae_Linear', model='DLinear', data='mirae', root_path='./data/ETT/', data_path='ETTh1.csv', features='M', target='OT', freq='h', checkpoints='./checkpoints/', seq_len=72, label_len=48, pred_len=12, individual=False, embed_type=0, enc_in=7, dec_in=7, c_out=7, d_model=512, n_heads=8, e_layers=2, d_layers=1, d_ff=2048, moving_avg=25, factor=1, distil=True, dropout=0.05, embed='timeF', activation='gelu', output_attention=False, do_predict=False, num_workers=10, itr=1, train_epochs=20, batch_size=32, patience=3, learning_rate=0.005, des='Exp', loss='mse', lradj='type1', use_amp=False, use_gpu=True, gpu=0, use_multi_gpu=False, devices='0,1,2,3', test_flop=False)
Use GPU: cuda:0
>>>>>>>start training : mirae_Linear_DLinear_mirae_ftM_sl72_ll48_pl12_dm512_nh8_el2_dl1_df2048_fc1_ebtimeF_dtTrue_Exp_0>>>>>>>>>>>>>>>>>>>>>>>>>>
train 4552
val 975
test 976
	iters: 100, epoch: 1 | loss: 0.0152455
	speed: 0.0318s/iter; left time: 87.2631s
Epoch: 1 cost time: 3.478712797164917
Epoch: 1, Steps: 142 | Train Loss: 0.0491593 Vali Loss: 0.0044187 Test Loss: 0.0060570
Validation loss decreased (inf --> 0.004419).  Saving model ...
Updating learning rate to 0.005
	iters: 100, epoch: 2 | loss: 0.0103435
	speed: 0.0440s/iter; left time: 114.4720s
Epoch: 2 cost time: 2.0094501972198486
Epoch: 2, Steps: 142 | Train Loss: 0.0132774 Vali Loss: 0.0027405 Test Loss: 0.0035824
Validation loss decreased (0.004419 --> 0.002740).  Saving model ...
Updating learning rate to 0.0025
	iters: 100, epoch: 3 | loss: 0.0049798
	speed: 0.0433s/iter; left time: 106.2864s
Epoch: 3 cost time: 2.1617045402526855
Epoch: 3, Steps: 142 | Train Loss: 0.0077548 Vali Loss: 0.0021632 Test Loss: 0.0027601
Validation loss decreased (0.002740 --> 0.002163).  Saving model ...
Updating learning rate to 0.00125
	iters: 100, epoch: 4 | loss: 0.0060343
	speed: 0.0451s/iter; left time: 104.3773s
Epoch: 4 cost time: 2.0811872482299805
Epoch: 4, Steps: 142 | Train Loss: 0.0064446 Vali Loss: 0.0020078 Test Loss: 0.0025027
Validation loss decreased (0.002163 --> 0.002008).  Saving model ...
Updating learning rate to 0.000625
	iters: 100, epoch: 5 | loss: 0.0052042
	speed: 0.0452s/iter; left time: 98.1427s
Epoch: 5 cost time: 2.129734516143799
Epoch: 5, Steps: 142 | Train Loss: 0.0061045 Vali Loss: 0.0017570 Test Loss: 0.0022031
Validation loss decreased (0.002008 --> 0.001757).  Saving model ...
Updating learning rate to 0.0003125
	iters: 100, epoch: 6 | loss: 0.0055395
	speed: 0.0464s/iter; left time: 94.3267s
Epoch: 6 cost time: 2.2513484954833984
Epoch: 6, Steps: 142 | Train Loss: 0.0059073 Vali Loss: 0.0018141 Test Loss: 0.0022507
EarlyStopping counter: 1 out of 3
Updating learning rate to 0.00015625
	iters: 100, epoch: 7 | loss: 0.0060428
	speed: 0.0455s/iter; left time: 85.8679s
Epoch: 7 cost time: 2.017165184020996
Epoch: 7, Steps: 142 | Train Loss: 0.0057956 Vali Loss: 0.0016703 Test Loss: 0.0021258
Validation loss decreased (0.001757 --> 0.001670).  Saving model ...
Updating learning rate to 7.8125e-05
	iters: 100, epoch: 8 | loss: 0.0040199
	speed: 0.0446s/iter; left time: 77.8839s
Epoch: 8 cost time: 2.0094964504241943
Epoch: 8, Steps: 142 | Train Loss: 0.0057645 Vali Loss: 0.0017501 Test Loss: 0.0021671
EarlyStopping counter: 1 out of 3
Updating learning rate to 3.90625e-05
	iters: 100, epoch: 9 | loss: 0.0025346
	speed: 0.0461s/iter; left time: 73.9899s
Epoch: 9 cost time: 1.9695792198181152
Epoch: 9, Steps: 142 | Train Loss: 0.0056853 Vali Loss: 0.0018784 Test Loss: 0.0022539
EarlyStopping counter: 2 out of 3
Updating learning rate to 1.953125e-05
	iters: 100, epoch: 10 | loss: 0.0141105
	speed: 0.0471s/iter; left time: 68.8812s
Epoch: 10 cost time: 2.016024351119995
Epoch: 10, Steps: 142 | Train Loss: 0.0056747 Vali Loss: 0.0017808 Test Loss: 0.0021916
EarlyStopping counter: 3 out of 3
Early stopping
>>>>>>>testing : mirae_Linear_DLinear_mirae_ftM_sl72_ll48_pl12_dm512_nh8_el2_dl1_df2048_fc1_ebtimeF_dtTrue_Exp_0<<<<<<<<<<<<<<<<<<<<<<<<<<<<<<<<<
test 976
mse:0.002126, mae:0.03515
