Args in experiment:
Namespace(ver='TWM-2', is_training=1, model_id='mirae_Linear', model='DLinear_S', data='mirae', root_path='./data/ETT/', data_path='ETTh1.csv', features='M', target='OT', freq='h', checkpoints='./checkpoints/', seq_len=72, label_len=48, pred_len=12, individual=False, embed_type=0, enc_in=7, dec_in=7, c_out=7, d_model=512, n_heads=8, e_layers=2, d_layers=1, d_ff=2048, moving_avg=25, factor=1, distil=True, dropout=0.05, embed='timeF', activation='gelu', output_attention=False, do_predict=False, num_workers=10, itr=1, train_epochs=20, batch_size=32, patience=3, learning_rate=0.005, des='Exp', loss='mse', lradj='type1', use_amp=False, use_gpu=True, gpu=0, use_multi_gpu=False, devices='0,1,2,3', test_flop=False)
Use GPU: cuda:0
>>>>>>>start training : mirae_Linear_DLinear_S_mirae_ftM_sl72_ll48_pl12_dm512_nh8_el2_dl1_df2048_fc1_ebtimeF_dtTrue_Exp_0>>>>>>>>>>>>>>>>>>>>>>>>>>
train 4552
val 975
test 976
	iters: 100, epoch: 1 | loss: 0.0081318
	speed: 0.0304s/iter; left time: 83.2207s
Epoch: 1 cost time: 3.3744304180145264
Epoch: 1, Steps: 142 | Train Loss: 0.0116613 Vali Loss: 0.0021840 Test Loss: 0.0020701
Validation loss decreased (inf --> 0.002184).  Saving model ...
Updating learning rate to 0.005
	iters: 100, epoch: 2 | loss: 0.0044062
	speed: 0.0438s/iter; left time: 113.9126s
Epoch: 2 cost time: 2.1586110591888428
Epoch: 2, Steps: 142 | Train Loss: 0.0058150 Vali Loss: 0.0022258 Test Loss: 0.0018475
EarlyStopping counter: 1 out of 3
Updating learning rate to 0.0025
	iters: 100, epoch: 3 | loss: 0.0049382
	speed: 0.0450s/iter; left time: 110.6443s
Epoch: 3 cost time: 2.058234930038452
Epoch: 3, Steps: 142 | Train Loss: 0.0043286 Vali Loss: 0.0014905 Test Loss: 0.0013451
Validation loss decreased (0.002184 --> 0.001490).  Saving model ...
Updating learning rate to 0.00125
	iters: 100, epoch: 4 | loss: 0.0060264
	speed: 0.0497s/iter; left time: 115.0853s
Epoch: 4 cost time: 2.206545352935791
Epoch: 4, Steps: 142 | Train Loss: 0.0037672 Vali Loss: 0.0012307 Test Loss: 0.0011743
Validation loss decreased (0.001490 --> 0.001231).  Saving model ...
Updating learning rate to 0.000625
	iters: 100, epoch: 5 | loss: 0.0029840
	speed: 0.0467s/iter; left time: 101.5089s
Epoch: 5 cost time: 2.087733745574951
Epoch: 5, Steps: 142 | Train Loss: 0.0032720 Vali Loss: 0.0012326 Test Loss: 0.0012080
EarlyStopping counter: 1 out of 3
Updating learning rate to 0.0003125
	iters: 100, epoch: 6 | loss: 0.0064812
	speed: 0.0485s/iter; left time: 98.5421s
Epoch: 6 cost time: 2.115560531616211
Epoch: 6, Steps: 142 | Train Loss: 0.0031330 Vali Loss: 0.0012510 Test Loss: 0.0011446
EarlyStopping counter: 2 out of 3
Updating learning rate to 0.00015625
	iters: 100, epoch: 7 | loss: 0.0044083
	speed: 0.0501s/iter; left time: 94.6534s
Epoch: 7 cost time: 2.2552883625030518
Epoch: 7, Steps: 142 | Train Loss: 0.0030520 Vali Loss: 0.0011963 Test Loss: 0.0011323
Validation loss decreased (0.001231 --> 0.001196).  Saving model ...
Updating learning rate to 7.8125e-05
	iters: 100, epoch: 8 | loss: 0.0029264
	speed: 0.0500s/iter; left time: 87.2829s
Epoch: 8 cost time: 2.165215253829956
Epoch: 8, Steps: 142 | Train Loss: 0.0030125 Vali Loss: 0.0012136 Test Loss: 0.0011306
EarlyStopping counter: 1 out of 3
Updating learning rate to 3.90625e-05
	iters: 100, epoch: 9 | loss: 0.0033118
	speed: 0.0523s/iter; left time: 83.8895s
Epoch: 9 cost time: 2.337524890899658
Epoch: 9, Steps: 142 | Train Loss: 0.0029955 Vali Loss: 0.0012198 Test Loss: 0.0011312
EarlyStopping counter: 2 out of 3
Updating learning rate to 1.953125e-05
	iters: 100, epoch: 10 | loss: 0.0032389
	speed: 0.0511s/iter; left time: 74.7175s
Epoch: 10 cost time: 2.1651430130004883
Epoch: 10, Steps: 142 | Train Loss: 0.0029823 Vali Loss: 0.0012102 Test Loss: 0.0011353
EarlyStopping counter: 3 out of 3
Early stopping
>>>>>>>testing : mirae_Linear_DLinear_S_mirae_ftM_sl72_ll48_pl12_dm512_nh8_el2_dl1_df2048_fc1_ebtimeF_dtTrue_Exp_0<<<<<<<<<<<<<<<<<<<<<<<<<<<<<<<<<
test 976
mse:0.001132, mae:0.02451
