Args in experiment:
Namespace(ver='TWM', is_training=1, model_id='mirae_Linear', model='DLinear_T', data='mirae', root_path='./data/ETT/', data_path='ETTh1.csv', features='M', target='OT', freq='h', checkpoints='./checkpoints/', seq_len=72, label_len=48, pred_len=12, individual=False, embed_type=0, enc_in=7, dec_in=7, c_out=7, d_model=512, n_heads=8, e_layers=2, d_layers=1, d_ff=2048, moving_avg=25, factor=1, distil=True, dropout=0.05, embed='timeF', activation='gelu', output_attention=False, do_predict=False, num_workers=10, itr=1, train_epochs=20, batch_size=32, patience=3, learning_rate=0.005, des='Exp', loss='mse', lradj='type1', use_amp=False, use_gpu=True, gpu=0, use_multi_gpu=False, devices='0,1,2,3', test_flop=False)
Use GPU: cuda:0
>>>>>>>start training : mirae_Linear_DLinear_T_mirae_ftM_sl72_ll48_pl12_dm512_nh8_el2_dl1_df2048_fc1_ebtimeF_dtTrue_Exp_0>>>>>>>>>>>>>>>>>>>>>>>>>>
train 4552
val 975
test 976
	iters: 100, epoch: 1 | loss: 0.0333925
	speed: 0.0337s/iter; left time: 92.2471s
Epoch: 1 cost time: 3.6620426177978516
Epoch: 1, Steps: 142 | Train Loss: 0.0394118 Vali Loss: 0.0093256 Test Loss: 0.0125020
Validation loss decreased (inf --> 0.009326).  Saving model ...
Updating learning rate to 0.005
	iters: 100, epoch: 2 | loss: 0.0141664
	speed: 0.0437s/iter; left time: 113.4508s
Epoch: 2 cost time: 1.946545124053955
Epoch: 2, Steps: 142 | Train Loss: 0.0170066 Vali Loss: 0.0055763 Test Loss: 0.0053922
Validation loss decreased (0.009326 --> 0.005576).  Saving model ...
Updating learning rate to 0.0025
	iters: 100, epoch: 3 | loss: 0.0119408
	speed: 0.0444s/iter; left time: 108.9894s
Epoch: 3 cost time: 1.9430515766143799
Epoch: 3, Steps: 142 | Train Loss: 0.0114249 Vali Loss: 0.0030869 Test Loss: 0.0030373
Validation loss decreased (0.005576 --> 0.003087).  Saving model ...
Updating learning rate to 0.00125
	iters: 100, epoch: 4 | loss: 0.0065423
	speed: 0.0448s/iter; left time: 103.6753s
Epoch: 4 cost time: 1.9316082000732422
Epoch: 4, Steps: 142 | Train Loss: 0.0080225 Vali Loss: 0.0025956 Test Loss: 0.0025229
Validation loss decreased (0.003087 --> 0.002596).  Saving model ...
Updating learning rate to 0.000625
	iters: 100, epoch: 5 | loss: 0.0119739
	speed: 0.0461s/iter; left time: 100.2822s
Epoch: 5 cost time: 1.825141429901123
Epoch: 5, Steps: 142 | Train Loss: 0.0073576 Vali Loss: 0.0023146 Test Loss: 0.0022900
Validation loss decreased (0.002596 --> 0.002315).  Saving model ...
Updating learning rate to 0.0003125
	iters: 100, epoch: 6 | loss: 0.0047859
	speed: 0.0426s/iter; left time: 86.5778s
Epoch: 6 cost time: 1.8402564525604248
Epoch: 6, Steps: 142 | Train Loss: 0.0071790 Vali Loss: 0.0025028 Test Loss: 0.0024121
EarlyStopping counter: 1 out of 3
Updating learning rate to 0.00015625
	iters: 100, epoch: 7 | loss: 0.0095062
	speed: 0.0703s/iter; left time: 132.7123s
Epoch: 7 cost time: 4.717085599899292
Epoch: 7, Steps: 142 | Train Loss: 0.0070746 Vali Loss: 0.0024508 Test Loss: 0.0023669
EarlyStopping counter: 2 out of 3
Updating learning rate to 7.8125e-05
	iters: 100, epoch: 8 | loss: 0.0058953
	speed: 0.0439s/iter; left time: 76.6610s
Epoch: 8 cost time: 2.0766427516937256
Epoch: 8, Steps: 142 | Train Loss: 0.0069989 Vali Loss: 0.0024700 Test Loss: 0.0023688
EarlyStopping counter: 3 out of 3
Early stopping
>>>>>>>testing : mirae_Linear_DLinear_T_mirae_ftM_sl72_ll48_pl12_dm512_nh8_el2_dl1_df2048_fc1_ebtimeF_dtTrue_Exp_0<<<<<<<<<<<<<<<<<<<<<<<<<<<<<<<<<
test 976
mse:0.002290, mae:0.03397
