Args in experiment:
Namespace(ver='TWM', is_training=1, model_id='mirae_Linear', model='DLinear_T', data='mirae', root_path='./data/ETT/', data_path='ETTh1.csv', features='M', target='OT', freq='h', checkpoints='./checkpoints/', seq_len=72, label_len=48, pred_len=12, individual=False, embed_type=0, enc_in=7, dec_in=7, c_out=7, d_model=512, n_heads=8, e_layers=2, d_layers=1, d_ff=2048, moving_avg=25, factor=1, distil=True, dropout=0.05, embed='timeF', activation='gelu', output_attention=False, do_predict=False, num_workers=10, itr=1, train_epochs=20, batch_size=32, patience=3, learning_rate=0.005, des='Exp', loss='mse', lradj='type1', use_amp=False, use_gpu=True, gpu=0, use_multi_gpu=False, devices='0,1,2,3', test_flop=False)
Use GPU: cuda:0
>>>>>>>start training : mirae_Linear_DLinear_T_mirae_ftM_sl72_ll48_pl12_dm512_nh8_el2_dl1_df2048_fc1_ebtimeF_dtTrue_Exp_0>>>>>>>>>>>>>>>>>>>>>>>>>>
train 4552
val 975
test 976
	iters: 100, epoch: 1 | loss: 0.0259449
	speed: 0.0320s/iter; left time: 87.7923s
Epoch: 1 cost time: 3.4769668579101562
Epoch: 1, Steps: 142 | Train Loss: 0.0755724 Vali Loss: 0.0118814 Test Loss: 0.0148309
Validation loss decreased (inf --> 0.011881).  Saving model ...
Updating learning rate to 0.005
	iters: 100, epoch: 2 | loss: 0.0256048
	speed: 0.0465s/iter; left time: 120.7693s
Epoch: 2 cost time: 2.155169725418091
Epoch: 2, Steps: 142 | Train Loss: 0.0155438 Vali Loss: 0.0058982 Test Loss: 0.0082807
Validation loss decreased (0.011881 --> 0.005898).  Saving model ...
Updating learning rate to 0.0025
	iters: 100, epoch: 3 | loss: 0.0083675
	speed: 0.0458s/iter; left time: 112.6018s
Epoch: 3 cost time: 2.0042896270751953
Epoch: 3, Steps: 142 | Train Loss: 0.0106838 Vali Loss: 0.0038911 Test Loss: 0.0054322
Validation loss decreased (0.005898 --> 0.003891).  Saving model ...
Updating learning rate to 0.00125
	iters: 100, epoch: 4 | loss: 0.0127877
	speed: 0.0459s/iter; left time: 106.1700s
Epoch: 4 cost time: 2.159905433654785
Epoch: 4, Steps: 142 | Train Loss: 0.0090102 Vali Loss: 0.0041291 Test Loss: 0.0052958
EarlyStopping counter: 1 out of 3
Updating learning rate to 0.000625
	iters: 100, epoch: 5 | loss: 0.0061011
	speed: 0.0466s/iter; left time: 101.2616s
Epoch: 5 cost time: 2.0740528106689453
Epoch: 5, Steps: 142 | Train Loss: 0.0077037 Vali Loss: 0.0027272 Test Loss: 0.0038597
Validation loss decreased (0.003891 --> 0.002727).  Saving model ...
Updating learning rate to 0.0003125
	iters: 100, epoch: 6 | loss: 0.0140254
	speed: 0.0444s/iter; left time: 90.0943s
Epoch: 6 cost time: 1.894667148590088
Epoch: 6, Steps: 142 | Train Loss: 0.0073351 Vali Loss: 0.0027788 Test Loss: 0.0039778
EarlyStopping counter: 1 out of 3
Updating learning rate to 0.00015625
	iters: 100, epoch: 7 | loss: 0.0068139
	speed: 0.0470s/iter; left time: 88.7423s
Epoch: 7 cost time: 2.1121063232421875
Epoch: 7, Steps: 142 | Train Loss: 0.0070769 Vali Loss: 0.0030498 Test Loss: 0.0041535
EarlyStopping counter: 2 out of 3
Updating learning rate to 7.8125e-05
	iters: 100, epoch: 8 | loss: 0.0063333
	speed: 0.0441s/iter; left time: 77.0020s
Epoch: 8 cost time: 1.935729742050171
Epoch: 8, Steps: 142 | Train Loss: 0.0069249 Vali Loss: 0.0032596 Test Loss: 0.0042463
EarlyStopping counter: 3 out of 3
Early stopping
>>>>>>>testing : mirae_Linear_DLinear_T_mirae_ftM_sl72_ll48_pl12_dm512_nh8_el2_dl1_df2048_fc1_ebtimeF_dtTrue_Exp_0<<<<<<<<<<<<<<<<<<<<<<<<<<<<<<<<<
test 976
mse:0.003860, mae:0.05119
