Args in experiment:
Namespace(ver='TWM', is_training=1, model_id='mirae_Linear', model='DLinear_T', data='mirae', root_path='./data/ETT/', data_path='ETTh1.csv', features='M', target='OT', freq='h', checkpoints='./checkpoints/', seq_len=72, label_len=48, pred_len=12, individual=False, embed_type=0, enc_in=7, dec_in=7, c_out=7, d_model=512, n_heads=8, e_layers=2, d_layers=1, d_ff=2048, moving_avg=25, factor=1, distil=True, dropout=0.05, embed='timeF', activation='gelu', output_attention=False, do_predict=False, num_workers=10, itr=1, train_epochs=20, batch_size=32, patience=3, learning_rate=0.005, des='Exp', loss='mse', lradj='type1', use_amp=False, use_gpu=True, gpu=0, use_multi_gpu=False, devices='0,1,2,3', test_flop=False)
Use GPU: cuda:0
>>>>>>>start training : mirae_Linear_DLinear_T_mirae_ftM_sl72_ll48_pl12_dm512_nh8_el2_dl1_df2048_fc1_ebtimeF_dtTrue_Exp_0>>>>>>>>>>>>>>>>>>>>>>>>>>
train 4552
val 975
test 976
	iters: 100, epoch: 1 | loss: 0.0290096
	speed: 0.0345s/iter; left time: 94.6631s
Epoch: 1 cost time: 3.7088797092437744
Epoch: 1, Steps: 142 | Train Loss: 0.0357300 Vali Loss: 0.0162227 Test Loss: 0.0213081
Validation loss decreased (inf --> 0.016223).  Saving model ...
Updating learning rate to 0.005
	iters: 100, epoch: 2 | loss: 0.0102133
	speed: 0.0417s/iter; left time: 108.4810s
Epoch: 2 cost time: 1.9361212253570557
Epoch: 2, Steps: 142 | Train Loss: 0.0161589 Vali Loss: 0.0072155 Test Loss: 0.0092103
Validation loss decreased (0.016223 --> 0.007215).  Saving model ...
Updating learning rate to 0.0025
	iters: 100, epoch: 3 | loss: 0.0115947
	speed: 0.0451s/iter; left time: 110.7825s
Epoch: 3 cost time: 2.0451858043670654
Epoch: 3, Steps: 142 | Train Loss: 0.0108028 Vali Loss: 0.0055033 Test Loss: 0.0068768
Validation loss decreased (0.007215 --> 0.005503).  Saving model ...
Updating learning rate to 0.00125
	iters: 100, epoch: 4 | loss: 0.0111131
	speed: 0.0422s/iter; left time: 97.7539s
Epoch: 4 cost time: 1.929476261138916
Epoch: 4, Steps: 142 | Train Loss: 0.0093755 Vali Loss: 0.0045188 Test Loss: 0.0055944
Validation loss decreased (0.005503 --> 0.004519).  Saving model ...
Updating learning rate to 0.000625
	iters: 100, epoch: 5 | loss: 0.0128041
	speed: 0.0479s/iter; left time: 104.1210s
Epoch: 5 cost time: 2.1418232917785645
Epoch: 5, Steps: 142 | Train Loss: 0.0088258 Vali Loss: 0.0040817 Test Loss: 0.0050151
Validation loss decreased (0.004519 --> 0.004082).  Saving model ...
Updating learning rate to 0.0003125
	iters: 100, epoch: 6 | loss: 0.0072900
	speed: 0.0436s/iter; left time: 88.4899s
Epoch: 6 cost time: 1.8219420909881592
Epoch: 6, Steps: 142 | Train Loss: 0.0085539 Vali Loss: 0.0040472 Test Loss: 0.0049509
Validation loss decreased (0.004082 --> 0.004047).  Saving model ...
Updating learning rate to 0.00015625
	iters: 100, epoch: 7 | loss: 0.0074073
	speed: 0.0445s/iter; left time: 84.0632s
Epoch: 7 cost time: 1.9042041301727295
Epoch: 7, Steps: 142 | Train Loss: 0.0084374 Vali Loss: 0.0038978 Test Loss: 0.0047745
Validation loss decreased (0.004047 --> 0.003898).  Saving model ...
Updating learning rate to 7.8125e-05
	iters: 100, epoch: 8 | loss: 0.0094071
	speed: 0.0407s/iter; left time: 71.0428s
Epoch: 8 cost time: 1.7247822284698486
Epoch: 8, Steps: 142 | Train Loss: 0.0083623 Vali Loss: 0.0039008 Test Loss: 0.0047462
EarlyStopping counter: 1 out of 3
Updating learning rate to 3.90625e-05
	iters: 100, epoch: 9 | loss: 0.0090424
	speed: 0.0453s/iter; left time: 72.6905s
Epoch: 9 cost time: 2.086381435394287
Epoch: 9, Steps: 142 | Train Loss: 0.0083100 Vali Loss: 0.0038836 Test Loss: 0.0047304
Validation loss decreased (0.003898 --> 0.003884).  Saving model ...
Updating learning rate to 1.953125e-05
	iters: 100, epoch: 10 | loss: 0.0090066
	speed: 0.0435s/iter; left time: 63.5789s
Epoch: 10 cost time: 1.8947598934173584
Epoch: 10, Steps: 142 | Train Loss: 0.0082881 Vali Loss: 0.0038503 Test Loss: 0.0047155
Validation loss decreased (0.003884 --> 0.003850).  Saving model ...
Updating learning rate to 9.765625e-06
	iters: 100, epoch: 11 | loss: 0.0069284
	speed: 0.0414s/iter; left time: 54.7351s
Epoch: 11 cost time: 1.794997215270996
Epoch: 11, Steps: 142 | Train Loss: 0.0082834 Vali Loss: 0.0038690 Test Loss: 0.0047054
EarlyStopping counter: 1 out of 3
Updating learning rate to 4.8828125e-06
	iters: 100, epoch: 12 | loss: 0.0084255
	speed: 0.0353s/iter; left time: 41.5886s
Epoch: 12 cost time: 1.597564697265625
Epoch: 12, Steps: 142 | Train Loss: 0.0082955 Vali Loss: 0.0038712 Test Loss: 0.0047008
EarlyStopping counter: 2 out of 3
Updating learning rate to 2.44140625e-06
	iters: 100, epoch: 13 | loss: 0.0051821
	speed: 0.0362s/iter; left time: 37.5221s
Epoch: 13 cost time: 1.7017197608947754
Epoch: 13, Steps: 142 | Train Loss: 0.0082688 Vali Loss: 0.0038521 Test Loss: 0.0046994
EarlyStopping counter: 3 out of 3
Early stopping
>>>>>>>testing : mirae_Linear_DLinear_T_mirae_ftM_sl72_ll48_pl12_dm512_nh8_el2_dl1_df2048_fc1_ebtimeF_dtTrue_Exp_0<<<<<<<<<<<<<<<<<<<<<<<<<<<<<<<<<
test 976
mse:0.004715, mae:0.05823
