Args in experiment:
Namespace(ver='TWM-2', is_training=1, model_id='mirae_Linear', model='DLinear_T', data='mirae', root_path='./data/ETT/', data_path='ETTh1.csv', features='M', target='OT', freq='h', checkpoints='./checkpoints/', seq_len=72, label_len=48, pred_len=12, individual=False, embed_type=0, enc_in=7, dec_in=7, c_out=7, d_model=512, n_heads=8, e_layers=2, d_layers=1, d_ff=2048, moving_avg=25, factor=1, distil=True, dropout=0.05, embed='timeF', activation='gelu', output_attention=False, do_predict=False, num_workers=10, itr=1, train_epochs=20, batch_size=32, patience=3, learning_rate=0.005, des='Exp', loss='mse', lradj='type1', use_amp=False, use_gpu=True, gpu=0, use_multi_gpu=False, devices='0,1,2,3', test_flop=False)
Use GPU: cuda:0
>>>>>>>start training : mirae_Linear_DLinear_T_mirae_ftM_sl72_ll48_pl12_dm512_nh8_el2_dl1_df2048_fc1_ebtimeF_dtTrue_Exp_0>>>>>>>>>>>>>>>>>>>>>>>>>>
train 4552
val 975
test 976
	iters: 100, epoch: 1 | loss: 0.0108178
	speed: 0.0335s/iter; left time: 91.9596s
Epoch: 1 cost time: 3.687084436416626
Epoch: 1, Steps: 142 | Train Loss: 0.0209677 Vali Loss: 0.0021964 Test Loss: 0.0026457
Validation loss decreased (inf --> 0.002196).  Saving model ...
Updating learning rate to 0.005
	iters: 100, epoch: 2 | loss: 0.0055054
	speed: 0.0415s/iter; left time: 107.8771s
Epoch: 2 cost time: 1.8802814483642578
Epoch: 2, Steps: 142 | Train Loss: 0.0062140 Vali Loss: 0.0017955 Test Loss: 0.0021294
Validation loss decreased (0.002196 --> 0.001795).  Saving model ...
Updating learning rate to 0.0025
	iters: 100, epoch: 3 | loss: 0.0063919
	speed: 0.0457s/iter; left time: 112.3836s
Epoch: 3 cost time: 2.0779099464416504
Epoch: 3, Steps: 142 | Train Loss: 0.0048658 Vali Loss: 0.0015634 Test Loss: 0.0019174
Validation loss decreased (0.001795 --> 0.001563).  Saving model ...
Updating learning rate to 0.00125
	iters: 100, epoch: 4 | loss: 0.0064276
	speed: 0.0455s/iter; left time: 105.2943s
Epoch: 4 cost time: 2.0826170444488525
Epoch: 4, Steps: 142 | Train Loss: 0.0044791 Vali Loss: 0.0015292 Test Loss: 0.0018597
Validation loss decreased (0.001563 --> 0.001529).  Saving model ...
Updating learning rate to 0.000625
	iters: 100, epoch: 5 | loss: 0.0038510
	speed: 0.0429s/iter; left time: 93.2272s
Epoch: 5 cost time: 1.9197018146514893
Epoch: 5, Steps: 142 | Train Loss: 0.0042992 Vali Loss: 0.0014656 Test Loss: 0.0018941
Validation loss decreased (0.001529 --> 0.001466).  Saving model ...
Updating learning rate to 0.0003125
	iters: 100, epoch: 6 | loss: 0.0079249
	speed: 0.0460s/iter; left time: 93.5105s
Epoch: 6 cost time: 2.043705463409424
Epoch: 6, Steps: 142 | Train Loss: 0.0042295 Vali Loss: 0.0014644 Test Loss: 0.0018629
Validation loss decreased (0.001466 --> 0.001464).  Saving model ...
Updating learning rate to 0.00015625
	iters: 100, epoch: 7 | loss: 0.0064878
	speed: 0.0456s/iter; left time: 86.1576s
Epoch: 7 cost time: 1.991673231124878
Epoch: 7, Steps: 142 | Train Loss: 0.0041638 Vali Loss: 0.0014268 Test Loss: 0.0018550
Validation loss decreased (0.001464 --> 0.001427).  Saving model ...
Updating learning rate to 7.8125e-05
	iters: 100, epoch: 8 | loss: 0.0037234
	speed: 0.0428s/iter; left time: 74.7613s
Epoch: 8 cost time: 1.9534778594970703
Epoch: 8, Steps: 142 | Train Loss: 0.0041428 Vali Loss: 0.0014261 Test Loss: 0.0018555
Validation loss decreased (0.001427 --> 0.001426).  Saving model ...
Updating learning rate to 3.90625e-05
	iters: 100, epoch: 9 | loss: 0.0045085
	speed: 0.0438s/iter; left time: 70.3417s
Epoch: 9 cost time: 2.0067787170410156
Epoch: 9, Steps: 142 | Train Loss: 0.0041307 Vali Loss: 0.0014297 Test Loss: 0.0018535
EarlyStopping counter: 1 out of 3
Updating learning rate to 1.953125e-05
	iters: 100, epoch: 10 | loss: 0.0037721
	speed: 0.0456s/iter; left time: 66.7837s
Epoch: 10 cost time: 1.8792409896850586
Epoch: 10, Steps: 142 | Train Loss: 0.0041279 Vali Loss: 0.0014323 Test Loss: 0.0018524
EarlyStopping counter: 2 out of 3
Updating learning rate to 9.765625e-06
	iters: 100, epoch: 11 | loss: 0.0072823
	speed: 0.0425s/iter; left time: 56.1003s
Epoch: 11 cost time: 1.7040624618530273
Epoch: 11, Steps: 142 | Train Loss: 0.0041222 Vali Loss: 0.0014331 Test Loss: 0.0018526
EarlyStopping counter: 3 out of 3
Early stopping
>>>>>>>testing : mirae_Linear_DLinear_T_mirae_ftM_sl72_ll48_pl12_dm512_nh8_el2_dl1_df2048_fc1_ebtimeF_dtTrue_Exp_0<<<<<<<<<<<<<<<<<<<<<<<<<<<<<<<<<
test 976
mse:0.001856, mae:0.03033
