Args in experiment:
Namespace(ver='TWM', is_training=1, model_id='mirae_Linear', model='DLinear', data='mirae', root_path='./data/ETT/', data_path='ETTh1.csv', features='M', target='OT', freq='h', checkpoints='./checkpoints/', seq_len=72, label_len=48, pred_len=12, individual=False, embed_type=0, enc_in=7, dec_in=7, c_out=7, d_model=512, n_heads=8, e_layers=2, d_layers=1, d_ff=2048, moving_avg=25, factor=1, distil=True, dropout=0.05, embed='timeF', activation='gelu', output_attention=False, do_predict=False, num_workers=10, itr=1, train_epochs=20, batch_size=32, patience=3, learning_rate=0.005, des='Exp', loss='mse', lradj='type1', use_amp=False, use_gpu=True, gpu=0, use_multi_gpu=False, devices='0,1,2,3', test_flop=False)
Use GPU: cuda:0
>>>>>>>start training : mirae_Linear_DLinear_mirae_ftM_sl72_ll48_pl12_dm512_nh8_el2_dl1_df2048_fc1_ebtimeF_dtTrue_Exp_0>>>>>>>>>>>>>>>>>>>>>>>>>>
train 4552
val 975
test 976
	iters: 100, epoch: 1 | loss: 0.0261290
	speed: 0.0344s/iter; left time: 94.3877s
Epoch: 1 cost time: 3.7171499729156494
Epoch: 1, Steps: 142 | Train Loss: 0.0377049 Vali Loss: 0.0125233 Test Loss: 0.0174617
Validation loss decreased (inf --> 0.012523).  Saving model ...
Updating learning rate to 0.005
	iters: 100, epoch: 2 | loss: 0.0083932
	speed: 0.0424s/iter; left time: 110.1605s
Epoch: 2 cost time: 2.0757360458374023
Epoch: 2, Steps: 142 | Train Loss: 0.0154030 Vali Loss: 0.0063845 Test Loss: 0.0092125
Validation loss decreased (0.012523 --> 0.006385).  Saving model ...
Updating learning rate to 0.0025
	iters: 100, epoch: 3 | loss: 0.0139598
	speed: 0.0410s/iter; left time: 100.8117s
Epoch: 3 cost time: 1.7669036388397217
Epoch: 3, Steps: 142 | Train Loss: 0.0109943 Vali Loss: 0.0042308 Test Loss: 0.0062720
Validation loss decreased (0.006385 --> 0.004231).  Saving model ...
Updating learning rate to 0.00125
	iters: 100, epoch: 4 | loss: 0.0174313
	speed: 0.0459s/iter; left time: 106.3389s
Epoch: 4 cost time: 2.0475525856018066
Epoch: 4, Steps: 142 | Train Loss: 0.0100909 Vali Loss: 0.0038566 Test Loss: 0.0057169
Validation loss decreased (0.004231 --> 0.003857).  Saving model ...
Updating learning rate to 0.000625
	iters: 100, epoch: 5 | loss: 0.0081576
	speed: 0.0426s/iter; left time: 92.5440s
Epoch: 5 cost time: 1.9158079624176025
Epoch: 5, Steps: 142 | Train Loss: 0.0097410 Vali Loss: 0.0035216 Test Loss: 0.0052992
Validation loss decreased (0.003857 --> 0.003522).  Saving model ...
Updating learning rate to 0.0003125
	iters: 100, epoch: 6 | loss: 0.0167810
	speed: 0.0411s/iter; left time: 83.4617s
Epoch: 6 cost time: 1.9285755157470703
Epoch: 6, Steps: 142 | Train Loss: 0.0096184 Vali Loss: 0.0035609 Test Loss: 0.0052816
EarlyStopping counter: 1 out of 3
Updating learning rate to 0.00015625
	iters: 100, epoch: 7 | loss: 0.0075038
	speed: 0.0448s/iter; left time: 84.5642s
Epoch: 7 cost time: 2.0665647983551025
Epoch: 7, Steps: 142 | Train Loss: 0.0095376 Vali Loss: 0.0035163 Test Loss: 0.0052480
Validation loss decreased (0.003522 --> 0.003516).  Saving model ...
Updating learning rate to 7.8125e-05
	iters: 100, epoch: 8 | loss: 0.0102840
	speed: 0.0382s/iter; left time: 66.7490s
Epoch: 8 cost time: 1.7509069442749023
Epoch: 8, Steps: 142 | Train Loss: 0.0094742 Vali Loss: 0.0034777 Test Loss: 0.0051930
Validation loss decreased (0.003516 --> 0.003478).  Saving model ...
Updating learning rate to 3.90625e-05
	iters: 100, epoch: 9 | loss: 0.0110590
	speed: 0.0426s/iter; left time: 68.4340s
Epoch: 9 cost time: 1.8078207969665527
Epoch: 9, Steps: 142 | Train Loss: 0.0094871 Vali Loss: 0.0034716 Test Loss: 0.0051798
Validation loss decreased (0.003478 --> 0.003472).  Saving model ...
Updating learning rate to 1.953125e-05
	iters: 100, epoch: 10 | loss: 0.0128997
	speed: 0.0414s/iter; left time: 60.6126s
Epoch: 10 cost time: 1.753671407699585
Epoch: 10, Steps: 142 | Train Loss: 0.0094711 Vali Loss: 0.0034757 Test Loss: 0.0051699
EarlyStopping counter: 1 out of 3
Updating learning rate to 9.765625e-06
	iters: 100, epoch: 11 | loss: 0.0115518
	speed: 0.0393s/iter; left time: 51.9804s
Epoch: 11 cost time: 1.8229916095733643
Epoch: 11, Steps: 142 | Train Loss: 0.0094769 Vali Loss: 0.0034808 Test Loss: 0.0051671
EarlyStopping counter: 2 out of 3
Updating learning rate to 4.8828125e-06
	iters: 100, epoch: 12 | loss: 0.0092230
	speed: 0.0367s/iter; left time: 43.2875s
Epoch: 12 cost time: 1.6226224899291992
Epoch: 12, Steps: 142 | Train Loss: 0.0094743 Vali Loss: 0.0034508 Test Loss: 0.0051643
Validation loss decreased (0.003472 --> 0.003451).  Saving model ...
Updating learning rate to 2.44140625e-06
	iters: 100, epoch: 13 | loss: 0.0103738
	speed: 0.0386s/iter; left time: 40.0119s
Epoch: 13 cost time: 1.8660433292388916
Epoch: 13, Steps: 142 | Train Loss: 0.0094737 Vali Loss: 0.0034560 Test Loss: 0.0051635
EarlyStopping counter: 1 out of 3
Updating learning rate to 1.220703125e-06
	iters: 100, epoch: 14 | loss: 0.0094969
	speed: 0.0394s/iter; left time: 35.2245s
Epoch: 14 cost time: 1.736875057220459
Epoch: 14, Steps: 142 | Train Loss: 0.0094482 Vali Loss: 0.0034767 Test Loss: 0.0051627
EarlyStopping counter: 2 out of 3
Updating learning rate to 6.103515625e-07
	iters: 100, epoch: 15 | loss: 0.0070604
	speed: 0.0370s/iter; left time: 27.8627s
Epoch: 15 cost time: 1.6705312728881836
Epoch: 15, Steps: 142 | Train Loss: 0.0094731 Vali Loss: 0.0034674 Test Loss: 0.0051626
EarlyStopping counter: 3 out of 3
Early stopping
>>>>>>>testing : mirae_Linear_DLinear_mirae_ftM_sl72_ll48_pl12_dm512_nh8_el2_dl1_df2048_fc1_ebtimeF_dtTrue_Exp_0<<<<<<<<<<<<<<<<<<<<<<<<<<<<<<<<<
test 976
mse:0.005164, mae:0.06227
