Args in experiment:
Namespace(ver='TWM-2', is_training=1, model_id='mirae_Linear', model='DLinear_S', data='mirae', root_path='./data/ETT/', data_path='ETTh1.csv', features='M', target='OT', freq='h', checkpoints='./checkpoints/', seq_len=72, label_len=48, pred_len=12, individual=False, embed_type=0, enc_in=7, dec_in=7, c_out=7, d_model=512, n_heads=8, e_layers=2, d_layers=1, d_ff=2048, moving_avg=25, factor=1, distil=True, dropout=0.05, embed='timeF', activation='gelu', output_attention=False, do_predict=False, num_workers=10, itr=1, train_epochs=20, batch_size=32, patience=3, learning_rate=0.005, des='Exp', loss='mse', lradj='type1', use_amp=False, use_gpu=True, gpu=0, use_multi_gpu=False, devices='0,1,2,3', test_flop=False)
Use GPU: cuda:0
>>>>>>>start training : mirae_Linear_DLinear_S_mirae_ftM_sl72_ll48_pl12_dm512_nh8_el2_dl1_df2048_fc1_ebtimeF_dtTrue_Exp_0>>>>>>>>>>>>>>>>>>>>>>>>>>
train 4552
val 975
test 976
	iters: 100, epoch: 1 | loss: 0.0071233
	speed: 0.0776s/iter; left time: 212.6546s
Epoch: 1 cost time: 8.110122680664062
Epoch: 1, Steps: 142 | Train Loss: 0.0126185 Vali Loss: 0.0020113 Test Loss: 0.0020981
Validation loss decreased (inf --> 0.002011).  Saving model ...
Updating learning rate to 0.005
	iters: 100, epoch: 2 | loss: 0.0034496
	speed: 0.0388s/iter; left time: 100.7334s
Epoch: 2 cost time: 1.9155676364898682
Epoch: 2, Steps: 142 | Train Loss: 0.0062945 Vali Loss: 0.0018052 Test Loss: 0.0016717
Validation loss decreased (0.002011 --> 0.001805).  Saving model ...
Updating learning rate to 0.0025
	iters: 100, epoch: 3 | loss: 0.0073202
	speed: 0.0394s/iter; left time: 96.7217s
Epoch: 3 cost time: 1.7576367855072021
Epoch: 3, Steps: 142 | Train Loss: 0.0051516 Vali Loss: 0.0016097 Test Loss: 0.0017060
Validation loss decreased (0.001805 --> 0.001610).  Saving model ...
Updating learning rate to 0.00125
	iters: 100, epoch: 4 | loss: 0.0057949
	speed: 0.0411s/iter; left time: 95.2171s
Epoch: 4 cost time: 1.9731721878051758
Epoch: 4, Steps: 142 | Train Loss: 0.0047590 Vali Loss: 0.0015442 Test Loss: 0.0015946
Validation loss decreased (0.001610 --> 0.001544).  Saving model ...
Updating learning rate to 0.000625
	iters: 100, epoch: 5 | loss: 0.0072439
	speed: 0.0487s/iter; left time: 105.8539s
Epoch: 5 cost time: 2.193506956100464
Epoch: 5, Steps: 142 | Train Loss: 0.0044899 Vali Loss: 0.0015210 Test Loss: 0.0015981
Validation loss decreased (0.001544 --> 0.001521).  Saving model ...
Updating learning rate to 0.0003125
	iters: 100, epoch: 6 | loss: 0.0032064
	speed: 0.0452s/iter; left time: 91.7656s
Epoch: 6 cost time: 2.0908870697021484
Epoch: 6, Steps: 142 | Train Loss: 0.0043542 Vali Loss: 0.0014893 Test Loss: 0.0015671
Validation loss decreased (0.001521 --> 0.001489).  Saving model ...
Updating learning rate to 0.00015625
	iters: 100, epoch: 7 | loss: 0.0043905
	speed: 0.0457s/iter; left time: 86.2383s
Epoch: 7 cost time: 2.008836269378662
Epoch: 7, Steps: 142 | Train Loss: 0.0042977 Vali Loss: 0.0014665 Test Loss: 0.0014780
Validation loss decreased (0.001489 --> 0.001466).  Saving model ...
Updating learning rate to 7.8125e-05
	iters: 100, epoch: 8 | loss: 0.0051748
	speed: 0.0431s/iter; left time: 75.2770s
Epoch: 8 cost time: 1.9738430976867676
Epoch: 8, Steps: 142 | Train Loss: 0.0042424 Vali Loss: 0.0014530 Test Loss: 0.0015157
Validation loss decreased (0.001466 --> 0.001453).  Saving model ...
Updating learning rate to 3.90625e-05
	iters: 100, epoch: 9 | loss: 0.0053384
	speed: 0.0464s/iter; left time: 74.4646s
Epoch: 9 cost time: 2.089212656021118
Epoch: 9, Steps: 142 | Train Loss: 0.0042150 Vali Loss: 0.0014566 Test Loss: 0.0015284
EarlyStopping counter: 1 out of 3
Updating learning rate to 1.953125e-05
	iters: 100, epoch: 10 | loss: 0.0040610
	speed: 0.0470s/iter; left time: 68.7295s
Epoch: 10 cost time: 2.150832414627075
Epoch: 10, Steps: 142 | Train Loss: 0.0042130 Vali Loss: 0.0014546 Test Loss: 0.0015245
EarlyStopping counter: 2 out of 3
Updating learning rate to 9.765625e-06
	iters: 100, epoch: 11 | loss: 0.0039318
	speed: 0.0417s/iter; left time: 55.1342s
Epoch: 11 cost time: 1.919196367263794
Epoch: 11, Steps: 142 | Train Loss: 0.0041963 Vali Loss: 0.0014599 Test Loss: 0.0015214
EarlyStopping counter: 3 out of 3
Early stopping
>>>>>>>testing : mirae_Linear_DLinear_S_mirae_ftM_sl72_ll48_pl12_dm512_nh8_el2_dl1_df2048_fc1_ebtimeF_dtTrue_Exp_0<<<<<<<<<<<<<<<<<<<<<<<<<<<<<<<<<
test 976
mse:0.001516, mae:0.02809
