Args in experiment:
Namespace(ver='TWM', is_training=1, model_id='mirae_Linear', model='DLinear_S', data='mirae', root_path='./data/ETT/', data_path='ETTh1.csv', features='M', target='OT', freq='h', checkpoints='./checkpoints/', seq_len=72, label_len=48, pred_len=12, individual=False, embed_type=0, enc_in=7, dec_in=7, c_out=7, d_model=512, n_heads=8, e_layers=2, d_layers=1, d_ff=2048, moving_avg=25, factor=1, distil=True, dropout=0.05, embed='timeF', activation='gelu', output_attention=False, do_predict=False, num_workers=10, itr=1, train_epochs=20, batch_size=32, patience=3, learning_rate=0.005, des='Exp', loss='mse', lradj='type1', use_amp=False, use_gpu=True, gpu=0, use_multi_gpu=False, devices='0,1,2,3', test_flop=False)
Use GPU: cuda:0
>>>>>>>start training : mirae_Linear_DLinear_S_mirae_ftM_sl72_ll48_pl12_dm512_nh8_el2_dl1_df2048_fc1_ebtimeF_dtTrue_Exp_0>>>>>>>>>>>>>>>>>>>>>>>>>>
train 4552
val 975
test 976
	iters: 100, epoch: 1 | loss: 0.0122345
	speed: 0.0344s/iter; left time: 94.2228s
Epoch: 1 cost time: 3.7461392879486084
Epoch: 1, Steps: 142 | Train Loss: 0.0188615 Vali Loss: 0.0046188 Test Loss: 0.0047988
Validation loss decreased (inf --> 0.004619).  Saving model ...
Updating learning rate to 0.005
	iters: 100, epoch: 2 | loss: 0.0076868
	speed: 0.0421s/iter; left time: 109.3713s
Epoch: 2 cost time: 1.8260207176208496
Epoch: 2, Steps: 142 | Train Loss: 0.0101478 Vali Loss: 0.0030098 Test Loss: 0.0033255
Validation loss decreased (0.004619 --> 0.003010).  Saving model ...
Updating learning rate to 0.0025
	iters: 100, epoch: 3 | loss: 0.0076134
	speed: 0.0430s/iter; left time: 105.7599s
Epoch: 3 cost time: 1.7833938598632812
Epoch: 3, Steps: 142 | Train Loss: 0.0086247 Vali Loss: 0.0029764 Test Loss: 0.0032102
Validation loss decreased (0.003010 --> 0.002976).  Saving model ...
Updating learning rate to 0.00125
	iters: 100, epoch: 4 | loss: 0.0052299
	speed: 0.0423s/iter; left time: 97.8734s
Epoch: 4 cost time: 1.7218446731567383
Epoch: 4, Steps: 142 | Train Loss: 0.0081342 Vali Loss: 0.0027142 Test Loss: 0.0029870
Validation loss decreased (0.002976 --> 0.002714).  Saving model ...
Updating learning rate to 0.000625
	iters: 100, epoch: 5 | loss: 0.0075213
	speed: 0.0403s/iter; left time: 87.6196s
Epoch: 5 cost time: 1.7417466640472412
Epoch: 5, Steps: 142 | Train Loss: 0.0079166 Vali Loss: 0.0026582 Test Loss: 0.0029337
Validation loss decreased (0.002714 --> 0.002658).  Saving model ...
Updating learning rate to 0.0003125
	iters: 100, epoch: 6 | loss: 0.0114789
	speed: 0.0397s/iter; left time: 80.6703s
Epoch: 6 cost time: 1.7733676433563232
Epoch: 6, Steps: 142 | Train Loss: 0.0078172 Vali Loss: 0.0026112 Test Loss: 0.0028899
Validation loss decreased (0.002658 --> 0.002611).  Saving model ...
Updating learning rate to 0.00015625
	iters: 100, epoch: 7 | loss: 0.0046107
	speed: 0.0394s/iter; left time: 74.3507s
Epoch: 7 cost time: 1.7389025688171387
Epoch: 7, Steps: 142 | Train Loss: 0.0077359 Vali Loss: 0.0025568 Test Loss: 0.0028860
Validation loss decreased (0.002611 --> 0.002557).  Saving model ...
Updating learning rate to 7.8125e-05
	iters: 100, epoch: 8 | loss: 0.0071178
	speed: 0.0402s/iter; left time: 70.2351s
Epoch: 8 cost time: 1.8170580863952637
Epoch: 8, Steps: 142 | Train Loss: 0.0077141 Vali Loss: 0.0026091 Test Loss: 0.0028858
EarlyStopping counter: 1 out of 3
Updating learning rate to 3.90625e-05
	iters: 100, epoch: 9 | loss: 0.0085805
	speed: 0.0390s/iter; left time: 62.5763s
Epoch: 9 cost time: 1.725311279296875
Epoch: 9, Steps: 142 | Train Loss: 0.0076803 Vali Loss: 0.0026539 Test Loss: 0.0029022
EarlyStopping counter: 2 out of 3
Updating learning rate to 1.953125e-05
	iters: 100, epoch: 10 | loss: 0.0061700
	speed: 0.0384s/iter; left time: 56.1088s
Epoch: 10 cost time: 1.8305871486663818
Epoch: 10, Steps: 142 | Train Loss: 0.0076857 Vali Loss: 0.0026181 Test Loss: 0.0028912
EarlyStopping counter: 3 out of 3
Early stopping
>>>>>>>testing : mirae_Linear_DLinear_S_mirae_ftM_sl72_ll48_pl12_dm512_nh8_el2_dl1_df2048_fc1_ebtimeF_dtTrue_Exp_0<<<<<<<<<<<<<<<<<<<<<<<<<<<<<<<<<
test 976
mse:0.002886, mae:0.04024
