Args in experiment:
Namespace(ver='TWM', is_training=1, model_id='mirae_Linear', model='DLinear', data='mirae', root_path='./data/ETT/', data_path='ETTh1.csv', features='M', target='OT', freq='h', checkpoints='./checkpoints/', seq_len=72, label_len=48, pred_len=12, individual=False, embed_type=0, enc_in=7, dec_in=7, c_out=7, d_model=512, n_heads=8, e_layers=2, d_layers=1, d_ff=2048, moving_avg=25, factor=1, distil=True, dropout=0.05, embed='timeF', activation='gelu', output_attention=False, do_predict=False, num_workers=10, itr=1, train_epochs=20, batch_size=32, patience=3, learning_rate=0.005, des='Exp', loss='mse', lradj='type1', use_amp=False, use_gpu=True, gpu=0, use_multi_gpu=False, devices='0,1,2,3', test_flop=False)
Use GPU: cuda:0
>>>>>>>start training : mirae_Linear_DLinear_mirae_ftM_sl72_ll48_pl12_dm512_nh8_el2_dl1_df2048_fc1_ebtimeF_dtTrue_Exp_0>>>>>>>>>>>>>>>>>>>>>>>>>>
train 4552
val 975
test 976
	iters: 100, epoch: 1 | loss: 0.0106734
	speed: 0.0349s/iter; left time: 95.6737s
Epoch: 1 cost time: 3.782623529434204
Epoch: 1, Steps: 142 | Train Loss: 0.0153956 Vali Loss: 0.0024246 Test Loss: 0.0025778
Validation loss decreased (inf --> 0.002425).  Saving model ...
Updating learning rate to 0.005
	iters: 100, epoch: 2 | loss: 0.0059581
	speed: 0.0401s/iter; left time: 104.3351s
Epoch: 2 cost time: 1.9083917140960693
Epoch: 2, Steps: 142 | Train Loss: 0.0075322 Vali Loss: 0.0028835 Test Loss: 0.0025054
EarlyStopping counter: 1 out of 3
Updating learning rate to 0.0025
	iters: 100, epoch: 3 | loss: 0.0056295
	speed: 0.0388s/iter; left time: 95.2607s
Epoch: 3 cost time: 1.7691388130187988
Epoch: 3, Steps: 142 | Train Loss: 0.0069106 Vali Loss: 0.0022222 Test Loss: 0.0022218
Validation loss decreased (0.002425 --> 0.002222).  Saving model ...
Updating learning rate to 0.00125
	iters: 100, epoch: 4 | loss: 0.0132289
	speed: 0.0430s/iter; left time: 99.4575s
Epoch: 4 cost time: 1.8901324272155762
Epoch: 4, Steps: 142 | Train Loss: 0.0068006 Vali Loss: 0.0021439 Test Loss: 0.0021471
Validation loss decreased (0.002222 --> 0.002144).  Saving model ...
Updating learning rate to 0.000625
	iters: 100, epoch: 5 | loss: 0.0065003
	speed: 0.0422s/iter; left time: 91.6270s
Epoch: 5 cost time: 2.049861192703247
Epoch: 5, Steps: 142 | Train Loss: 0.0065121 Vali Loss: 0.0021190 Test Loss: 0.0021531
Validation loss decreased (0.002144 --> 0.002119).  Saving model ...
Updating learning rate to 0.0003125
	iters: 100, epoch: 6 | loss: 0.0131480
	speed: 0.0383s/iter; left time: 77.8805s
Epoch: 6 cost time: 1.874248743057251
Epoch: 6, Steps: 142 | Train Loss: 0.0064842 Vali Loss: 0.0022949 Test Loss: 0.0022411
EarlyStopping counter: 1 out of 3
Updating learning rate to 0.00015625
	iters: 100, epoch: 7 | loss: 0.0055646
	speed: 0.0401s/iter; left time: 75.8026s
Epoch: 7 cost time: 1.771620273590088
Epoch: 7, Steps: 142 | Train Loss: 0.0064164 Vali Loss: 0.0021722 Test Loss: 0.0021868
EarlyStopping counter: 2 out of 3
Updating learning rate to 7.8125e-05
	iters: 100, epoch: 8 | loss: 0.0052988
	speed: 0.0388s/iter; left time: 67.6984s
Epoch: 8 cost time: 1.6747934818267822
Epoch: 8, Steps: 142 | Train Loss: 0.0063811 Vali Loss: 0.0022203 Test Loss: 0.0022108
EarlyStopping counter: 3 out of 3
Early stopping
>>>>>>>testing : mirae_Linear_DLinear_mirae_ftM_sl72_ll48_pl12_dm512_nh8_el2_dl1_df2048_fc1_ebtimeF_dtTrue_Exp_0<<<<<<<<<<<<<<<<<<<<<<<<<<<<<<<<<
test 976
mse:0.002153, mae:0.03160
