Args in experiment:
Namespace(ver='D', is_training=1, model_id='mirae_Linear', model='Linear', data='mirae', root_path='./data/ETT/', data_path='ETTh1.csv', features='M', target='OT', freq='h', checkpoints='./checkpoints/', seq_len=72, label_len=48, pred_len=12, individual=False, embed_type=0, enc_in=7, dec_in=7, c_out=7, d_model=512, n_heads=8, e_layers=2, d_layers=1, d_ff=2048, moving_avg=25, factor=1, distil=True, dropout=0.05, embed='timeF', activation='gelu', output_attention=False, do_predict=False, num_workers=10, itr=1, train_epochs=20, batch_size=32, patience=3, learning_rate=0.005, des='Exp', loss='mse', lradj='type1', use_amp=False, use_gpu=True, gpu=0, use_multi_gpu=False, devices='0,1,2,3', test_flop=False)
Use GPU: cuda:0
>>>>>>>start training : mirae_Linear_Linear_mirae_ftM_sl72_ll48_pl12_dm512_nh8_el2_dl1_df2048_fc1_ebtimeF_dtTrue_Exp_0>>>>>>>>>>>>>>>>>>>>>>>>>>
train 4552
val 975
test 976
	iters: 100, epoch: 1 | loss: 0.0060964
	speed: 0.0165s/iter; left time: 45.3056s
Epoch: 1 cost time: 1.9309606552124023
Epoch: 1, Steps: 142 | Train Loss: 0.0120276 Vali Loss: 0.0026732 Test Loss: 0.0029500
Validation loss decreased (inf --> 0.002673).  Saving model ...
Updating learning rate to 0.005
	iters: 100, epoch: 2 | loss: 0.0082828
	speed: 0.0308s/iter; left time: 80.1217s
Epoch: 2 cost time: 1.3272864818572998
Epoch: 2, Steps: 142 | Train Loss: 0.0075144 Vali Loss: 0.0022674 Test Loss: 0.0024056
Validation loss decreased (0.002673 --> 0.002267).  Saving model ...
Updating learning rate to 0.0025
	iters: 100, epoch: 3 | loss: 0.0067125
	speed: 0.0277s/iter; left time: 68.0920s
Epoch: 3 cost time: 1.3845093250274658
Epoch: 3, Steps: 142 | Train Loss: 0.0059113 Vali Loss: 0.0018815 Test Loss: 0.0023258
Validation loss decreased (0.002267 --> 0.001882).  Saving model ...
Updating learning rate to 0.00125
	iters: 100, epoch: 4 | loss: 0.0053667
	speed: 0.0294s/iter; left time: 68.0860s
Epoch: 4 cost time: 1.4061236381530762
Epoch: 4, Steps: 142 | Train Loss: 0.0054847 Vali Loss: 0.0016305 Test Loss: 0.0019580
Validation loss decreased (0.001882 --> 0.001631).  Saving model ...
Updating learning rate to 0.000625
	iters: 100, epoch: 5 | loss: 0.0084349
	speed: 0.0308s/iter; left time: 66.8332s
Epoch: 5 cost time: 1.5181574821472168
Epoch: 5, Steps: 142 | Train Loss: 0.0052579 Vali Loss: 0.0017467 Test Loss: 0.0019572
EarlyStopping counter: 1 out of 3
Updating learning rate to 0.0003125
	iters: 100, epoch: 6 | loss: 0.0042346
	speed: 0.0312s/iter; left time: 63.2684s
Epoch: 6 cost time: 1.568103313446045
Epoch: 6, Steps: 142 | Train Loss: 0.0051283 Vali Loss: 0.0016160 Test Loss: 0.0019082
Validation loss decreased (0.001631 --> 0.001616).  Saving model ...
Updating learning rate to 0.00015625
	iters: 100, epoch: 7 | loss: 0.0037914
	speed: 0.0356s/iter; left time: 67.2930s
Epoch: 7 cost time: 1.5935864448547363
Epoch: 7, Steps: 142 | Train Loss: 0.0050901 Vali Loss: 0.0016698 Test Loss: 0.0019616
EarlyStopping counter: 1 out of 3
Updating learning rate to 7.8125e-05
	iters: 100, epoch: 8 | loss: 0.0127041
	speed: 0.0352s/iter; left time: 61.5601s
Epoch: 8 cost time: 1.5333433151245117
Epoch: 8, Steps: 142 | Train Loss: 0.0050525 Vali Loss: 0.0016676 Test Loss: 0.0019682
EarlyStopping counter: 2 out of 3
Updating learning rate to 3.90625e-05
	iters: 100, epoch: 9 | loss: 0.0036634
	speed: 0.0368s/iter; left time: 58.9911s
Epoch: 9 cost time: 1.6461272239685059
Epoch: 9, Steps: 142 | Train Loss: 0.0050423 Vali Loss: 0.0016871 Test Loss: 0.0019910
EarlyStopping counter: 3 out of 3
Early stopping
>>>>>>>testing : mirae_Linear_Linear_mirae_ftM_sl72_ll48_pl12_dm512_nh8_el2_dl1_df2048_fc1_ebtimeF_dtTrue_Exp_0<<<<<<<<<<<<<<<<<<<<<<<<<<<<<<<<<
test 976
mse:0.001908, mae:0.03167
