Args in experiment:
Namespace(ver='TWM-2', is_training=1, model_id='mirae_Linear', model='Linear', data='mirae', root_path='./data/ETT/', data_path='ETTh1.csv', features='M', target='OT', freq='h', checkpoints='./checkpoints/', seq_len=72, label_len=48, pred_len=12, individual=False, embed_type=0, enc_in=7, dec_in=7, c_out=7, d_model=512, n_heads=8, e_layers=2, d_layers=1, d_ff=2048, moving_avg=25, factor=1, distil=True, dropout=0.05, embed='timeF', activation='gelu', output_attention=False, do_predict=False, num_workers=10, itr=1, train_epochs=20, batch_size=32, patience=3, learning_rate=0.005, des='Exp', loss='mse', lradj='type1', use_amp=False, use_gpu=True, gpu=0, use_multi_gpu=False, devices='0,1,2,3', test_flop=False)
Use GPU: cuda:0
>>>>>>>start training : mirae_Linear_Linear_mirae_ftM_sl72_ll48_pl12_dm512_nh8_el2_dl1_df2048_fc1_ebtimeF_dtTrue_Exp_0>>>>>>>>>>>>>>>>>>>>>>>>>>
train 4552
val 975
test 976
	iters: 100, epoch: 1 | loss: 0.0084725
	speed: 0.0338s/iter; left time: 92.7732s
Epoch: 1 cost time: 3.7684216499328613
Epoch: 1, Steps: 142 | Train Loss: 0.0165265 Vali Loss: 0.0022040 Test Loss: 0.0024271
Validation loss decreased (inf --> 0.002204).  Saving model ...
Updating learning rate to 0.005
	iters: 100, epoch: 2 | loss: 0.0062401
	speed: 0.0469s/iter; left time: 121.8906s
Epoch: 2 cost time: 1.956364393234253
Epoch: 2, Steps: 142 | Train Loss: 0.0071833 Vali Loss: 0.0018360 Test Loss: 0.0020019
Validation loss decreased (0.002204 --> 0.001836).  Saving model ...
Updating learning rate to 0.0025
	iters: 100, epoch: 3 | loss: 0.0041990
	speed: 0.0468s/iter; left time: 114.9580s
Epoch: 3 cost time: 1.8478314876556396
Epoch: 3, Steps: 142 | Train Loss: 0.0053351 Vali Loss: 0.0019655 Test Loss: 0.0021468
EarlyStopping counter: 1 out of 3
Updating learning rate to 0.00125
	iters: 100, epoch: 4 | loss: 0.0042995
	speed: 0.0445s/iter; left time: 103.0449s
Epoch: 4 cost time: 1.921673059463501
Epoch: 4, Steps: 142 | Train Loss: 0.0047475 Vali Loss: 0.0015511 Test Loss: 0.0017134
Validation loss decreased (0.001836 --> 0.001551).  Saving model ...
Updating learning rate to 0.000625
	iters: 100, epoch: 5 | loss: 0.0034704
	speed: 0.0448s/iter; left time: 97.3668s
Epoch: 5 cost time: 1.9623935222625732
Epoch: 5, Steps: 142 | Train Loss: 0.0044343 Vali Loss: 0.0014806 Test Loss: 0.0015118
Validation loss decreased (0.001551 --> 0.001481).  Saving model ...
Updating learning rate to 0.0003125
	iters: 100, epoch: 6 | loss: 0.0044216
	speed: 0.0437s/iter; left time: 88.6653s
Epoch: 6 cost time: 2.0544540882110596
Epoch: 6, Steps: 142 | Train Loss: 0.0042489 Vali Loss: 0.0015624 Test Loss: 0.0016078
EarlyStopping counter: 1 out of 3
Updating learning rate to 0.00015625
	iters: 100, epoch: 7 | loss: 0.0030444
	speed: 0.0416s/iter; left time: 78.6382s
Epoch: 7 cost time: 1.7996702194213867
Epoch: 7, Steps: 142 | Train Loss: 0.0041942 Vali Loss: 0.0014983 Test Loss: 0.0015579
EarlyStopping counter: 2 out of 3
Updating learning rate to 7.8125e-05
	iters: 100, epoch: 8 | loss: 0.0015444
	speed: 0.0398s/iter; left time: 69.4709s
Epoch: 8 cost time: 1.8290817737579346
Epoch: 8, Steps: 142 | Train Loss: 0.0041333 Vali Loss: 0.0014956 Test Loss: 0.0015316
EarlyStopping counter: 3 out of 3
Early stopping
>>>>>>>testing : mirae_Linear_Linear_mirae_ftM_sl72_ll48_pl12_dm512_nh8_el2_dl1_df2048_fc1_ebtimeF_dtTrue_Exp_0<<<<<<<<<<<<<<<<<<<<<<<<<<<<<<<<<
test 976
mse:0.001512, mae:0.02826
