Args in experiment:
Namespace(ver='TPM', is_training=1, model_id='mirae_Linear', model='Linear', data='mirae', root_path='./data/ETT/', data_path='ETTh1.csv', features='M', target='OT', freq='h', checkpoints='./checkpoints/', seq_len=72, label_len=48, pred_len=12, individual=False, embed_type=0, enc_in=7, dec_in=7, c_out=7, d_model=512, n_heads=8, e_layers=2, d_layers=1, d_ff=2048, moving_avg=25, factor=1, distil=True, dropout=0.05, embed='timeF', activation='gelu', output_attention=False, do_predict=False, num_workers=10, itr=1, train_epochs=20, batch_size=32, patience=3, learning_rate=0.005, des='Exp', loss='mse', lradj='type1', use_amp=False, use_gpu=True, gpu=0, use_multi_gpu=False, devices='0,1,2,3', test_flop=False)
Use GPU: cuda:0
>>>>>>>start training : mirae_Linear_Linear_mirae_ftM_sl72_ll48_pl12_dm512_nh8_el2_dl1_df2048_fc1_ebtimeF_dtTrue_Exp_0>>>>>>>>>>>>>>>>>>>>>>>>>>
train 4552
val 975
test 976
	iters: 100, epoch: 1 | loss: 0.0118359
	speed: 0.0276s/iter; left time: 75.6906s
Epoch: 1 cost time: 3.039229393005371
Epoch: 1, Steps: 142 | Train Loss: 0.0328743 Vali Loss: 0.0037331 Test Loss: 0.0036129
Validation loss decreased (inf --> 0.003733).  Saving model ...
Updating learning rate to 0.005
	iters: 100, epoch: 2 | loss: 0.0088740
	speed: 0.0358s/iter; left time: 93.0846s
Epoch: 2 cost time: 1.7770745754241943
Epoch: 2, Steps: 142 | Train Loss: 0.0086380 Vali Loss: 0.0024248 Test Loss: 0.0025908
Validation loss decreased (0.003733 --> 0.002425).  Saving model ...
Updating learning rate to 0.0025
	iters: 100, epoch: 3 | loss: 0.0035072
	speed: 0.0415s/iter; left time: 101.9434s
Epoch: 3 cost time: 1.9683265686035156
Epoch: 3, Steps: 142 | Train Loss: 0.0062451 Vali Loss: 0.0020025 Test Loss: 0.0021000
Validation loss decreased (0.002425 --> 0.002003).  Saving model ...
Updating learning rate to 0.00125
	iters: 100, epoch: 4 | loss: 0.0046360
	speed: 0.0415s/iter; left time: 96.0317s
Epoch: 4 cost time: 1.9197065830230713
Epoch: 4, Steps: 142 | Train Loss: 0.0058676 Vali Loss: 0.0022032 Test Loss: 0.0022030
EarlyStopping counter: 1 out of 3
Updating learning rate to 0.000625
	iters: 100, epoch: 5 | loss: 0.0039359
	speed: 0.0398s/iter; left time: 86.4653s
Epoch: 5 cost time: 1.725013017654419
Epoch: 5, Steps: 142 | Train Loss: 0.0053867 Vali Loss: 0.0021310 Test Loss: 0.0020751
EarlyStopping counter: 2 out of 3
Updating learning rate to 0.0003125
	iters: 100, epoch: 6 | loss: 0.0029647
	speed: 0.0415s/iter; left time: 84.2045s
Epoch: 6 cost time: 1.7493727207183838
Epoch: 6, Steps: 142 | Train Loss: 0.0051925 Vali Loss: 0.0019102 Test Loss: 0.0019184
Validation loss decreased (0.002003 --> 0.001910).  Saving model ...
Updating learning rate to 0.00015625
	iters: 100, epoch: 7 | loss: 0.0058113
	speed: 0.0422s/iter; left time: 79.6300s
Epoch: 7 cost time: 1.680457592010498
Epoch: 7, Steps: 142 | Train Loss: 0.0050486 Vali Loss: 0.0018707 Test Loss: 0.0018629
Validation loss decreased (0.001910 --> 0.001871).  Saving model ...
Updating learning rate to 7.8125e-05
	iters: 100, epoch: 8 | loss: 0.0070743
	speed: 0.0449s/iter; left time: 78.4855s
Epoch: 8 cost time: 1.8413331508636475
Epoch: 8, Steps: 142 | Train Loss: 0.0049969 Vali Loss: 0.0018766 Test Loss: 0.0018762
EarlyStopping counter: 1 out of 3
Updating learning rate to 3.90625e-05
	iters: 100, epoch: 9 | loss: 0.0076310
	speed: 0.0414s/iter; left time: 66.4415s
Epoch: 9 cost time: 1.937286376953125
Epoch: 9, Steps: 142 | Train Loss: 0.0049708 Vali Loss: 0.0018947 Test Loss: 0.0018812
EarlyStopping counter: 2 out of 3
Updating learning rate to 1.953125e-05
	iters: 100, epoch: 10 | loss: 0.0040946
	speed: 0.0455s/iter; left time: 66.5209s
Epoch: 10 cost time: 1.8926036357879639
Epoch: 10, Steps: 142 | Train Loss: 0.0049517 Vali Loss: 0.0018893 Test Loss: 0.0018784
EarlyStopping counter: 3 out of 3
Early stopping
>>>>>>>testing : mirae_Linear_Linear_mirae_ftM_sl72_ll48_pl12_dm512_nh8_el2_dl1_df2048_fc1_ebtimeF_dtTrue_Exp_0<<<<<<<<<<<<<<<<<<<<<<<<<<<<<<<<<
test 976
mse:0.001863, mae:0.03117
