Args in experiment:
Namespace(ver='TWM', is_training=1, model_id='mirae_Linear', model='Linear', data='mirae', root_path='./data/ETT/', data_path='ETTh1.csv', features='M', target='OT', freq='h', checkpoints='./checkpoints/', seq_len=72, label_len=48, pred_len=12, individual=False, embed_type=0, enc_in=7, dec_in=7, c_out=7, d_model=512, n_heads=8, e_layers=2, d_layers=1, d_ff=2048, moving_avg=25, factor=1, distil=True, dropout=0.05, embed='timeF', activation='gelu', output_attention=False, do_predict=False, num_workers=10, itr=1, train_epochs=20, batch_size=32, patience=3, learning_rate=0.005, des='Exp', loss='mse', lradj='type1', use_amp=False, use_gpu=True, gpu=0, use_multi_gpu=False, devices='0,1,2,3', test_flop=False)
Use GPU: cuda:0
>>>>>>>start training : mirae_Linear_Linear_mirae_ftM_sl72_ll48_pl12_dm512_nh8_el2_dl1_df2048_fc1_ebtimeF_dtTrue_Exp_0>>>>>>>>>>>>>>>>>>>>>>>>>>
train 4552
val 975
test 976
	iters: 100, epoch: 1 | loss: 0.0122931
	speed: 0.0295s/iter; left time: 80.9384s
Epoch: 1 cost time: 3.2511167526245117
Epoch: 1, Steps: 142 | Train Loss: 0.0346577 Vali Loss: 0.0031451 Test Loss: 0.0039277
Validation loss decreased (inf --> 0.003145).  Saving model ...
Updating learning rate to 0.005
	iters: 100, epoch: 2 | loss: 0.0077122
	speed: 0.0409s/iter; left time: 106.3655s
Epoch: 2 cost time: 1.8757665157318115
Epoch: 2, Steps: 142 | Train Loss: 0.0079814 Vali Loss: 0.0023476 Test Loss: 0.0032131
Validation loss decreased (0.003145 --> 0.002348).  Saving model ...
Updating learning rate to 0.0025
	iters: 100, epoch: 3 | loss: 0.0034838
	speed: 0.0418s/iter; left time: 102.6843s
Epoch: 3 cost time: 1.9368226528167725
Epoch: 3, Steps: 142 | Train Loss: 0.0060316 Vali Loss: 0.0016763 Test Loss: 0.0024019
Validation loss decreased (0.002348 --> 0.001676).  Saving model ...
Updating learning rate to 0.00125
	iters: 100, epoch: 4 | loss: 0.0040908
	speed: 0.0431s/iter; left time: 99.7771s
Epoch: 4 cost time: 1.9339218139648438
Epoch: 4, Steps: 142 | Train Loss: 0.0055310 Vali Loss: 0.0019645 Test Loss: 0.0025558
EarlyStopping counter: 1 out of 3
Updating learning rate to 0.000625
	iters: 100, epoch: 5 | loss: 0.0040288
	speed: 0.0478s/iter; left time: 103.7641s
Epoch: 5 cost time: 2.1943109035491943
Epoch: 5, Steps: 142 | Train Loss: 0.0050634 Vali Loss: 0.0018423 Test Loss: 0.0023817
EarlyStopping counter: 2 out of 3
Updating learning rate to 0.0003125
	iters: 100, epoch: 6 | loss: 0.0029469
	speed: 0.0475s/iter; left time: 96.4232s
Epoch: 6 cost time: 2.1984405517578125
Epoch: 6, Steps: 142 | Train Loss: 0.0048964 Vali Loss: 0.0016490 Test Loss: 0.0022518
Validation loss decreased (0.001676 --> 0.001649).  Saving model ...
Updating learning rate to 0.00015625
	iters: 100, epoch: 7 | loss: 0.0067213
	speed: 0.0498s/iter; left time: 94.0136s
Epoch: 7 cost time: 2.1974551677703857
Epoch: 7, Steps: 142 | Train Loss: 0.0047910 Vali Loss: 0.0016139 Test Loss: 0.0021820
Validation loss decreased (0.001649 --> 0.001614).  Saving model ...
Updating learning rate to 7.8125e-05
	iters: 100, epoch: 8 | loss: 0.0060558
	speed: 0.0535s/iter; left time: 93.5006s
Epoch: 8 cost time: 2.15873122215271
Epoch: 8, Steps: 142 | Train Loss: 0.0047362 Vali Loss: 0.0016045 Test Loss: 0.0021839
Validation loss decreased (0.001614 --> 0.001604).  Saving model ...
Updating learning rate to 3.90625e-05
	iters: 100, epoch: 9 | loss: 0.0069041
	speed: 0.0489s/iter; left time: 78.4724s
Epoch: 9 cost time: 2.094655752182007
Epoch: 9, Steps: 142 | Train Loss: 0.0047096 Vali Loss: 0.0016306 Test Loss: 0.0021856
EarlyStopping counter: 1 out of 3
Updating learning rate to 1.953125e-05
	iters: 100, epoch: 10 | loss: 0.0044803
	speed: 0.0500s/iter; left time: 73.1674s
Epoch: 10 cost time: 2.1598455905914307
Epoch: 10, Steps: 142 | Train Loss: 0.0046883 Vali Loss: 0.0016379 Test Loss: 0.0021878
EarlyStopping counter: 2 out of 3
Updating learning rate to 9.765625e-06
	iters: 100, epoch: 11 | loss: 0.0024842
	speed: 0.0479s/iter; left time: 63.2272s
Epoch: 11 cost time: 1.94887113571167
Epoch: 11, Steps: 142 | Train Loss: 0.0046723 Vali Loss: 0.0016265 Test Loss: 0.0021895
EarlyStopping counter: 3 out of 3
Early stopping
>>>>>>>testing : mirae_Linear_Linear_mirae_ftM_sl72_ll48_pl12_dm512_nh8_el2_dl1_df2048_fc1_ebtimeF_dtTrue_Exp_0<<<<<<<<<<<<<<<<<<<<<<<<<<<<<<<<<
test 976
mse:0.002184, mae:0.03348
