Args in experiment:
Namespace(ver='TWM-2', is_training=1, model_id='mirae_Linear', model='Linear', data='mirae', root_path='./data/ETT/', data_path='ETTh1.csv', features='M', target='OT', freq='h', checkpoints='./checkpoints/', seq_len=72, label_len=48, pred_len=12, individual=False, embed_type=0, enc_in=7, dec_in=7, c_out=7, d_model=512, n_heads=8, e_layers=2, d_layers=1, d_ff=2048, moving_avg=25, factor=1, distil=True, dropout=0.05, embed='timeF', activation='gelu', output_attention=False, do_predict=False, num_workers=10, itr=1, train_epochs=20, batch_size=32, patience=3, learning_rate=0.005, des='Exp', loss='mse', lradj='type1', use_amp=False, use_gpu=True, gpu=0, use_multi_gpu=False, devices='0,1,2,3', test_flop=False)
Use GPU: cuda:0
>>>>>>>start training : mirae_Linear_Linear_mirae_ftM_sl72_ll48_pl12_dm512_nh8_el2_dl1_df2048_fc1_ebtimeF_dtTrue_Exp_0>>>>>>>>>>>>>>>>>>>>>>>>>>
train 4552
val 975
test 976
	iters: 100, epoch: 1 | loss: 0.0081875
	speed: 0.0306s/iter; left time: 83.7917s
Epoch: 1 cost time: 3.405294179916382
Epoch: 1, Steps: 142 | Train Loss: 0.0204160 Vali Loss: 0.0029723 Test Loss: 0.0045072
Validation loss decreased (inf --> 0.002972).  Saving model ...
Updating learning rate to 0.005
	iters: 100, epoch: 2 | loss: 0.0061811
	speed: 0.0427s/iter; left time: 110.9765s
Epoch: 2 cost time: 2.063380718231201
Epoch: 2, Steps: 142 | Train Loss: 0.0078954 Vali Loss: 0.0019167 Test Loss: 0.0033756
Validation loss decreased (0.002972 --> 0.001917).  Saving model ...
Updating learning rate to 0.0025
	iters: 100, epoch: 3 | loss: 0.0044776
	speed: 0.0477s/iter; left time: 117.2463s
Epoch: 3 cost time: 1.8982772827148438
Epoch: 3, Steps: 142 | Train Loss: 0.0067785 Vali Loss: 0.0018344 Test Loss: 0.0029274
Validation loss decreased (0.001917 --> 0.001834).  Saving model ...
Updating learning rate to 0.00125
	iters: 100, epoch: 4 | loss: 0.0053388
	speed: 0.0452s/iter; left time: 104.5238s
Epoch: 4 cost time: 2.080676317214966
Epoch: 4, Steps: 142 | Train Loss: 0.0063250 Vali Loss: 0.0017634 Test Loss: 0.0028593
Validation loss decreased (0.001834 --> 0.001763).  Saving model ...
Updating learning rate to 0.000625
	iters: 100, epoch: 5 | loss: 0.0039780
	speed: 0.0453s/iter; left time: 98.4327s
Epoch: 5 cost time: 1.9114172458648682
Epoch: 5, Steps: 142 | Train Loss: 0.0060764 Vali Loss: 0.0017487 Test Loss: 0.0027994
Validation loss decreased (0.001763 --> 0.001749).  Saving model ...
Updating learning rate to 0.0003125
	iters: 100, epoch: 6 | loss: 0.0041614
	speed: 0.0436s/iter; left time: 88.5008s
Epoch: 6 cost time: 1.8573851585388184
Epoch: 6, Steps: 142 | Train Loss: 0.0059794 Vali Loss: 0.0016974 Test Loss: 0.0027112
Validation loss decreased (0.001749 --> 0.001697).  Saving model ...
Updating learning rate to 0.00015625
	iters: 100, epoch: 7 | loss: 0.0068329
	speed: 0.0466s/iter; left time: 88.1028s
Epoch: 7 cost time: 1.9800012111663818
Epoch: 7, Steps: 142 | Train Loss: 0.0059268 Vali Loss: 0.0017210 Test Loss: 0.0027108
EarlyStopping counter: 1 out of 3
Updating learning rate to 7.8125e-05
	iters: 100, epoch: 8 | loss: 0.0089554
	speed: 0.0468s/iter; left time: 81.6825s
Epoch: 8 cost time: 2.1003646850585938
Epoch: 8, Steps: 142 | Train Loss: 0.0058940 Vali Loss: 0.0017001 Test Loss: 0.0026919
EarlyStopping counter: 2 out of 3
Updating learning rate to 3.90625e-05
	iters: 100, epoch: 9 | loss: 0.0110066
	speed: 0.0467s/iter; left time: 75.0177s
Epoch: 9 cost time: 2.0273444652557373
Epoch: 9, Steps: 142 | Train Loss: 0.0058814 Vali Loss: 0.0016993 Test Loss: 0.0026837
EarlyStopping counter: 3 out of 3
Early stopping
>>>>>>>testing : mirae_Linear_Linear_mirae_ftM_sl72_ll48_pl12_dm512_nh8_el2_dl1_df2048_fc1_ebtimeF_dtTrue_Exp_0<<<<<<<<<<<<<<<<<<<<<<<<<<<<<<<<<
test 976
mse:0.002711, mae:0.03914
