Args in experiment:
Namespace(ver='TWM', is_training=1, model_id='mirae_Linear', model='NLinear', data='mirae', root_path='./data/ETT/', data_path='ETTh1.csv', features='M', target='OT', freq='h', checkpoints='./checkpoints/', seq_len=72, label_len=48, pred_len=12, individual=False, embed_type=0, enc_in=7, dec_in=7, c_out=7, d_model=512, n_heads=8, e_layers=2, d_layers=1, d_ff=2048, moving_avg=25, factor=1, distil=True, dropout=0.05, embed='timeF', activation='gelu', output_attention=False, do_predict=False, num_workers=10, itr=1, train_epochs=20, batch_size=32, patience=3, learning_rate=0.005, des='Exp', loss='mse', lradj='type1', use_amp=False, use_gpu=True, gpu=0, use_multi_gpu=False, devices='0,1,2,3', test_flop=False)
Use GPU: cuda:0
>>>>>>>start training : mirae_Linear_NLinear_mirae_ftM_sl72_ll48_pl12_dm512_nh8_el2_dl1_df2048_fc1_ebtimeF_dtTrue_Exp_0>>>>>>>>>>>>>>>>>>>>>>>>>>
train 4552
val 975
test 976
	iters: 100, epoch: 1 | loss: 0.0270814
	speed: 0.0300s/iter; left time: 82.3525s
Epoch: 1 cost time: 3.3312556743621826
Epoch: 1, Steps: 142 | Train Loss: 0.0187510 Vali Loss: 0.0056566 Test Loss: 0.0059683
Validation loss decreased (inf --> 0.005657).  Saving model ...
Updating learning rate to 0.005
	iters: 100, epoch: 2 | loss: 0.0098034
	speed: 0.0378s/iter; left time: 98.2034s
Epoch: 2 cost time: 1.7553884983062744
Epoch: 2, Steps: 142 | Train Loss: 0.0133232 Vali Loss: 0.0044298 Test Loss: 0.0045790
Validation loss decreased (0.005657 --> 0.004430).  Saving model ...
Updating learning rate to 0.0025
	iters: 100, epoch: 3 | loss: 0.0145594
	speed: 0.0397s/iter; left time: 97.4934s
Epoch: 3 cost time: 1.8431015014648438
Epoch: 3, Steps: 142 | Train Loss: 0.0117670 Vali Loss: 0.0043093 Test Loss: 0.0042880
Validation loss decreased (0.004430 --> 0.004309).  Saving model ...
Updating learning rate to 0.00125
	iters: 100, epoch: 4 | loss: 0.0068653
	speed: 0.0395s/iter; left time: 91.5006s
Epoch: 4 cost time: 1.7049229145050049
Epoch: 4, Steps: 142 | Train Loss: 0.0113248 Vali Loss: 0.0044088 Test Loss: 0.0042935
EarlyStopping counter: 1 out of 3
Updating learning rate to 0.000625
	iters: 100, epoch: 5 | loss: 0.0080062
	speed: 0.0407s/iter; left time: 88.5257s
Epoch: 5 cost time: 1.9012548923492432
Epoch: 5, Steps: 142 | Train Loss: 0.0111292 Vali Loss: 0.0043537 Test Loss: 0.0042181
EarlyStopping counter: 2 out of 3
Updating learning rate to 0.0003125
	iters: 100, epoch: 6 | loss: 0.0218695
	speed: 0.0414s/iter; left time: 84.1598s
Epoch: 6 cost time: 1.8807344436645508
Epoch: 6, Steps: 142 | Train Loss: 0.0110524 Vali Loss: 0.0043713 Test Loss: 0.0042169
EarlyStopping counter: 3 out of 3
Early stopping
>>>>>>>testing : mirae_Linear_NLinear_mirae_ftM_sl72_ll48_pl12_dm512_nh8_el2_dl1_df2048_fc1_ebtimeF_dtTrue_Exp_0<<<<<<<<<<<<<<<<<<<<<<<<<<<<<<<<<
test 976
mse:0.004288, mae:0.04892
