Args in experiment:
Namespace(ver='TWM', is_training=1, model_id='mirae_Linear', model='NLinear', data='mirae', root_path='./data/ETT/', data_path='ETTh1.csv', features='M', target='OT', freq='h', checkpoints='./checkpoints/', seq_len=72, label_len=48, pred_len=12, individual=False, embed_type=0, enc_in=7, dec_in=7, c_out=7, d_model=512, n_heads=8, e_layers=2, d_layers=1, d_ff=2048, moving_avg=25, factor=1, distil=True, dropout=0.05, embed='timeF', activation='gelu', output_attention=False, do_predict=False, num_workers=10, itr=1, train_epochs=20, batch_size=32, patience=3, learning_rate=0.005, des='Exp', loss='mse', lradj='type1', use_amp=False, use_gpu=True, gpu=0, use_multi_gpu=False, devices='0,1,2,3', test_flop=False)
Use GPU: cuda:0
>>>>>>>start training : mirae_Linear_NLinear_mirae_ftM_sl72_ll48_pl12_dm512_nh8_el2_dl1_df2048_fc1_ebtimeF_dtTrue_Exp_0>>>>>>>>>>>>>>>>>>>>>>>>>>
train 4552
val 975
test 976
	iters: 100, epoch: 1 | loss: 0.0067396
	speed: 0.0320s/iter; left time: 87.6947s
Epoch: 1 cost time: 3.537442445755005
Epoch: 1, Steps: 142 | Train Loss: 0.0139544 Vali Loss: 0.0023806 Test Loss: 0.0021432
Validation loss decreased (inf --> 0.002381).  Saving model ...
Updating learning rate to 0.005
	iters: 100, epoch: 2 | loss: 0.0044704
	speed: 0.0441s/iter; left time: 114.5188s
Epoch: 2 cost time: 2.0149691104888916
Epoch: 2, Steps: 142 | Train Loss: 0.0061661 Vali Loss: 0.0018657 Test Loss: 0.0018041
Validation loss decreased (0.002381 --> 0.001866).  Saving model ...
Updating learning rate to 0.0025
	iters: 100, epoch: 3 | loss: 0.0041687
	speed: 0.0476s/iter; left time: 117.0443s
Epoch: 3 cost time: 1.9851047992706299
Epoch: 3, Steps: 142 | Train Loss: 0.0050136 Vali Loss: 0.0017082 Test Loss: 0.0015296
Validation loss decreased (0.001866 --> 0.001708).  Saving model ...
Updating learning rate to 0.00125
	iters: 100, epoch: 4 | loss: 0.0059319
	speed: 0.0499s/iter; left time: 115.4391s
Epoch: 4 cost time: 2.3838257789611816
Epoch: 4, Steps: 142 | Train Loss: 0.0044157 Vali Loss: 0.0016366 Test Loss: 0.0014196
Validation loss decreased (0.001708 --> 0.001637).  Saving model ...
Updating learning rate to 0.000625
	iters: 100, epoch: 5 | loss: 0.0029763
	speed: 0.0516s/iter; left time: 112.0569s
Epoch: 5 cost time: 2.142838716506958
Epoch: 5, Steps: 142 | Train Loss: 0.0041365 Vali Loss: 0.0015471 Test Loss: 0.0012788
Validation loss decreased (0.001637 --> 0.001547).  Saving model ...
Updating learning rate to 0.0003125
	iters: 100, epoch: 6 | loss: 0.0031618
	speed: 0.0517s/iter; left time: 105.1000s
Epoch: 6 cost time: 2.2120232582092285
Epoch: 6, Steps: 142 | Train Loss: 0.0039549 Vali Loss: 0.0015626 Test Loss: 0.0013364
EarlyStopping counter: 1 out of 3
Updating learning rate to 0.00015625
	iters: 100, epoch: 7 | loss: 0.0056649
	speed: 0.0512s/iter; left time: 96.6707s
Epoch: 7 cost time: 2.207160472869873
Epoch: 7, Steps: 142 | Train Loss: 0.0039001 Vali Loss: 0.0015349 Test Loss: 0.0012809
Validation loss decreased (0.001547 --> 0.001535).  Saving model ...
Updating learning rate to 7.8125e-05
	iters: 100, epoch: 8 | loss: 0.0024490
	speed: 0.0515s/iter; left time: 89.9594s
Epoch: 8 cost time: 2.0917346477508545
Epoch: 8, Steps: 142 | Train Loss: 0.0038613 Vali Loss: 0.0015076 Test Loss: 0.0012713
Validation loss decreased (0.001535 --> 0.001508).  Saving model ...
Updating learning rate to 3.90625e-05
	iters: 100, epoch: 9 | loss: 0.0039244
	speed: 0.0514s/iter; left time: 82.4783s
Epoch: 9 cost time: 2.28338623046875
Epoch: 9, Steps: 142 | Train Loss: 0.0038327 Vali Loss: 0.0015298 Test Loss: 0.0012745
EarlyStopping counter: 1 out of 3
Updating learning rate to 1.953125e-05
	iters: 100, epoch: 10 | loss: 0.0042895
	speed: 0.0497s/iter; left time: 72.6816s
Epoch: 10 cost time: 2.146956205368042
Epoch: 10, Steps: 142 | Train Loss: 0.0038229 Vali Loss: 0.0015148 Test Loss: 0.0012743
EarlyStopping counter: 2 out of 3
Updating learning rate to 9.765625e-06
	iters: 100, epoch: 11 | loss: 0.0030993
	speed: 0.0483s/iter; left time: 63.8372s
Epoch: 11 cost time: 2.1747801303863525
Epoch: 11, Steps: 142 | Train Loss: 0.0038183 Vali Loss: 0.0015114 Test Loss: 0.0012732
EarlyStopping counter: 3 out of 3
Early stopping
>>>>>>>testing : mirae_Linear_NLinear_mirae_ftM_sl72_ll48_pl12_dm512_nh8_el2_dl1_df2048_fc1_ebtimeF_dtTrue_Exp_0<<<<<<<<<<<<<<<<<<<<<<<<<<<<<<<<<
test 976
mse:0.001271, mae:0.02534
