Args in experiment:
Namespace(ver='D', is_training=1, model_id='mirae_Linear', model='NLinear', data='mirae', root_path='./data/ETT/', data_path='ETTh1.csv', features='M', target='OT', freq='h', checkpoints='./checkpoints/', seq_len=72, label_len=48, pred_len=12, individual=False, embed_type=0, enc_in=7, dec_in=7, c_out=7, d_model=512, n_heads=8, e_layers=2, d_layers=1, d_ff=2048, moving_avg=25, factor=1, distil=True, dropout=0.05, embed='timeF', activation='gelu', output_attention=False, do_predict=False, num_workers=10, itr=1, train_epochs=20, batch_size=32, patience=3, learning_rate=0.005, des='Exp', loss='mse', lradj='type1', use_amp=False, use_gpu=True, gpu=0, use_multi_gpu=False, devices='0,1,2,3', test_flop=False)
Use GPU: cuda:0
>>>>>>>start training : mirae_Linear_NLinear_mirae_ftM_sl72_ll48_pl12_dm512_nh8_el2_dl1_df2048_fc1_ebtimeF_dtTrue_Exp_0>>>>>>>>>>>>>>>>>>>>>>>>>>
train 4552
val 975
test 976
	iters: 100, epoch: 1 | loss: 0.0054773
	speed: 0.0201s/iter; left time: 54.9692s
Epoch: 1 cost time: 2.296043634414673
Epoch: 1, Steps: 142 | Train Loss: 0.0068458 Vali Loss: 0.0024754 Test Loss: 0.0023535
Validation loss decreased (inf --> 0.002475).  Saving model ...
Updating learning rate to 0.005
	iters: 100, epoch: 2 | loss: 0.0047520
	speed: 0.0319s/iter; left time: 82.8981s
Epoch: 2 cost time: 1.4590787887573242
Epoch: 2, Steps: 142 | Train Loss: 0.0048040 Vali Loss: 0.0019282 Test Loss: 0.0020591
Validation loss decreased (0.002475 --> 0.001928).  Saving model ...
Updating learning rate to 0.0025
	iters: 100, epoch: 3 | loss: 0.0047345
	speed: 0.0350s/iter; left time: 85.9844s
Epoch: 3 cost time: 1.6271424293518066
Epoch: 3, Steps: 142 | Train Loss: 0.0042923 Vali Loss: 0.0015981 Test Loss: 0.0016259
Validation loss decreased (0.001928 --> 0.001598).  Saving model ...
Updating learning rate to 0.00125
	iters: 100, epoch: 4 | loss: 0.0024460
	speed: 0.0352s/iter; left time: 81.4151s
Epoch: 4 cost time: 1.4846687316894531
Epoch: 4, Steps: 142 | Train Loss: 0.0039967 Vali Loss: 0.0014526 Test Loss: 0.0015449
Validation loss decreased (0.001598 --> 0.001453).  Saving model ...
Updating learning rate to 0.000625
	iters: 100, epoch: 5 | loss: 0.0058874
	speed: 0.0351s/iter; left time: 76.2477s
Epoch: 5 cost time: 1.465616226196289
Epoch: 5, Steps: 142 | Train Loss: 0.0038266 Vali Loss: 0.0015158 Test Loss: 0.0014844
EarlyStopping counter: 1 out of 3
Updating learning rate to 0.0003125
	iters: 100, epoch: 6 | loss: 0.0031366
	speed: 0.0336s/iter; left time: 68.2737s
Epoch: 6 cost time: 1.4907011985778809
Epoch: 6, Steps: 142 | Train Loss: 0.0037646 Vali Loss: 0.0014494 Test Loss: 0.0014427
Validation loss decreased (0.001453 --> 0.001449).  Saving model ...
Updating learning rate to 0.00015625
	iters: 100, epoch: 7 | loss: 0.0034047
	speed: 0.0356s/iter; left time: 67.1920s
Epoch: 7 cost time: 1.6499111652374268
Epoch: 7, Steps: 142 | Train Loss: 0.0037161 Vali Loss: 0.0014399 Test Loss: 0.0014232
Validation loss decreased (0.001449 --> 0.001440).  Saving model ...
Updating learning rate to 7.8125e-05
	iters: 100, epoch: 8 | loss: 0.0050037
	speed: 0.0312s/iter; left time: 54.4702s
Epoch: 8 cost time: 1.4582610130310059
Epoch: 8, Steps: 142 | Train Loss: 0.0036900 Vali Loss: 0.0014587 Test Loss: 0.0014371
EarlyStopping counter: 1 out of 3
Updating learning rate to 3.90625e-05
	iters: 100, epoch: 9 | loss: 0.0027693
	speed: 0.0324s/iter; left time: 52.0605s
Epoch: 9 cost time: 1.406280517578125
Epoch: 9, Steps: 142 | Train Loss: 0.0036772 Vali Loss: 0.0014459 Test Loss: 0.0014300
EarlyStopping counter: 2 out of 3
Updating learning rate to 1.953125e-05
	iters: 100, epoch: 10 | loss: 0.0026902
	speed: 0.0309s/iter; left time: 45.2043s
Epoch: 10 cost time: 1.4095730781555176
Epoch: 10, Steps: 142 | Train Loss: 0.0036712 Vali Loss: 0.0014557 Test Loss: 0.0014330
EarlyStopping counter: 3 out of 3
Early stopping
>>>>>>>testing : mirae_Linear_NLinear_mirae_ftM_sl72_ll48_pl12_dm512_nh8_el2_dl1_df2048_fc1_ebtimeF_dtTrue_Exp_0<<<<<<<<<<<<<<<<<<<<<<<<<<<<<<<<<
test 976
mse:0.001423, mae:0.02611
