Args in experiment:
Namespace(ver='TWM', is_training=1, model_id='mirae_Linear', model='NLinear', data='mirae', root_path='./data/ETT/', data_path='ETTh1.csv', features='M', target='OT', freq='h', checkpoints='./checkpoints/', seq_len=72, label_len=48, pred_len=12, individual=False, embed_type=0, enc_in=7, dec_in=7, c_out=7, d_model=512, n_heads=8, e_layers=2, d_layers=1, d_ff=2048, moving_avg=25, factor=1, distil=True, dropout=0.05, embed='timeF', activation='gelu', output_attention=False, do_predict=False, num_workers=10, itr=1, train_epochs=20, batch_size=32, patience=3, learning_rate=0.005, des='Exp', loss='mse', lradj='type1', use_amp=False, use_gpu=True, gpu=0, use_multi_gpu=False, devices='0,1,2,3', test_flop=False)
Use GPU: cuda:0
>>>>>>>start training : mirae_Linear_NLinear_mirae_ftM_sl72_ll48_pl12_dm512_nh8_el2_dl1_df2048_fc1_ebtimeF_dtTrue_Exp_0>>>>>>>>>>>>>>>>>>>>>>>>>>
train 4552
val 975
test 976
	iters: 100, epoch: 1 | loss: 0.0142170
	speed: 0.0298s/iter; left time: 81.7925s
Epoch: 1 cost time: 3.2664132118225098
Epoch: 1, Steps: 142 | Train Loss: 0.0111157 Vali Loss: 0.0026137 Test Loss: 0.0025186
Validation loss decreased (inf --> 0.002614).  Saving model ...
Updating learning rate to 0.005
	iters: 100, epoch: 2 | loss: 0.0055042
	speed: 0.0376s/iter; left time: 97.5963s
Epoch: 2 cost time: 1.798652172088623
Epoch: 2, Steps: 142 | Train Loss: 0.0072058 Vali Loss: 0.0024441 Test Loss: 0.0025523
Validation loss decreased (0.002614 --> 0.002444).  Saving model ...
Updating learning rate to 0.0025
	iters: 100, epoch: 3 | loss: 0.0069566
	speed: 0.0388s/iter; left time: 95.3369s
Epoch: 3 cost time: 1.7275681495666504
Epoch: 3, Steps: 142 | Train Loss: 0.0067945 Vali Loss: 0.0022723 Test Loss: 0.0022779
Validation loss decreased (0.002444 --> 0.002272).  Saving model ...
Updating learning rate to 0.00125
	iters: 100, epoch: 4 | loss: 0.0042045
	speed: 0.0435s/iter; left time: 100.6693s
Epoch: 4 cost time: 1.731478214263916
Epoch: 4, Steps: 142 | Train Loss: 0.0065788 Vali Loss: 0.0022652 Test Loss: 0.0021963
Validation loss decreased (0.002272 --> 0.002265).  Saving model ...
Updating learning rate to 0.000625
	iters: 100, epoch: 5 | loss: 0.0065248
	speed: 0.0409s/iter; left time: 88.8017s
Epoch: 5 cost time: 1.7151620388031006
Epoch: 5, Steps: 142 | Train Loss: 0.0065589 Vali Loss: 0.0022371 Test Loss: 0.0022080
Validation loss decreased (0.002265 --> 0.002237).  Saving model ...
Updating learning rate to 0.0003125
	iters: 100, epoch: 6 | loss: 0.0038557
	speed: 0.0388s/iter; left time: 78.7782s
Epoch: 6 cost time: 1.8451600074768066
Epoch: 6, Steps: 142 | Train Loss: 0.0064854 Vali Loss: 0.0022510 Test Loss: 0.0021994
EarlyStopping counter: 1 out of 3
Updating learning rate to 0.00015625
	iters: 100, epoch: 7 | loss: 0.0065669
	speed: 0.0444s/iter; left time: 83.8844s
Epoch: 7 cost time: 1.8654911518096924
Epoch: 7, Steps: 142 | Train Loss: 0.0064305 Vali Loss: 0.0022307 Test Loss: 0.0022021
Validation loss decreased (0.002237 --> 0.002231).  Saving model ...
Updating learning rate to 7.8125e-05
	iters: 100, epoch: 8 | loss: 0.0104824
	speed: 0.0426s/iter; left time: 74.4817s
Epoch: 8 cost time: 2.2007617950439453
Epoch: 8, Steps: 142 | Train Loss: 0.0064392 Vali Loss: 0.0022430 Test Loss: 0.0021966
EarlyStopping counter: 1 out of 3
Updating learning rate to 3.90625e-05
	iters: 100, epoch: 9 | loss: 0.0041022
	speed: 0.0446s/iter; left time: 71.6314s
Epoch: 9 cost time: 1.8588664531707764
Epoch: 9, Steps: 142 | Train Loss: 0.0064512 Vali Loss: 0.0022373 Test Loss: 0.0022029
EarlyStopping counter: 2 out of 3
Updating learning rate to 1.953125e-05
	iters: 100, epoch: 10 | loss: 0.0047908
	speed: 0.0408s/iter; left time: 59.6699s
Epoch: 10 cost time: 1.7099008560180664
Epoch: 10, Steps: 142 | Train Loss: 0.0064460 Vali Loss: 0.0022518 Test Loss: 0.0022002
EarlyStopping counter: 3 out of 3
Early stopping
>>>>>>>testing : mirae_Linear_NLinear_mirae_ftM_sl72_ll48_pl12_dm512_nh8_el2_dl1_df2048_fc1_ebtimeF_dtTrue_Exp_0<<<<<<<<<<<<<<<<<<<<<<<<<<<<<<<<<
test 976
mse:0.002202, mae:0.03100
