Args in experiment:
Namespace(ver='TWM-2', is_training=1, model_id='mirae_Linear', model='DLinear_T', data='mirae', root_path='./data/ETT/', data_path='ETTh1.csv', features='M', target='OT', freq='h', checkpoints='./checkpoints/', seq_len=72, label_len=48, pred_len=12, individual=False, embed_type=0, enc_in=7, dec_in=7, c_out=7, d_model=512, n_heads=8, e_layers=2, d_layers=1, d_ff=2048, moving_avg=25, factor=1, distil=True, dropout=0.05, embed='timeF', activation='gelu', output_attention=False, do_predict=False, num_workers=10, itr=1, train_epochs=20, batch_size=32, patience=3, learning_rate=0.005, des='Exp', loss='mse', lradj='type1', use_amp=False, use_gpu=True, gpu=0, use_multi_gpu=False, devices='0,1,2,3', test_flop=False)
Use GPU: cuda:0
>>>>>>>start training : mirae_Linear_DLinear_T_mirae_ftM_sl72_ll48_pl12_dm512_nh8_el2_dl1_df2048_fc1_ebtimeF_dtTrue_Exp_0>>>>>>>>>>>>>>>>>>>>>>>>>>
train 4552
val 975
test 976
	iters: 100, epoch: 1 | loss: 0.0121780
	speed: 0.0338s/iter; left time: 92.7388s
Epoch: 1 cost time: 3.7741856575012207
Epoch: 1, Steps: 142 | Train Loss: 0.0347359 Vali Loss: 0.0065596 Test Loss: 0.0082097
Validation loss decreased (inf --> 0.006560).  Saving model ...
Updating learning rate to 0.005
	iters: 100, epoch: 2 | loss: 0.0200561
	speed: 0.0416s/iter; left time: 108.1193s
Epoch: 2 cost time: 2.0371930599212646
Epoch: 2, Steps: 142 | Train Loss: 0.0134819 Vali Loss: 0.0067305 Test Loss: 0.0069891
EarlyStopping counter: 1 out of 3
Updating learning rate to 0.0025
	iters: 100, epoch: 3 | loss: 0.0086899
	speed: 0.0413s/iter; left time: 101.5196s
Epoch: 3 cost time: 2.0258536338806152
Epoch: 3, Steps: 142 | Train Loss: 0.0095730 Vali Loss: 0.0040791 Test Loss: 0.0046948
Validation loss decreased (0.006560 --> 0.004079).  Saving model ...
Updating learning rate to 0.00125
	iters: 100, epoch: 4 | loss: 0.0066470
	speed: 0.0438s/iter; left time: 101.3166s
Epoch: 4 cost time: 2.1879045963287354
Epoch: 4, Steps: 142 | Train Loss: 0.0082300 Vali Loss: 0.0032589 Test Loss: 0.0037190
Validation loss decreased (0.004079 --> 0.003259).  Saving model ...
Updating learning rate to 0.000625
	iters: 100, epoch: 5 | loss: 0.0048998
	speed: 0.0428s/iter; left time: 93.0765s
Epoch: 5 cost time: 1.9327797889709473
Epoch: 5, Steps: 142 | Train Loss: 0.0074819 Vali Loss: 0.0031106 Test Loss: 0.0033948
Validation loss decreased (0.003259 --> 0.003111).  Saving model ...
Updating learning rate to 0.0003125
	iters: 100, epoch: 6 | loss: 0.0046172
	speed: 0.0411s/iter; left time: 83.5241s
Epoch: 6 cost time: 2.1832685470581055
Epoch: 6, Steps: 142 | Train Loss: 0.0068784 Vali Loss: 0.0028362 Test Loss: 0.0031294
Validation loss decreased (0.003111 --> 0.002836).  Saving model ...
Updating learning rate to 0.00015625
	iters: 100, epoch: 7 | loss: 0.0067689
	speed: 0.0413s/iter; left time: 78.0862s
Epoch: 7 cost time: 1.8781347274780273
Epoch: 7, Steps: 142 | Train Loss: 0.0066950 Vali Loss: 0.0027824 Test Loss: 0.0030457
Validation loss decreased (0.002836 --> 0.002782).  Saving model ...
Updating learning rate to 7.8125e-05
	iters: 100, epoch: 8 | loss: 0.0072193
	speed: 0.0404s/iter; left time: 70.6356s
Epoch: 8 cost time: 1.9683539867401123
Epoch: 8, Steps: 142 | Train Loss: 0.0065512 Vali Loss: 0.0027012 Test Loss: 0.0029681
Validation loss decreased (0.002782 --> 0.002701).  Saving model ...
Updating learning rate to 3.90625e-05
	iters: 100, epoch: 9 | loss: 0.0060984
	speed: 0.0405s/iter; left time: 64.9438s
Epoch: 9 cost time: 1.9784917831420898
Epoch: 9, Steps: 142 | Train Loss: 0.0065362 Vali Loss: 0.0027404 Test Loss: 0.0029716
EarlyStopping counter: 1 out of 3
Updating learning rate to 1.953125e-05
	iters: 100, epoch: 10 | loss: 0.0084390
	speed: 0.0392s/iter; left time: 57.2870s
Epoch: 10 cost time: 1.867964506149292
Epoch: 10, Steps: 142 | Train Loss: 0.0065141 Vali Loss: 0.0027143 Test Loss: 0.0029362
EarlyStopping counter: 2 out of 3
Updating learning rate to 9.765625e-06
	iters: 100, epoch: 11 | loss: 0.0096790
	speed: 0.0387s/iter; left time: 51.0645s
Epoch: 11 cost time: 1.7758076190948486
Epoch: 11, Steps: 142 | Train Loss: 0.0064854 Vali Loss: 0.0027221 Test Loss: 0.0029272
EarlyStopping counter: 3 out of 3
Early stopping
>>>>>>>testing : mirae_Linear_DLinear_T_mirae_ftM_sl72_ll48_pl12_dm512_nh8_el2_dl1_df2048_fc1_ebtimeF_dtTrue_Exp_0<<<<<<<<<<<<<<<<<<<<<<<<<<<<<<<<<
test 976
mse:0.002968, mae:0.04202
