Args in experiment:
Namespace(ver='TWM', is_training=1, model_id='mirae_Linear', model='DLinear_S', data='mirae', root_path='./data/ETT/', data_path='ETTh1.csv', features='M', target='OT', freq='h', checkpoints='./checkpoints/', seq_len=72, label_len=48, pred_len=12, individual=False, embed_type=0, enc_in=7, dec_in=7, c_out=7, d_model=512, n_heads=8, e_layers=2, d_layers=1, d_ff=2048, moving_avg=25, factor=1, distil=True, dropout=0.05, embed='timeF', activation='gelu', output_attention=False, do_predict=False, num_workers=10, itr=1, train_epochs=20, batch_size=32, patience=3, learning_rate=0.005, des='Exp', loss='mse', lradj='type1', use_amp=False, use_gpu=True, gpu=0, use_multi_gpu=False, devices='0,1,2,3', test_flop=False)
Use GPU: cuda:0
>>>>>>>start training : mirae_Linear_DLinear_S_mirae_ftM_sl72_ll48_pl12_dm512_nh8_el2_dl1_df2048_fc1_ebtimeF_dtTrue_Exp_0>>>>>>>>>>>>>>>>>>>>>>>>>>
train 4552
val 975
test 976
	iters: 100, epoch: 1 | loss: 0.0179311
	speed: 0.0341s/iter; left time: 93.5399s
Epoch: 1 cost time: 3.7206127643585205
Epoch: 1, Steps: 142 | Train Loss: 0.0197092 Vali Loss: 0.0037786 Test Loss: 0.0043818
Validation loss decreased (inf --> 0.003779).  Saving model ...
Updating learning rate to 0.005
	iters: 100, epoch: 2 | loss: 0.0070159
	speed: 0.0446s/iter; left time: 115.9796s
Epoch: 2 cost time: 1.9914076328277588
Epoch: 2, Steps: 142 | Train Loss: 0.0101332 Vali Loss: 0.0030498 Test Loss: 0.0033838
Validation loss decreased (0.003779 --> 0.003050).  Saving model ...
Updating learning rate to 0.0025
	iters: 100, epoch: 3 | loss: 0.0157039
	speed: 0.0443s/iter; left time: 108.9564s
Epoch: 3 cost time: 1.9398963451385498
Epoch: 3, Steps: 142 | Train Loss: 0.0086799 Vali Loss: 0.0026216 Test Loss: 0.0029611
Validation loss decreased (0.003050 --> 0.002622).  Saving model ...
Updating learning rate to 0.00125
	iters: 100, epoch: 4 | loss: 0.0053879
	speed: 0.0448s/iter; left time: 103.6927s
Epoch: 4 cost time: 2.0439414978027344
Epoch: 4, Steps: 142 | Train Loss: 0.0081012 Vali Loss: 0.0026505 Test Loss: 0.0029764
EarlyStopping counter: 1 out of 3
Updating learning rate to 0.000625
	iters: 100, epoch: 5 | loss: 0.0068380
	speed: 0.0447s/iter; left time: 97.0955s
Epoch: 5 cost time: 1.9433293342590332
Epoch: 5, Steps: 142 | Train Loss: 0.0078805 Vali Loss: 0.0025826 Test Loss: 0.0028776
Validation loss decreased (0.002622 --> 0.002583).  Saving model ...
Updating learning rate to 0.0003125
	iters: 100, epoch: 6 | loss: 0.0122008
	speed: 0.0438s/iter; left time: 88.9110s
Epoch: 6 cost time: 2.0099265575408936
Epoch: 6, Steps: 142 | Train Loss: 0.0077550 Vali Loss: 0.0025725 Test Loss: 0.0028695
Validation loss decreased (0.002583 --> 0.002573).  Saving model ...
Updating learning rate to 0.00015625
	iters: 100, epoch: 7 | loss: 0.0125480
	speed: 0.0431s/iter; left time: 81.3678s
Epoch: 7 cost time: 2.0089919567108154
Epoch: 7, Steps: 142 | Train Loss: 0.0077066 Vali Loss: 0.0026247 Test Loss: 0.0028880
EarlyStopping counter: 1 out of 3
Updating learning rate to 7.8125e-05
	iters: 100, epoch: 8 | loss: 0.0032313
	speed: 0.0418s/iter; left time: 73.0187s
Epoch: 8 cost time: 1.7232625484466553
Epoch: 8, Steps: 142 | Train Loss: 0.0076650 Vali Loss: 0.0026605 Test Loss: 0.0029090
EarlyStopping counter: 2 out of 3
Updating learning rate to 3.90625e-05
	iters: 100, epoch: 9 | loss: 0.0038806
	speed: 0.0418s/iter; left time: 67.0161s
Epoch: 9 cost time: 1.9045283794403076
Epoch: 9, Steps: 142 | Train Loss: 0.0076580 Vali Loss: 0.0025803 Test Loss: 0.0028645
EarlyStopping counter: 3 out of 3
Early stopping
>>>>>>>testing : mirae_Linear_DLinear_S_mirae_ftM_sl72_ll48_pl12_dm512_nh8_el2_dl1_df2048_fc1_ebtimeF_dtTrue_Exp_0<<<<<<<<<<<<<<<<<<<<<<<<<<<<<<<<<
test 976
mse:0.002869, mae:0.04019
