Args in experiment:
Namespace(ver='TWM', is_training=1, model_id='mirae_Linear', model='DLinear', data='mirae', root_path='./data/ETT/', data_path='ETTh1.csv', features='M', target='OT', freq='h', checkpoints='./checkpoints/', seq_len=72, label_len=48, pred_len=12, individual=False, embed_type=0, enc_in=7, dec_in=7, c_out=7, d_model=512, n_heads=8, e_layers=2, d_layers=1, d_ff=2048, moving_avg=25, factor=1, distil=True, dropout=0.05, embed='timeF', activation='gelu', output_attention=False, do_predict=False, num_workers=10, itr=1, train_epochs=20, batch_size=32, patience=3, learning_rate=0.005, des='Exp', loss='mse', lradj='type1', use_amp=False, use_gpu=True, gpu=0, use_multi_gpu=False, devices='0,1,2,3', test_flop=False)
Use GPU: cuda:0
>>>>>>>start training : mirae_Linear_DLinear_mirae_ftM_sl72_ll48_pl12_dm512_nh8_el2_dl1_df2048_fc1_ebtimeF_dtTrue_Exp_0>>>>>>>>>>>>>>>>>>>>>>>>>>
train 4552
val 975
test 976
	iters: 100, epoch: 1 | loss: 0.0476633
	speed: 0.0284s/iter; left time: 77.7215s
Epoch: 1 cost time: 3.139948844909668
Epoch: 1, Steps: 142 | Train Loss: 0.0387200 Vali Loss: 0.0226453 Test Loss: 0.0266658
Validation loss decreased (inf --> 0.022645).  Saving model ...
Updating learning rate to 0.005
	iters: 100, epoch: 2 | loss: 0.0111510
	speed: 0.0458s/iter; left time: 119.0850s
Epoch: 2 cost time: 1.9163670539855957
Epoch: 2, Steps: 142 | Train Loss: 0.0121018 Vali Loss: 0.0028986 Test Loss: 0.0029865
Validation loss decreased (0.022645 --> 0.002899).  Saving model ...
Updating learning rate to 0.0025
	iters: 100, epoch: 3 | loss: 0.0038782
	speed: 0.0447s/iter; left time: 109.7907s
Epoch: 3 cost time: 2.15236234664917
Epoch: 3, Steps: 142 | Train Loss: 0.0067791 Vali Loss: 0.0021371 Test Loss: 0.0023799
Validation loss decreased (0.002899 --> 0.002137).  Saving model ...
Updating learning rate to 0.00125
	iters: 100, epoch: 4 | loss: 0.0049566
	speed: 0.0465s/iter; left time: 107.7005s
Epoch: 4 cost time: 1.7581586837768555
Epoch: 4, Steps: 142 | Train Loss: 0.0064679 Vali Loss: 0.0024036 Test Loss: 0.0025044
EarlyStopping counter: 1 out of 3
Updating learning rate to 0.000625
	iters: 100, epoch: 5 | loss: 0.0040905
	speed: 0.0455s/iter; left time: 98.9063s
Epoch: 5 cost time: 2.0553457736968994
Epoch: 5, Steps: 142 | Train Loss: 0.0062630 Vali Loss: 0.0022583 Test Loss: 0.0024255
EarlyStopping counter: 2 out of 3
Updating learning rate to 0.0003125
	iters: 100, epoch: 6 | loss: 0.0154720
	speed: 0.0420s/iter; left time: 85.3707s
Epoch: 6 cost time: 1.869840383529663
Epoch: 6, Steps: 142 | Train Loss: 0.0061641 Vali Loss: 0.0022129 Test Loss: 0.0024674
EarlyStopping counter: 3 out of 3
Early stopping
>>>>>>>testing : mirae_Linear_DLinear_mirae_ftM_sl72_ll48_pl12_dm512_nh8_el2_dl1_df2048_fc1_ebtimeF_dtTrue_Exp_0<<<<<<<<<<<<<<<<<<<<<<<<<<<<<<<<<
test 976
mse:0.002380, mae:0.03483
