Args in experiment:
Namespace(ver='TWM-2', is_training=1, model_id='mirae_Linear', model='DLinear_S', data='mirae', root_path='./data/ETT/', data_path='ETTh1.csv', features='M', target='OT', freq='h', checkpoints='./checkpoints/', seq_len=72, label_len=48, pred_len=12, individual=False, embed_type=0, enc_in=7, dec_in=7, c_out=7, d_model=512, n_heads=8, e_layers=2, d_layers=1, d_ff=2048, moving_avg=25, factor=1, distil=True, dropout=0.05, embed='timeF', activation='gelu', output_attention=False, do_predict=False, num_workers=10, itr=1, train_epochs=20, batch_size=32, patience=3, learning_rate=0.005, des='Exp', loss='mse', lradj='type1', use_amp=False, use_gpu=True, gpu=0, use_multi_gpu=False, devices='0,1,2,3', test_flop=False)
Use GPU: cuda:0
>>>>>>>start training : mirae_Linear_DLinear_S_mirae_ftM_sl72_ll48_pl12_dm512_nh8_el2_dl1_df2048_fc1_ebtimeF_dtTrue_Exp_0>>>>>>>>>>>>>>>>>>>>>>>>>>
train 4552
val 975
test 976
	iters: 100, epoch: 1 | loss: 0.0065167
	speed: 0.0381s/iter; left time: 104.3194s
Epoch: 1 cost time: 4.1526501178741455
Epoch: 1, Steps: 142 | Train Loss: 0.0122848 Vali Loss: 0.0017789 Test Loss: 0.0016530
Validation loss decreased (inf --> 0.001779).  Saving model ...
Updating learning rate to 0.005
	iters: 100, epoch: 2 | loss: 0.0052482
	speed: 0.0447s/iter; left time: 116.1139s
Epoch: 2 cost time: 2.101531744003296
Epoch: 2, Steps: 142 | Train Loss: 0.0047498 Vali Loss: 0.0014293 Test Loss: 0.0014627
Validation loss decreased (0.001779 --> 0.001429).  Saving model ...
Updating learning rate to 0.0025
	iters: 100, epoch: 3 | loss: 0.0026053
	speed: 0.0421s/iter; left time: 103.4150s
Epoch: 3 cost time: 1.9513657093048096
Epoch: 3, Steps: 142 | Train Loss: 0.0036442 Vali Loss: 0.0012612 Test Loss: 0.0012710
Validation loss decreased (0.001429 --> 0.001261).  Saving model ...
Updating learning rate to 0.00125
	iters: 100, epoch: 4 | loss: 0.0028038
	speed: 0.0392s/iter; left time: 90.8174s
Epoch: 4 cost time: 1.7689907550811768
Epoch: 4, Steps: 142 | Train Loss: 0.0032822 Vali Loss: 0.0014442 Test Loss: 0.0013597
EarlyStopping counter: 1 out of 3
Updating learning rate to 0.000625
	iters: 100, epoch: 5 | loss: 0.0027285
	speed: 0.0439s/iter; left time: 95.3648s
Epoch: 5 cost time: 2.059272527694702
Epoch: 5, Steps: 142 | Train Loss: 0.0030710 Vali Loss: 0.0012307 Test Loss: 0.0012625
Validation loss decreased (0.001261 --> 0.001231).  Saving model ...
Updating learning rate to 0.0003125
	iters: 100, epoch: 6 | loss: 0.0023568
	speed: 0.0405s/iter; left time: 82.3075s
Epoch: 6 cost time: 1.8142411708831787
Epoch: 6, Steps: 142 | Train Loss: 0.0029756 Vali Loss: 0.0012054 Test Loss: 0.0011904
Validation loss decreased (0.001231 --> 0.001205).  Saving model ...
Updating learning rate to 0.00015625
	iters: 100, epoch: 7 | loss: 0.0037057
	speed: 0.0418s/iter; left time: 78.9678s
Epoch: 7 cost time: 1.881328821182251
Epoch: 7, Steps: 142 | Train Loss: 0.0028923 Vali Loss: 0.0011621 Test Loss: 0.0011867
Validation loss decreased (0.001205 --> 0.001162).  Saving model ...
Updating learning rate to 7.8125e-05
	iters: 100, epoch: 8 | loss: 0.0035714
	speed: 0.0398s/iter; left time: 69.5663s
Epoch: 8 cost time: 1.9004933834075928
Epoch: 8, Steps: 142 | Train Loss: 0.0028633 Vali Loss: 0.0011878 Test Loss: 0.0011828
EarlyStopping counter: 1 out of 3
Updating learning rate to 3.90625e-05
	iters: 100, epoch: 9 | loss: 0.0018194
	speed: 0.0400s/iter; left time: 64.2209s
Epoch: 9 cost time: 1.9674344062805176
Epoch: 9, Steps: 142 | Train Loss: 0.0028405 Vali Loss: 0.0011786 Test Loss: 0.0011884
EarlyStopping counter: 2 out of 3
Updating learning rate to 1.953125e-05
	iters: 100, epoch: 10 | loss: 0.0013431
	speed: 0.0388s/iter; left time: 56.7271s
Epoch: 10 cost time: 1.7397570610046387
Epoch: 10, Steps: 142 | Train Loss: 0.0028272 Vali Loss: 0.0011839 Test Loss: 0.0011870
EarlyStopping counter: 3 out of 3
Early stopping
>>>>>>>testing : mirae_Linear_DLinear_S_mirae_ftM_sl72_ll48_pl12_dm512_nh8_el2_dl1_df2048_fc1_ebtimeF_dtTrue_Exp_0<<<<<<<<<<<<<<<<<<<<<<<<<<<<<<<<<
test 976
mse:0.001187, mae:0.02530
