Args in experiment:
Namespace(ver='TWM-2', is_training=1, model_id='mirae_Linear', model='DLinear_T', data='mirae', root_path='./data/ETT/', data_path='ETTh1.csv', features='M', target='OT', freq='h', checkpoints='./checkpoints/', seq_len=72, label_len=48, pred_len=12, individual=False, embed_type=0, enc_in=7, dec_in=7, c_out=7, d_model=512, n_heads=8, e_layers=2, d_layers=1, d_ff=2048, moving_avg=25, factor=1, distil=True, dropout=0.05, embed='timeF', activation='gelu', output_attention=False, do_predict=False, num_workers=10, itr=1, train_epochs=20, batch_size=32, patience=3, learning_rate=0.005, des='Exp', loss='mse', lradj='type1', use_amp=False, use_gpu=True, gpu=0, use_multi_gpu=False, devices='0,1,2,3', test_flop=False)
Use GPU: cuda:0
>>>>>>>start training : mirae_Linear_DLinear_T_mirae_ftM_sl72_ll48_pl12_dm512_nh8_el2_dl1_df2048_fc1_ebtimeF_dtTrue_Exp_0>>>>>>>>>>>>>>>>>>>>>>>>>>
train 4552
val 975
test 976
	iters: 100, epoch: 1 | loss: 0.0061991
	speed: 0.0338s/iter; left time: 92.6508s
Epoch: 1 cost time: 3.6897926330566406
Epoch: 1, Steps: 142 | Train Loss: 0.0129143 Vali Loss: 0.0023222 Test Loss: 0.0024148
Validation loss decreased (inf --> 0.002322).  Saving model ...
Updating learning rate to 0.005
	iters: 100, epoch: 2 | loss: 0.0107521
	speed: 0.0464s/iter; left time: 120.4942s
Epoch: 2 cost time: 1.9462459087371826
Epoch: 2, Steps: 142 | Train Loss: 0.0076689 Vali Loss: 0.0028773 Test Loss: 0.0026990
EarlyStopping counter: 1 out of 3
Updating learning rate to 0.0025
	iters: 100, epoch: 3 | loss: 0.0040121
	speed: 0.0490s/iter; left time: 120.3122s
Epoch: 3 cost time: 2.1403303146362305
Epoch: 3, Steps: 142 | Train Loss: 0.0068849 Vali Loss: 0.0022488 Test Loss: 0.0022306
Validation loss decreased (0.002322 --> 0.002249).  Saving model ...
Updating learning rate to 0.00125
	iters: 100, epoch: 4 | loss: 0.0051590
	speed: 0.0553s/iter; left time: 128.0249s
Epoch: 4 cost time: 2.448781967163086
Epoch: 4, Steps: 142 | Train Loss: 0.0066767 Vali Loss: 0.0024674 Test Loss: 0.0023745
EarlyStopping counter: 1 out of 3
Updating learning rate to 0.000625
	iters: 100, epoch: 5 | loss: 0.0042887
	speed: 0.0518s/iter; left time: 112.5712s
Epoch: 5 cost time: 2.2194323539733887
Epoch: 5, Steps: 142 | Train Loss: 0.0065351 Vali Loss: 0.0022638 Test Loss: 0.0022303
EarlyStopping counter: 2 out of 3
Updating learning rate to 0.0003125
	iters: 100, epoch: 6 | loss: 0.0171476
	speed: 0.0480s/iter; left time: 97.4475s
Epoch: 6 cost time: 2.166247606277466
Epoch: 6, Steps: 142 | Train Loss: 0.0064543 Vali Loss: 0.0022762 Test Loss: 0.0022463
EarlyStopping counter: 3 out of 3
Early stopping
>>>>>>>testing : mirae_Linear_DLinear_T_mirae_ftM_sl72_ll48_pl12_dm512_nh8_el2_dl1_df2048_fc1_ebtimeF_dtTrue_Exp_0<<<<<<<<<<<<<<<<<<<<<<<<<<<<<<<<<
test 976
mse:0.002231, mae:0.03313
