Args in experiment:
Namespace(ver='TWM', is_training=1, model_id='mirae_Linear', model='DLinear_T', data='mirae', root_path='./data/ETT/', data_path='ETTh1.csv', features='M', target='OT', freq='h', checkpoints='./checkpoints/', seq_len=72, label_len=48, pred_len=12, individual=False, embed_type=0, enc_in=7, dec_in=7, c_out=7, d_model=512, n_heads=8, e_layers=2, d_layers=1, d_ff=2048, moving_avg=25, factor=1, distil=True, dropout=0.05, embed='timeF', activation='gelu', output_attention=False, do_predict=False, num_workers=10, itr=1, train_epochs=20, batch_size=32, patience=3, learning_rate=0.005, des='Exp', loss='mse', lradj='type1', use_amp=False, use_gpu=True, gpu=0, use_multi_gpu=False, devices='0,1,2,3', test_flop=False)
Use GPU: cuda:0
>>>>>>>start training : mirae_Linear_DLinear_T_mirae_ftM_sl72_ll48_pl12_dm512_nh8_el2_dl1_df2048_fc1_ebtimeF_dtTrue_Exp_0>>>>>>>>>>>>>>>>>>>>>>>>>>
train 4552
val 975
test 976
	iters: 100, epoch: 1 | loss: 0.0071733
	speed: 0.0326s/iter; left time: 89.2694s
Epoch: 1 cost time: 3.5771803855895996
Epoch: 1, Steps: 142 | Train Loss: 0.0141438 Vali Loss: 0.0024049 Test Loss: 0.0024561
Validation loss decreased (inf --> 0.002405).  Saving model ...
Updating learning rate to 0.005
	iters: 100, epoch: 2 | loss: 0.0095455
	speed: 0.0397s/iter; left time: 103.2358s
Epoch: 2 cost time: 1.7435965538024902
Epoch: 2, Steps: 142 | Train Loss: 0.0073751 Vali Loss: 0.0022797 Test Loss: 0.0022438
Validation loss decreased (0.002405 --> 0.002280).  Saving model ...
Updating learning rate to 0.0025
	iters: 100, epoch: 3 | loss: 0.0038412
	speed: 0.0395s/iter; left time: 97.0850s
Epoch: 3 cost time: 1.7247517108917236
Epoch: 3, Steps: 142 | Train Loss: 0.0068681 Vali Loss: 0.0022762 Test Loss: 0.0022640
Validation loss decreased (0.002280 --> 0.002276).  Saving model ...
Updating learning rate to 0.00125
	iters: 100, epoch: 4 | loss: 0.0079613
	speed: 0.0415s/iter; left time: 96.0310s
Epoch: 4 cost time: 1.8853070735931396
Epoch: 4, Steps: 142 | Train Loss: 0.0065858 Vali Loss: 0.0023639 Test Loss: 0.0022933
EarlyStopping counter: 1 out of 3
Updating learning rate to 0.000625
	iters: 100, epoch: 5 | loss: 0.0042718
	speed: 0.0407s/iter; left time: 88.4802s
Epoch: 5 cost time: 1.8528473377227783
Epoch: 5, Steps: 142 | Train Loss: 0.0064732 Vali Loss: 0.0022482 Test Loss: 0.0022423
Validation loss decreased (0.002276 --> 0.002248).  Saving model ...
Updating learning rate to 0.0003125
	iters: 100, epoch: 6 | loss: 0.0073511
	speed: 0.0408s/iter; left time: 82.8916s
Epoch: 6 cost time: 1.7869682312011719
Epoch: 6, Steps: 142 | Train Loss: 0.0064266 Vali Loss: 0.0022044 Test Loss: 0.0022083
Validation loss decreased (0.002248 --> 0.002204).  Saving model ...
Updating learning rate to 0.00015625
	iters: 100, epoch: 7 | loss: 0.0110944
	speed: 0.0366s/iter; left time: 69.0788s
Epoch: 7 cost time: 1.755371332168579
Epoch: 7, Steps: 142 | Train Loss: 0.0064117 Vali Loss: 0.0022180 Test Loss: 0.0022264
EarlyStopping counter: 1 out of 3
Updating learning rate to 7.8125e-05
	iters: 100, epoch: 8 | loss: 0.0025491
	speed: 0.0395s/iter; left time: 69.0420s
Epoch: 8 cost time: 1.656400203704834
Epoch: 8, Steps: 142 | Train Loss: 0.0063627 Vali Loss: 0.0022403 Test Loss: 0.0022347
EarlyStopping counter: 2 out of 3
Updating learning rate to 3.90625e-05
	iters: 100, epoch: 9 | loss: 0.0031685
	speed: 0.0357s/iter; left time: 57.3022s
Epoch: 9 cost time: 1.707707166671753
Epoch: 9, Steps: 142 | Train Loss: 0.0063623 Vali Loss: 0.0022463 Test Loss: 0.0022275
EarlyStopping counter: 3 out of 3
Early stopping
>>>>>>>testing : mirae_Linear_DLinear_T_mirae_ftM_sl72_ll48_pl12_dm512_nh8_el2_dl1_df2048_fc1_ebtimeF_dtTrue_Exp_0<<<<<<<<<<<<<<<<<<<<<<<<<<<<<<<<<
test 976
mse:0.002208, mae:0.03255
