Args in experiment:
Namespace(ver='TCM', is_training=1, model_id='mirae_Linear', model='DLinear_T', data='mirae', root_path='./data/ETT/', data_path='ETTh1.csv', features='M', target='OT', freq='h', checkpoints='./checkpoints/', seq_len=72, label_len=48, pred_len=12, individual=False, embed_type=0, enc_in=7, dec_in=7, c_out=7, d_model=512, n_heads=8, e_layers=2, d_layers=1, d_ff=2048, moving_avg=25, factor=1, distil=True, dropout=0.05, embed='timeF', activation='gelu', output_attention=False, do_predict=False, num_workers=10, itr=1, train_epochs=20, batch_size=32, patience=3, learning_rate=0.005, des='Exp', loss='mse', lradj='type1', use_amp=False, use_gpu=True, gpu=0, use_multi_gpu=False, devices='0,1,2,3', test_flop=False)
Use GPU: cuda:0
>>>>>>>start training : mirae_Linear_DLinear_T_mirae_ftM_sl72_ll48_pl12_dm512_nh8_el2_dl1_df2048_fc1_ebtimeF_dtTrue_Exp_0>>>>>>>>>>>>>>>>>>>>>>>>>>
train 4552
val 975
test 976
	iters: 100, epoch: 1 | loss: 0.0283514
	speed: 0.0349s/iter; left time: 95.7044s
Epoch: 1 cost time: 3.791973114013672
Epoch: 1, Steps: 142 | Train Loss: 0.0953771 Vali Loss: 0.0114634 Test Loss: 0.0151498
Validation loss decreased (inf --> 0.011463).  Saving model ...
Updating learning rate to 0.005
	iters: 100, epoch: 2 | loss: 0.0368537
	speed: 0.0485s/iter; left time: 126.0575s
Epoch: 2 cost time: 2.2548983097076416
Epoch: 2, Steps: 142 | Train Loss: 0.0266066 Vali Loss: 0.0116218 Test Loss: 0.0149645
EarlyStopping counter: 1 out of 3
Updating learning rate to 0.0025
	iters: 100, epoch: 3 | loss: 0.0161748
	speed: 0.0440s/iter; left time: 108.0003s
Epoch: 3 cost time: 1.944958209991455
Epoch: 3, Steps: 142 | Train Loss: 0.0221099 Vali Loss: 0.0108940 Test Loss: 0.0129340
Validation loss decreased (0.011463 --> 0.010894).  Saving model ...
Updating learning rate to 0.00125
	iters: 100, epoch: 4 | loss: 0.0265514
	speed: 0.0484s/iter; left time: 112.0623s
Epoch: 4 cost time: 2.1464955806732178
Epoch: 4, Steps: 142 | Train Loss: 0.0207722 Vali Loss: 0.0131120 Test Loss: 0.0144249
EarlyStopping counter: 1 out of 3
Updating learning rate to 0.000625
	iters: 100, epoch: 5 | loss: 0.0163643
	speed: 0.0477s/iter; left time: 103.6840s
Epoch: 5 cost time: 2.0174813270568848
Epoch: 5, Steps: 142 | Train Loss: 0.0196012 Vali Loss: 0.0092962 Test Loss: 0.0114891
Validation loss decreased (0.010894 --> 0.009296).  Saving model ...
Updating learning rate to 0.0003125
	iters: 100, epoch: 6 | loss: 0.0167997
	speed: 0.0440s/iter; left time: 89.4573s
Epoch: 6 cost time: 1.9307186603546143
Epoch: 6, Steps: 142 | Train Loss: 0.0191570 Vali Loss: 0.0094772 Test Loss: 0.0115635
EarlyStopping counter: 1 out of 3
Updating learning rate to 0.00015625
	iters: 100, epoch: 7 | loss: 0.0253630
	speed: 0.0417s/iter; left time: 78.7471s
Epoch: 7 cost time: 1.8762004375457764
Epoch: 7, Steps: 142 | Train Loss: 0.0189741 Vali Loss: 0.0108556 Test Loss: 0.0124608
EarlyStopping counter: 2 out of 3
Updating learning rate to 7.8125e-05
	iters: 100, epoch: 8 | loss: 0.0242856
	speed: 0.0411s/iter; left time: 71.8701s
Epoch: 8 cost time: 1.8715107440948486
Epoch: 8, Steps: 142 | Train Loss: 0.0187775 Vali Loss: 0.0095481 Test Loss: 0.0115065
EarlyStopping counter: 3 out of 3
Early stopping
>>>>>>>testing : mirae_Linear_DLinear_T_mirae_ftM_sl72_ll48_pl12_dm512_nh8_el2_dl1_df2048_fc1_ebtimeF_dtTrue_Exp_0<<<<<<<<<<<<<<<<<<<<<<<<<<<<<<<<<
test 976
mse:0.011489, mae:0.09814
