Args in experiment:
Namespace(ver='TCM', is_training=1, model_id='mirae_Linear', model='DLinear', data='mirae', root_path='./data/ETT/', data_path='ETTh1.csv', features='M', target='OT', freq='h', checkpoints='./checkpoints/', seq_len=72, label_len=48, pred_len=12, individual=False, embed_type=0, enc_in=7, dec_in=7, c_out=7, d_model=512, n_heads=8, e_layers=2, d_layers=1, d_ff=2048, moving_avg=25, factor=1, distil=True, dropout=0.05, embed='timeF', activation='gelu', output_attention=False, do_predict=False, num_workers=10, itr=1, train_epochs=20, batch_size=32, patience=3, learning_rate=0.005, des='Exp', loss='mse', lradj='type1', use_amp=False, use_gpu=True, gpu=0, use_multi_gpu=False, devices='0,1,2,3', test_flop=False)
Use GPU: cuda:0
>>>>>>>start training : mirae_Linear_DLinear_mirae_ftM_sl72_ll48_pl12_dm512_nh8_el2_dl1_df2048_fc1_ebtimeF_dtTrue_Exp_0>>>>>>>>>>>>>>>>>>>>>>>>>>
train 4552
val 975
test 976
	iters: 100, epoch: 1 | loss: 0.0479872
	speed: 0.0333s/iter; left time: 91.3950s
Epoch: 1 cost time: 3.6147284507751465
Epoch: 1, Steps: 142 | Train Loss: 0.1085732 Vali Loss: 0.0156567 Test Loss: 0.0198111
Validation loss decreased (inf --> 0.015657).  Saving model ...
Updating learning rate to 0.005
	iters: 100, epoch: 2 | loss: 0.0362920
	speed: 0.0390s/iter; left time: 101.3336s
Epoch: 2 cost time: 1.9993200302124023
Epoch: 2, Steps: 142 | Train Loss: 0.0303861 Vali Loss: 0.0140540 Test Loss: 0.0169239
Validation loss decreased (0.015657 --> 0.014054).  Saving model ...
Updating learning rate to 0.0025
	iters: 100, epoch: 3 | loss: 0.0185564
	speed: 0.0398s/iter; left time: 97.7989s
Epoch: 3 cost time: 1.8354496955871582
Epoch: 3, Steps: 142 | Train Loss: 0.0256279 Vali Loss: 0.0099766 Test Loss: 0.0135171
Validation loss decreased (0.014054 --> 0.009977).  Saving model ...
Updating learning rate to 0.00125
	iters: 100, epoch: 4 | loss: 0.0251318
	speed: 0.0376s/iter; left time: 86.9394s
Epoch: 4 cost time: 1.774507999420166
Epoch: 4, Steps: 142 | Train Loss: 0.0236634 Vali Loss: 0.0120256 Test Loss: 0.0148054
EarlyStopping counter: 1 out of 3
Updating learning rate to 0.000625
	iters: 100, epoch: 5 | loss: 0.0194555
	speed: 0.0434s/iter; left time: 94.3313s
Epoch: 5 cost time: 1.8699374198913574
Epoch: 5, Steps: 142 | Train Loss: 0.0228139 Vali Loss: 0.0105783 Test Loss: 0.0135744
EarlyStopping counter: 2 out of 3
Updating learning rate to 0.0003125
	iters: 100, epoch: 6 | loss: 0.0346584
	speed: 0.0448s/iter; left time: 91.0668s
Epoch: 6 cost time: 1.972841501235962
Epoch: 6, Steps: 142 | Train Loss: 0.0222637 Vali Loss: 0.0108530 Test Loss: 0.0137309
EarlyStopping counter: 3 out of 3
Early stopping
>>>>>>>testing : mirae_Linear_DLinear_mirae_ftM_sl72_ll48_pl12_dm512_nh8_el2_dl1_df2048_fc1_ebtimeF_dtTrue_Exp_0<<<<<<<<<<<<<<<<<<<<<<<<<<<<<<<<<
test 976
mse:0.013517, mae:0.10524
