Args in experiment:
Namespace(ver='D', is_training=1, model_id='mirae_Linear', model='DLinear', data='mirae', root_path='./data/ETT/', data_path='ETTh1.csv', features='M', target='OT', freq='h', checkpoints='./checkpoints/', seq_len=72, label_len=48, pred_len=12, individual=False, embed_type=0, enc_in=7, dec_in=7, c_out=7, d_model=512, n_heads=8, e_layers=2, d_layers=1, d_ff=2048, moving_avg=25, factor=1, distil=True, dropout=0.05, embed='timeF', activation='gelu', output_attention=False, do_predict=False, num_workers=10, itr=1, train_epochs=20, batch_size=32, patience=3, learning_rate=0.005, des='Exp', loss='mse', lradj='type1', use_amp=False, use_gpu=True, gpu=0, use_multi_gpu=False, devices='0,1,2,3', test_flop=False)
Use GPU: cuda:0
>>>>>>>start training : mirae_Linear_DLinear_mirae_ftM_sl72_ll48_pl12_dm512_nh8_el2_dl1_df2048_fc1_ebtimeF_dtTrue_Exp_0>>>>>>>>>>>>>>>>>>>>>>>>>>
train 4552
val 975
test 976
	iters: 100, epoch: 1 | loss: 0.0097230
	speed: 0.0226s/iter; left time: 61.9081s
Epoch: 1 cost time: 2.5336804389953613
Epoch: 1, Steps: 142 | Train Loss: 0.0116341 Vali Loss: 0.0022166 Test Loss: 0.0023557
Validation loss decreased (inf --> 0.002217).  Saving model ...
Updating learning rate to 0.005
	iters: 100, epoch: 2 | loss: 0.0083356
	speed: 0.0380s/iter; left time: 98.8769s
Epoch: 2 cost time: 1.696319818496704
Epoch: 2, Steps: 142 | Train Loss: 0.0058417 Vali Loss: 0.0017274 Test Loss: 0.0018062
Validation loss decreased (0.002217 --> 0.001727).  Saving model ...
Updating learning rate to 0.0025
	iters: 100, epoch: 3 | loss: 0.0027842
	speed: 0.0407s/iter; left time: 99.8927s
Epoch: 3 cost time: 2.011953115463257
Epoch: 3, Steps: 142 | Train Loss: 0.0047990 Vali Loss: 0.0018250 Test Loss: 0.0017271
EarlyStopping counter: 1 out of 3
Updating learning rate to 0.00125
	iters: 100, epoch: 4 | loss: 0.0057151
	speed: 0.0419s/iter; left time: 97.0173s
Epoch: 4 cost time: 1.841984748840332
Epoch: 4, Steps: 142 | Train Loss: 0.0043830 Vali Loss: 0.0015502 Test Loss: 0.0015007
Validation loss decreased (0.001727 --> 0.001550).  Saving model ...
Updating learning rate to 0.000625
	iters: 100, epoch: 5 | loss: 0.0033720
	speed: 0.0366s/iter; left time: 79.5122s
Epoch: 5 cost time: 1.685986042022705
Epoch: 5, Steps: 142 | Train Loss: 0.0041113 Vali Loss: 0.0015588 Test Loss: 0.0014437
EarlyStopping counter: 1 out of 3
Updating learning rate to 0.0003125
	iters: 100, epoch: 6 | loss: 0.0034789
	speed: 0.0389s/iter; left time: 79.1008s
Epoch: 6 cost time: 1.6787919998168945
Epoch: 6, Steps: 142 | Train Loss: 0.0040054 Vali Loss: 0.0015521 Test Loss: 0.0014640
EarlyStopping counter: 2 out of 3
Updating learning rate to 0.00015625
	iters: 100, epoch: 7 | loss: 0.0033282
	speed: 0.0354s/iter; left time: 66.9560s
Epoch: 7 cost time: 1.7112679481506348
Epoch: 7, Steps: 142 | Train Loss: 0.0039448 Vali Loss: 0.0016100 Test Loss: 0.0014881
EarlyStopping counter: 3 out of 3
Early stopping
>>>>>>>testing : mirae_Linear_DLinear_mirae_ftM_sl72_ll48_pl12_dm512_nh8_el2_dl1_df2048_fc1_ebtimeF_dtTrue_Exp_0<<<<<<<<<<<<<<<<<<<<<<<<<<<<<<<<<
test 976
mse:0.001501, mae:0.02721
