Args in experiment:
Namespace(ver='TWM', is_training=1, model_id='mirae_Linear', model='DLinear_T', data='mirae', root_path='./data/ETT/', data_path='ETTh1.csv', features='M', target='OT', freq='h', checkpoints='./checkpoints/', seq_len=72, label_len=48, pred_len=12, individual=False, embed_type=0, enc_in=7, dec_in=7, c_out=7, d_model=512, n_heads=8, e_layers=2, d_layers=1, d_ff=2048, moving_avg=25, factor=1, distil=True, dropout=0.05, embed='timeF', activation='gelu', output_attention=False, do_predict=False, num_workers=10, itr=1, train_epochs=20, batch_size=32, patience=3, learning_rate=0.005, des='Exp', loss='mse', lradj='type1', use_amp=False, use_gpu=True, gpu=0, use_multi_gpu=False, devices='0,1,2,3', test_flop=False)
Use GPU: cuda:0
>>>>>>>start training : mirae_Linear_DLinear_T_mirae_ftM_sl72_ll48_pl12_dm512_nh8_el2_dl1_df2048_fc1_ebtimeF_dtTrue_Exp_0>>>>>>>>>>>>>>>>>>>>>>>>>>
train 4552
val 975
test 976
	iters: 100, epoch: 1 | loss: 0.0201673
	speed: 0.0285s/iter; left time: 78.2124s
Epoch: 1 cost time: 3.195369005203247
Epoch: 1, Steps: 142 | Train Loss: 0.0466580 Vali Loss: 0.0135398 Test Loss: 0.0132949
Validation loss decreased (inf --> 0.013540).  Saving model ...
Updating learning rate to 0.005
	iters: 100, epoch: 2 | loss: 0.0147605
	speed: 0.0448s/iter; left time: 116.5369s
Epoch: 2 cost time: 2.2340171337127686
Epoch: 2, Steps: 142 | Train Loss: 0.0157208 Vali Loss: 0.0043667 Test Loss: 0.0055970
Validation loss decreased (0.013540 --> 0.004367).  Saving model ...
Updating learning rate to 0.0025
	iters: 100, epoch: 3 | loss: 0.0046920
	speed: 0.0385s/iter; left time: 94.5073s
Epoch: 3 cost time: 1.8714606761932373
Epoch: 3, Steps: 142 | Train Loss: 0.0096874 Vali Loss: 0.0033281 Test Loss: 0.0038721
Validation loss decreased (0.004367 --> 0.003328).  Saving model ...
Updating learning rate to 0.00125
	iters: 100, epoch: 4 | loss: 0.0060994
	speed: 0.0425s/iter; left time: 98.4700s
Epoch: 4 cost time: 2.0898330211639404
Epoch: 4, Steps: 142 | Train Loss: 0.0074579 Vali Loss: 0.0024255 Test Loss: 0.0027641
Validation loss decreased (0.003328 --> 0.002426).  Saving model ...
Updating learning rate to 0.000625
	iters: 100, epoch: 5 | loss: 0.0055566
	speed: 0.0455s/iter; left time: 98.7776s
Epoch: 5 cost time: 2.0316967964172363
Epoch: 5, Steps: 142 | Train Loss: 0.0070947 Vali Loss: 0.0023843 Test Loss: 0.0027673
Validation loss decreased (0.002426 --> 0.002384).  Saving model ...
Updating learning rate to 0.0003125
	iters: 100, epoch: 6 | loss: 0.0153379
	speed: 0.0502s/iter; left time: 101.9830s
Epoch: 6 cost time: 2.2157769203186035
Epoch: 6, Steps: 142 | Train Loss: 0.0067396 Vali Loss: 0.0023064 Test Loss: 0.0026503
Validation loss decreased (0.002384 --> 0.002306).  Saving model ...
Updating learning rate to 0.00015625
	iters: 100, epoch: 7 | loss: 0.0119568
	speed: 0.0488s/iter; left time: 92.1383s
Epoch: 7 cost time: 2.3073949813842773
Epoch: 7, Steps: 142 | Train Loss: 0.0066418 Vali Loss: 0.0026433 Test Loss: 0.0028343
EarlyStopping counter: 1 out of 3
Updating learning rate to 7.8125e-05
	iters: 100, epoch: 8 | loss: 0.0112666
	speed: 0.0482s/iter; left time: 84.1968s
Epoch: 8 cost time: 2.2822465896606445
Epoch: 8, Steps: 142 | Train Loss: 0.0066063 Vali Loss: 0.0022002 Test Loss: 0.0025247
Validation loss decreased (0.002306 --> 0.002200).  Saving model ...
Updating learning rate to 3.90625e-05
	iters: 100, epoch: 9 | loss: 0.0070768
	speed: 0.0518s/iter; left time: 83.0642s
Epoch: 9 cost time: 2.3617334365844727
Epoch: 9, Steps: 142 | Train Loss: 0.0065110 Vali Loss: 0.0022171 Test Loss: 0.0025376
EarlyStopping counter: 1 out of 3
Updating learning rate to 1.953125e-05
	iters: 100, epoch: 10 | loss: 0.0039890
	speed: 0.0503s/iter; left time: 73.5167s
Epoch: 10 cost time: 2.3023338317871094
Epoch: 10, Steps: 142 | Train Loss: 0.0064768 Vali Loss: 0.0022751 Test Loss: 0.0025711
EarlyStopping counter: 2 out of 3
Updating learning rate to 9.765625e-06
	iters: 100, epoch: 11 | loss: 0.0048695
	speed: 0.0514s/iter; left time: 67.9332s
Epoch: 11 cost time: 2.4318385124206543
Epoch: 11, Steps: 142 | Train Loss: 0.0064665 Vali Loss: 0.0022982 Test Loss: 0.0025884
EarlyStopping counter: 3 out of 3
Early stopping
>>>>>>>testing : mirae_Linear_DLinear_T_mirae_ftM_sl72_ll48_pl12_dm512_nh8_el2_dl1_df2048_fc1_ebtimeF_dtTrue_Exp_0<<<<<<<<<<<<<<<<<<<<<<<<<<<<<<<<<
test 976
mse:0.002525, mae:0.03710
