Args in experiment:
Namespace(ver='TWM-2', is_training=1, model_id='mirae_Linear', model='DLinear_S', data='mirae', root_path='./data/ETT/', data_path='ETTh1.csv', features='M', target='OT', freq='h', checkpoints='./checkpoints/', seq_len=72, label_len=48, pred_len=12, individual=False, embed_type=0, enc_in=7, dec_in=7, c_out=7, d_model=512, n_heads=8, e_layers=2, d_layers=1, d_ff=2048, moving_avg=25, factor=1, distil=True, dropout=0.05, embed='timeF', activation='gelu', output_attention=False, do_predict=False, num_workers=10, itr=1, train_epochs=20, batch_size=32, patience=3, learning_rate=0.005, des='Exp', loss='mse', lradj='type1', use_amp=False, use_gpu=True, gpu=0, use_multi_gpu=False, devices='0,1,2,3', test_flop=False)
Use GPU: cuda:0
>>>>>>>start training : mirae_Linear_DLinear_S_mirae_ftM_sl72_ll48_pl12_dm512_nh8_el2_dl1_df2048_fc1_ebtimeF_dtTrue_Exp_0>>>>>>>>>>>>>>>>>>>>>>>>>>
train 4552
val 975
test 976
	iters: 100, epoch: 1 | loss: 0.0070521
	speed: 0.0365s/iter; left time: 99.9144s
Epoch: 1 cost time: 3.9823684692382812
Epoch: 1, Steps: 142 | Train Loss: 0.0141333 Vali Loss: 0.0017891 Test Loss: 0.0019427
Validation loss decreased (inf --> 0.001789).  Saving model ...
Updating learning rate to 0.005
	iters: 100, epoch: 2 | loss: 0.0078615
	speed: 0.0455s/iter; left time: 118.2201s
Epoch: 2 cost time: 2.0328240394592285
Epoch: 2, Steps: 142 | Train Loss: 0.0057541 Vali Loss: 0.0015123 Test Loss: 0.0018442
Validation loss decreased (0.001789 --> 0.001512).  Saving model ...
Updating learning rate to 0.0025
	iters: 100, epoch: 3 | loss: 0.0026629
	speed: 0.0496s/iter; left time: 121.9773s
Epoch: 3 cost time: 2.0398547649383545
Epoch: 3, Steps: 142 | Train Loss: 0.0046775 Vali Loss: 0.0014802 Test Loss: 0.0014743
Validation loss decreased (0.001512 --> 0.001480).  Saving model ...
Updating learning rate to 0.00125
	iters: 100, epoch: 4 | loss: 0.0044399
	speed: 0.0442s/iter; left time: 102.2575s
Epoch: 4 cost time: 2.131751298904419
Epoch: 4, Steps: 142 | Train Loss: 0.0042307 Vali Loss: 0.0013786 Test Loss: 0.0014535
Validation loss decreased (0.001480 --> 0.001379).  Saving model ...
Updating learning rate to 0.000625
	iters: 100, epoch: 5 | loss: 0.0036723
	speed: 0.0411s/iter; left time: 89.3143s
Epoch: 5 cost time: 1.8100230693817139
Epoch: 5, Steps: 142 | Train Loss: 0.0040202 Vali Loss: 0.0013941 Test Loss: 0.0013517
EarlyStopping counter: 1 out of 3
Updating learning rate to 0.0003125
	iters: 100, epoch: 6 | loss: 0.0031175
	speed: 0.0404s/iter; left time: 82.0414s
Epoch: 6 cost time: 1.9230449199676514
Epoch: 6, Steps: 142 | Train Loss: 0.0038891 Vali Loss: 0.0014050 Test Loss: 0.0013836
EarlyStopping counter: 2 out of 3
Updating learning rate to 0.00015625
	iters: 100, epoch: 7 | loss: 0.0048450
	speed: 0.0404s/iter; left time: 76.2520s
Epoch: 7 cost time: 1.9146816730499268
Epoch: 7, Steps: 142 | Train Loss: 0.0038341 Vali Loss: 0.0013860 Test Loss: 0.0013485
EarlyStopping counter: 3 out of 3
Early stopping
>>>>>>>testing : mirae_Linear_DLinear_S_mirae_ftM_sl72_ll48_pl12_dm512_nh8_el2_dl1_df2048_fc1_ebtimeF_dtTrue_Exp_0<<<<<<<<<<<<<<<<<<<<<<<<<<<<<<<<<
test 976
mse:0.001453, mae:0.02786
