Args in experiment:
Namespace(ver='TWM-2', is_training=1, model_id='mirae_Linear', model='DLinear_T', data='mirae', root_path='./data/ETT/', data_path='ETTh1.csv', features='M', target='OT', freq='h', checkpoints='./checkpoints/', seq_len=72, label_len=48, pred_len=12, individual=False, embed_type=0, enc_in=7, dec_in=7, c_out=7, d_model=512, n_heads=8, e_layers=2, d_layers=1, d_ff=2048, moving_avg=25, factor=1, distil=True, dropout=0.05, embed='timeF', activation='gelu', output_attention=False, do_predict=False, num_workers=10, itr=1, train_epochs=20, batch_size=32, patience=3, learning_rate=0.005, des='Exp', loss='mse', lradj='type1', use_amp=False, use_gpu=True, gpu=0, use_multi_gpu=False, devices='0,1,2,3', test_flop=False)
Use GPU: cuda:0
>>>>>>>start training : mirae_Linear_DLinear_T_mirae_ftM_sl72_ll48_pl12_dm512_nh8_el2_dl1_df2048_fc1_ebtimeF_dtTrue_Exp_0>>>>>>>>>>>>>>>>>>>>>>>>>>
train 4552
val 975
test 976
	iters: 100, epoch: 1 | loss: 0.0088109
	speed: 0.0336s/iter; left time: 92.1064s
Epoch: 1 cost time: 3.697559356689453
Epoch: 1, Steps: 142 | Train Loss: 0.0184478 Vali Loss: 0.0023128 Test Loss: 0.0024940
Validation loss decreased (inf --> 0.002313).  Saving model ...
Updating learning rate to 0.005
	iters: 100, epoch: 2 | loss: 0.0076314
	speed: 0.0450s/iter; left time: 116.9054s
Epoch: 2 cost time: 2.173656940460205
Epoch: 2, Steps: 142 | Train Loss: 0.0064094 Vali Loss: 0.0018831 Test Loss: 0.0020465
Validation loss decreased (0.002313 --> 0.001883).  Saving model ...
Updating learning rate to 0.0025
	iters: 100, epoch: 3 | loss: 0.0036860
	speed: 0.0460s/iter; left time: 112.9566s
Epoch: 3 cost time: 1.9736366271972656
Epoch: 3, Steps: 142 | Train Loss: 0.0047667 Vali Loss: 0.0017401 Test Loss: 0.0018462
Validation loss decreased (0.001883 --> 0.001740).  Saving model ...
Updating learning rate to 0.00125
	iters: 100, epoch: 4 | loss: 0.0030286
	speed: 0.0452s/iter; left time: 104.6659s
Epoch: 4 cost time: 2.0338475704193115
Epoch: 4, Steps: 142 | Train Loss: 0.0044123 Vali Loss: 0.0017246 Test Loss: 0.0018298
Validation loss decreased (0.001740 --> 0.001725).  Saving model ...
Updating learning rate to 0.000625
	iters: 100, epoch: 5 | loss: 0.0037555
	speed: 0.0440s/iter; left time: 95.5304s
Epoch: 5 cost time: 1.9271531105041504
Epoch: 5, Steps: 142 | Train Loss: 0.0043054 Vali Loss: 0.0016274 Test Loss: 0.0018085
Validation loss decreased (0.001725 --> 0.001627).  Saving model ...
Updating learning rate to 0.0003125
	iters: 100, epoch: 6 | loss: 0.0075629
	speed: 0.0473s/iter; left time: 96.0395s
Epoch: 6 cost time: 1.9345011711120605
Epoch: 6, Steps: 142 | Train Loss: 0.0042049 Vali Loss: 0.0016322 Test Loss: 0.0018125
EarlyStopping counter: 1 out of 3
Updating learning rate to 0.00015625
	iters: 100, epoch: 7 | loss: 0.0037455
	speed: 0.0443s/iter; left time: 83.6446s
Epoch: 7 cost time: 1.8033130168914795
Epoch: 7, Steps: 142 | Train Loss: 0.0041689 Vali Loss: 0.0016410 Test Loss: 0.0018124
EarlyStopping counter: 2 out of 3
Updating learning rate to 7.8125e-05
	iters: 100, epoch: 8 | loss: 0.0037397
	speed: 0.0407s/iter; left time: 71.0983s
Epoch: 8 cost time: 1.9553217887878418
Epoch: 8, Steps: 142 | Train Loss: 0.0041363 Vali Loss: 0.0016456 Test Loss: 0.0018155
EarlyStopping counter: 3 out of 3
Early stopping
>>>>>>>testing : mirae_Linear_DLinear_T_mirae_ftM_sl72_ll48_pl12_dm512_nh8_el2_dl1_df2048_fc1_ebtimeF_dtTrue_Exp_0<<<<<<<<<<<<<<<<<<<<<<<<<<<<<<<<<
test 976
mse:0.001809, mae:0.02965
