Args in experiment:
Namespace(ver='TWM', is_training=1, model_id='mirae_Linear', model='DLinear_S', data='mirae', root_path='./data/ETT/', data_path='ETTh1.csv', features='M', target='OT', freq='h', checkpoints='./checkpoints/', seq_len=72, label_len=48, pred_len=12, individual=False, embed_type=0, enc_in=7, dec_in=7, c_out=7, d_model=512, n_heads=8, e_layers=2, d_layers=1, d_ff=2048, moving_avg=25, factor=1, distil=True, dropout=0.05, embed='timeF', activation='gelu', output_attention=False, do_predict=False, num_workers=10, itr=1, train_epochs=20, batch_size=32, patience=3, learning_rate=0.005, des='Exp', loss='mse', lradj='type1', use_amp=False, use_gpu=True, gpu=0, use_multi_gpu=False, devices='0,1,2,3', test_flop=False)
Use GPU: cuda:0
>>>>>>>start training : mirae_Linear_DLinear_S_mirae_ftM_sl72_ll48_pl12_dm512_nh8_el2_dl1_df2048_fc1_ebtimeF_dtTrue_Exp_0>>>>>>>>>>>>>>>>>>>>>>>>>>
train 4552
val 975
test 976
	iters: 100, epoch: 1 | loss: 0.0100806
	speed: 0.0334s/iter; left time: 91.5752s
Epoch: 1 cost time: 3.649040699005127
Epoch: 1, Steps: 142 | Train Loss: 0.0160572 Vali Loss: 0.0022297 Test Loss: 0.0024240
Validation loss decreased (inf --> 0.002230).  Saving model ...
Updating learning rate to 0.005
	iters: 100, epoch: 2 | loss: 0.0052423
	speed: 0.0424s/iter; left time: 110.2030s
Epoch: 2 cost time: 1.7961344718933105
Epoch: 2, Steps: 142 | Train Loss: 0.0072038 Vali Loss: 0.0025374 Test Loss: 0.0024660
EarlyStopping counter: 1 out of 3
Updating learning rate to 0.0025
	iters: 100, epoch: 3 | loss: 0.0133339
	speed: 0.0447s/iter; left time: 109.7137s
Epoch: 3 cost time: 2.1062259674072266
Epoch: 3, Steps: 142 | Train Loss: 0.0069568 Vali Loss: 0.0021396 Test Loss: 0.0021066
Validation loss decreased (0.002230 --> 0.002140).  Saving model ...
Updating learning rate to 0.00125
	iters: 100, epoch: 4 | loss: 0.0046356
	speed: 0.0469s/iter; left time: 108.5498s
Epoch: 4 cost time: 2.055596351623535
Epoch: 4, Steps: 142 | Train Loss: 0.0066027 Vali Loss: 0.0022713 Test Loss: 0.0022358
EarlyStopping counter: 1 out of 3
Updating learning rate to 0.000625
	iters: 100, epoch: 5 | loss: 0.0055000
	speed: 0.0437s/iter; left time: 95.0374s
Epoch: 5 cost time: 1.931746482849121
Epoch: 5, Steps: 142 | Train Loss: 0.0064738 Vali Loss: 0.0022004 Test Loss: 0.0021973
EarlyStopping counter: 2 out of 3
Updating learning rate to 0.0003125
	iters: 100, epoch: 6 | loss: 0.0092056
	speed: 0.0436s/iter; left time: 88.6319s
Epoch: 6 cost time: 1.9854896068572998
Epoch: 6, Steps: 142 | Train Loss: 0.0064003 Vali Loss: 0.0021795 Test Loss: 0.0021682
EarlyStopping counter: 3 out of 3
Early stopping
>>>>>>>testing : mirae_Linear_DLinear_S_mirae_ftM_sl72_ll48_pl12_dm512_nh8_el2_dl1_df2048_fc1_ebtimeF_dtTrue_Exp_0<<<<<<<<<<<<<<<<<<<<<<<<<<<<<<<<<
test 976
mse:0.002107, mae:0.03131
