Args in experiment:
Namespace(ver='TWM-2', is_training=1, model_id='mirae_Linear', model='Linear', data='mirae', root_path='./data/ETT/', data_path='ETTh1.csv', features='M', target='OT', freq='h', checkpoints='./checkpoints/', seq_len=72, label_len=48, pred_len=12, individual=False, embed_type=0, enc_in=7, dec_in=7, c_out=7, d_model=512, n_heads=8, e_layers=2, d_layers=1, d_ff=2048, moving_avg=25, factor=1, distil=True, dropout=0.05, embed='timeF', activation='gelu', output_attention=False, do_predict=False, num_workers=10, itr=1, train_epochs=20, batch_size=32, patience=3, learning_rate=0.005, des='Exp', loss='mse', lradj='type1', use_amp=False, use_gpu=True, gpu=0, use_multi_gpu=False, devices='0,1,2,3', test_flop=False)
Use GPU: cuda:0
>>>>>>>start training : mirae_Linear_Linear_mirae_ftM_sl72_ll48_pl12_dm512_nh8_el2_dl1_df2048_fc1_ebtimeF_dtTrue_Exp_0>>>>>>>>>>>>>>>>>>>>>>>>>>
train 4552
val 975
test 976
	iters: 100, epoch: 1 | loss: 0.0089826
	speed: 0.0280s/iter; left time: 76.8026s
Epoch: 1 cost time: 3.100919008255005
Epoch: 1, Steps: 142 | Train Loss: 0.0268590 Vali Loss: 0.0036867 Test Loss: 0.0053840
Validation loss decreased (inf --> 0.003687).  Saving model ...
Updating learning rate to 0.005
	iters: 100, epoch: 2 | loss: 0.0026263
	speed: 0.0366s/iter; left time: 95.0555s
Epoch: 2 cost time: 1.5119109153747559
Epoch: 2, Steps: 142 | Train Loss: 0.0062640 Vali Loss: 0.0016397 Test Loss: 0.0024627
Validation loss decreased (0.003687 --> 0.001640).  Saving model ...
Updating learning rate to 0.0025
	iters: 100, epoch: 3 | loss: 0.0033711
	speed: 0.0375s/iter; left time: 92.2473s
Epoch: 3 cost time: 1.87652587890625
Epoch: 3, Steps: 142 | Train Loss: 0.0047946 Vali Loss: 0.0017629 Test Loss: 0.0023087
EarlyStopping counter: 1 out of 3
Updating learning rate to 0.00125
	iters: 100, epoch: 4 | loss: 0.0039703
	speed: 0.0394s/iter; left time: 91.1438s
Epoch: 4 cost time: 1.791996955871582
Epoch: 4, Steps: 142 | Train Loss: 0.0043839 Vali Loss: 0.0015064 Test Loss: 0.0021389
Validation loss decreased (0.001640 --> 0.001506).  Saving model ...
Updating learning rate to 0.000625
	iters: 100, epoch: 5 | loss: 0.0036435
	speed: 0.0386s/iter; left time: 83.9593s
Epoch: 5 cost time: 1.8572919368743896
Epoch: 5, Steps: 142 | Train Loss: 0.0041181 Vali Loss: 0.0015255 Test Loss: 0.0020614
EarlyStopping counter: 1 out of 3
Updating learning rate to 0.0003125
	iters: 100, epoch: 6 | loss: 0.0041441
	speed: 0.0419s/iter; left time: 85.0638s
Epoch: 6 cost time: 1.9904446601867676
Epoch: 6, Steps: 142 | Train Loss: 0.0040207 Vali Loss: 0.0014842 Test Loss: 0.0020568
Validation loss decreased (0.001506 --> 0.001484).  Saving model ...
Updating learning rate to 0.00015625
	iters: 100, epoch: 7 | loss: 0.0033727
	speed: 0.0446s/iter; left time: 84.2138s
Epoch: 7 cost time: 1.8144454956054688
Epoch: 7, Steps: 142 | Train Loss: 0.0039544 Vali Loss: 0.0014299 Test Loss: 0.0020459
Validation loss decreased (0.001484 --> 0.001430).  Saving model ...
Updating learning rate to 7.8125e-05
	iters: 100, epoch: 8 | loss: 0.0067824
	speed: 0.0444s/iter; left time: 77.6537s
Epoch: 8 cost time: 1.9700348377227783
Epoch: 8, Steps: 142 | Train Loss: 0.0039296 Vali Loss: 0.0014412 Test Loss: 0.0020338
EarlyStopping counter: 1 out of 3
Updating learning rate to 3.90625e-05
	iters: 100, epoch: 9 | loss: 0.0044033
	speed: 0.0495s/iter; left time: 79.4301s
Epoch: 9 cost time: 2.162153720855713
Epoch: 9, Steps: 142 | Train Loss: 0.0039125 Vali Loss: 0.0014557 Test Loss: 0.0020296
EarlyStopping counter: 2 out of 3
Updating learning rate to 1.953125e-05
	iters: 100, epoch: 10 | loss: 0.0029377
	speed: 0.0428s/iter; left time: 62.6070s
Epoch: 10 cost time: 1.8905832767486572
Epoch: 10, Steps: 142 | Train Loss: 0.0039062 Vali Loss: 0.0014459 Test Loss: 0.0020314
EarlyStopping counter: 3 out of 3
Early stopping
>>>>>>>testing : mirae_Linear_Linear_mirae_ftM_sl72_ll48_pl12_dm512_nh8_el2_dl1_df2048_fc1_ebtimeF_dtTrue_Exp_0<<<<<<<<<<<<<<<<<<<<<<<<<<<<<<<<<
test 976
mse:0.002046, mae:0.03464
