Args in experiment:
Namespace(ver='TPM', is_training=1, model_id='mirae_Linear', model='Linear', data='mirae', root_path='./data/ETT/', data_path='ETTh1.csv', features='M', target='OT', freq='h', checkpoints='./checkpoints/', seq_len=72, label_len=48, pred_len=12, individual=False, embed_type=0, enc_in=7, dec_in=7, c_out=7, d_model=512, n_heads=8, e_layers=2, d_layers=1, d_ff=2048, moving_avg=25, factor=1, distil=True, dropout=0.05, embed='timeF', activation='gelu', output_attention=False, do_predict=False, num_workers=10, itr=1, train_epochs=20, batch_size=32, patience=3, learning_rate=0.005, des='Exp', loss='mse', lradj='type1', use_amp=False, use_gpu=True, gpu=0, use_multi_gpu=False, devices='0,1,2,3', test_flop=False)
Use GPU: cuda:0
>>>>>>>start training : mirae_Linear_Linear_mirae_ftM_sl72_ll48_pl12_dm512_nh8_el2_dl1_df2048_fc1_ebtimeF_dtTrue_Exp_0>>>>>>>>>>>>>>>>>>>>>>>>>>
train 4552
val 975
test 976
	iters: 100, epoch: 1 | loss: 0.0208389
	speed: 0.0303s/iter; left time: 83.1657s
Epoch: 1 cost time: 3.339707136154175
Epoch: 1, Steps: 142 | Train Loss: 0.0560542 Vali Loss: 0.0057829 Test Loss: 0.0048621
Validation loss decreased (inf --> 0.005783).  Saving model ...
Updating learning rate to 0.005
	iters: 100, epoch: 2 | loss: 0.0116619
	speed: 0.0431s/iter; left time: 112.1332s
Epoch: 2 cost time: 2.1064860820770264
Epoch: 2, Steps: 142 | Train Loss: 0.0133150 Vali Loss: 0.0038982 Test Loss: 0.0042269
Validation loss decreased (0.005783 --> 0.003898).  Saving model ...
Updating learning rate to 0.0025
	iters: 100, epoch: 3 | loss: 0.0150166
	speed: 0.0450s/iter; left time: 110.5319s
Epoch: 3 cost time: 1.9528374671936035
Epoch: 3, Steps: 142 | Train Loss: 0.0093543 Vali Loss: 0.0032709 Test Loss: 0.0034592
Validation loss decreased (0.003898 --> 0.003271).  Saving model ...
Updating learning rate to 0.00125
	iters: 100, epoch: 4 | loss: 0.0063655
	speed: 0.0471s/iter; left time: 109.1493s
Epoch: 4 cost time: 2.216064691543579
Epoch: 4, Steps: 142 | Train Loss: 0.0082903 Vali Loss: 0.0038261 Test Loss: 0.0042304
EarlyStopping counter: 1 out of 3
Updating learning rate to 0.000625
	iters: 100, epoch: 5 | loss: 0.0063714
	speed: 0.0472s/iter; left time: 102.6726s
Epoch: 5 cost time: 2.0761892795562744
Epoch: 5, Steps: 142 | Train Loss: 0.0077013 Vali Loss: 0.0034109 Test Loss: 0.0035923
EarlyStopping counter: 2 out of 3
Updating learning rate to 0.0003125
	iters: 100, epoch: 6 | loss: 0.0100912
	speed: 0.0470s/iter; left time: 95.4084s
Epoch: 6 cost time: 2.0370912551879883
Epoch: 6, Steps: 142 | Train Loss: 0.0073902 Vali Loss: 0.0035771 Test Loss: 0.0037922
EarlyStopping counter: 3 out of 3
Early stopping
>>>>>>>testing : mirae_Linear_Linear_mirae_ftM_sl72_ll48_pl12_dm512_nh8_el2_dl1_df2048_fc1_ebtimeF_dtTrue_Exp_0<<<<<<<<<<<<<<<<<<<<<<<<<<<<<<<<<
test 976
mse:0.003459, mae:0.04617
