Args in experiment:
Namespace(ver='TWM-2', is_training=1, model_id='mirae_Linear', model='Linear', data='mirae', root_path='./data/ETT/', data_path='ETTh1.csv', features='M', target='OT', freq='h', checkpoints='./checkpoints/', seq_len=72, label_len=48, pred_len=12, individual=False, embed_type=0, enc_in=7, dec_in=7, c_out=7, d_model=512, n_heads=8, e_layers=2, d_layers=1, d_ff=2048, moving_avg=25, factor=1, distil=True, dropout=0.05, embed='timeF', activation='gelu', output_attention=False, do_predict=False, num_workers=10, itr=1, train_epochs=20, batch_size=32, patience=3, learning_rate=0.005, des='Exp', loss='mse', lradj='type1', use_amp=False, use_gpu=True, gpu=0, use_multi_gpu=False, devices='0,1,2,3', test_flop=False)
Use GPU: cuda:0
>>>>>>>start training : mirae_Linear_Linear_mirae_ftM_sl72_ll48_pl12_dm512_nh8_el2_dl1_df2048_fc1_ebtimeF_dtTrue_Exp_0>>>>>>>>>>>>>>>>>>>>>>>>>>
train 4552
val 975
test 976
	iters: 100, epoch: 1 | loss: 0.0115342
	speed: 0.0297s/iter; left time: 81.4478s
Epoch: 1 cost time: 3.294659376144409
Epoch: 1, Steps: 142 | Train Loss: 0.0293061 Vali Loss: 0.0029874 Test Loss: 0.0039628
Validation loss decreased (inf --> 0.002987).  Saving model ...
Updating learning rate to 0.005
	iters: 100, epoch: 2 | loss: 0.0080142
	speed: 0.0429s/iter; left time: 111.5431s
Epoch: 2 cost time: 1.9465391635894775
Epoch: 2, Steps: 142 | Train Loss: 0.0098069 Vali Loss: 0.0028754 Test Loss: 0.0036304
Validation loss decreased (0.002987 --> 0.002875).  Saving model ...
Updating learning rate to 0.0025
	iters: 100, epoch: 3 | loss: 0.0046625
	speed: 0.0425s/iter; left time: 104.5285s
Epoch: 3 cost time: 1.9686412811279297
Epoch: 3, Steps: 142 | Train Loss: 0.0066626 Vali Loss: 0.0019118 Test Loss: 0.0021635
Validation loss decreased (0.002875 --> 0.001912).  Saving model ...
Updating learning rate to 0.00125
	iters: 100, epoch: 4 | loss: 0.0060089
	speed: 0.0458s/iter; left time: 106.0146s
Epoch: 4 cost time: 1.9683659076690674
Epoch: 4, Steps: 142 | Train Loss: 0.0056231 Vali Loss: 0.0017713 Test Loss: 0.0019939
Validation loss decreased (0.001912 --> 0.001771).  Saving model ...
Updating learning rate to 0.000625
	iters: 100, epoch: 5 | loss: 0.0058198
	speed: 0.0469s/iter; left time: 101.8933s
Epoch: 5 cost time: 2.162520408630371
Epoch: 5, Steps: 142 | Train Loss: 0.0052142 Vali Loss: 0.0018675 Test Loss: 0.0020804
EarlyStopping counter: 1 out of 3
Updating learning rate to 0.0003125
	iters: 100, epoch: 6 | loss: 0.0048761
	speed: 0.0509s/iter; left time: 103.4304s
Epoch: 6 cost time: 2.2635581493377686
Epoch: 6, Steps: 142 | Train Loss: 0.0049864 Vali Loss: 0.0017137 Test Loss: 0.0019366
Validation loss decreased (0.001771 --> 0.001714).  Saving model ...
Updating learning rate to 0.00015625
	iters: 100, epoch: 7 | loss: 0.0045851
	speed: 0.0502s/iter; left time: 94.7775s
Epoch: 7 cost time: 2.0608279705047607
Epoch: 7, Steps: 142 | Train Loss: 0.0048772 Vali Loss: 0.0016638 Test Loss: 0.0018852
Validation loss decreased (0.001714 --> 0.001664).  Saving model ...
Updating learning rate to 7.8125e-05
	iters: 100, epoch: 8 | loss: 0.0061501
	speed: 0.0490s/iter; left time: 85.6600s
Epoch: 8 cost time: 2.0356874465942383
Epoch: 8, Steps: 142 | Train Loss: 0.0048261 Vali Loss: 0.0016683 Test Loss: 0.0018565
EarlyStopping counter: 1 out of 3
Updating learning rate to 3.90625e-05
	iters: 100, epoch: 9 | loss: 0.0060113
	speed: 0.0499s/iter; left time: 80.1695s
Epoch: 9 cost time: 2.1671197414398193
Epoch: 9, Steps: 142 | Train Loss: 0.0047837 Vali Loss: 0.0016855 Test Loss: 0.0018654
EarlyStopping counter: 2 out of 3
Updating learning rate to 1.953125e-05
	iters: 100, epoch: 10 | loss: 0.0035477
	speed: 0.0526s/iter; left time: 76.9866s
Epoch: 10 cost time: 2.1254143714904785
Epoch: 10, Steps: 142 | Train Loss: 0.0047651 Vali Loss: 0.0016732 Test Loss: 0.0018560
EarlyStopping counter: 3 out of 3
Early stopping
>>>>>>>testing : mirae_Linear_Linear_mirae_ftM_sl72_ll48_pl12_dm512_nh8_el2_dl1_df2048_fc1_ebtimeF_dtTrue_Exp_0<<<<<<<<<<<<<<<<<<<<<<<<<<<<<<<<<
test 976
mse:0.001885, mae:0.03273
