Args in experiment:
Namespace(ver='TWM', is_training=1, model_id='mirae_Linear', model='Linear', data='mirae', root_path='./data/ETT/', data_path='ETTh1.csv', features='M', target='OT', freq='h', checkpoints='./checkpoints/', seq_len=72, label_len=48, pred_len=12, individual=False, embed_type=0, enc_in=7, dec_in=7, c_out=7, d_model=512, n_heads=8, e_layers=2, d_layers=1, d_ff=2048, moving_avg=25, factor=1, distil=True, dropout=0.05, embed='timeF', activation='gelu', output_attention=False, do_predict=False, num_workers=10, itr=1, train_epochs=20, batch_size=32, patience=3, learning_rate=0.005, des='Exp', loss='mse', lradj='type1', use_amp=False, use_gpu=True, gpu=0, use_multi_gpu=False, devices='0,1,2,3', test_flop=False)
Use GPU: cuda:0
>>>>>>>start training : mirae_Linear_Linear_mirae_ftM_sl72_ll48_pl12_dm512_nh8_el2_dl1_df2048_fc1_ebtimeF_dtTrue_Exp_0>>>>>>>>>>>>>>>>>>>>>>>>>>
train 4552
val 975
test 976
	iters: 100, epoch: 1 | loss: 0.0162537
	speed: 0.0282s/iter; left time: 77.3179s
Epoch: 1 cost time: 3.1024816036224365
Epoch: 1, Steps: 142 | Train Loss: 0.0308705 Vali Loss: 0.0081550 Test Loss: 0.0108753
Validation loss decreased (inf --> 0.008155).  Saving model ...
Updating learning rate to 0.005
	iters: 100, epoch: 2 | loss: 0.0045017
	speed: 0.0427s/iter; left time: 111.0089s
Epoch: 2 cost time: 2.0041136741638184
Epoch: 2, Steps: 142 | Train Loss: 0.0095069 Vali Loss: 0.0030604 Test Loss: 0.0050085
Validation loss decreased (0.008155 --> 0.003060).  Saving model ...
Updating learning rate to 0.0025
	iters: 100, epoch: 3 | loss: 0.0087230
	speed: 0.0440s/iter; left time: 108.0891s
Epoch: 3 cost time: 1.9294183254241943
Epoch: 3, Steps: 142 | Train Loss: 0.0075304 Vali Loss: 0.0025366 Test Loss: 0.0045096
Validation loss decreased (0.003060 --> 0.002537).  Saving model ...
Updating learning rate to 0.00125
	iters: 100, epoch: 4 | loss: 0.0073874
	speed: 0.0435s/iter; left time: 100.8092s
Epoch: 4 cost time: 1.904576063156128
Epoch: 4, Steps: 142 | Train Loss: 0.0071339 Vali Loss: 0.0023955 Test Loss: 0.0044207
Validation loss decreased (0.002537 --> 0.002395).  Saving model ...
Updating learning rate to 0.000625
	iters: 100, epoch: 5 | loss: 0.0059127
	speed: 0.0439s/iter; left time: 95.3243s
Epoch: 5 cost time: 1.921781063079834
Epoch: 5, Steps: 142 | Train Loss: 0.0069907 Vali Loss: 0.0024859 Test Loss: 0.0043931
EarlyStopping counter: 1 out of 3
Updating learning rate to 0.0003125
	iters: 100, epoch: 6 | loss: 0.0071009
	speed: 0.0515s/iter; left time: 104.6497s
Epoch: 6 cost time: 2.057713031768799
Epoch: 6, Steps: 142 | Train Loss: 0.0069220 Vali Loss: 0.0023705 Test Loss: 0.0043579
Validation loss decreased (0.002395 --> 0.002370).  Saving model ...
Updating learning rate to 0.00015625
	iters: 100, epoch: 7 | loss: 0.0050827
	speed: 0.0502s/iter; left time: 94.7802s
Epoch: 7 cost time: 2.012619972229004
Epoch: 7, Steps: 142 | Train Loss: 0.0068893 Vali Loss: 0.0024153 Test Loss: 0.0043538
EarlyStopping counter: 1 out of 3
Updating learning rate to 7.8125e-05
	iters: 100, epoch: 8 | loss: 0.0065111
	speed: 0.0511s/iter; left time: 89.3531s
Epoch: 8 cost time: 2.0474727153778076
Epoch: 8, Steps: 142 | Train Loss: 0.0068686 Vali Loss: 0.0024067 Test Loss: 0.0043479
EarlyStopping counter: 2 out of 3
Updating learning rate to 3.90625e-05
	iters: 100, epoch: 9 | loss: 0.0091196
	speed: 0.0516s/iter; left time: 82.8342s
Epoch: 9 cost time: 2.1457302570343018
Epoch: 9, Steps: 142 | Train Loss: 0.0068590 Vali Loss: 0.0024028 Test Loss: 0.0043429
EarlyStopping counter: 3 out of 3
Early stopping
>>>>>>>testing : mirae_Linear_Linear_mirae_ftM_sl72_ll48_pl12_dm512_nh8_el2_dl1_df2048_fc1_ebtimeF_dtTrue_Exp_0<<<<<<<<<<<<<<<<<<<<<<<<<<<<<<<<<
test 976
mse:0.004358, mae:0.05141
