Args in experiment:
Namespace(ver='D', is_training=1, model_id='mirae_Linear', model='Linear', data='mirae', root_path='./data/ETT/', data_path='ETTh1.csv', features='M', target='OT', freq='h', checkpoints='./checkpoints/', seq_len=72, label_len=48, pred_len=12, individual=False, embed_type=0, enc_in=7, dec_in=7, c_out=7, d_model=512, n_heads=8, e_layers=2, d_layers=1, d_ff=2048, moving_avg=25, factor=1, distil=True, dropout=0.05, embed='timeF', activation='gelu', output_attention=False, do_predict=False, num_workers=10, itr=1, train_epochs=20, batch_size=32, patience=3, learning_rate=0.005, des='Exp', loss='mse', lradj='type1', use_amp=False, use_gpu=True, gpu=0, use_multi_gpu=False, devices='0,1,2,3', test_flop=False)
Use GPU: cuda:0
>>>>>>>start training : mirae_Linear_Linear_mirae_ftM_sl72_ll48_pl12_dm512_nh8_el2_dl1_df2048_fc1_ebtimeF_dtTrue_Exp_0>>>>>>>>>>>>>>>>>>>>>>>>>>
train 4552
val 975
test 976
	iters: 100, epoch: 1 | loss: 0.0063751
	speed: 0.0164s/iter; left time: 44.9785s
Epoch: 1 cost time: 1.9057838916778564
Epoch: 1, Steps: 142 | Train Loss: 0.0128718 Vali Loss: 0.0024249 Test Loss: 0.0028817
Validation loss decreased (inf --> 0.002425).  Saving model ...
Updating learning rate to 0.005
	iters: 100, epoch: 2 | loss: 0.0054163
	speed: 0.0292s/iter; left time: 76.0162s
Epoch: 2 cost time: 1.458268404006958
Epoch: 2, Steps: 142 | Train Loss: 0.0074849 Vali Loss: 0.0019694 Test Loss: 0.0026996
Validation loss decreased (0.002425 --> 0.001969).  Saving model ...
Updating learning rate to 0.0025
	iters: 100, epoch: 3 | loss: 0.0057636
	speed: 0.0289s/iter; left time: 71.0836s
Epoch: 3 cost time: 1.3629071712493896
Epoch: 3, Steps: 142 | Train Loss: 0.0063254 Vali Loss: 0.0023041 Test Loss: 0.0025749
EarlyStopping counter: 1 out of 3
Updating learning rate to 0.00125
	iters: 100, epoch: 4 | loss: 0.0054632
	speed: 0.0306s/iter; left time: 70.8963s
Epoch: 4 cost time: 1.3907592296600342
Epoch: 4, Steps: 142 | Train Loss: 0.0058388 Vali Loss: 0.0020709 Test Loss: 0.0022982
EarlyStopping counter: 2 out of 3
Updating learning rate to 0.000625
	iters: 100, epoch: 5 | loss: 0.0046464
	speed: 0.0323s/iter; left time: 70.1235s
Epoch: 5 cost time: 1.5915541648864746
Epoch: 5, Steps: 142 | Train Loss: 0.0055738 Vali Loss: 0.0019634 Test Loss: 0.0022526
Validation loss decreased (0.001969 --> 0.001963).  Saving model ...
Updating learning rate to 0.0003125
	iters: 100, epoch: 6 | loss: 0.0060716
	speed: 0.0370s/iter; left time: 75.1526s
Epoch: 6 cost time: 1.62042236328125
Epoch: 6, Steps: 142 | Train Loss: 0.0054130 Vali Loss: 0.0017829 Test Loss: 0.0020597
Validation loss decreased (0.001963 --> 0.001783).  Saving model ...
Updating learning rate to 0.00015625
	iters: 100, epoch: 7 | loss: 0.0043123
	speed: 0.0343s/iter; left time: 64.8100s
Epoch: 7 cost time: 1.5942010879516602
Epoch: 7, Steps: 142 | Train Loss: 0.0053537 Vali Loss: 0.0018317 Test Loss: 0.0020627
EarlyStopping counter: 1 out of 3
Updating learning rate to 7.8125e-05
	iters: 100, epoch: 8 | loss: 0.0043221
	speed: 0.0335s/iter; left time: 58.4596s
Epoch: 8 cost time: 1.4611420631408691
Epoch: 8, Steps: 142 | Train Loss: 0.0053225 Vali Loss: 0.0018161 Test Loss: 0.0020584
EarlyStopping counter: 2 out of 3
Updating learning rate to 3.90625e-05
	iters: 100, epoch: 9 | loss: 0.0088276
	speed: 0.0315s/iter; left time: 50.6197s
Epoch: 9 cost time: 1.5143048763275146
Epoch: 9, Steps: 142 | Train Loss: 0.0053057 Vali Loss: 0.0017910 Test Loss: 0.0020540
EarlyStopping counter: 3 out of 3
Early stopping
>>>>>>>testing : mirae_Linear_Linear_mirae_ftM_sl72_ll48_pl12_dm512_nh8_el2_dl1_df2048_fc1_ebtimeF_dtTrue_Exp_0<<<<<<<<<<<<<<<<<<<<<<<<<<<<<<<<<
test 976
mse:0.002060, mae:0.03313
