Args in experiment:
Namespace(ver='TWM', is_training=1, model_id='mirae_Linear', model='Linear', data='mirae', root_path='./data/ETT/', data_path='ETTh1.csv', features='M', target='OT', freq='h', checkpoints='./checkpoints/', seq_len=72, label_len=48, pred_len=12, individual=False, embed_type=0, enc_in=7, dec_in=7, c_out=7, d_model=512, n_heads=8, e_layers=2, d_layers=1, d_ff=2048, moving_avg=25, factor=1, distil=True, dropout=0.05, embed='timeF', activation='gelu', output_attention=False, do_predict=False, num_workers=10, itr=1, train_epochs=20, batch_size=32, patience=3, learning_rate=0.005, des='Exp', loss='mse', lradj='type1', use_amp=False, use_gpu=True, gpu=0, use_multi_gpu=False, devices='0,1,2,3', test_flop=False)
Use GPU: cuda:0
>>>>>>>start training : mirae_Linear_Linear_mirae_ftM_sl72_ll48_pl12_dm512_nh8_el2_dl1_df2048_fc1_ebtimeF_dtTrue_Exp_0>>>>>>>>>>>>>>>>>>>>>>>>>>
train 4552
val 975
test 976
	iters: 100, epoch: 1 | loss: 0.0224033
	speed: 0.0285s/iter; left time: 78.0320s
Epoch: 1 cost time: 3.141853094100952
Epoch: 1, Steps: 142 | Train Loss: 0.0505272 Vali Loss: 0.0052277 Test Loss: 0.0070469
Validation loss decreased (inf --> 0.005228).  Saving model ...
Updating learning rate to 0.005
	iters: 100, epoch: 2 | loss: 0.0144942
	speed: 0.0412s/iter; left time: 107.1726s
Epoch: 2 cost time: 2.0410687923431396
Epoch: 2, Steps: 142 | Train Loss: 0.0134854 Vali Loss: 0.0025441 Test Loss: 0.0034167
Validation loss decreased (0.005228 --> 0.002544).  Saving model ...
Updating learning rate to 0.0025
	iters: 100, epoch: 3 | loss: 0.0109928
	speed: 0.0429s/iter; left time: 105.4134s
Epoch: 3 cost time: 1.9660251140594482
Epoch: 3, Steps: 142 | Train Loss: 0.0087944 Vali Loss: 0.0018938 Test Loss: 0.0028462
Validation loss decreased (0.002544 --> 0.001894).  Saving model ...
Updating learning rate to 0.00125
	iters: 100, epoch: 4 | loss: 0.0059386
	speed: 0.0414s/iter; left time: 95.7362s
Epoch: 4 cost time: 1.8116869926452637
Epoch: 4, Steps: 142 | Train Loss: 0.0069863 Vali Loss: 0.0023717 Test Loss: 0.0033270
EarlyStopping counter: 1 out of 3
Updating learning rate to 0.000625
	iters: 100, epoch: 5 | loss: 0.0054772
	speed: 0.0401s/iter; left time: 87.1001s
Epoch: 5 cost time: 1.6281249523162842
Epoch: 5, Steps: 142 | Train Loss: 0.0065579 Vali Loss: 0.0017340 Test Loss: 0.0024958
Validation loss decreased (0.001894 --> 0.001734).  Saving model ...
Updating learning rate to 0.0003125
	iters: 100, epoch: 6 | loss: 0.0088238
	speed: 0.0482s/iter; left time: 97.8895s
Epoch: 6 cost time: 2.194896936416626
Epoch: 6, Steps: 142 | Train Loss: 0.0060450 Vali Loss: 0.0018623 Test Loss: 0.0026314
EarlyStopping counter: 1 out of 3
Updating learning rate to 0.00015625
	iters: 100, epoch: 7 | loss: 0.0059883
	speed: 0.0450s/iter; left time: 85.0513s
Epoch: 7 cost time: 1.856133222579956
Epoch: 7, Steps: 142 | Train Loss: 0.0058878 Vali Loss: 0.0019833 Test Loss: 0.0027620
EarlyStopping counter: 2 out of 3
Updating learning rate to 7.8125e-05
	iters: 100, epoch: 8 | loss: 0.0052879
	speed: 0.0474s/iter; left time: 82.8500s
Epoch: 8 cost time: 1.8189914226531982
Epoch: 8, Steps: 142 | Train Loss: 0.0057876 Vali Loss: 0.0019327 Test Loss: 0.0026962
EarlyStopping counter: 3 out of 3
Early stopping
>>>>>>>testing : mirae_Linear_Linear_mirae_ftM_sl72_ll48_pl12_dm512_nh8_el2_dl1_df2048_fc1_ebtimeF_dtTrue_Exp_0<<<<<<<<<<<<<<<<<<<<<<<<<<<<<<<<<
test 976
mse:0.002496, mae:0.03942
