Args in experiment:
Namespace(ver='TWM-2', is_training=1, model_id='mirae_Linear', model='Linear', data='mirae', root_path='./data/ETT/', data_path='ETTh1.csv', features='M', target='OT', freq='h', checkpoints='./checkpoints/', seq_len=72, label_len=48, pred_len=12, individual=False, embed_type=0, enc_in=7, dec_in=7, c_out=7, d_model=512, n_heads=8, e_layers=2, d_layers=1, d_ff=2048, moving_avg=25, factor=1, distil=True, dropout=0.05, embed='timeF', activation='gelu', output_attention=False, do_predict=False, num_workers=10, itr=1, train_epochs=20, batch_size=32, patience=3, learning_rate=0.005, des='Exp', loss='mse', lradj='type1', use_amp=False, use_gpu=True, gpu=0, use_multi_gpu=False, devices='0,1,2,3', test_flop=False)
Use GPU: cuda:0
>>>>>>>start training : mirae_Linear_Linear_mirae_ftM_sl72_ll48_pl12_dm512_nh8_el2_dl1_df2048_fc1_ebtimeF_dtTrue_Exp_0>>>>>>>>>>>>>>>>>>>>>>>>>>
train 4552
val 975
test 976
	iters: 100, epoch: 1 | loss: 0.0071642
	speed: 0.0304s/iter; left time: 83.3741s
Epoch: 1 cost time: 3.4202165603637695
Epoch: 1, Steps: 142 | Train Loss: 0.0193847 Vali Loss: 0.0026003 Test Loss: 0.0038734
Validation loss decreased (inf --> 0.002600).  Saving model ...
Updating learning rate to 0.005
	iters: 100, epoch: 2 | loss: 0.0037229
	speed: 0.0429s/iter; left time: 111.4391s
Epoch: 2 cost time: 1.8081984519958496
Epoch: 2, Steps: 142 | Train Loss: 0.0064641 Vali Loss: 0.0018545 Test Loss: 0.0030669
Validation loss decreased (0.002600 --> 0.001855).  Saving model ...
Updating learning rate to 0.0025
	iters: 100, epoch: 3 | loss: 0.0068445
	speed: 0.0444s/iter; left time: 109.0308s
Epoch: 3 cost time: 2.0929312705993652
Epoch: 3, Steps: 142 | Train Loss: 0.0055497 Vali Loss: 0.0016043 Test Loss: 0.0026066
Validation loss decreased (0.001855 --> 0.001604).  Saving model ...
Updating learning rate to 0.00125
	iters: 100, epoch: 4 | loss: 0.0046628
	speed: 0.0465s/iter; left time: 107.5450s
Epoch: 4 cost time: 2.0792624950408936
Epoch: 4, Steps: 142 | Train Loss: 0.0051550 Vali Loss: 0.0014543 Test Loss: 0.0024336
Validation loss decreased (0.001604 --> 0.001454).  Saving model ...
Updating learning rate to 0.000625
	iters: 100, epoch: 5 | loss: 0.0038215
	speed: 0.0432s/iter; left time: 93.9089s
Epoch: 5 cost time: 1.996152400970459
Epoch: 5, Steps: 142 | Train Loss: 0.0050145 Vali Loss: 0.0014677 Test Loss: 0.0024218
EarlyStopping counter: 1 out of 3
Updating learning rate to 0.0003125
	iters: 100, epoch: 6 | loss: 0.0065542
	speed: 0.0530s/iter; left time: 107.5473s
Epoch: 6 cost time: 2.190122127532959
Epoch: 6, Steps: 142 | Train Loss: 0.0049415 Vali Loss: 0.0014143 Test Loss: 0.0023653
Validation loss decreased (0.001454 --> 0.001414).  Saving model ...
Updating learning rate to 0.00015625
	iters: 100, epoch: 7 | loss: 0.0034621
	speed: 0.0484s/iter; left time: 91.5030s
Epoch: 7 cost time: 2.081012487411499
Epoch: 7, Steps: 142 | Train Loss: 0.0048954 Vali Loss: 0.0014231 Test Loss: 0.0023752
EarlyStopping counter: 1 out of 3
Updating learning rate to 7.8125e-05
	iters: 100, epoch: 8 | loss: 0.0044334
	speed: 0.0548s/iter; left time: 95.7227s
Epoch: 8 cost time: 2.312551975250244
Epoch: 8, Steps: 142 | Train Loss: 0.0048772 Vali Loss: 0.0014177 Test Loss: 0.0023686
EarlyStopping counter: 2 out of 3
Updating learning rate to 3.90625e-05
	iters: 100, epoch: 9 | loss: 0.0035450
	speed: 0.0517s/iter; left time: 82.9384s
Epoch: 9 cost time: 2.258631944656372
Epoch: 9, Steps: 142 | Train Loss: 0.0048666 Vali Loss: 0.0014194 Test Loss: 0.0023612
EarlyStopping counter: 3 out of 3
Early stopping
>>>>>>>testing : mirae_Linear_Linear_mirae_ftM_sl72_ll48_pl12_dm512_nh8_el2_dl1_df2048_fc1_ebtimeF_dtTrue_Exp_0<<<<<<<<<<<<<<<<<<<<<<<<<<<<<<<<<
test 976
mse:0.002365, mae:0.03661
