Args in experiment:
Namespace(ver='TWM-2', is_training=1, model_id='mirae_Linear', model='NLinear', data='mirae', root_path='./data/ETT/', data_path='ETTh1.csv', features='M', target='OT', freq='h', checkpoints='./checkpoints/', seq_len=72, label_len=48, pred_len=12, individual=False, embed_type=0, enc_in=7, dec_in=7, c_out=7, d_model=512, n_heads=8, e_layers=2, d_layers=1, d_ff=2048, moving_avg=25, factor=1, distil=True, dropout=0.05, embed='timeF', activation='gelu', output_attention=False, do_predict=False, num_workers=10, itr=1, train_epochs=20, batch_size=32, patience=3, learning_rate=0.005, des='Exp', loss='mse', lradj='type1', use_amp=False, use_gpu=True, gpu=0, use_multi_gpu=False, devices='0,1,2,3', test_flop=False)
Use GPU: cuda:0
>>>>>>>start training : mirae_Linear_NLinear_mirae_ftM_sl72_ll48_pl12_dm512_nh8_el2_dl1_df2048_fc1_ebtimeF_dtTrue_Exp_0>>>>>>>>>>>>>>>>>>>>>>>>>>
train 4552
val 975
test 976
	iters: 100, epoch: 1 | loss: 0.0047518
	speed: 0.0309s/iter; left time: 84.7446s
Epoch: 1 cost time: 3.412135362625122
Epoch: 1, Steps: 142 | Train Loss: 0.0091674 Vali Loss: 0.0020946 Test Loss: 0.0019172
Validation loss decreased (inf --> 0.002095).  Saving model ...
Updating learning rate to 0.005
	iters: 100, epoch: 2 | loss: 0.0056137
	speed: 0.0399s/iter; left time: 103.8011s
Epoch: 2 cost time: 2.279670476913452
Epoch: 2, Steps: 142 | Train Loss: 0.0049668 Vali Loss: 0.0017462 Test Loss: 0.0015170
Validation loss decreased (0.002095 --> 0.001746).  Saving model ...
Updating learning rate to 0.0025
	iters: 100, epoch: 3 | loss: 0.0022106
	speed: 0.0381s/iter; left time: 93.6067s
Epoch: 3 cost time: 1.7555100917816162
Epoch: 3, Steps: 142 | Train Loss: 0.0043754 Vali Loss: 0.0016426 Test Loss: 0.0013631
Validation loss decreased (0.001746 --> 0.001643).  Saving model ...
Updating learning rate to 0.00125
	iters: 100, epoch: 4 | loss: 0.0036762
	speed: 0.0399s/iter; left time: 92.2712s
Epoch: 4 cost time: 1.8759088516235352
Epoch: 4, Steps: 142 | Train Loss: 0.0041181 Vali Loss: 0.0016123 Test Loss: 0.0013475
Validation loss decreased (0.001643 --> 0.001612).  Saving model ...
Updating learning rate to 0.000625
	iters: 100, epoch: 5 | loss: 0.0031476
	speed: 0.0424s/iter; left time: 92.0955s
Epoch: 5 cost time: 2.0705480575561523
Epoch: 5, Steps: 142 | Train Loss: 0.0040001 Vali Loss: 0.0016305 Test Loss: 0.0013350
EarlyStopping counter: 1 out of 3
Updating learning rate to 0.0003125
	iters: 100, epoch: 6 | loss: 0.0035192
	speed: 0.0428s/iter; left time: 86.9298s
Epoch: 6 cost time: 1.8180146217346191
Epoch: 6, Steps: 142 | Train Loss: 0.0039387 Vali Loss: 0.0015738 Test Loss: 0.0012956
Validation loss decreased (0.001612 --> 0.001574).  Saving model ...
Updating learning rate to 0.00015625
	iters: 100, epoch: 7 | loss: 0.0031276
	speed: 0.0466s/iter; left time: 88.1050s
Epoch: 7 cost time: 2.1481270790100098
Epoch: 7, Steps: 142 | Train Loss: 0.0039091 Vali Loss: 0.0015796 Test Loss: 0.0013016
EarlyStopping counter: 1 out of 3
Updating learning rate to 7.8125e-05
	iters: 100, epoch: 8 | loss: 0.0067572
	speed: 0.0411s/iter; left time: 71.7591s
Epoch: 8 cost time: 1.6823272705078125
Epoch: 8, Steps: 142 | Train Loss: 0.0039034 Vali Loss: 0.0015902 Test Loss: 0.0012955
EarlyStopping counter: 2 out of 3
Updating learning rate to 3.90625e-05
	iters: 100, epoch: 9 | loss: 0.0041779
	speed: 0.0439s/iter; left time: 70.5002s
Epoch: 9 cost time: 1.790832757949829
Epoch: 9, Steps: 142 | Train Loss: 0.0038934 Vali Loss: 0.0015794 Test Loss: 0.0012947
EarlyStopping counter: 3 out of 3
Early stopping
>>>>>>>testing : mirae_Linear_NLinear_mirae_ftM_sl72_ll48_pl12_dm512_nh8_el2_dl1_df2048_fc1_ebtimeF_dtTrue_Exp_0<<<<<<<<<<<<<<<<<<<<<<<<<<<<<<<<<
test 976
mse:0.001296, mae:0.02548
