Args in experiment:
Namespace(ver='TPM', is_training=1, model_id='mirae_Linear', model='NLinear', data='mirae', root_path='./data/ETT/', data_path='ETTh1.csv', features='M', target='OT', freq='h', checkpoints='./checkpoints/', seq_len=72, label_len=48, pred_len=12, individual=False, embed_type=0, enc_in=7, dec_in=7, c_out=7, d_model=512, n_heads=8, e_layers=2, d_layers=1, d_ff=2048, moving_avg=25, factor=1, distil=True, dropout=0.05, embed='timeF', activation='gelu', output_attention=False, do_predict=False, num_workers=10, itr=1, train_epochs=20, batch_size=32, patience=3, learning_rate=0.005, des='Exp', loss='mse', lradj='type1', use_amp=False, use_gpu=True, gpu=0, use_multi_gpu=False, devices='0,1,2,3', test_flop=False)
Use GPU: cuda:0
>>>>>>>start training : mirae_Linear_NLinear_mirae_ftM_sl72_ll48_pl12_dm512_nh8_el2_dl1_df2048_fc1_ebtimeF_dtTrue_Exp_0>>>>>>>>>>>>>>>>>>>>>>>>>>
train 4552
val 975
test 976
	iters: 100, epoch: 1 | loss: 0.0114592
	speed: 0.0297s/iter; left time: 81.4843s
Epoch: 1 cost time: 3.24625563621521
Epoch: 1, Steps: 142 | Train Loss: 0.0501452 Vali Loss: 0.0043084 Test Loss: 0.0038569
Validation loss decreased (inf --> 0.004308).  Saving model ...
Updating learning rate to 0.005
	iters: 100, epoch: 2 | loss: 0.0093913
	speed: 0.0366s/iter; left time: 95.0561s
Epoch: 2 cost time: 1.6880919933319092
Epoch: 2, Steps: 142 | Train Loss: 0.0088889 Vali Loss: 0.0027926 Test Loss: 0.0025901
Validation loss decreased (0.004308 --> 0.002793).  Saving model ...
Updating learning rate to 0.0025
	iters: 100, epoch: 3 | loss: 0.0056578
	speed: 0.0370s/iter; left time: 90.8019s
Epoch: 3 cost time: 1.6293165683746338
Epoch: 3, Steps: 142 | Train Loss: 0.0068091 Vali Loss: 0.0023653 Test Loss: 0.0020561
Validation loss decreased (0.002793 --> 0.002365).  Saving model ...
Updating learning rate to 0.00125
	iters: 100, epoch: 4 | loss: 0.0044679
	speed: 0.0418s/iter; left time: 96.8262s
Epoch: 4 cost time: 1.8547451496124268
Epoch: 4, Steps: 142 | Train Loss: 0.0061235 Vali Loss: 0.0023086 Test Loss: 0.0018732
Validation loss decreased (0.002365 --> 0.002309).  Saving model ...
Updating learning rate to 0.000625
	iters: 100, epoch: 5 | loss: 0.0059104
	speed: 0.0407s/iter; left time: 88.4189s
Epoch: 5 cost time: 1.9220232963562012
Epoch: 5, Steps: 142 | Train Loss: 0.0058331 Vali Loss: 0.0022406 Test Loss: 0.0018902
Validation loss decreased (0.002309 --> 0.002241).  Saving model ...
Updating learning rate to 0.0003125
	iters: 100, epoch: 6 | loss: 0.0058311
	speed: 0.0432s/iter; left time: 87.7867s
Epoch: 6 cost time: 1.995795488357544
Epoch: 6, Steps: 142 | Train Loss: 0.0056570 Vali Loss: 0.0022062 Test Loss: 0.0018328
Validation loss decreased (0.002241 --> 0.002206).  Saving model ...
Updating learning rate to 0.00015625
	iters: 100, epoch: 7 | loss: 0.0052270
	speed: 0.0427s/iter; left time: 80.6689s
Epoch: 7 cost time: 1.8948678970336914
Epoch: 7, Steps: 142 | Train Loss: 0.0055663 Vali Loss: 0.0022016 Test Loss: 0.0018391
Validation loss decreased (0.002206 --> 0.002202).  Saving model ...
Updating learning rate to 7.8125e-05
	iters: 100, epoch: 8 | loss: 0.0082946
	speed: 0.0424s/iter; left time: 74.0934s
Epoch: 8 cost time: 1.775057077407837
Epoch: 8, Steps: 142 | Train Loss: 0.0055147 Vali Loss: 0.0021861 Test Loss: 0.0018270
Validation loss decreased (0.002202 --> 0.002186).  Saving model ...
Updating learning rate to 3.90625e-05
	iters: 100, epoch: 9 | loss: 0.0050343
	speed: 0.0431s/iter; left time: 69.1569s
Epoch: 9 cost time: 2.062817096710205
Epoch: 9, Steps: 142 | Train Loss: 0.0054984 Vali Loss: 0.0021600 Test Loss: 0.0018175
Validation loss decreased (0.002186 --> 0.002160).  Saving model ...
Updating learning rate to 1.953125e-05
	iters: 100, epoch: 10 | loss: 0.0049095
	speed: 0.0430s/iter; left time: 62.9610s
Epoch: 10 cost time: 1.8235456943511963
Epoch: 10, Steps: 142 | Train Loss: 0.0054864 Vali Loss: 0.0021650 Test Loss: 0.0018234
EarlyStopping counter: 1 out of 3
Updating learning rate to 9.765625e-06
	iters: 100, epoch: 11 | loss: 0.0053141
	speed: 0.0422s/iter; left time: 55.7418s
Epoch: 11 cost time: 1.8186867237091064
Epoch: 11, Steps: 142 | Train Loss: 0.0054733 Vali Loss: 0.0021890 Test Loss: 0.0018123
EarlyStopping counter: 2 out of 3
Updating learning rate to 4.8828125e-06
	iters: 100, epoch: 12 | loss: 0.0042458
	speed: 0.0402s/iter; left time: 47.3871s
Epoch: 12 cost time: 1.7421352863311768
Epoch: 12, Steps: 142 | Train Loss: 0.0054625 Vali Loss: 0.0021862 Test Loss: 0.0018126
EarlyStopping counter: 3 out of 3
Early stopping
>>>>>>>testing : mirae_Linear_NLinear_mirae_ftM_sl72_ll48_pl12_dm512_nh8_el2_dl1_df2048_fc1_ebtimeF_dtTrue_Exp_0<<<<<<<<<<<<<<<<<<<<<<<<<<<<<<<<<
test 976
mse:0.001818, mae:0.03123
