Args in experiment:
Namespace(ver='TWM', is_training=1, model_id='mirae_Linear', model='NLinear', data='mirae', root_path='./data/ETT/', data_path='ETTh1.csv', features='M', target='OT', freq='h', checkpoints='./checkpoints/', seq_len=72, label_len=48, pred_len=12, individual=False, embed_type=0, enc_in=7, dec_in=7, c_out=7, d_model=512, n_heads=8, e_layers=2, d_layers=1, d_ff=2048, moving_avg=25, factor=1, distil=True, dropout=0.05, embed='timeF', activation='gelu', output_attention=False, do_predict=False, num_workers=10, itr=1, train_epochs=20, batch_size=32, patience=3, learning_rate=0.005, des='Exp', loss='mse', lradj='type1', use_amp=False, use_gpu=True, gpu=0, use_multi_gpu=False, devices='0,1,2,3', test_flop=False)
Use GPU: cuda:0
>>>>>>>start training : mirae_Linear_NLinear_mirae_ftM_sl72_ll48_pl12_dm512_nh8_el2_dl1_df2048_fc1_ebtimeF_dtTrue_Exp_0>>>>>>>>>>>>>>>>>>>>>>>>>>
train 4552
val 975
test 976
	iters: 100, epoch: 1 | loss: 0.0244687
	speed: 0.0319s/iter; left time: 87.5111s
Epoch: 1 cost time: 3.472201108932495
Epoch: 1, Steps: 142 | Train Loss: 0.0192499 Vali Loss: 0.0057146 Test Loss: 0.0062378
Validation loss decreased (inf --> 0.005715).  Saving model ...
Updating learning rate to 0.005
	iters: 100, epoch: 2 | loss: 0.0154279
	speed: 0.0425s/iter; left time: 110.4201s
Epoch: 2 cost time: 1.9274582862854004
Epoch: 2, Steps: 142 | Train Loss: 0.0135505 Vali Loss: 0.0042047 Test Loss: 0.0045470
Validation loss decreased (0.005715 --> 0.004205).  Saving model ...
Updating learning rate to 0.0025
	iters: 100, epoch: 3 | loss: 0.0154043
	speed: 0.0429s/iter; left time: 105.3391s
Epoch: 3 cost time: 1.9289100170135498
Epoch: 3, Steps: 142 | Train Loss: 0.0113406 Vali Loss: 0.0037700 Test Loss: 0.0041922
Validation loss decreased (0.004205 --> 0.003770).  Saving model ...
Updating learning rate to 0.00125
	iters: 100, epoch: 4 | loss: 0.0147414
	speed: 0.0466s/iter; left time: 107.8255s
Epoch: 4 cost time: 1.9099297523498535
Epoch: 4, Steps: 142 | Train Loss: 0.0106492 Vali Loss: 0.0035983 Test Loss: 0.0039041
Validation loss decreased (0.003770 --> 0.003598).  Saving model ...
Updating learning rate to 0.000625
	iters: 100, epoch: 5 | loss: 0.0117331
	speed: 0.0466s/iter; left time: 101.2717s
Epoch: 5 cost time: 1.957693338394165
Epoch: 5, Steps: 142 | Train Loss: 0.0103840 Vali Loss: 0.0034681 Test Loss: 0.0038256
Validation loss decreased (0.003598 --> 0.003468).  Saving model ...
Updating learning rate to 0.0003125
	iters: 100, epoch: 6 | loss: 0.0106973
	speed: 0.0464s/iter; left time: 94.2245s
Epoch: 6 cost time: 1.932739019393921
Epoch: 6, Steps: 142 | Train Loss: 0.0102640 Vali Loss: 0.0034651 Test Loss: 0.0038020
Validation loss decreased (0.003468 --> 0.003465).  Saving model ...
Updating learning rate to 0.00015625
	iters: 100, epoch: 7 | loss: 0.0097705
	speed: 0.0438s/iter; left time: 82.7312s
Epoch: 7 cost time: 1.7625195980072021
Epoch: 7, Steps: 142 | Train Loss: 0.0101893 Vali Loss: 0.0034426 Test Loss: 0.0037861
Validation loss decreased (0.003465 --> 0.003443).  Saving model ...
Updating learning rate to 7.8125e-05
	iters: 100, epoch: 8 | loss: 0.0216488
	speed: 0.0440s/iter; left time: 76.9471s
Epoch: 8 cost time: 1.9169139862060547
Epoch: 8, Steps: 142 | Train Loss: 0.0101768 Vali Loss: 0.0034371 Test Loss: 0.0037762
Validation loss decreased (0.003443 --> 0.003437).  Saving model ...
Updating learning rate to 3.90625e-05
	iters: 100, epoch: 9 | loss: 0.0105856
	speed: 0.0460s/iter; left time: 73.8517s
Epoch: 9 cost time: 1.9650352001190186
Epoch: 9, Steps: 142 | Train Loss: 0.0101559 Vali Loss: 0.0034336 Test Loss: 0.0037717
Validation loss decreased (0.003437 --> 0.003434).  Saving model ...
Updating learning rate to 1.953125e-05
	iters: 100, epoch: 10 | loss: 0.0128408
	speed: 0.0440s/iter; left time: 64.3364s
Epoch: 10 cost time: 2.024216413497925
Epoch: 10, Steps: 142 | Train Loss: 0.0101562 Vali Loss: 0.0034378 Test Loss: 0.0037693
EarlyStopping counter: 1 out of 3
Updating learning rate to 9.765625e-06
	iters: 100, epoch: 11 | loss: 0.0173026
	speed: 0.0439s/iter; left time: 58.0430s
Epoch: 11 cost time: 1.9481053352355957
Epoch: 11, Steps: 142 | Train Loss: 0.0101373 Vali Loss: 0.0034273 Test Loss: 0.0037683
Validation loss decreased (0.003434 --> 0.003427).  Saving model ...
Updating learning rate to 4.8828125e-06
	iters: 100, epoch: 12 | loss: 0.0141213
	speed: 0.0434s/iter; left time: 51.1632s
Epoch: 12 cost time: 1.9248192310333252
Epoch: 12, Steps: 142 | Train Loss: 0.0101398 Vali Loss: 0.0034498 Test Loss: 0.0037676
EarlyStopping counter: 1 out of 3
Updating learning rate to 2.44140625e-06
	iters: 100, epoch: 13 | loss: 0.0144001
	speed: 0.0452s/iter; left time: 46.9069s
Epoch: 13 cost time: 1.850093126296997
Epoch: 13, Steps: 142 | Train Loss: 0.0101317 Vali Loss: 0.0034280 Test Loss: 0.0037673
EarlyStopping counter: 2 out of 3
Updating learning rate to 1.220703125e-06
	iters: 100, epoch: 14 | loss: 0.0079910
	speed: 0.0416s/iter; left time: 37.2237s
Epoch: 14 cost time: 1.6948399543762207
Epoch: 14, Steps: 142 | Train Loss: 0.0101381 Vali Loss: 0.0034387 Test Loss: 0.0037672
EarlyStopping counter: 3 out of 3
Early stopping
>>>>>>>testing : mirae_Linear_NLinear_mirae_ftM_sl72_ll48_pl12_dm512_nh8_el2_dl1_df2048_fc1_ebtimeF_dtTrue_Exp_0<<<<<<<<<<<<<<<<<<<<<<<<<<<<<<<<<
test 976
mse:0.003768, mae:0.04394
