Args in experiment:
Namespace(ver='TWM-2', is_training=1, model_id='mirae_Linear', model='NLinear', data='mirae', root_path='./data/ETT/', data_path='ETTh1.csv', features='M', target='OT', freq='h', checkpoints='./checkpoints/', seq_len=72, label_len=48, pred_len=12, individual=False, embed_type=0, enc_in=7, dec_in=7, c_out=7, d_model=512, n_heads=8, e_layers=2, d_layers=1, d_ff=2048, moving_avg=25, factor=1, distil=True, dropout=0.05, embed='timeF', activation='gelu', output_attention=False, do_predict=False, num_workers=10, itr=1, train_epochs=20, batch_size=32, patience=3, learning_rate=0.005, des='Exp', loss='mse', lradj='type1', use_amp=False, use_gpu=True, gpu=0, use_multi_gpu=False, devices='0,1,2,3', test_flop=False)
Use GPU: cuda:0
>>>>>>>start training : mirae_Linear_NLinear_mirae_ftM_sl72_ll48_pl12_dm512_nh8_el2_dl1_df2048_fc1_ebtimeF_dtTrue_Exp_0>>>>>>>>>>>>>>>>>>>>>>>>>>
train 4552
val 975
test 976
	iters: 100, epoch: 1 | loss: 0.0099125
	speed: 0.0319s/iter; left time: 87.4275s
Epoch: 1 cost time: 3.498485565185547
Epoch: 1, Steps: 142 | Train Loss: 0.0161088 Vali Loss: 0.0027522 Test Loss: 0.0026920
Validation loss decreased (inf --> 0.002752).  Saving model ...
Updating learning rate to 0.005
	iters: 100, epoch: 2 | loss: 0.0063519
	speed: 0.0385s/iter; left time: 100.0898s
Epoch: 2 cost time: 1.852832317352295
Epoch: 2, Steps: 142 | Train Loss: 0.0066137 Vali Loss: 0.0023695 Test Loss: 0.0019665
Validation loss decreased (0.002752 --> 0.002369).  Saving model ...
Updating learning rate to 0.0025
	iters: 100, epoch: 3 | loss: 0.0075150
	speed: 0.0377s/iter; left time: 92.7192s
Epoch: 3 cost time: 1.8268945217132568
Epoch: 3, Steps: 142 | Train Loss: 0.0053104 Vali Loss: 0.0021506 Test Loss: 0.0019770
Validation loss decreased (0.002369 --> 0.002151).  Saving model ...
Updating learning rate to 0.00125
	iters: 100, epoch: 4 | loss: 0.0032400
	speed: 0.0416s/iter; left time: 96.2620s
Epoch: 4 cost time: 1.7308733463287354
Epoch: 4, Steps: 142 | Train Loss: 0.0048173 Vali Loss: 0.0018853 Test Loss: 0.0015299
Validation loss decreased (0.002151 --> 0.001885).  Saving model ...
Updating learning rate to 0.000625
	iters: 100, epoch: 5 | loss: 0.0058218
	speed: 0.0398s/iter; left time: 86.4399s
Epoch: 5 cost time: 1.8946242332458496
Epoch: 5, Steps: 142 | Train Loss: 0.0044807 Vali Loss: 0.0016808 Test Loss: 0.0014628
Validation loss decreased (0.001885 --> 0.001681).  Saving model ...
Updating learning rate to 0.0003125
	iters: 100, epoch: 6 | loss: 0.0063989
	speed: 0.0435s/iter; left time: 88.3243s
Epoch: 6 cost time: 1.9136650562286377
Epoch: 6, Steps: 142 | Train Loss: 0.0042682 Vali Loss: 0.0016710 Test Loss: 0.0014145
Validation loss decreased (0.001681 --> 0.001671).  Saving model ...
Updating learning rate to 0.00015625
	iters: 100, epoch: 7 | loss: 0.0032524
	speed: 0.0485s/iter; left time: 91.6451s
Epoch: 7 cost time: 2.2970099449157715
Epoch: 7, Steps: 142 | Train Loss: 0.0041760 Vali Loss: 0.0016611 Test Loss: 0.0013672
Validation loss decreased (0.001671 --> 0.001661).  Saving model ...
Updating learning rate to 7.8125e-05
	iters: 100, epoch: 8 | loss: 0.0027530
	speed: 0.0426s/iter; left time: 74.3648s
Epoch: 8 cost time: 1.9108691215515137
Epoch: 8, Steps: 142 | Train Loss: 0.0041266 Vali Loss: 0.0016934 Test Loss: 0.0014237
EarlyStopping counter: 1 out of 3
Updating learning rate to 3.90625e-05
	iters: 100, epoch: 9 | loss: 0.0062933
	speed: 0.0446s/iter; left time: 71.6114s
Epoch: 9 cost time: 2.0832996368408203
Epoch: 9, Steps: 142 | Train Loss: 0.0040954 Vali Loss: 0.0016719 Test Loss: 0.0013636
EarlyStopping counter: 2 out of 3
Updating learning rate to 1.953125e-05
	iters: 100, epoch: 10 | loss: 0.0041444
	speed: 0.0431s/iter; left time: 63.0153s
Epoch: 10 cost time: 1.9956321716308594
Epoch: 10, Steps: 142 | Train Loss: 0.0040800 Vali Loss: 0.0016538 Test Loss: 0.0013668
Validation loss decreased (0.001661 --> 0.001654).  Saving model ...
Updating learning rate to 9.765625e-06
	iters: 100, epoch: 11 | loss: 0.0049899
	speed: 0.0434s/iter; left time: 57.3214s
Epoch: 11 cost time: 2.0268070697784424
Epoch: 11, Steps: 142 | Train Loss: 0.0040744 Vali Loss: 0.0016682 Test Loss: 0.0013657
EarlyStopping counter: 1 out of 3
Updating learning rate to 4.8828125e-06
	iters: 100, epoch: 12 | loss: 0.0043349
	speed: 0.0402s/iter; left time: 47.3797s
Epoch: 12 cost time: 1.8917033672332764
Epoch: 12, Steps: 142 | Train Loss: 0.0040681 Vali Loss: 0.0016756 Test Loss: 0.0013637
EarlyStopping counter: 2 out of 3
Updating learning rate to 2.44140625e-06
	iters: 100, epoch: 13 | loss: 0.0041922
	speed: 0.0387s/iter; left time: 40.1300s
Epoch: 13 cost time: 1.7734076976776123
Epoch: 13, Steps: 142 | Train Loss: 0.0040425 Vali Loss: 0.0016780 Test Loss: 0.0013647
EarlyStopping counter: 3 out of 3
Early stopping
>>>>>>>testing : mirae_Linear_NLinear_mirae_ftM_sl72_ll48_pl12_dm512_nh8_el2_dl1_df2048_fc1_ebtimeF_dtTrue_Exp_0<<<<<<<<<<<<<<<<<<<<<<<<<<<<<<<<<
test 976
mse:0.001367, mae:0.02731
