Args in experiment:
Namespace(ver='TS', is_training=1, model_id='mirae_Linear', model='DLinear', data='mirae', root_path='./data/ETT/', data_path='ETTh1.csv', features='M', target='OT', freq='h', checkpoints='./checkpoints/', seq_len=72, label_len=48, pred_len=12, individual=False, embed_type=0, enc_in=7, dec_in=7, c_out=7, d_model=512, n_heads=8, e_layers=2, d_layers=1, d_ff=2048, moving_avg=25, factor=1, distil=True, dropout=0.05, embed='timeF', activation='gelu', output_attention=False, do_predict=False, num_workers=10, itr=1, train_epochs=20, batch_size=32, patience=3, learning_rate=0.005, des='Exp', loss='mse', lradj='type1', use_amp=False, use_gpu=True, gpu=0, use_multi_gpu=False, devices='0,1,2,3', test_flop=False)
Use GPU: cuda:0
>>>>>>>start training : mirae_Linear_DLinear_mirae_ftM_sl72_ll48_pl12_dm512_nh8_el2_dl1_df2048_fc1_ebtimeF_dtTrue_Exp_0>>>>>>>>>>>>>>>>>>>>>>>>>>
train 4552
val 975
test 976
	iters: 100, epoch: 1 | loss: 0.0055761
	speed: 0.0313s/iter; left time: 85.9057s
Epoch: 1 cost time: 3.445117235183716
Epoch: 1, Steps: 142 | Train Loss: 0.0149105 Vali Loss: 0.0021159 Test Loss: 0.0021355
Validation loss decreased (inf --> 0.002116).  Saving model ...
Updating learning rate to 0.005
	iters: 100, epoch: 2 | loss: 0.0064028
	speed: 0.0398s/iter; left time: 103.3881s
Epoch: 2 cost time: 1.9263548851013184
Epoch: 2, Steps: 142 | Train Loss: 0.0066637 Vali Loss: 0.0019941 Test Loss: 0.0017730
Validation loss decreased (0.002116 --> 0.001994).  Saving model ...
Updating learning rate to 0.0025
	iters: 100, epoch: 3 | loss: 0.0051559
	speed: 0.0404s/iter; left time: 99.1545s
Epoch: 3 cost time: 1.9564082622528076
Epoch: 3, Steps: 142 | Train Loss: 0.0057245 Vali Loss: 0.0024640 Test Loss: 0.0020413
EarlyStopping counter: 1 out of 3
Updating learning rate to 0.00125
	iters: 100, epoch: 4 | loss: 0.0077268
	speed: 0.0440s/iter; left time: 101.9077s
Epoch: 4 cost time: 2.130275249481201
Epoch: 4, Steps: 142 | Train Loss: 0.0053319 Vali Loss: 0.0017183 Test Loss: 0.0015323
Validation loss decreased (0.001994 --> 0.001718).  Saving model ...
Updating learning rate to 0.000625
	iters: 100, epoch: 5 | loss: 0.0032779
	speed: 0.0392s/iter; left time: 85.0926s
Epoch: 5 cost time: 1.8945531845092773
Epoch: 5, Steps: 142 | Train Loss: 0.0050987 Vali Loss: 0.0018062 Test Loss: 0.0016733
EarlyStopping counter: 1 out of 3
Updating learning rate to 0.0003125
	iters: 100, epoch: 6 | loss: 0.0044184
	speed: 0.0386s/iter; left time: 78.4672s
Epoch: 6 cost time: 1.8684673309326172
Epoch: 6, Steps: 142 | Train Loss: 0.0049800 Vali Loss: 0.0018543 Test Loss: 0.0016517
EarlyStopping counter: 2 out of 3
Updating learning rate to 0.00015625
	iters: 100, epoch: 7 | loss: 0.0032965
	speed: 0.0400s/iter; left time: 75.5208s
Epoch: 7 cost time: 1.9761571884155273
Epoch: 7, Steps: 142 | Train Loss: 0.0049351 Vali Loss: 0.0017926 Test Loss: 0.0016133
EarlyStopping counter: 3 out of 3
Early stopping
>>>>>>>testing : mirae_Linear_DLinear_mirae_ftM_sl72_ll48_pl12_dm512_nh8_el2_dl1_df2048_fc1_ebtimeF_dtTrue_Exp_0<<<<<<<<<<<<<<<<<<<<<<<<<<<<<<<<<
test 976
mse:0.0015322651015594602, mae:0.02753371372818947
