Args in experiment:
Namespace(ver='TPM', is_training=1, model_id='mirae_Linear', model='DLinear_T', data='mirae', root_path='./data/ETT/', data_path='ETTh1.csv', features='M', target='OT', freq='h', checkpoints='./checkpoints/', seq_len=72, label_len=48, pred_len=12, individual=False, embed_type=0, enc_in=7, dec_in=7, c_out=7, d_model=512, n_heads=8, e_layers=2, d_layers=1, d_ff=2048, moving_avg=25, factor=1, distil=True, dropout=0.05, embed='timeF', activation='gelu', output_attention=False, do_predict=False, num_workers=10, itr=1, train_epochs=20, batch_size=32, patience=3, learning_rate=0.005, des='Exp', loss='mse', lradj='type1', use_amp=False, use_gpu=True, gpu=0, use_multi_gpu=False, devices='0,1,2,3', test_flop=False)
Use GPU: cuda:0
>>>>>>>start training : mirae_Linear_DLinear_T_mirae_ftM_sl72_ll48_pl12_dm512_nh8_el2_dl1_df2048_fc1_ebtimeF_dtTrue_Exp_0>>>>>>>>>>>>>>>>>>>>>>>>>>
train 4552
val 975
test 976
	iters: 100, epoch: 1 | loss: 0.0158142
	speed: 0.0353s/iter; left time: 96.7385s
Epoch: 1 cost time: 3.847590923309326
Epoch: 1, Steps: 142 | Train Loss: 0.0483861 Vali Loss: 0.0111137 Test Loss: 0.0102586
Validation loss decreased (inf --> 0.011114).  Saving model ...
Updating learning rate to 0.005
	iters: 100, epoch: 2 | loss: 0.0099174
	speed: 0.0458s/iter; left time: 119.0671s
Epoch: 2 cost time: 2.1477081775665283
Epoch: 2, Steps: 142 | Train Loss: 0.0101782 Vali Loss: 0.0070685 Test Loss: 0.0060206
Validation loss decreased (0.011114 --> 0.007068).  Saving model ...
Updating learning rate to 0.0025
	iters: 100, epoch: 3 | loss: 0.0058344
	speed: 0.0451s/iter; left time: 110.7963s
Epoch: 3 cost time: 2.1836049556732178
Epoch: 3, Steps: 142 | Train Loss: 0.0070428 Vali Loss: 0.0028800 Test Loss: 0.0024754
Validation loss decreased (0.007068 --> 0.002880).  Saving model ...
Updating learning rate to 0.00125
	iters: 100, epoch: 4 | loss: 0.0078166
	speed: 0.0491s/iter; left time: 113.5994s
Epoch: 4 cost time: 2.209815502166748
Epoch: 4, Steps: 142 | Train Loss: 0.0062857 Vali Loss: 0.0030609 Test Loss: 0.0027193
EarlyStopping counter: 1 out of 3
Updating learning rate to 0.000625
	iters: 100, epoch: 5 | loss: 0.0044819
	speed: 0.0469s/iter; left time: 101.8425s
Epoch: 5 cost time: 2.0932066440582275
Epoch: 5, Steps: 142 | Train Loss: 0.0057065 Vali Loss: 0.0028614 Test Loss: 0.0025293
Validation loss decreased (0.002880 --> 0.002861).  Saving model ...
Updating learning rate to 0.0003125
	iters: 100, epoch: 6 | loss: 0.0041919
	speed: 0.0455s/iter; left time: 92.4982s
Epoch: 6 cost time: 2.0583114624023438
Epoch: 6, Steps: 142 | Train Loss: 0.0054139 Vali Loss: 0.0026422 Test Loss: 0.0022631
Validation loss decreased (0.002861 --> 0.002642).  Saving model ...
Updating learning rate to 0.00015625
	iters: 100, epoch: 7 | loss: 0.0034020
	speed: 0.0430s/iter; left time: 81.2842s
Epoch: 7 cost time: 2.1683144569396973
Epoch: 7, Steps: 142 | Train Loss: 0.0053071 Vali Loss: 0.0027904 Test Loss: 0.0024152
EarlyStopping counter: 1 out of 3
Updating learning rate to 7.8125e-05
	iters: 100, epoch: 8 | loss: 0.0024860
	speed: 0.0475s/iter; left time: 82.9124s
Epoch: 8 cost time: 2.15153431892395
Epoch: 8, Steps: 142 | Train Loss: 0.0052462 Vali Loss: 0.0028234 Test Loss: 0.0024354
EarlyStopping counter: 2 out of 3
Updating learning rate to 3.90625e-05
	iters: 100, epoch: 9 | loss: 0.0062539
	speed: 0.0492s/iter; left time: 78.9772s
Epoch: 9 cost time: 2.1067941188812256
Epoch: 9, Steps: 142 | Train Loss: 0.0052073 Vali Loss: 0.0027431 Test Loss: 0.0023692
EarlyStopping counter: 3 out of 3
Early stopping
>>>>>>>testing : mirae_Linear_DLinear_T_mirae_ftM_sl72_ll48_pl12_dm512_nh8_el2_dl1_df2048_fc1_ebtimeF_dtTrue_Exp_0<<<<<<<<<<<<<<<<<<<<<<<<<<<<<<<<<
test 976
mse:0.0022630856838077307, mae:0.03654563054442406
