Args in experiment:
Namespace(ver='TWM', is_training=1, model_id='mirae_Linear', model='DLinear', data='mirae', root_path='./data/ETT/', data_path='ETTh1.csv', features='M', target='OT', freq='h', checkpoints='./checkpoints/', seq_len=72, label_len=48, pred_len=12, individual=False, embed_type=0, enc_in=7, dec_in=7, c_out=7, d_model=512, n_heads=8, e_layers=2, d_layers=1, d_ff=2048, moving_avg=25, factor=1, distil=True, dropout=0.05, embed='timeF', activation='gelu', output_attention=False, do_predict=False, num_workers=10, itr=1, train_epochs=20, batch_size=32, patience=3, learning_rate=0.005, des='Exp', loss='mse', lradj='type1', use_amp=False, use_gpu=True, gpu=0, use_multi_gpu=False, devices='0,1,2,3', test_flop=False)
Use GPU: cuda:0
>>>>>>>start training : mirae_Linear_DLinear_mirae_ftM_sl72_ll48_pl12_dm512_nh8_el2_dl1_df2048_fc1_ebtimeF_dtTrue_Exp_0>>>>>>>>>>>>>>>>>>>>>>>>>>
train 4552
val 975
test 976
	iters: 100, epoch: 1 | loss: 0.0249488
	speed: 0.0296s/iter; left time: 81.2208s
Epoch: 1 cost time: 3.249359130859375
Epoch: 1, Steps: 142 | Train Loss: 0.0333286 Vali Loss: 0.0149137 Test Loss: 0.0209691
Validation loss decreased (inf --> 0.014914).  Saving model ...
Updating learning rate to 0.005
	iters: 100, epoch: 2 | loss: 0.0164384
	speed: 0.0359s/iter; left time: 93.2828s
Epoch: 2 cost time: 1.741020679473877
Epoch: 2, Steps: 142 | Train Loss: 0.0158618 Vali Loss: 0.0069064 Test Loss: 0.0100981
Validation loss decreased (0.014914 --> 0.006906).  Saving model ...
Updating learning rate to 0.0025
	iters: 100, epoch: 3 | loss: 0.0090726
	speed: 0.0382s/iter; left time: 93.7919s
Epoch: 3 cost time: 1.921750783920288
Epoch: 3, Steps: 142 | Train Loss: 0.0110104 Vali Loss: 0.0053087 Test Loss: 0.0077397
Validation loss decreased (0.006906 --> 0.005309).  Saving model ...
Updating learning rate to 0.00125
	iters: 100, epoch: 4 | loss: 0.0112902
	speed: 0.0404s/iter; left time: 93.4836s
Epoch: 4 cost time: 1.8785600662231445
Epoch: 4, Steps: 142 | Train Loss: 0.0097699 Vali Loss: 0.0045287 Test Loss: 0.0066355
Validation loss decreased (0.005309 --> 0.004529).  Saving model ...
Updating learning rate to 0.000625
	iters: 100, epoch: 5 | loss: 0.0082160
	speed: 0.0386s/iter; left time: 83.8501s
Epoch: 5 cost time: 1.9604527950286865
Epoch: 5, Steps: 142 | Train Loss: 0.0092958 Vali Loss: 0.0039348 Test Loss: 0.0058264
Validation loss decreased (0.004529 --> 0.003935).  Saving model ...
Updating learning rate to 0.0003125
	iters: 100, epoch: 6 | loss: 0.0060770
	speed: 0.0372s/iter; left time: 75.6398s
Epoch: 6 cost time: 1.7933192253112793
Epoch: 6, Steps: 142 | Train Loss: 0.0090870 Vali Loss: 0.0039115 Test Loss: 0.0057628
Validation loss decreased (0.003935 --> 0.003912).  Saving model ...
Updating learning rate to 0.00015625
	iters: 100, epoch: 7 | loss: 0.0162842
	speed: 0.0365s/iter; left time: 68.8798s
Epoch: 7 cost time: 1.7706034183502197
Epoch: 7, Steps: 142 | Train Loss: 0.0089823 Vali Loss: 0.0038833 Test Loss: 0.0057177
Validation loss decreased (0.003912 --> 0.003883).  Saving model ...
Updating learning rate to 7.8125e-05
	iters: 100, epoch: 8 | loss: 0.0098098
	speed: 0.0366s/iter; left time: 63.8645s
Epoch: 8 cost time: 1.6854071617126465
Epoch: 8, Steps: 142 | Train Loss: 0.0089058 Vali Loss: 0.0038199 Test Loss: 0.0056411
Validation loss decreased (0.003883 --> 0.003820).  Saving model ...
Updating learning rate to 3.90625e-05
	iters: 100, epoch: 9 | loss: 0.0060910
	speed: 0.0377s/iter; left time: 60.4976s
Epoch: 9 cost time: 1.7797906398773193
Epoch: 9, Steps: 142 | Train Loss: 0.0088996 Vali Loss: 0.0038127 Test Loss: 0.0056253
Validation loss decreased (0.003820 --> 0.003813).  Saving model ...
Updating learning rate to 1.953125e-05
	iters: 100, epoch: 10 | loss: 0.0103851
	speed: 0.0418s/iter; left time: 61.1005s
Epoch: 10 cost time: 1.9251554012298584
Epoch: 10, Steps: 142 | Train Loss: 0.0088901 Vali Loss: 0.0037871 Test Loss: 0.0055965
Validation loss decreased (0.003813 --> 0.003787).  Saving model ...
Updating learning rate to 9.765625e-06
	iters: 100, epoch: 11 | loss: 0.0097831
	speed: 0.0410s/iter; left time: 54.1649s
Epoch: 11 cost time: 1.9028699398040771
Epoch: 11, Steps: 142 | Train Loss: 0.0088743 Vali Loss: 0.0037748 Test Loss: 0.0055896
Validation loss decreased (0.003787 --> 0.003775).  Saving model ...
Updating learning rate to 4.8828125e-06
	iters: 100, epoch: 12 | loss: 0.0077366
	speed: 0.0411s/iter; left time: 48.4296s
Epoch: 12 cost time: 2.00003719329834
Epoch: 12, Steps: 142 | Train Loss: 0.0088844 Vali Loss: 0.0037904 Test Loss: 0.0055871
EarlyStopping counter: 1 out of 3
Updating learning rate to 2.44140625e-06
	iters: 100, epoch: 13 | loss: 0.0084854
	speed: 0.0443s/iter; left time: 45.9656s
Epoch: 13 cost time: 1.9628968238830566
Epoch: 13, Steps: 142 | Train Loss: 0.0088743 Vali Loss: 0.0037745 Test Loss: 0.0055828
Validation loss decreased (0.003775 --> 0.003774).  Saving model ...
Updating learning rate to 1.220703125e-06
	iters: 100, epoch: 14 | loss: 0.0068506
	speed: 0.0433s/iter; left time: 38.7406s
Epoch: 14 cost time: 2.0166125297546387
Epoch: 14, Steps: 142 | Train Loss: 0.0088765 Vali Loss: 0.0037906 Test Loss: 0.0055815
EarlyStopping counter: 1 out of 3
Updating learning rate to 6.103515625e-07
	iters: 100, epoch: 15 | loss: 0.0046745
	speed: 0.0346s/iter; left time: 26.0657s
Epoch: 15 cost time: 1.7080092430114746
Epoch: 15, Steps: 142 | Train Loss: 0.0088646 Vali Loss: 0.0037805 Test Loss: 0.0055812
EarlyStopping counter: 2 out of 3
Updating learning rate to 3.0517578125e-07
	iters: 100, epoch: 16 | loss: 0.0091444
	speed: 0.0375s/iter; left time: 22.8986s
Epoch: 16 cost time: 1.9225094318389893
Epoch: 16, Steps: 142 | Train Loss: 0.0088736 Vali Loss: 0.0037830 Test Loss: 0.0055807
EarlyStopping counter: 3 out of 3
Early stopping
>>>>>>>testing : mirae_Linear_DLinear_mirae_ftM_sl72_ll48_pl12_dm512_nh8_el2_dl1_df2048_fc1_ebtimeF_dtTrue_Exp_0<<<<<<<<<<<<<<<<<<<<<<<<<<<<<<<<<
test 976
mse:0.0055828155018389225, mae:0.06606006622314453
