Args in experiment:
Namespace(ver='TPE', is_training=1, model_id='ETTh1__720', model='DLinear', data='ETTh1', root_path='/nas/datahub/ETT/', data_path='ETTh1.csv', features='S', target='OT', freq='h', checkpoints='./checkpoints/', seq_len=336, label_len=48, pred_len=720, individual=False, embed_type=0, enc_in=7, dec_in=7, c_out=7, d_model=512, n_heads=8, e_layers=2, d_layers=1, d_ff=2048, moving_avg=25, factor=1, distil=True, dropout=0.05, embed='timeF', activation='gelu', output_attention=False, do_predict=False, num_workers=10, itr=1, train_epochs=10, batch_size=32, patience=3, learning_rate=0.005, des='Exp', loss='mse', lradj='type1', use_amp=False, use_gpu=True, gpu=0, use_multi_gpu=False, devices='0,1,2,3', test_flop=False)
Use GPU: cuda:0
>>>>>>>start training : ETTh1__720_DLinear_ETTh1_ftS_sl336_ll48_pl720_dm512_nh8_el2_dl1_df2048_fc1_ebtimeF_dtTrue_Exp_0>>>>>>>>>>>>>>>>>>>>>>>>>>
train 7585
val 2161
test 2161
	iters: 100, epoch: 1 | loss: 0.2068611
	speed: 0.0775s/iter; left time: 176.0302s
	iters: 200, epoch: 1 | loss: 0.2234947
	speed: 0.0093s/iter; left time: 20.1364s
Epoch: 1 cost time: 9.0368173122406
Epoch: 1, Steps: 237 | Train Loss: 0.2899453 Vali Loss: 0.1451272 Test Loss: 0.1328120
Validation loss decreased (inf --> 0.145127).  Saving model ...
Updating learning rate to 0.005
	iters: 100, epoch: 2 | loss: 0.2008041
	speed: 0.0620s/iter; left time: 126.0100s
	iters: 200, epoch: 2 | loss: 0.1870580
	speed: 0.0093s/iter; left time: 18.0174s
Epoch: 2 cost time: 3.481222152709961
Epoch: 2, Steps: 237 | Train Loss: 0.2127512 Vali Loss: 0.1483369 Test Loss: 0.3516389
EarlyStopping counter: 1 out of 3
Updating learning rate to 0.0025
	iters: 100, epoch: 3 | loss: 0.1615449
	speed: 0.0637s/iter; left time: 114.5305s
	iters: 200, epoch: 3 | loss: 0.2058314
	speed: 0.0089s/iter; left time: 15.0620s
Epoch: 3 cost time: 3.490321397781372
Epoch: 3, Steps: 237 | Train Loss: 0.1844275 Vali Loss: 0.1417928 Test Loss: 0.1484725
Validation loss decreased (0.145127 --> 0.141793).  Saving model ...
Updating learning rate to 0.00125
	iters: 100, epoch: 4 | loss: 0.1798990
	speed: 0.0659s/iter; left time: 102.8366s
	iters: 200, epoch: 4 | loss: 0.1711571
	speed: 0.0097s/iter; left time: 14.1598s
Epoch: 4 cost time: 3.6591947078704834
Epoch: 4, Steps: 237 | Train Loss: 0.1633347 Vali Loss: 0.1447273 Test Loss: 0.1560972
EarlyStopping counter: 1 out of 3
Updating learning rate to 0.000625
	iters: 100, epoch: 5 | loss: 0.1593128
	speed: 0.0632s/iter; left time: 83.5688s
	iters: 200, epoch: 5 | loss: 0.1492418
	speed: 0.0093s/iter; left time: 11.3656s
Epoch: 5 cost time: 3.6504788398742676
Epoch: 5, Steps: 237 | Train Loss: 0.1545523 Vali Loss: 0.1529101 Test Loss: 0.1101940
EarlyStopping counter: 2 out of 3
Updating learning rate to 0.0003125
	iters: 100, epoch: 6 | loss: 0.1215825
	speed: 0.0709s/iter; left time: 76.9782s
	iters: 200, epoch: 6 | loss: 0.1406147
	speed: 0.0093s/iter; left time: 9.1393s
Epoch: 6 cost time: 3.8222732543945312
Epoch: 6, Steps: 237 | Train Loss: 0.1468702 Vali Loss: 0.1506040 Test Loss: 0.1312107
EarlyStopping counter: 3 out of 3
Early stopping
>>>>>>>testing : ETTh1__720_DLinear_ETTh1_ftS_sl336_ll48_pl720_dm512_nh8_el2_dl1_df2048_fc1_ebtimeF_dtTrue_Exp_0<<<<<<<<<<<<<<<<<<<<<<<<<<<<<<<<<
test 2161
mse:0.14847248792648315, mae:0.305344820022583
