Args in experiment:
Namespace(ver='TS', is_training=1, model_id='mirae_Linear', model='DLinear', data='mirae', root_path='./data/ETT/', data_path='ETTh1.csv', features='M', target='OT', freq='h', checkpoints='./checkpoints/', seq_len=72, label_len=48, pred_len=12, individual=False, embed_type=0, enc_in=7, dec_in=7, c_out=7, d_model=512, n_heads=8, e_layers=2, d_layers=1, d_ff=2048, moving_avg=25, factor=1, distil=True, dropout=0.05, embed='timeF', activation='gelu', output_attention=False, do_predict=False, num_workers=10, itr=1, train_epochs=20, batch_size=32, patience=3, learning_rate=0.005, des='Exp', loss='mse', lradj='type1', use_amp=False, use_gpu=True, gpu=0, use_multi_gpu=False, devices='0,1,2,3', test_flop=False)
Use GPU: cuda:0
>>>>>>>start training : mirae_Linear_DLinear_mirae_ftM_sl72_ll48_pl12_dm512_nh8_el2_dl1_df2048_fc1_ebtimeF_dtTrue_Exp_0>>>>>>>>>>>>>>>>>>>>>>>>>>
train 4552
val 975
test 976
	iters: 100, epoch: 1 | loss: 0.0114326
	speed: 0.0550s/iter; left time: 150.7189s
Epoch: 1 cost time: 6.211013317108154
Epoch: 1, Steps: 142 | Train Loss: 0.0116790 Vali Loss: 0.0025580 Test Loss: 0.0026568
Validation loss decreased (inf --> 0.002558).  Saving model ...
Updating learning rate to 0.005
	iters: 100, epoch: 2 | loss: 0.0086152
	speed: 0.0571s/iter; left time: 148.2937s
Epoch: 2 cost time: 3.0597805976867676
Epoch: 2, Steps: 142 | Train Loss: 0.0079363 Vali Loss: 0.0025855 Test Loss: 0.0025525
EarlyStopping counter: 1 out of 3
Updating learning rate to 0.0025
	iters: 100, epoch: 3 | loss: 0.0072295
	speed: 0.0614s/iter; left time: 150.8358s
Epoch: 3 cost time: 3.3784539699554443
Epoch: 3, Steps: 142 | Train Loss: 0.0066940 Vali Loss: 0.0022121 Test Loss: 0.0022011
Validation loss decreased (0.002558 --> 0.002212).  Saving model ...
Updating learning rate to 0.00125
	iters: 100, epoch: 4 | loss: 0.0088427
	speed: 0.0539s/iter; left time: 124.8536s
Epoch: 4 cost time: 2.1771750450134277
Epoch: 4, Steps: 142 | Train Loss: 0.0063981 Vali Loss: 0.0019704 Test Loss: 0.0019959
Validation loss decreased (0.002212 --> 0.001970).  Saving model ...
Updating learning rate to 0.000625
	iters: 100, epoch: 5 | loss: 0.0065267
	speed: 0.0524s/iter; left time: 113.8493s
Epoch: 5 cost time: 3.0714805126190186
Epoch: 5, Steps: 142 | Train Loss: 0.0060049 Vali Loss: 0.0022694 Test Loss: 0.0021258
EarlyStopping counter: 1 out of 3
Updating learning rate to 0.0003125
	iters: 100, epoch: 6 | loss: 0.0047728
	speed: 0.0568s/iter; left time: 115.2735s
Epoch: 6 cost time: 3.1146790981292725
Epoch: 6, Steps: 142 | Train Loss: 0.0058502 Vali Loss: 0.0019936 Test Loss: 0.0019779
EarlyStopping counter: 2 out of 3
Updating learning rate to 0.00015625
	iters: 100, epoch: 7 | loss: 0.0057560
	speed: 0.0557s/iter; left time: 105.1610s
Epoch: 7 cost time: 3.166095733642578
Epoch: 7, Steps: 142 | Train Loss: 0.0057992 Vali Loss: 0.0018561 Test Loss: 0.0018957
Validation loss decreased (0.001970 --> 0.001856).  Saving model ...
Updating learning rate to 7.8125e-05
	iters: 100, epoch: 8 | loss: 0.0057730
	speed: 0.0551s/iter; left time: 96.2481s
Epoch: 8 cost time: 3.002781391143799
Epoch: 8, Steps: 142 | Train Loss: 0.0057310 Vali Loss: 0.0019571 Test Loss: 0.0019359
EarlyStopping counter: 1 out of 3
Updating learning rate to 3.90625e-05
	iters: 100, epoch: 9 | loss: 0.0041995
	speed: 0.0563s/iter; left time: 90.3907s
Epoch: 9 cost time: 3.039794683456421
Epoch: 9, Steps: 142 | Train Loss: 0.0057014 Vali Loss: 0.0019512 Test Loss: 0.0019283
EarlyStopping counter: 2 out of 3
Updating learning rate to 1.953125e-05
	iters: 100, epoch: 10 | loss: 0.0015578
	speed: 0.0637s/iter; left time: 93.1601s
Epoch: 10 cost time: 3.498018741607666
Epoch: 10, Steps: 142 | Train Loss: 0.0056757 Vali Loss: 0.0019248 Test Loss: 0.0019135
EarlyStopping counter: 3 out of 3
Early stopping
>>>>>>>testing : mirae_Linear_DLinear_mirae_ftM_sl72_ll48_pl12_dm512_nh8_el2_dl1_df2048_fc1_ebtimeF_dtTrue_Exp_0<<<<<<<<<<<<<<<<<<<<<<<<<<<<<<<<<
test 976
mse:0.0018956699641421437, mae:0.03060111030936241
