Args in experiment:
Namespace(ver='TS', is_training=1, model_id='mirae_Linear', model='DLinear', data='mirae', root_path='./data/ETT/', data_path='ETTh1.csv', features='M', target='OT', freq='h', checkpoints='./checkpoints/', seq_len=72, label_len=48, pred_len=12, individual=False, embed_type=0, enc_in=7, dec_in=7, c_out=7, d_model=512, n_heads=8, e_layers=2, d_layers=1, d_ff=2048, moving_avg=25, factor=1, distil=True, dropout=0.05, embed='timeF', activation='gelu', output_attention=False, do_predict=False, num_workers=10, itr=1, train_epochs=20, batch_size=32, patience=3, learning_rate=0.005, des='Exp', loss='mse', lradj='type1', use_amp=False, use_gpu=True, gpu=0, use_multi_gpu=False, devices='0,1,2,3', test_flop=False)
Use GPU: cuda:0
>>>>>>>start training : mirae_Linear_DLinear_mirae_ftM_sl72_ll48_pl12_dm512_nh8_el2_dl1_df2048_fc1_ebtimeF_dtTrue_Exp_0>>>>>>>>>>>>>>>>>>>>>>>>>>
train 4552
val 975
test 976
	iters: 100, epoch: 1 | loss: 0.0223366
	speed: 0.0544s/iter; left time: 149.1214s
Epoch: 1 cost time: 6.141747236251831
Epoch: 1, Steps: 142 | Train Loss: 0.3144006 Vali Loss: 0.0168990 Test Loss: 0.0178498
Validation loss decreased (inf --> 0.016899).  Saving model ...
Updating learning rate to 0.005
	iters: 100, epoch: 2 | loss: 0.0171523
	speed: 0.0540s/iter; left time: 140.4646s
Epoch: 2 cost time: 2.6635007858276367
Epoch: 2, Steps: 142 | Train Loss: 0.0219370 Vali Loss: 0.0103993 Test Loss: 0.0104143
Validation loss decreased (0.016899 --> 0.010399).  Saving model ...
Updating learning rate to 0.0025
	iters: 100, epoch: 3 | loss: 0.0165789
	speed: 0.0524s/iter; left time: 128.8200s
Epoch: 3 cost time: 2.863482713699341
Epoch: 3, Steps: 142 | Train Loss: 0.0157197 Vali Loss: 0.0073472 Test Loss: 0.0068321
Validation loss decreased (0.010399 --> 0.007347).  Saving model ...
Updating learning rate to 0.00125
	iters: 100, epoch: 4 | loss: 0.0147309
	speed: 0.0478s/iter; left time: 110.7154s
Epoch: 4 cost time: 1.986429214477539
Epoch: 4, Steps: 142 | Train Loss: 0.0141290 Vali Loss: 0.0061055 Test Loss: 0.0061101
Validation loss decreased (0.007347 --> 0.006105).  Saving model ...
Updating learning rate to 0.000625
	iters: 100, epoch: 5 | loss: 0.0160765
	speed: 0.0417s/iter; left time: 90.6843s
Epoch: 5 cost time: 2.03987717628479
Epoch: 5, Steps: 142 | Train Loss: 0.0130925 Vali Loss: 0.0057404 Test Loss: 0.0055409
Validation loss decreased (0.006105 --> 0.005740).  Saving model ...
Updating learning rate to 0.0003125
	iters: 100, epoch: 6 | loss: 0.0134939
	speed: 0.0452s/iter; left time: 91.8509s
Epoch: 6 cost time: 2.2122650146484375
Epoch: 6, Steps: 142 | Train Loss: 0.0126936 Vali Loss: 0.0054052 Test Loss: 0.0050728
Validation loss decreased (0.005740 --> 0.005405).  Saving model ...
Updating learning rate to 0.00015625
	iters: 100, epoch: 7 | loss: 0.0083551
	speed: 0.0448s/iter; left time: 84.6430s
Epoch: 7 cost time: 1.9692957401275635
Epoch: 7, Steps: 142 | Train Loss: 0.0124131 Vali Loss: 0.0053879 Test Loss: 0.0053652
Validation loss decreased (0.005405 --> 0.005388).  Saving model ...
Updating learning rate to 7.8125e-05
	iters: 100, epoch: 8 | loss: 0.0129136
	speed: 0.0384s/iter; left time: 67.1418s
Epoch: 8 cost time: 1.7299840450286865
Epoch: 8, Steps: 142 | Train Loss: 0.0122925 Vali Loss: 0.0053370 Test Loss: 0.0051841
Validation loss decreased (0.005388 --> 0.005337).  Saving model ...
Updating learning rate to 3.90625e-05
	iters: 100, epoch: 9 | loss: 0.0152919
	speed: 0.0409s/iter; left time: 65.6310s
Epoch: 9 cost time: 1.9031281471252441
Epoch: 9, Steps: 142 | Train Loss: 0.0122199 Vali Loss: 0.0054176 Test Loss: 0.0050901
EarlyStopping counter: 1 out of 3
Updating learning rate to 1.953125e-05
	iters: 100, epoch: 10 | loss: 0.0121462
	speed: 0.0382s/iter; left time: 55.8732s
Epoch: 10 cost time: 1.8045687675476074
Epoch: 10, Steps: 142 | Train Loss: 0.0121772 Vali Loss: 0.0053694 Test Loss: 0.0051650
EarlyStopping counter: 2 out of 3
Updating learning rate to 9.765625e-06
	iters: 100, epoch: 11 | loss: 0.0147669
	speed: 0.0375s/iter; left time: 49.5084s
Epoch: 11 cost time: 1.6963887214660645
Epoch: 11, Steps: 142 | Train Loss: 0.0121297 Vali Loss: 0.0053547 Test Loss: 0.0051629
EarlyStopping counter: 3 out of 3
Early stopping
>>>>>>>testing : mirae_Linear_DLinear_mirae_ftM_sl72_ll48_pl12_dm512_nh8_el2_dl1_df2048_fc1_ebtimeF_dtTrue_Exp_0<<<<<<<<<<<<<<<<<<<<<<<<<<<<<<<<<
test 976
mse:0.005184071138501167, mae:0.05320415645837784
