Args in experiment:
Namespace(ver='TWM-2', is_training=1, model_id='mirae_Linear', model='DLinear_T', data='mirae', root_path='./data/ETT/', data_path='ETTh1.csv', features='M', target='OT', freq='h', checkpoints='./checkpoints/', seq_len=72, label_len=48, pred_len=12, individual=False, embed_type=0, enc_in=7, dec_in=7, c_out=7, d_model=512, n_heads=8, e_layers=2, d_layers=1, d_ff=2048, moving_avg=25, factor=1, distil=True, dropout=0.05, embed='timeF', activation='gelu', output_attention=False, do_predict=False, num_workers=10, itr=1, train_epochs=20, batch_size=32, patience=3, learning_rate=0.005, des='Exp', loss='mse', lradj='type1', use_amp=False, use_gpu=True, gpu=0, use_multi_gpu=False, devices='0,1,2,3', test_flop=False)
Use GPU: cuda:0
>>>>>>>start training : mirae_Linear_DLinear_T_mirae_ftM_sl72_ll48_pl12_dm512_nh8_el2_dl1_df2048_fc1_ebtimeF_dtTrue_Exp_0>>>>>>>>>>>>>>>>>>>>>>>>>>
train 4552
val 975
test 976
	iters: 100, epoch: 1 | loss: 0.0118136
	speed: 0.0284s/iter; left time: 77.7312s
Epoch: 1 cost time: 3.1363987922668457
Epoch: 1, Steps: 142 | Train Loss: 0.0237102 Vali Loss: 0.0032168 Test Loss: 0.0030846
Validation loss decreased (inf --> 0.003217).  Saving model ...
Updating learning rate to 0.005
	iters: 100, epoch: 2 | loss: 0.0045811
	speed: 0.0412s/iter; left time: 106.9620s
Epoch: 2 cost time: 2.248262882232666
Epoch: 2, Steps: 142 | Train Loss: 0.0073892 Vali Loss: 0.0020678 Test Loss: 0.0020596
Validation loss decreased (0.003217 --> 0.002068).  Saving model ...
Updating learning rate to 0.0025
	iters: 100, epoch: 3 | loss: 0.0062378
	speed: 0.0430s/iter; left time: 105.7395s
Epoch: 3 cost time: 2.0892763137817383
Epoch: 3, Steps: 142 | Train Loss: 0.0059079 Vali Loss: 0.0020723 Test Loss: 0.0020301
EarlyStopping counter: 1 out of 3
Updating learning rate to 0.00125
	iters: 100, epoch: 4 | loss: 0.0048281
	speed: 0.0413s/iter; left time: 95.6141s
Epoch: 4 cost time: 1.9726676940917969
Epoch: 4, Steps: 142 | Train Loss: 0.0051690 Vali Loss: 0.0018213 Test Loss: 0.0018135
Validation loss decreased (0.002068 --> 0.001821).  Saving model ...
Updating learning rate to 0.000625
	iters: 100, epoch: 5 | loss: 0.0046175
	speed: 0.0375s/iter; left time: 81.3817s
Epoch: 5 cost time: 1.8971967697143555
Epoch: 5, Steps: 142 | Train Loss: 0.0049049 Vali Loss: 0.0017402 Test Loss: 0.0017855
Validation loss decreased (0.001821 --> 0.001740).  Saving model ...
Updating learning rate to 0.0003125
	iters: 100, epoch: 6 | loss: 0.0078144
	speed: 0.0391s/iter; left time: 79.5095s
Epoch: 6 cost time: 2.004883289337158
Epoch: 6, Steps: 142 | Train Loss: 0.0047345 Vali Loss: 0.0017893 Test Loss: 0.0017918
EarlyStopping counter: 1 out of 3
Updating learning rate to 0.00015625
	iters: 100, epoch: 7 | loss: 0.0068232
	speed: 0.0422s/iter; left time: 79.6941s
Epoch: 7 cost time: 1.943068504333496
Epoch: 7, Steps: 142 | Train Loss: 0.0046610 Vali Loss: 0.0018586 Test Loss: 0.0017809
EarlyStopping counter: 2 out of 3
Updating learning rate to 7.8125e-05
	iters: 100, epoch: 8 | loss: 0.0050760
	speed: 0.0403s/iter; left time: 70.3540s
Epoch: 8 cost time: 2.030400514602661
Epoch: 8, Steps: 142 | Train Loss: 0.0046013 Vali Loss: 0.0017826 Test Loss: 0.0017609
EarlyStopping counter: 3 out of 3
Early stopping
>>>>>>>testing : mirae_Linear_DLinear_T_mirae_ftM_sl72_ll48_pl12_dm512_nh8_el2_dl1_df2048_fc1_ebtimeF_dtTrue_Exp_0<<<<<<<<<<<<<<<<<<<<<<<<<<<<<<<<<
test 976
mse:0.0017855135956779122, mae:0.030669959262013435
