Args in experiment:
Namespace(ver='TCM', is_training=1, model_id='mirae_Linear', model='DLinear_S', data='mirae', root_path='./data/ETT/', data_path='ETTh1.csv', features='M', target='OT', freq='h', checkpoints='./checkpoints/', seq_len=72, label_len=48, pred_len=12, individual=False, embed_type=0, enc_in=7, dec_in=7, c_out=7, d_model=512, n_heads=8, e_layers=2, d_layers=1, d_ff=2048, moving_avg=25, factor=1, distil=True, dropout=0.05, embed='timeF', activation='gelu', output_attention=False, do_predict=False, num_workers=10, itr=1, train_epochs=20, batch_size=32, patience=3, learning_rate=0.005, des='Exp', loss='mse', lradj='type1', use_amp=False, use_gpu=True, gpu=0, use_multi_gpu=False, devices='0,1,2,3', test_flop=False)
Use GPU: cuda:0
>>>>>>>start training : mirae_Linear_DLinear_S_mirae_ftM_sl72_ll48_pl12_dm512_nh8_el2_dl1_df2048_fc1_ebtimeF_dtTrue_Exp_0>>>>>>>>>>>>>>>>>>>>>>>>>>
train 4552
val 975
test 976
	iters: 100, epoch: 1 | loss: 0.0155629
	speed: 0.0358s/iter; left time: 98.1910s
Epoch: 1 cost time: 3.9266107082366943
Epoch: 1, Steps: 142 | Train Loss: 0.0660711 Vali Loss: 0.0042694 Test Loss: 0.0046421
Validation loss decreased (inf --> 0.004269).  Saving model ...
Updating learning rate to 0.005
	iters: 100, epoch: 2 | loss: 0.0092130
	speed: 0.0331s/iter; left time: 85.9135s
Epoch: 2 cost time: 1.5689187049865723
Epoch: 2, Steps: 142 | Train Loss: 0.0106325 Vali Loss: 0.0029518 Test Loss: 0.0031968
Validation loss decreased (0.004269 --> 0.002952).  Saving model ...
Updating learning rate to 0.0025
	iters: 100, epoch: 3 | loss: 0.0088398
	speed: 0.0340s/iter; left time: 83.4269s
Epoch: 3 cost time: 1.6117162704467773
Epoch: 3, Steps: 142 | Train Loss: 0.0085409 Vali Loss: 0.0025772 Test Loss: 0.0029957
Validation loss decreased (0.002952 --> 0.002577).  Saving model ...
Updating learning rate to 0.00125
	iters: 100, epoch: 4 | loss: 0.0061471
	speed: 0.0361s/iter; left time: 83.5402s
Epoch: 4 cost time: 1.8338849544525146
Epoch: 4, Steps: 142 | Train Loss: 0.0079801 Vali Loss: 0.0024762 Test Loss: 0.0029109
Validation loss decreased (0.002577 --> 0.002476).  Saving model ...
Updating learning rate to 0.000625
	iters: 100, epoch: 5 | loss: 0.0146559
	speed: 0.0435s/iter; left time: 94.6099s
Epoch: 5 cost time: 2.1002871990203857
Epoch: 5, Steps: 142 | Train Loss: 0.0077276 Vali Loss: 0.0024735 Test Loss: 0.0028816
Validation loss decreased (0.002476 --> 0.002473).  Saving model ...
Updating learning rate to 0.0003125
	iters: 100, epoch: 6 | loss: 0.0059485
	speed: 0.0449s/iter; left time: 91.2187s
Epoch: 6 cost time: 2.236215591430664
Epoch: 6, Steps: 142 | Train Loss: 0.0075764 Vali Loss: 0.0024603 Test Loss: 0.0028610
Validation loss decreased (0.002473 --> 0.002460).  Saving model ...
Updating learning rate to 0.00015625
	iters: 100, epoch: 7 | loss: 0.0119307
	speed: 0.0393s/iter; left time: 74.2906s
Epoch: 7 cost time: 1.7183811664581299
Epoch: 7, Steps: 142 | Train Loss: 0.0075190 Vali Loss: 0.0024863 Test Loss: 0.0028600
EarlyStopping counter: 1 out of 3
Updating learning rate to 7.8125e-05
	iters: 100, epoch: 8 | loss: 0.0058059
	speed: 0.0353s/iter; left time: 61.5909s
Epoch: 8 cost time: 1.6343014240264893
Epoch: 8, Steps: 142 | Train Loss: 0.0074784 Vali Loss: 0.0025797 Test Loss: 0.0028875
EarlyStopping counter: 2 out of 3
Updating learning rate to 3.90625e-05
	iters: 100, epoch: 9 | loss: 0.0040316
	speed: 0.0347s/iter; left time: 55.6722s
Epoch: 9 cost time: 1.6004600524902344
Epoch: 9, Steps: 142 | Train Loss: 0.0074640 Vali Loss: 0.0024840 Test Loss: 0.0028626
EarlyStopping counter: 3 out of 3
Early stopping
>>>>>>>testing : mirae_Linear_DLinear_S_mirae_ftM_sl72_ll48_pl12_dm512_nh8_el2_dl1_df2048_fc1_ebtimeF_dtTrue_Exp_0<<<<<<<<<<<<<<<<<<<<<<<<<<<<<<<<<
test 976
mse:0.0028609836008399725, mae:0.03883231058716774
