Args in experiment:
Namespace(ver='TPE', is_training=1, model_id='mirae_Linear', model='DLinear', data='mirae', root_path='./data/ETT/', data_path='ETTh1.csv', features='M', target='OT', freq='h', checkpoints='./checkpoints/', seq_len=72, label_len=48, pred_len=12, individual=False, embed_type=0, enc_in=7, dec_in=7, c_out=7, d_model=512, n_heads=8, e_layers=2, d_layers=1, d_ff=2048, moving_avg=25, factor=1, distil=True, dropout=0.05, embed='timeF', activation='gelu', output_attention=False, do_predict=False, num_workers=10, itr=1, train_epochs=20, batch_size=32, patience=3, learning_rate=0.005, des='Exp', loss='mse', lradj='type1', use_amp=False, use_gpu=True, gpu=0, use_multi_gpu=False, devices='0,1,2,3', test_flop=False)
Use GPU: cuda:0
>>>>>>>start training : mirae_Linear_DLinear_mirae_ftM_sl72_ll48_pl12_dm512_nh8_el2_dl1_df2048_fc1_ebtimeF_dtTrue_Exp_0>>>>>>>>>>>>>>>>>>>>>>>>>>
train 4552
val 975
test 976
	iters: 100, epoch: 1 | loss: 0.0114115
	speed: 0.0519s/iter; left time: 142.3174s
Epoch: 1 cost time: 5.873122930526733
Epoch: 1, Steps: 142 | Train Loss: 0.0178801 Vali Loss: 0.0023646 Test Loss: 0.0023947
Validation loss decreased (inf --> 0.002365).  Saving model ...
Updating learning rate to 0.005
	iters: 100, epoch: 2 | loss: 0.0044904
	speed: 0.0572s/iter; left time: 148.5470s
Epoch: 2 cost time: 3.0227160453796387
Epoch: 2, Steps: 142 | Train Loss: 0.0063621 Vali Loss: 0.0019197 Test Loss: 0.0020816
Validation loss decreased (0.002365 --> 0.001920).  Saving model ...
Updating learning rate to 0.0025
	iters: 100, epoch: 3 | loss: 0.0040549
	speed: 0.0563s/iter; left time: 138.2617s
Epoch: 3 cost time: 2.9737586975097656
Epoch: 3, Steps: 142 | Train Loss: 0.0047514 Vali Loss: 0.0015856 Test Loss: 0.0016645
Validation loss decreased (0.001920 --> 0.001586).  Saving model ...
Updating learning rate to 0.00125
	iters: 100, epoch: 4 | loss: 0.0038667
	speed: 0.0546s/iter; left time: 126.3328s
Epoch: 4 cost time: 3.0203399658203125
Epoch: 4, Steps: 142 | Train Loss: 0.0041990 Vali Loss: 0.0015902 Test Loss: 0.0016237
EarlyStopping counter: 1 out of 3
Updating learning rate to 0.000625
	iters: 100, epoch: 5 | loss: 0.0039146
	speed: 0.0540s/iter; left time: 117.3101s
Epoch: 5 cost time: 2.917050361633301
Epoch: 5, Steps: 142 | Train Loss: 0.0039131 Vali Loss: 0.0015158 Test Loss: 0.0015154
Validation loss decreased (0.001586 --> 0.001516).  Saving model ...
Updating learning rate to 0.0003125
	iters: 100, epoch: 6 | loss: 0.0038100
	speed: 0.0460s/iter; left time: 93.3889s
Epoch: 6 cost time: 1.941051959991455
Epoch: 6, Steps: 142 | Train Loss: 0.0037429 Vali Loss: 0.0014608 Test Loss: 0.0014867
Validation loss decreased (0.001516 --> 0.001461).  Saving model ...
Updating learning rate to 0.00015625
	iters: 100, epoch: 7 | loss: 0.0028836
	speed: 0.0454s/iter; left time: 85.7008s
Epoch: 7 cost time: 2.336871385574341
Epoch: 7, Steps: 142 | Train Loss: 0.0036586 Vali Loss: 0.0014787 Test Loss: 0.0014706
EarlyStopping counter: 1 out of 3
Updating learning rate to 7.8125e-05
	iters: 100, epoch: 8 | loss: 0.0037796
	speed: 0.0448s/iter; left time: 78.2067s
Epoch: 8 cost time: 2.258690118789673
Epoch: 8, Steps: 142 | Train Loss: 0.0036254 Vali Loss: 0.0014671 Test Loss: 0.0014578
EarlyStopping counter: 2 out of 3
Updating learning rate to 3.90625e-05
	iters: 100, epoch: 9 | loss: 0.0024076
	speed: 0.0556s/iter; left time: 89.3051s
Epoch: 9 cost time: 3.026671886444092
Epoch: 9, Steps: 142 | Train Loss: 0.0035890 Vali Loss: 0.0014673 Test Loss: 0.0014490
EarlyStopping counter: 3 out of 3
Early stopping
>>>>>>>testing : mirae_Linear_DLinear_mirae_ftM_sl72_ll48_pl12_dm512_nh8_el2_dl1_df2048_fc1_ebtimeF_dtTrue_Exp_0<<<<<<<<<<<<<<<<<<<<<<<<<<<<<<<<<
test 976
mse:0.0014866723213344812, mae:0.026914797723293304
