Args in experiment:
Namespace(ver='TCC', is_training=1, model_id='mirae_Linear', model='DLinear', data='mirae', root_path='./data/ETT/', data_path='ETTh1.csv', features='M', target='OT', freq='h', checkpoints='./checkpoints/', seq_len=72, label_len=48, pred_len=12, individual=False, embed_type=0, enc_in=7, dec_in=7, c_out=7, d_model=512, n_heads=8, e_layers=2, d_layers=1, d_ff=2048, moving_avg=25, factor=1, distil=True, dropout=0.05, embed='timeF', activation='gelu', output_attention=False, do_predict=False, num_workers=10, itr=1, train_epochs=20, batch_size=32, patience=3, learning_rate=0.005, des='Exp', loss='mse', lradj='type1', use_amp=False, use_gpu=True, gpu=0, use_multi_gpu=False, devices='0,1,2,3', test_flop=False)
Use GPU: cuda:0
>>>>>>>start training : mirae_Linear_DLinear_mirae_ftM_sl72_ll48_pl12_dm512_nh8_el2_dl1_df2048_fc1_ebtimeF_dtTrue_Exp_0>>>>>>>>>>>>>>>>>>>>>>>>>>
train 4552
val 975
test 976
	iters: 100, epoch: 1 | loss: 0.0592339
	speed: 0.0304s/iter; left time: 83.2728s
Epoch: 1 cost time: 3.304086446762085
Epoch: 1, Steps: 142 | Train Loss: 0.7779612 Vali Loss: 0.0265191 Test Loss: 0.0269576
Validation loss decreased (inf --> 0.026519).  Saving model ...
Updating learning rate to 0.005
	iters: 100, epoch: 2 | loss: 0.0279355
	speed: 0.0386s/iter; left time: 100.3869s
Epoch: 2 cost time: 1.9622831344604492
Epoch: 2, Steps: 142 | Train Loss: 0.0305929 Vali Loss: 0.0124420 Test Loss: 0.0124876
Validation loss decreased (0.026519 --> 0.012442).  Saving model ...
Updating learning rate to 0.0025
	iters: 100, epoch: 3 | loss: 0.0050880
	speed: 0.0324s/iter; left time: 79.7156s
Epoch: 3 cost time: 1.5475358963012695
Epoch: 3, Steps: 142 | Train Loss: 0.0197049 Vali Loss: 0.0096484 Test Loss: 0.0095562
Validation loss decreased (0.012442 --> 0.009648).  Saving model ...
Updating learning rate to 0.00125
	iters: 100, epoch: 4 | loss: 0.0116545
	speed: 0.0338s/iter; left time: 78.1853s
Epoch: 4 cost time: 1.6326918601989746
Epoch: 4, Steps: 142 | Train Loss: 0.0167791 Vali Loss: 0.0084483 Test Loss: 0.0082987
Validation loss decreased (0.009648 --> 0.008448).  Saving model ...
Updating learning rate to 0.000625
	iters: 100, epoch: 5 | loss: 0.0121974
	speed: 0.0348s/iter; left time: 75.5459s
Epoch: 5 cost time: 1.8158533573150635
Epoch: 5, Steps: 142 | Train Loss: 0.0153233 Vali Loss: 0.0078253 Test Loss: 0.0077522
Validation loss decreased (0.008448 --> 0.007825).  Saving model ...
Updating learning rate to 0.0003125
	iters: 100, epoch: 6 | loss: 0.0221154
	speed: 0.0332s/iter; left time: 67.3655s
Epoch: 6 cost time: 1.6146695613861084
Epoch: 6, Steps: 142 | Train Loss: 0.0147717 Vali Loss: 0.0074514 Test Loss: 0.0074067
Validation loss decreased (0.007825 --> 0.007451).  Saving model ...
Updating learning rate to 0.00015625
	iters: 100, epoch: 7 | loss: 0.0071115
	speed: 0.0373s/iter; left time: 70.4762s
Epoch: 7 cost time: 2.118515729904175
Epoch: 7, Steps: 142 | Train Loss: 0.0143758 Vali Loss: 0.0073200 Test Loss: 0.0072277
Validation loss decreased (0.007451 --> 0.007320).  Saving model ...
Updating learning rate to 7.8125e-05
	iters: 100, epoch: 8 | loss: 0.0165978
	speed: 0.0344s/iter; left time: 60.1004s
Epoch: 8 cost time: 1.7638890743255615
Epoch: 8, Steps: 142 | Train Loss: 0.0141509 Vali Loss: 0.0072638 Test Loss: 0.0071377
Validation loss decreased (0.007320 --> 0.007264).  Saving model ...
Updating learning rate to 3.90625e-05
	iters: 100, epoch: 9 | loss: 0.0111746
	speed: 0.0342s/iter; left time: 54.9372s
Epoch: 9 cost time: 1.692948579788208
Epoch: 9, Steps: 142 | Train Loss: 0.0140632 Vali Loss: 0.0072054 Test Loss: 0.0070860
Validation loss decreased (0.007264 --> 0.007205).  Saving model ...
Updating learning rate to 1.953125e-05
	iters: 100, epoch: 10 | loss: 0.0136270
	speed: 0.0322s/iter; left time: 47.1278s
Epoch: 10 cost time: 1.5533790588378906
Epoch: 10, Steps: 142 | Train Loss: 0.0139856 Vali Loss: 0.0070432 Test Loss: 0.0070857
Validation loss decreased (0.007205 --> 0.007043).  Saving model ...
Updating learning rate to 9.765625e-06
	iters: 100, epoch: 11 | loss: 0.0127183
	speed: 0.0347s/iter; left time: 45.8084s
Epoch: 11 cost time: 1.8208651542663574
Epoch: 11, Steps: 142 | Train Loss: 0.0139726 Vali Loss: 0.0071526 Test Loss: 0.0070552
EarlyStopping counter: 1 out of 3
Updating learning rate to 4.8828125e-06
	iters: 100, epoch: 12 | loss: 0.0148579
	speed: 0.0330s/iter; left time: 38.9337s
Epoch: 12 cost time: 1.6069345474243164
Epoch: 12, Steps: 142 | Train Loss: 0.0139237 Vali Loss: 0.0070833 Test Loss: 0.0070456
EarlyStopping counter: 2 out of 3
Updating learning rate to 2.44140625e-06
	iters: 100, epoch: 13 | loss: 0.0136232
	speed: 0.0324s/iter; left time: 33.6414s
Epoch: 13 cost time: 1.6395454406738281
Epoch: 13, Steps: 142 | Train Loss: 0.0139467 Vali Loss: 0.0071378 Test Loss: 0.0070462
EarlyStopping counter: 3 out of 3
Early stopping
>>>>>>>testing : mirae_Linear_DLinear_mirae_ftM_sl72_ll48_pl12_dm512_nh8_el2_dl1_df2048_fc1_ebtimeF_dtTrue_Exp_0<<<<<<<<<<<<<<<<<<<<<<<<<<<<<<<<<
test 976
mse:0.007085657678544521, mae:0.04663721099495888
