Args in experiment:
Namespace(ver='TWM', is_training=1, model_id='mirae_Linear', model='DLinear', data='mirae', root_path='./data/ETT/', data_path='ETTh1.csv', features='M', target='OT', freq='h', checkpoints='./checkpoints/', seq_len=72, label_len=48, pred_len=12, individual=False, embed_type=0, enc_in=7, dec_in=7, c_out=7, d_model=512, n_heads=8, e_layers=2, d_layers=1, d_ff=2048, moving_avg=25, factor=1, distil=True, dropout=0.05, embed='timeF', activation='gelu', output_attention=False, do_predict=False, num_workers=10, itr=1, train_epochs=20, batch_size=32, patience=3, learning_rate=0.005, des='Exp', loss='mse', lradj='type1', use_amp=False, use_gpu=True, gpu=0, use_multi_gpu=False, devices='0,1,2,3', test_flop=False)
Use GPU: cuda:0
>>>>>>>start training : mirae_Linear_DLinear_mirae_ftM_sl72_ll48_pl12_dm512_nh8_el2_dl1_df2048_fc1_ebtimeF_dtTrue_Exp_0>>>>>>>>>>>>>>>>>>>>>>>>>>
train 4552
val 975
test 976
	iters: 100, epoch: 1 | loss: 0.0101309
	speed: 0.0270s/iter; left time: 73.9097s
Epoch: 1 cost time: 3.005092144012451
Epoch: 1, Steps: 142 | Train Loss: 0.0200759 Vali Loss: 0.0032012 Test Loss: 0.0031686
Validation loss decreased (inf --> 0.003201).  Saving model ...
Updating learning rate to 0.005
	iters: 100, epoch: 2 | loss: 0.0109741
	speed: 0.0356s/iter; left time: 92.5475s
Epoch: 2 cost time: 1.7985048294067383
Epoch: 2, Steps: 142 | Train Loss: 0.0076563 Vali Loss: 0.0024491 Test Loss: 0.0023781
Validation loss decreased (0.003201 --> 0.002449).  Saving model ...
Updating learning rate to 0.0025
	iters: 100, epoch: 3 | loss: 0.0046013
	speed: 0.0369s/iter; left time: 90.5719s
Epoch: 3 cost time: 1.7417922019958496
Epoch: 3, Steps: 142 | Train Loss: 0.0071700 Vali Loss: 0.0022310 Test Loss: 0.0022351
Validation loss decreased (0.002449 --> 0.002231).  Saving model ...
Updating learning rate to 0.00125
	iters: 100, epoch: 4 | loss: 0.0077720
	speed: 0.0355s/iter; left time: 82.1992s
Epoch: 4 cost time: 1.7185585498809814
Epoch: 4, Steps: 142 | Train Loss: 0.0065977 Vali Loss: 0.0021609 Test Loss: 0.0021440
Validation loss decreased (0.002231 --> 0.002161).  Saving model ...
Updating learning rate to 0.000625
	iters: 100, epoch: 5 | loss: 0.0036162
	speed: 0.0385s/iter; left time: 83.6496s
Epoch: 5 cost time: 1.706989049911499
Epoch: 5, Steps: 142 | Train Loss: 0.0065233 Vali Loss: 0.0021831 Test Loss: 0.0022103
EarlyStopping counter: 1 out of 3
Updating learning rate to 0.0003125
	iters: 100, epoch: 6 | loss: 0.0033801
	speed: 0.0358s/iter; left time: 72.6506s
Epoch: 6 cost time: 1.728487253189087
Epoch: 6, Steps: 142 | Train Loss: 0.0064685 Vali Loss: 0.0022705 Test Loss: 0.0022254
EarlyStopping counter: 2 out of 3
Updating learning rate to 0.00015625
	iters: 100, epoch: 7 | loss: 0.0063936
	speed: 0.0374s/iter; left time: 70.7225s
Epoch: 7 cost time: 1.8332672119140625
Epoch: 7, Steps: 142 | Train Loss: 0.0064299 Vali Loss: 0.0023560 Test Loss: 0.0022732
EarlyStopping counter: 3 out of 3
Early stopping
>>>>>>>testing : mirae_Linear_DLinear_mirae_ftM_sl72_ll48_pl12_dm512_nh8_el2_dl1_df2048_fc1_ebtimeF_dtTrue_Exp_0<<<<<<<<<<<<<<<<<<<<<<<<<<<<<<<<<
test 976
mse:0.002143956022337079, mae:0.03139423951506615
