Args in experiment:
Namespace(ver='TCC', is_training=1, model_id='mirae_Linear', model='DLinear', data='mirae', root_path='./data/ETT/', data_path='ETTh1.csv', features='M', target='OT', freq='h', checkpoints='./checkpoints/', seq_len=72, label_len=48, pred_len=12, individual=False, embed_type=0, enc_in=7, dec_in=7, c_out=7, d_model=512, n_heads=8, e_layers=2, d_layers=1, d_ff=2048, moving_avg=25, factor=1, distil=True, dropout=0.05, embed='timeF', activation='gelu', output_attention=False, do_predict=False, num_workers=10, itr=1, train_epochs=20, batch_size=32, patience=3, learning_rate=0.005, des='Exp', loss='mse', lradj='type1', use_amp=False, use_gpu=True, gpu=0, use_multi_gpu=False, devices='0,1,2,3', test_flop=False)
Use GPU: cuda:0
>>>>>>>start training : mirae_Linear_DLinear_mirae_ftM_sl72_ll48_pl12_dm512_nh8_el2_dl1_df2048_fc1_ebtimeF_dtTrue_Exp_0>>>>>>>>>>>>>>>>>>>>>>>>>>
train 4552
val 975
test 976
	iters: 100, epoch: 1 | loss: 0.0370464
	speed: 0.0333s/iter; left time: 91.2230s
Epoch: 1 cost time: 3.617448091506958
Epoch: 1, Steps: 142 | Train Loss: 0.2826192 Vali Loss: 0.0253772 Test Loss: 0.0240894
Validation loss decreased (inf --> 0.025377).  Saving model ...
Updating learning rate to 0.005
	iters: 100, epoch: 2 | loss: 0.0245047
	speed: 0.0392s/iter; left time: 101.8732s
Epoch: 2 cost time: 1.8118584156036377
Epoch: 2, Steps: 142 | Train Loss: 0.0230793 Vali Loss: 0.0103005 Test Loss: 0.0106116
Validation loss decreased (0.025377 --> 0.010300).  Saving model ...
Updating learning rate to 0.0025
	iters: 100, epoch: 3 | loss: 0.0098901
	speed: 0.0381s/iter; left time: 93.6018s
Epoch: 3 cost time: 1.7361335754394531
Epoch: 3, Steps: 142 | Train Loss: 0.0154815 Vali Loss: 0.0100612 Test Loss: 0.0094020
Validation loss decreased (0.010300 --> 0.010061).  Saving model ...
Updating learning rate to 0.00125
	iters: 100, epoch: 4 | loss: 0.0124511
	speed: 0.0416s/iter; left time: 96.2014s
Epoch: 4 cost time: 1.8759715557098389
Epoch: 4, Steps: 142 | Train Loss: 0.0134735 Vali Loss: 0.0078143 Test Loss: 0.0076564
Validation loss decreased (0.010061 --> 0.007814).  Saving model ...
Updating learning rate to 0.000625
	iters: 100, epoch: 5 | loss: 0.0098827
	speed: 0.0373s/iter; left time: 81.1069s
Epoch: 5 cost time: 1.7331838607788086
Epoch: 5, Steps: 142 | Train Loss: 0.0126132 Vali Loss: 0.0066859 Test Loss: 0.0067644
Validation loss decreased (0.007814 --> 0.006686).  Saving model ...
Updating learning rate to 0.0003125
	iters: 100, epoch: 6 | loss: 0.0152641
	speed: 0.0450s/iter; left time: 91.4291s
Epoch: 6 cost time: 2.1070384979248047
Epoch: 6, Steps: 142 | Train Loss: 0.0121298 Vali Loss: 0.0064544 Test Loss: 0.0065508
Validation loss decreased (0.006686 --> 0.006454).  Saving model ...
Updating learning rate to 0.00015625
	iters: 100, epoch: 7 | loss: 0.0092523
	speed: 0.0465s/iter; left time: 87.8408s
Epoch: 7 cost time: 1.9985809326171875
Epoch: 7, Steps: 142 | Train Loss: 0.0119179 Vali Loss: 0.0067375 Test Loss: 0.0065849
EarlyStopping counter: 1 out of 3
Updating learning rate to 7.8125e-05
	iters: 100, epoch: 8 | loss: 0.0104421
	speed: 0.0433s/iter; left time: 75.6641s
Epoch: 8 cost time: 1.9210288524627686
Epoch: 8, Steps: 142 | Train Loss: 0.0117724 Vali Loss: 0.0063298 Test Loss: 0.0063917
Validation loss decreased (0.006454 --> 0.006330).  Saving model ...
Updating learning rate to 3.90625e-05
	iters: 100, epoch: 9 | loss: 0.0080950
	speed: 0.0501s/iter; left time: 80.4508s
Epoch: 9 cost time: 2.267104148864746
Epoch: 9, Steps: 142 | Train Loss: 0.0117115 Vali Loss: 0.0064315 Test Loss: 0.0064014
EarlyStopping counter: 1 out of 3
Updating learning rate to 1.953125e-05
	iters: 100, epoch: 10 | loss: 0.0059812
	speed: 0.0441s/iter; left time: 64.5818s
Epoch: 10 cost time: 2.082965850830078
Epoch: 10, Steps: 142 | Train Loss: 0.0116916 Vali Loss: 0.0063124 Test Loss: 0.0063378
Validation loss decreased (0.006330 --> 0.006312).  Saving model ...
Updating learning rate to 9.765625e-06
	iters: 100, epoch: 11 | loss: 0.0060113
	speed: 0.0439s/iter; left time: 57.9986s
Epoch: 11 cost time: 1.780733585357666
Epoch: 11, Steps: 142 | Train Loss: 0.0116662 Vali Loss: 0.0063211 Test Loss: 0.0063518
EarlyStopping counter: 1 out of 3
Updating learning rate to 4.8828125e-06
	iters: 100, epoch: 12 | loss: 0.0153052
	speed: 0.0458s/iter; left time: 54.0558s
Epoch: 12 cost time: 2.2192535400390625
Epoch: 12, Steps: 142 | Train Loss: 0.0116637 Vali Loss: 0.0063543 Test Loss: 0.0063313
EarlyStopping counter: 2 out of 3
Updating learning rate to 2.44140625e-06
	iters: 100, epoch: 13 | loss: 0.0150366
	speed: 0.0447s/iter; left time: 46.3035s
Epoch: 13 cost time: 1.9698100090026855
Epoch: 13, Steps: 142 | Train Loss: 0.0116402 Vali Loss: 0.0063667 Test Loss: 0.0063300
EarlyStopping counter: 3 out of 3
Early stopping
>>>>>>>testing : mirae_Linear_DLinear_mirae_ftM_sl72_ll48_pl12_dm512_nh8_el2_dl1_df2048_fc1_ebtimeF_dtTrue_Exp_0<<<<<<<<<<<<<<<<<<<<<<<<<<<<<<<<<
test 976
mse:0.0063377851620316505, mae:0.04928729683160782
