Args in experiment:
Namespace(ver='TWM-2', is_training=1, model_id='mirae_Linear', model='DLinear', data='mirae', root_path='./data/ETT/', data_path='ETTh1.csv', features='M', target='OT', freq='h', checkpoints='./checkpoints/', seq_len=72, label_len=48, pred_len=12, individual=False, embed_type=0, enc_in=7, dec_in=7, c_out=7, d_model=512, n_heads=8, e_layers=2, d_layers=1, d_ff=2048, moving_avg=25, factor=1, distil=True, dropout=0.05, embed='timeF', activation='gelu', output_attention=False, do_predict=False, num_workers=10, itr=1, train_epochs=20, batch_size=32, patience=3, learning_rate=0.005, des='Exp', loss='mse', lradj='type1', use_amp=False, use_gpu=True, gpu=0, use_multi_gpu=False, devices='0,1,2,3', test_flop=False)
Use GPU: cuda:0
>>>>>>>start training : mirae_Linear_DLinear_mirae_ftM_sl72_ll48_pl12_dm512_nh8_el2_dl1_df2048_fc1_ebtimeF_dtTrue_Exp_0>>>>>>>>>>>>>>>>>>>>>>>>>>
train 4552
val 975
test 976
	iters: 100, epoch: 1 | loss: 0.0239700
	speed: 0.0337s/iter; left time: 92.3169s
Epoch: 1 cost time: 3.797762155532837
Epoch: 1, Steps: 142 | Train Loss: 0.0301963 Vali Loss: 0.0062976 Test Loss: 0.0098362
Validation loss decreased (inf --> 0.006298).  Saving model ...
Updating learning rate to 0.005
	iters: 100, epoch: 2 | loss: 0.0070267
	speed: 0.0441s/iter; left time: 114.6463s
Epoch: 2 cost time: 2.1212451457977295
Epoch: 2, Steps: 142 | Train Loss: 0.0086175 Vali Loss: 0.0020320 Test Loss: 0.0023083
Validation loss decreased (0.006298 --> 0.002032).  Saving model ...
Updating learning rate to 0.0025
	iters: 100, epoch: 3 | loss: 0.0056411
	speed: 0.0416s/iter; left time: 102.1429s
Epoch: 3 cost time: 2.0317749977111816
Epoch: 3, Steps: 142 | Train Loss: 0.0050160 Vali Loss: 0.0016511 Test Loss: 0.0016457
Validation loss decreased (0.002032 --> 0.001651).  Saving model ...
Updating learning rate to 0.00125
	iters: 100, epoch: 4 | loss: 0.0059951
	speed: 0.0382s/iter; left time: 88.5474s
Epoch: 4 cost time: 1.7648472785949707
Epoch: 4, Steps: 142 | Train Loss: 0.0043134 Vali Loss: 0.0013797 Test Loss: 0.0015237
Validation loss decreased (0.001651 --> 0.001380).  Saving model ...
Updating learning rate to 0.000625
	iters: 100, epoch: 5 | loss: 0.0045297
	speed: 0.0455s/iter; left time: 98.8791s
Epoch: 5 cost time: 2.405038833618164
Epoch: 5, Steps: 142 | Train Loss: 0.0040080 Vali Loss: 0.0014188 Test Loss: 0.0014784
EarlyStopping counter: 1 out of 3
Updating learning rate to 0.0003125
	iters: 100, epoch: 6 | loss: 0.0045879
	speed: 0.0480s/iter; left time: 97.4336s
Epoch: 6 cost time: 2.3027095794677734
Epoch: 6, Steps: 142 | Train Loss: 0.0038366 Vali Loss: 0.0014141 Test Loss: 0.0014611
EarlyStopping counter: 2 out of 3
Updating learning rate to 0.00015625
	iters: 100, epoch: 7 | loss: 0.0047487
	speed: 0.0438s/iter; left time: 82.6614s
Epoch: 7 cost time: 2.251291513442993
Epoch: 7, Steps: 142 | Train Loss: 0.0037965 Vali Loss: 0.0013519 Test Loss: 0.0014330
Validation loss decreased (0.001380 --> 0.001352).  Saving model ...
Updating learning rate to 7.8125e-05
	iters: 100, epoch: 8 | loss: 0.0047138
	speed: 0.0405s/iter; left time: 70.8332s
Epoch: 8 cost time: 2.077249765396118
Epoch: 8, Steps: 142 | Train Loss: 0.0037279 Vali Loss: 0.0013530 Test Loss: 0.0014232
EarlyStopping counter: 1 out of 3
Updating learning rate to 3.90625e-05
	iters: 100, epoch: 9 | loss: 0.0038783
	speed: 0.0413s/iter; left time: 66.3660s
Epoch: 9 cost time: 1.934971809387207
Epoch: 9, Steps: 142 | Train Loss: 0.0037127 Vali Loss: 0.0013586 Test Loss: 0.0014352
EarlyStopping counter: 2 out of 3
Updating learning rate to 1.953125e-05
	iters: 100, epoch: 10 | loss: 0.0015305
	speed: 0.0400s/iter; left time: 58.5656s
Epoch: 10 cost time: 2.0259063243865967
Epoch: 10, Steps: 142 | Train Loss: 0.0036809 Vali Loss: 0.0013572 Test Loss: 0.0014326
EarlyStopping counter: 3 out of 3
Early stopping
>>>>>>>testing : mirae_Linear_DLinear_mirae_ftM_sl72_ll48_pl12_dm512_nh8_el2_dl1_df2048_fc1_ebtimeF_dtTrue_Exp_0<<<<<<<<<<<<<<<<<<<<<<<<<<<<<<<<<
test 976
mse:0.0014330041594803333, mae:0.02725495770573616
