Args in experiment:
Namespace(ver='TCM', is_training=1, model_id='mirae_Linear', model='DLinear', data='mirae', root_path='./data/ETT/', data_path='ETTh1.csv', features='M', target='OT', freq='h', checkpoints='./checkpoints/', seq_len=72, label_len=48, pred_len=12, individual=False, embed_type=0, enc_in=7, dec_in=7, c_out=7, d_model=512, n_heads=8, e_layers=2, d_layers=1, d_ff=2048, moving_avg=25, factor=1, distil=True, dropout=0.05, embed='timeF', activation='gelu', output_attention=False, do_predict=False, num_workers=10, itr=1, train_epochs=20, batch_size=32, patience=3, learning_rate=0.005, des='Exp', loss='mse', lradj='type1', use_amp=False, use_gpu=True, gpu=0, use_multi_gpu=False, devices='0,1,2,3', test_flop=False)
Use GPU: cuda:0
>>>>>>>start training : mirae_Linear_DLinear_mirae_ftM_sl72_ll48_pl12_dm512_nh8_el2_dl1_df2048_fc1_ebtimeF_dtTrue_Exp_0>>>>>>>>>>>>>>>>>>>>>>>>>>
train 4552
val 975
test 976
	iters: 100, epoch: 1 | loss: 0.0418114
	speed: 0.0306s/iter; left time: 83.9177s
Epoch: 1 cost time: 3.3766632080078125
Epoch: 1, Steps: 142 | Train Loss: 0.0733987 Vali Loss: 0.0218041 Test Loss: 0.0308472
Validation loss decreased (inf --> 0.021804).  Saving model ...
Updating learning rate to 0.005
	iters: 100, epoch: 2 | loss: 0.0348163
	speed: 0.0355s/iter; left time: 92.3635s
Epoch: 2 cost time: 1.9053747653961182
Epoch: 2, Steps: 142 | Train Loss: 0.0288956 Vali Loss: 0.0168373 Test Loss: 0.0241687
Validation loss decreased (0.021804 --> 0.016837).  Saving model ...
Updating learning rate to 0.0025
	iters: 100, epoch: 3 | loss: 0.0278975
	speed: 0.0363s/iter; left time: 89.3045s
Epoch: 3 cost time: 1.6443653106689453
Epoch: 3, Steps: 142 | Train Loss: 0.0242685 Vali Loss: 0.0120061 Test Loss: 0.0183456
Validation loss decreased (0.016837 --> 0.012006).  Saving model ...
Updating learning rate to 0.00125
	iters: 100, epoch: 4 | loss: 0.0297418
	speed: 0.0352s/iter; left time: 81.6022s
Epoch: 4 cost time: 1.70705246925354
Epoch: 4, Steps: 142 | Train Loss: 0.0220691 Vali Loss: 0.0090959 Test Loss: 0.0147819
Validation loss decreased (0.012006 --> 0.009096).  Saving model ...
Updating learning rate to 0.000625
	iters: 100, epoch: 5 | loss: 0.0241608
	speed: 0.0380s/iter; left time: 82.5761s
Epoch: 5 cost time: 1.837505578994751
Epoch: 5, Steps: 142 | Train Loss: 0.0212550 Vali Loss: 0.0093309 Test Loss: 0.0146953
EarlyStopping counter: 1 out of 3
Updating learning rate to 0.0003125
	iters: 100, epoch: 6 | loss: 0.0199815
	speed: 0.0328s/iter; left time: 66.5924s
Epoch: 6 cost time: 1.5541541576385498
Epoch: 6, Steps: 142 | Train Loss: 0.0206635 Vali Loss: 0.0101022 Test Loss: 0.0149879
EarlyStopping counter: 2 out of 3
Updating learning rate to 0.00015625
	iters: 100, epoch: 7 | loss: 0.0319967
	speed: 0.0339s/iter; left time: 64.0466s
Epoch: 7 cost time: 1.7250072956085205
Epoch: 7, Steps: 142 | Train Loss: 0.0203640 Vali Loss: 0.0098269 Test Loss: 0.0147704
EarlyStopping counter: 3 out of 3
Early stopping
>>>>>>>testing : mirae_Linear_DLinear_mirae_ftM_sl72_ll48_pl12_dm512_nh8_el2_dl1_df2048_fc1_ebtimeF_dtTrue_Exp_0<<<<<<<<<<<<<<<<<<<<<<<<<<<<<<<<<
test 976
mse:0.014781907200813293, mae:0.10902957618236542
