Args in experiment:
Namespace(ver='TWM-2', is_training=1, model_id='mirae_Linear', model='DLinear', data='mirae', root_path='./data/ETT/', data_path='ETTh1.csv', features='M', target='OT', freq='h', checkpoints='./checkpoints/', seq_len=72, label_len=48, pred_len=12, individual=False, embed_type=0, enc_in=7, dec_in=7, c_out=7, d_model=512, n_heads=8, e_layers=2, d_layers=1, d_ff=2048, moving_avg=25, factor=1, distil=True, dropout=0.05, embed='timeF', activation='gelu', output_attention=False, do_predict=False, num_workers=10, itr=1, train_epochs=20, batch_size=32, patience=3, learning_rate=0.005, des='Exp', loss='mse', lradj='type1', use_amp=False, use_gpu=True, gpu=0, use_multi_gpu=False, devices='0,1,2,3', test_flop=False)
Use GPU: cuda:0
>>>>>>>start training : mirae_Linear_DLinear_mirae_ftM_sl72_ll48_pl12_dm512_nh8_el2_dl1_df2048_fc1_ebtimeF_dtTrue_Exp_0>>>>>>>>>>>>>>>>>>>>>>>>>>
train 4552
val 975
test 976
	iters: 100, epoch: 1 | loss: 0.0074421
	speed: 0.0302s/iter; left time: 82.8090s
Epoch: 1 cost time: 3.412383556365967
Epoch: 1, Steps: 142 | Train Loss: 0.0153123 Vali Loss: 0.0041757 Test Loss: 0.0036815
Validation loss decreased (inf --> 0.004176).  Saving model ...
Updating learning rate to 0.005
	iters: 100, epoch: 2 | loss: 0.0060801
	speed: 0.0413s/iter; left time: 107.4664s
Epoch: 2 cost time: 1.9927234649658203
Epoch: 2, Steps: 142 | Train Loss: 0.0082240 Vali Loss: 0.0029958 Test Loss: 0.0026706
Validation loss decreased (0.004176 --> 0.002996).  Saving model ...
Updating learning rate to 0.0025
	iters: 100, epoch: 3 | loss: 0.0034746
	speed: 0.0399s/iter; left time: 97.9900s
Epoch: 3 cost time: 1.934812307357788
Epoch: 3, Steps: 142 | Train Loss: 0.0069181 Vali Loss: 0.0023674 Test Loss: 0.0023354
Validation loss decreased (0.002996 --> 0.002367).  Saving model ...
Updating learning rate to 0.00125
	iters: 100, epoch: 4 | loss: 0.0110151
	speed: 0.0414s/iter; left time: 95.7319s
Epoch: 4 cost time: 1.9447214603424072
Epoch: 4, Steps: 142 | Train Loss: 0.0066775 Vali Loss: 0.0024873 Test Loss: 0.0024388
EarlyStopping counter: 1 out of 3
Updating learning rate to 0.000625
	iters: 100, epoch: 5 | loss: 0.0030840
	speed: 0.0428s/iter; left time: 93.0348s
Epoch: 5 cost time: 2.09237003326416
Epoch: 5, Steps: 142 | Train Loss: 0.0064398 Vali Loss: 0.0023523 Test Loss: 0.0023047
Validation loss decreased (0.002367 --> 0.002352).  Saving model ...
Updating learning rate to 0.0003125
	iters: 100, epoch: 6 | loss: 0.0053827
	speed: 0.0435s/iter; left time: 88.3223s
Epoch: 6 cost time: 2.2038161754608154
Epoch: 6, Steps: 142 | Train Loss: 0.0063943 Vali Loss: 0.0022726 Test Loss: 0.0022442
Validation loss decreased (0.002352 --> 0.002273).  Saving model ...
Updating learning rate to 0.00015625
	iters: 100, epoch: 7 | loss: 0.0077694
	speed: 0.0406s/iter; left time: 76.7232s
Epoch: 7 cost time: 1.9419012069702148
Epoch: 7, Steps: 142 | Train Loss: 0.0063309 Vali Loss: 0.0021999 Test Loss: 0.0022065
Validation loss decreased (0.002273 --> 0.002200).  Saving model ...
Updating learning rate to 7.8125e-05
	iters: 100, epoch: 8 | loss: 0.0079304
	speed: 0.0389s/iter; left time: 68.0403s
Epoch: 8 cost time: 1.9158124923706055
Epoch: 8, Steps: 142 | Train Loss: 0.0063138 Vali Loss: 0.0022354 Test Loss: 0.0022208
EarlyStopping counter: 1 out of 3
Updating learning rate to 3.90625e-05
	iters: 100, epoch: 9 | loss: 0.0107105
	speed: 0.0385s/iter; left time: 61.8683s
Epoch: 9 cost time: 1.834589958190918
Epoch: 9, Steps: 142 | Train Loss: 0.0063035 Vali Loss: 0.0022646 Test Loss: 0.0022361
EarlyStopping counter: 2 out of 3
Updating learning rate to 1.953125e-05
	iters: 100, epoch: 10 | loss: 0.0048564
	speed: 0.0419s/iter; left time: 61.3676s
Epoch: 10 cost time: 1.9232280254364014
Epoch: 10, Steps: 142 | Train Loss: 0.0062881 Vali Loss: 0.0021843 Test Loss: 0.0021990
Validation loss decreased (0.002200 --> 0.002184).  Saving model ...
Updating learning rate to 9.765625e-06
	iters: 100, epoch: 11 | loss: 0.0058592
	speed: 0.0400s/iter; left time: 52.8058s
Epoch: 11 cost time: 1.973186731338501
Epoch: 11, Steps: 142 | Train Loss: 0.0062885 Vali Loss: 0.0022190 Test Loss: 0.0022155
EarlyStopping counter: 1 out of 3
Updating learning rate to 4.8828125e-06
	iters: 100, epoch: 12 | loss: 0.0097811
	speed: 0.0413s/iter; left time: 48.7042s
Epoch: 12 cost time: 2.1221930980682373
Epoch: 12, Steps: 142 | Train Loss: 0.0062771 Vali Loss: 0.0022200 Test Loss: 0.0022132
EarlyStopping counter: 2 out of 3
Updating learning rate to 2.44140625e-06
	iters: 100, epoch: 13 | loss: 0.0031829
	speed: 0.0469s/iter; left time: 48.5929s
Epoch: 13 cost time: 2.1536126136779785
Epoch: 13, Steps: 142 | Train Loss: 0.0062836 Vali Loss: 0.0022435 Test Loss: 0.0022148
EarlyStopping counter: 3 out of 3
Early stopping
>>>>>>>testing : mirae_Linear_DLinear_mirae_ftM_sl72_ll48_pl12_dm512_nh8_el2_dl1_df2048_fc1_ebtimeF_dtTrue_Exp_0<<<<<<<<<<<<<<<<<<<<<<<<<<<<<<<<<
test 976
mse:0.00219899183139205, mae:0.032299019396305084
