Args in experiment:
Namespace(ver='D', is_training=1, model_id='mirae_Linear', model='DLinear', data='mirae', root_path='./data/ETT/', data_path='ETTh1.csv', features='M', target='OT', freq='h', checkpoints='./checkpoints/', seq_len=72, label_len=48, pred_len=12, individual=False, embed_type=0, enc_in=7, dec_in=7, c_out=7, d_model=512, n_heads=8, e_layers=2, d_layers=1, d_ff=2048, moving_avg=25, factor=1, distil=True, dropout=0.05, embed='timeF', activation='gelu', output_attention=False, do_predict=False, num_workers=10, itr=1, train_epochs=20, batch_size=32, patience=3, learning_rate=0.005, des='Exp', loss='mse', lradj='type1', use_amp=False, use_gpu=True, gpu=0, use_multi_gpu=False, devices='0,1,2,3', test_flop=False)
Use GPU: cuda:0
>>>>>>>start training : mirae_Linear_DLinear_mirae_ftM_sl72_ll48_pl12_dm512_nh8_el2_dl1_df2048_fc1_ebtimeF_dtTrue_Exp_0>>>>>>>>>>>>>>>>>>>>>>>>>>
train 4552
val 975
test 976
	iters: 100, epoch: 1 | loss: 0.0070814
	speed: 0.0197s/iter; left time: 54.0948s
Epoch: 1 cost time: 2.293545961380005
Epoch: 1, Steps: 142 | Train Loss: 0.0112976 Vali Loss: 0.0018374 Test Loss: 0.0021300
Validation loss decreased (inf --> 0.001837).  Saving model ...
Updating learning rate to 0.005
	iters: 100, epoch: 2 | loss: 0.0048695
	speed: 0.0279s/iter; left time: 72.4366s
Epoch: 2 cost time: 1.4349703788757324
Epoch: 2, Steps: 142 | Train Loss: 0.0058801 Vali Loss: 0.0020233 Test Loss: 0.0018987
EarlyStopping counter: 1 out of 3
Updating learning rate to 0.0025
	iters: 100, epoch: 3 | loss: 0.0054961
	speed: 0.0276s/iter; left time: 67.7571s
Epoch: 3 cost time: 1.5220825672149658
Epoch: 3, Steps: 142 | Train Loss: 0.0048074 Vali Loss: 0.0016453 Test Loss: 0.0016341
Validation loss decreased (0.001837 --> 0.001645).  Saving model ...
Updating learning rate to 0.00125
	iters: 100, epoch: 4 | loss: 0.0030749
	speed: 0.0282s/iter; left time: 65.1684s
Epoch: 4 cost time: 1.5422813892364502
Epoch: 4, Steps: 142 | Train Loss: 0.0043224 Vali Loss: 0.0016255 Test Loss: 0.0015259
Validation loss decreased (0.001645 --> 0.001625).  Saving model ...
Updating learning rate to 0.000625
	iters: 100, epoch: 5 | loss: 0.0031432
	speed: 0.0280s/iter; left time: 60.9142s
Epoch: 5 cost time: 1.472733497619629
Epoch: 5, Steps: 142 | Train Loss: 0.0040598 Vali Loss: 0.0017109 Test Loss: 0.0015740
EarlyStopping counter: 1 out of 3
Updating learning rate to 0.0003125
	iters: 100, epoch: 6 | loss: 0.0065077
	speed: 0.0302s/iter; left time: 61.3273s
Epoch: 6 cost time: 1.515432357788086
Epoch: 6, Steps: 142 | Train Loss: 0.0039768 Vali Loss: 0.0014946 Test Loss: 0.0014156
Validation loss decreased (0.001625 --> 0.001495).  Saving model ...
Updating learning rate to 0.00015625
	iters: 100, epoch: 7 | loss: 0.0057126
	speed: 0.0266s/iter; left time: 50.3273s
Epoch: 7 cost time: 1.5442323684692383
Epoch: 7, Steps: 142 | Train Loss: 0.0039091 Vali Loss: 0.0015180 Test Loss: 0.0014131
EarlyStopping counter: 1 out of 3
Updating learning rate to 7.8125e-05
	iters: 100, epoch: 8 | loss: 0.0026595
	speed: 0.0271s/iter; left time: 47.3096s
Epoch: 8 cost time: 1.4444129467010498
Epoch: 8, Steps: 142 | Train Loss: 0.0038739 Vali Loss: 0.0015148 Test Loss: 0.0014087
EarlyStopping counter: 2 out of 3
Updating learning rate to 3.90625e-05
	iters: 100, epoch: 9 | loss: 0.0037379
	speed: 0.0257s/iter; left time: 41.1945s
Epoch: 9 cost time: 1.3992893695831299
Epoch: 9, Steps: 142 | Train Loss: 0.0038557 Vali Loss: 0.0015242 Test Loss: 0.0014134
EarlyStopping counter: 3 out of 3
Early stopping
>>>>>>>testing : mirae_Linear_DLinear_mirae_ftM_sl72_ll48_pl12_dm512_nh8_el2_dl1_df2048_fc1_ebtimeF_dtTrue_Exp_0<<<<<<<<<<<<<<<<<<<<<<<<<<<<<<<<<
test 976
mse:0.001415609149262309, mae:0.026349307969212532
