Args in experiment:
Namespace(ver='TWM-2', is_training=1, model_id='mirae_Linear', model='DLinear_T', data='mirae', root_path='./data/ETT/', data_path='ETTh1.csv', features='M', target='OT', freq='h', checkpoints='./checkpoints/', seq_len=72, label_len=48, pred_len=12, individual=False, embed_type=0, enc_in=7, dec_in=7, c_out=7, d_model=512, n_heads=8, e_layers=2, d_layers=1, d_ff=2048, moving_avg=25, factor=1, distil=True, dropout=0.05, embed='timeF', activation='gelu', output_attention=False, do_predict=False, num_workers=10, itr=1, train_epochs=20, batch_size=32, patience=3, learning_rate=0.005, des='Exp', loss='mse', lradj='type1', use_amp=False, use_gpu=True, gpu=0, use_multi_gpu=False, devices='0,1,2,3', test_flop=False)
Use GPU: cuda:0
>>>>>>>start training : mirae_Linear_DLinear_T_mirae_ftM_sl72_ll48_pl12_dm512_nh8_el2_dl1_df2048_fc1_ebtimeF_dtTrue_Exp_0>>>>>>>>>>>>>>>>>>>>>>>>>>
train 4552
val 975
test 976
	iters: 100, epoch: 1 | loss: 0.0050047
	speed: 0.0375s/iter; left time: 102.8498s
Epoch: 1 cost time: 4.071768760681152
Epoch: 1, Steps: 142 | Train Loss: 0.0176248 Vali Loss: 0.0021294 Test Loss: 0.0026738
Validation loss decreased (inf --> 0.002129).  Saving model ...
Updating learning rate to 0.005
	iters: 100, epoch: 2 | loss: 0.0069620
	speed: 0.0431s/iter; left time: 112.0285s
Epoch: 2 cost time: 2.1048619747161865
Epoch: 2, Steps: 142 | Train Loss: 0.0057325 Vali Loss: 0.0018546 Test Loss: 0.0021784
Validation loss decreased (0.002129 --> 0.001855).  Saving model ...
Updating learning rate to 0.0025
	iters: 100, epoch: 3 | loss: 0.0035955
	speed: 0.0461s/iter; left time: 113.1888s
Epoch: 3 cost time: 2.239961624145508
Epoch: 3, Steps: 142 | Train Loss: 0.0046113 Vali Loss: 0.0014998 Test Loss: 0.0020354
Validation loss decreased (0.001855 --> 0.001500).  Saving model ...
Updating learning rate to 0.00125
	iters: 100, epoch: 4 | loss: 0.0058081
	speed: 0.0494s/iter; left time: 114.3701s
Epoch: 4 cost time: 2.006070137023926
Epoch: 4, Steps: 142 | Train Loss: 0.0042486 Vali Loss: 0.0014416 Test Loss: 0.0019103
Validation loss decreased (0.001500 --> 0.001442).  Saving model ...
Updating learning rate to 0.000625
	iters: 100, epoch: 5 | loss: 0.0029756
	speed: 0.0413s/iter; left time: 89.7422s
Epoch: 5 cost time: 1.8903050422668457
Epoch: 5, Steps: 142 | Train Loss: 0.0040853 Vali Loss: 0.0014392 Test Loss: 0.0019132
Validation loss decreased (0.001442 --> 0.001439).  Saving model ...
Updating learning rate to 0.0003125
	iters: 100, epoch: 6 | loss: 0.0024592
	speed: 0.0426s/iter; left time: 86.4417s
Epoch: 6 cost time: 1.976334810256958
Epoch: 6, Steps: 142 | Train Loss: 0.0040282 Vali Loss: 0.0014547 Test Loss: 0.0018868
EarlyStopping counter: 1 out of 3
Updating learning rate to 0.00015625
	iters: 100, epoch: 7 | loss: 0.0024065
	speed: 0.0447s/iter; left time: 84.4390s
Epoch: 7 cost time: 2.1779251098632812
Epoch: 7, Steps: 142 | Train Loss: 0.0039784 Vali Loss: 0.0014227 Test Loss: 0.0018753
Validation loss decreased (0.001439 --> 0.001423).  Saving model ...
Updating learning rate to 7.8125e-05
	iters: 100, epoch: 8 | loss: 0.0060558
	speed: 0.0478s/iter; left time: 83.5805s
Epoch: 8 cost time: 2.101820230484009
Epoch: 8, Steps: 142 | Train Loss: 0.0039553 Vali Loss: 0.0014248 Test Loss: 0.0018737
EarlyStopping counter: 1 out of 3
Updating learning rate to 3.90625e-05
	iters: 100, epoch: 9 | loss: 0.0022661
	speed: 0.0489s/iter; left time: 78.5130s
Epoch: 9 cost time: 2.2682814598083496
Epoch: 9, Steps: 142 | Train Loss: 0.0039168 Vali Loss: 0.0014181 Test Loss: 0.0018742
Validation loss decreased (0.001423 --> 0.001418).  Saving model ...
Updating learning rate to 1.953125e-05
	iters: 100, epoch: 10 | loss: 0.0062039
	speed: 0.0474s/iter; left time: 69.4105s
Epoch: 10 cost time: 2.0983362197875977
Epoch: 10, Steps: 142 | Train Loss: 0.0039427 Vali Loss: 0.0014228 Test Loss: 0.0018735
EarlyStopping counter: 1 out of 3
Updating learning rate to 9.765625e-06
	iters: 100, epoch: 11 | loss: 0.0041925
	speed: 0.0517s/iter; left time: 68.2352s
Epoch: 11 cost time: 2.429076910018921
Epoch: 11, Steps: 142 | Train Loss: 0.0039409 Vali Loss: 0.0014220 Test Loss: 0.0018733
EarlyStopping counter: 2 out of 3
Updating learning rate to 4.8828125e-06
	iters: 100, epoch: 12 | loss: 0.0038590
	speed: 0.0553s/iter; left time: 65.1843s
Epoch: 12 cost time: 2.5141329765319824
Epoch: 12, Steps: 142 | Train Loss: 0.0039355 Vali Loss: 0.0014253 Test Loss: 0.0018729
EarlyStopping counter: 3 out of 3
Early stopping
>>>>>>>testing : mirae_Linear_DLinear_T_mirae_ftM_sl72_ll48_pl12_dm512_nh8_el2_dl1_df2048_fc1_ebtimeF_dtTrue_Exp_0<<<<<<<<<<<<<<<<<<<<<<<<<<<<<<<<<
test 976
mse:0.0018742077518254519, mae:0.03049894981086254
