Args in experiment:
Namespace(ver='TPE', is_training=1, model_id='mirae_Linear', model='DLinear', data='mirae', root_path='./data/ETT/', data_path='ETTh1.csv', features='M', target='OT', freq='h', checkpoints='./checkpoints/', seq_len=72, label_len=48, pred_len=12, individual=False, embed_type=0, enc_in=7, dec_in=7, c_out=7, d_model=512, n_heads=8, e_layers=2, d_layers=1, d_ff=2048, moving_avg=25, factor=1, distil=True, dropout=0.05, embed='timeF', activation='gelu', output_attention=False, do_predict=False, num_workers=10, itr=1, train_epochs=20, batch_size=32, patience=3, learning_rate=0.005, des='Exp', loss='mse', lradj='type1', use_amp=False, use_gpu=True, gpu=0, use_multi_gpu=False, devices='0,1,2,3', test_flop=False)
Use GPU: cuda:0
>>>>>>>start training : mirae_Linear_DLinear_mirae_ftM_sl72_ll48_pl12_dm512_nh8_el2_dl1_df2048_fc1_ebtimeF_dtTrue_Exp_0>>>>>>>>>>>>>>>>>>>>>>>>>>
train 4552
val 975
test 976
	iters: 100, epoch: 1 | loss: 0.0137896
	speed: 0.0459s/iter; left time: 125.6775s
Epoch: 1 cost time: 5.036513090133667
Epoch: 1, Steps: 142 | Train Loss: 0.0453031 Vali Loss: 0.0105730 Test Loss: 0.0102088
Validation loss decreased (inf --> 0.010573).  Saving model ...
Updating learning rate to 0.005
	iters: 100, epoch: 2 | loss: 0.0080767
	speed: 0.0499s/iter; left time: 129.6126s
Epoch: 2 cost time: 2.6094970703125
Epoch: 2, Steps: 142 | Train Loss: 0.0110642 Vali Loss: 0.0056289 Test Loss: 0.0049542
Validation loss decreased (0.010573 --> 0.005629).  Saving model ...
Updating learning rate to 0.0025
	iters: 100, epoch: 3 | loss: 0.0070314
	speed: 0.0531s/iter; left time: 130.3690s
Epoch: 3 cost time: 2.3975095748901367
Epoch: 3, Steps: 142 | Train Loss: 0.0072717 Vali Loss: 0.0027776 Test Loss: 0.0025409
Validation loss decreased (0.005629 --> 0.002778).  Saving model ...
Updating learning rate to 0.00125
	iters: 100, epoch: 4 | loss: 0.0077802
	speed: 0.0532s/iter; left time: 123.0512s
Epoch: 4 cost time: 2.595557451248169
Epoch: 4, Steps: 142 | Train Loss: 0.0063857 Vali Loss: 0.0035993 Test Loss: 0.0031078
EarlyStopping counter: 1 out of 3
Updating learning rate to 0.000625
	iters: 100, epoch: 5 | loss: 0.0045327
	speed: 0.0514s/iter; left time: 111.7493s
Epoch: 5 cost time: 2.7407710552215576
Epoch: 5, Steps: 142 | Train Loss: 0.0058315 Vali Loss: 0.0029950 Test Loss: 0.0026117
EarlyStopping counter: 2 out of 3
Updating learning rate to 0.0003125
	iters: 100, epoch: 6 | loss: 0.0040004
	speed: 0.0548s/iter; left time: 111.3532s
Epoch: 6 cost time: 2.8530402183532715
Epoch: 6, Steps: 142 | Train Loss: 0.0054659 Vali Loss: 0.0027125 Test Loss: 0.0023030
Validation loss decreased (0.002778 --> 0.002713).  Saving model ...
Updating learning rate to 0.00015625
	iters: 100, epoch: 7 | loss: 0.0034673
	speed: 0.0528s/iter; left time: 99.7902s
Epoch: 7 cost time: 2.6025450229644775
Epoch: 7, Steps: 142 | Train Loss: 0.0053518 Vali Loss: 0.0028588 Test Loss: 0.0024472
EarlyStopping counter: 1 out of 3
Updating learning rate to 7.8125e-05
	iters: 100, epoch: 8 | loss: 0.0024296
	speed: 0.0411s/iter; left time: 71.7370s
Epoch: 8 cost time: 1.8021140098571777
Epoch: 8, Steps: 142 | Train Loss: 0.0052866 Vali Loss: 0.0029129 Test Loss: 0.0024783
EarlyStopping counter: 2 out of 3
Updating learning rate to 3.90625e-05
	iters: 100, epoch: 9 | loss: 0.0069900
	speed: 0.0384s/iter; left time: 61.6940s
Epoch: 9 cost time: 1.7702512741088867
Epoch: 9, Steps: 142 | Train Loss: 0.0052434 Vali Loss: 0.0028888 Test Loss: 0.0024443
EarlyStopping counter: 3 out of 3
Early stopping
>>>>>>>testing : mirae_Linear_DLinear_mirae_ftM_sl72_ll48_pl12_dm512_nh8_el2_dl1_df2048_fc1_ebtimeF_dtTrue_Exp_0<<<<<<<<<<<<<<<<<<<<<<<<<<<<<<<<<
test 976
mse:0.0023030017036944628, mae:0.036953866481781006
