Args in experiment:
Namespace(ver='TPE', is_training=1, model_id='ETTh1__96', model='DLinear', data='ETTh1', root_path='/nas/datahub/ETT/', data_path='ETTh1.csv', features='S', target='OT', freq='h', checkpoints='./checkpoints/', seq_len=336, label_len=48, pred_len=96, individual=False, embed_type=0, enc_in=7, dec_in=7, c_out=7, d_model=512, n_heads=8, e_layers=2, d_layers=1, d_ff=2048, moving_avg=25, factor=1, distil=True, dropout=0.05, embed='timeF', activation='gelu', output_attention=False, do_predict=False, num_workers=10, itr=1, train_epochs=10, batch_size=32, patience=3, learning_rate=0.005, des='Exp', loss='mse', lradj='type1', use_amp=False, use_gpu=True, gpu=0, use_multi_gpu=False, devices='0,1,2,3', test_flop=False)
Use GPU: cuda:0
>>>>>>>start training : ETTh1__96_DLinear_ETTh1_ftS_sl336_ll48_pl96_dm512_nh8_el2_dl1_df2048_fc1_ebtimeF_dtTrue_Exp_0>>>>>>>>>>>>>>>>>>>>>>>>>>
train 8209
val 2785
test 2785
	iters: 100, epoch: 1 | loss: 0.1700552
	speed: 0.0758s/iter; left time: 186.4334s
	iters: 200, epoch: 1 | loss: 0.2008106
	speed: 0.0098s/iter; left time: 23.2303s
Epoch: 1 cost time: 9.163976192474365
Epoch: 1, Steps: 256 | Train Loss: 0.2197667 Vali Loss: 0.1043084 Test Loss: 0.0949912
Validation loss decreased (inf --> 0.104308).  Saving model ...
Updating learning rate to 0.005
	iters: 100, epoch: 2 | loss: 0.1694004
	speed: 0.0596s/iter; left time: 131.3897s
	iters: 200, epoch: 2 | loss: 0.0941468
	speed: 0.0101s/iter; left time: 21.1659s
Epoch: 2 cost time: 3.513977289199829
Epoch: 2, Steps: 256 | Train Loss: 0.1557792 Vali Loss: 0.1070706 Test Loss: 0.1095586
EarlyStopping counter: 1 out of 3
Updating learning rate to 0.0025
	iters: 100, epoch: 3 | loss: 0.1330734
	speed: 0.0601s/iter; left time: 117.1926s
	iters: 200, epoch: 3 | loss: 0.1002535
	speed: 0.0096s/iter; left time: 17.7403s
Epoch: 3 cost time: 3.5746028423309326
Epoch: 3, Steps: 256 | Train Loss: 0.1268575 Vali Loss: 0.1212326 Test Loss: 0.0848656
EarlyStopping counter: 2 out of 3
Updating learning rate to 0.00125
	iters: 100, epoch: 4 | loss: 0.0818858
	speed: 0.0612s/iter; left time: 103.6750s
	iters: 200, epoch: 4 | loss: 0.1017371
	speed: 0.0095s/iter; left time: 15.1444s
Epoch: 4 cost time: 3.5535624027252197
Epoch: 4, Steps: 256 | Train Loss: 0.1081559 Vali Loss: 0.1188574 Test Loss: 0.0822887
EarlyStopping counter: 3 out of 3
Early stopping
>>>>>>>testing : ETTh1__96_DLinear_ETTh1_ftS_sl336_ll48_pl96_dm512_nh8_el2_dl1_df2048_fc1_ebtimeF_dtTrue_Exp_0<<<<<<<<<<<<<<<<<<<<<<<<<<<<<<<<<
test 2785
mse:0.09499122202396393, mae:0.23489369451999664
