Args in experiment:
Namespace(ver='D', is_training=1, model_id='ETTh1_336_336', model='DLinear', data='ETTh1', root_path='/nas/datahub/ETT/', data_path='ETTh1.csv', features='M', target='OT', freq='h', checkpoints='./checkpoints/', seq_len=336, label_len=48, pred_len=336, individual=False, embed_type=0, enc_in=7, dec_in=7, c_out=7, d_model=512, n_heads=8, e_layers=2, d_layers=1, d_ff=2048, moving_avg=25, factor=1, distil=True, dropout=0.05, embed='timeF', activation='gelu', output_attention=False, do_predict=False, num_workers=10, itr=1, train_epochs=10, batch_size=32, patience=3, learning_rate=0.005, des='Exp', loss='mse', lradj='type1', use_amp=False, use_gpu=True, gpu=0, use_multi_gpu=False, devices='0,1,2,3', test_flop=False)
Use GPU: cuda:0
>>>>>>>start training : ETTh1_336_336_DLinear_ETTh1_ftM_sl336_ll48_pl336_dm512_nh8_el2_dl1_df2048_fc1_ebtimeF_dtTrue_Exp_0>>>>>>>>>>>>>>>>>>>>>>>>>>
train 7969
val 2545
test 2545
	iters: 100, epoch: 1 | loss: 0.4775771
	speed: 0.0192s/iter; left time: 45.8068s
	iters: 200, epoch: 1 | loss: 0.4950600
	speed: 0.0064s/iter; left time: 14.5596s
Epoch: 1 cost time: 2.935011148452759
Epoch: 1, Steps: 249 | Train Loss: 0.4910454 Vali Loss: 1.0858202 Test Loss: 0.4994757
Validation loss decreased (inf --> 1.085820).  Saving model ...
Updating learning rate to 0.005
	iters: 100, epoch: 2 | loss: 0.4128123
	speed: 0.0396s/iter; left time: 84.8471s
	iters: 200, epoch: 2 | loss: 0.4873776
	speed: 0.0063s/iter; left time: 12.8360s
Epoch: 2 cost time: 2.3323211669921875
Epoch: 2, Steps: 249 | Train Loss: 0.4577384 Vali Loss: 1.1206936 Test Loss: 0.5059395
EarlyStopping counter: 1 out of 3
Updating learning rate to 0.0025
	iters: 100, epoch: 3 | loss: 0.4476388
	speed: 0.0373s/iter; left time: 70.6722s
	iters: 200, epoch: 3 | loss: 0.4788809
	speed: 0.0065s/iter; left time: 11.6715s
Epoch: 3 cost time: 2.2992746829986572
Epoch: 3, Steps: 249 | Train Loss: 0.4223147 Vali Loss: 1.1536608 Test Loss: 0.4994169
EarlyStopping counter: 2 out of 3
Updating learning rate to 0.00125
	iters: 100, epoch: 4 | loss: 0.3673325
	speed: 0.0372s/iter; left time: 61.1327s
	iters: 200, epoch: 4 | loss: 0.3950496
	speed: 0.0061s/iter; left time: 9.4476s
Epoch: 4 cost time: 2.2004661560058594
Epoch: 4, Steps: 249 | Train Loss: 0.3906906 Vali Loss: 1.1509788 Test Loss: 0.5373329
EarlyStopping counter: 3 out of 3
Early stopping
>>>>>>>testing : ETTh1_336_336_DLinear_ETTh1_ftM_sl336_ll48_pl336_dm512_nh8_el2_dl1_df2048_fc1_ebtimeF_dtTrue_Exp_0<<<<<<<<<<<<<<<<<<<<<<<<<<<<<<<<<
test 2545
mse:0.4994755685329437, mae:0.4910620450973511
