Args in experiment:
Namespace(ver='TS', is_training=1, model_id='mirae_Linear', model='DLinear', data='mirae', root_path='./data/ETT/', data_path='ETTh1.csv', features='M', target='OT', freq='h', checkpoints='./checkpoints/', seq_len=72, label_len=48, pred_len=12, individual=False, embed_type=0, enc_in=7, dec_in=7, c_out=7, d_model=512, n_heads=8, e_layers=2, d_layers=1, d_ff=2048, moving_avg=25, factor=1, distil=True, dropout=0.05, embed='timeF', activation='gelu', output_attention=False, do_predict=False, num_workers=10, itr=1, train_epochs=20, batch_size=32, patience=3, learning_rate=0.005, des='Exp', loss='mse', lradj='type1', use_amp=False, use_gpu=True, gpu=0, use_multi_gpu=False, devices='0,1,2,3', test_flop=False)
Use GPU: cuda:0
>>>>>>>start training : mirae_Linear_DLinear_mirae_ftM_sl72_ll48_pl12_dm512_nh8_el2_dl1_df2048_fc1_ebtimeF_dtTrue_Exp_0>>>>>>>>>>>>>>>>>>>>>>>>>>
train 4552
val 975
test 976
	iters: 100, epoch: 1 | loss: 0.0056963
	speed: 0.0498s/iter; left time: 136.4535s
Epoch: 1 cost time: 5.639597654342651
Epoch: 1, Steps: 142 | Train Loss: 0.0171869 Vali Loss: 0.0019411 Test Loss: 0.0020177
Validation loss decreased (inf --> 0.001941).  Saving model ...
Updating learning rate to 0.005
	iters: 100, epoch: 2 | loss: 0.0073312
	speed: 0.0509s/iter; left time: 132.3972s
Epoch: 2 cost time: 2.8172261714935303
Epoch: 2, Steps: 142 | Train Loss: 0.0056870 Vali Loss: 0.0015130 Test Loss: 0.0016868
Validation loss decreased (0.001941 --> 0.001513).  Saving model ...
Updating learning rate to 0.0025
	iters: 100, epoch: 3 | loss: 0.0036178
	speed: 0.0526s/iter; left time: 129.1423s
Epoch: 3 cost time: 2.8125948905944824
Epoch: 3, Steps: 142 | Train Loss: 0.0047535 Vali Loss: 0.0016569 Test Loss: 0.0015911
EarlyStopping counter: 1 out of 3
Updating learning rate to 0.00125
	iters: 100, epoch: 4 | loss: 0.0041295
	speed: 0.0491s/iter; left time: 113.7189s
Epoch: 4 cost time: 2.7377707958221436
Epoch: 4, Steps: 142 | Train Loss: 0.0044297 Vali Loss: 0.0013249 Test Loss: 0.0014893
Validation loss decreased (0.001513 --> 0.001325).  Saving model ...
Updating learning rate to 0.000625
	iters: 100, epoch: 5 | loss: 0.0042251
	speed: 0.0472s/iter; left time: 102.5002s
Epoch: 5 cost time: 2.8669891357421875
Epoch: 5, Steps: 142 | Train Loss: 0.0042543 Vali Loss: 0.0012763 Test Loss: 0.0014538
Validation loss decreased (0.001325 --> 0.001276).  Saving model ...
Updating learning rate to 0.0003125
	iters: 100, epoch: 6 | loss: 0.0036888
	speed: 0.0502s/iter; left time: 101.9428s
Epoch: 6 cost time: 2.8594658374786377
Epoch: 6, Steps: 142 | Train Loss: 0.0041576 Vali Loss: 0.0013232 Test Loss: 0.0014573
EarlyStopping counter: 1 out of 3
Updating learning rate to 0.00015625
	iters: 100, epoch: 7 | loss: 0.0028628
	speed: 0.0500s/iter; left time: 94.4453s
Epoch: 7 cost time: 2.733440637588501
Epoch: 7, Steps: 142 | Train Loss: 0.0041423 Vali Loss: 0.0012877 Test Loss: 0.0014450
EarlyStopping counter: 2 out of 3
Updating learning rate to 7.8125e-05
	iters: 100, epoch: 8 | loss: 0.0020236
	speed: 0.0494s/iter; left time: 86.2549s
Epoch: 8 cost time: 2.7593116760253906
Epoch: 8, Steps: 142 | Train Loss: 0.0041222 Vali Loss: 0.0012705 Test Loss: 0.0014425
Validation loss decreased (0.001276 --> 0.001270).  Saving model ...
Updating learning rate to 3.90625e-05
	iters: 100, epoch: 9 | loss: 0.0057883
	speed: 0.0495s/iter; left time: 79.3895s
Epoch: 9 cost time: 2.8326871395111084
Epoch: 9, Steps: 142 | Train Loss: 0.0041159 Vali Loss: 0.0012805 Test Loss: 0.0014425
EarlyStopping counter: 1 out of 3
Updating learning rate to 1.953125e-05
	iters: 100, epoch: 10 | loss: 0.0046310
	speed: 0.0507s/iter; left time: 74.2455s
Epoch: 10 cost time: 2.807661533355713
Epoch: 10, Steps: 142 | Train Loss: 0.0041070 Vali Loss: 0.0012774 Test Loss: 0.0014418
EarlyStopping counter: 2 out of 3
Updating learning rate to 9.765625e-06
	iters: 100, epoch: 11 | loss: 0.0060072
	speed: 0.0495s/iter; left time: 65.3670s
Epoch: 11 cost time: 2.782836675643921
Epoch: 11, Steps: 142 | Train Loss: 0.0041071 Vali Loss: 0.0012829 Test Loss: 0.0014419
EarlyStopping counter: 3 out of 3
Early stopping
>>>>>>>testing : mirae_Linear_DLinear_mirae_ftM_sl72_ll48_pl12_dm512_nh8_el2_dl1_df2048_fc1_ebtimeF_dtTrue_Exp_0<<<<<<<<<<<<<<<<<<<<<<<<<<<<<<<<<
test 976
mse:0.0014424559194594622, mae:0.026819143444299698
