Args in experiment:
Namespace(ver='TPE', is_training=1, model_id='mirae_Linear', model='DLinear', data='mirae', root_path='./data/ETT/', data_path='ETTh1.csv', features='M', target='OT', freq='h', checkpoints='./checkpoints/', seq_len=72, label_len=48, pred_len=12, individual=False, embed_type=0, enc_in=7, dec_in=7, c_out=7, d_model=512, n_heads=8, e_layers=2, d_layers=1, d_ff=2048, moving_avg=25, factor=1, distil=True, dropout=0.05, embed='timeF', activation='gelu', output_attention=False, do_predict=False, num_workers=10, itr=1, train_epochs=20, batch_size=32, patience=3, learning_rate=0.005, des='Exp', loss='mse', lradj='type1', use_amp=False, use_gpu=True, gpu=0, use_multi_gpu=False, devices='0,1,2,3', test_flop=False)
Use GPU: cuda:0
>>>>>>>start training : mirae_Linear_DLinear_mirae_ftM_sl72_ll48_pl12_dm512_nh8_el2_dl1_df2048_fc1_ebtimeF_dtTrue_Exp_0>>>>>>>>>>>>>>>>>>>>>>>>>>
train 4552
val 975
test 976
	iters: 100, epoch: 1 | loss: 0.0205915
	speed: 0.0368s/iter; left time: 100.8711s
Epoch: 1 cost time: 4.341728687286377
Epoch: 1, Steps: 142 | Train Loss: 0.1226699 Vali Loss: 0.0125622 Test Loss: 0.0116345
Validation loss decreased (inf --> 0.012562).  Saving model ...
Updating learning rate to 0.005
	iters: 100, epoch: 2 | loss: 0.0113482
	speed: 0.0521s/iter; left time: 135.4224s
Epoch: 2 cost time: 2.838557243347168
Epoch: 2, Steps: 142 | Train Loss: 0.0137354 Vali Loss: 0.0064744 Test Loss: 0.0057990
Validation loss decreased (0.012562 --> 0.006474).  Saving model ...
Updating learning rate to 0.0025
	iters: 100, epoch: 3 | loss: 0.0101614
	speed: 0.0506s/iter; left time: 124.3044s
Epoch: 3 cost time: 2.785893201828003
Epoch: 3, Steps: 142 | Train Loss: 0.0091236 Vali Loss: 0.0046195 Test Loss: 0.0040440
Validation loss decreased (0.006474 --> 0.004620).  Saving model ...
Updating learning rate to 0.00125
	iters: 100, epoch: 4 | loss: 0.0106313
	speed: 0.0521s/iter; left time: 120.6795s
Epoch: 4 cost time: 2.9618124961853027
Epoch: 4, Steps: 142 | Train Loss: 0.0079421 Vali Loss: 0.0037367 Test Loss: 0.0033590
Validation loss decreased (0.004620 --> 0.003737).  Saving model ...
Updating learning rate to 0.000625
	iters: 100, epoch: 5 | loss: 0.0060054
	speed: 0.0505s/iter; left time: 109.6948s
Epoch: 5 cost time: 2.8166420459747314
Epoch: 5, Steps: 142 | Train Loss: 0.0074339 Vali Loss: 0.0032150 Test Loss: 0.0028568
Validation loss decreased (0.003737 --> 0.003215).  Saving model ...
Updating learning rate to 0.0003125
	iters: 100, epoch: 6 | loss: 0.0066692
	speed: 0.0507s/iter; left time: 103.0027s
Epoch: 6 cost time: 2.7665905952453613
Epoch: 6, Steps: 142 | Train Loss: 0.0070925 Vali Loss: 0.0031516 Test Loss: 0.0027548
Validation loss decreased (0.003215 --> 0.003152).  Saving model ...
Updating learning rate to 0.00015625
	iters: 100, epoch: 7 | loss: 0.0038638
	speed: 0.0499s/iter; left time: 94.2116s
Epoch: 7 cost time: 2.7706384658813477
Epoch: 7, Steps: 142 | Train Loss: 0.0069863 Vali Loss: 0.0030026 Test Loss: 0.0026215
Validation loss decreased (0.003152 --> 0.003003).  Saving model ...
Updating learning rate to 7.8125e-05
	iters: 100, epoch: 8 | loss: 0.0036661
	speed: 0.0435s/iter; left time: 75.9822s
Epoch: 8 cost time: 1.6657848358154297
Epoch: 8, Steps: 142 | Train Loss: 0.0068954 Vali Loss: 0.0029547 Test Loss: 0.0025805
Validation loss decreased (0.003003 --> 0.002955).  Saving model ...
Updating learning rate to 3.90625e-05
	iters: 100, epoch: 9 | loss: 0.0077506
	speed: 0.0451s/iter; left time: 72.4632s
Epoch: 9 cost time: 2.8563764095306396
Epoch: 9, Steps: 142 | Train Loss: 0.0068467 Vali Loss: 0.0029249 Test Loss: 0.0025464
Validation loss decreased (0.002955 --> 0.002925).  Saving model ...
Updating learning rate to 1.953125e-05
	iters: 100, epoch: 10 | loss: 0.0099627
	speed: 0.0531s/iter; left time: 77.7006s
Epoch: 10 cost time: 2.9790940284729004
Epoch: 10, Steps: 142 | Train Loss: 0.0068214 Vali Loss: 0.0029543 Test Loss: 0.0025691
EarlyStopping counter: 1 out of 3
Updating learning rate to 9.765625e-06
	iters: 100, epoch: 11 | loss: 0.0085734
	speed: 0.0495s/iter; left time: 65.3797s
Epoch: 11 cost time: 2.8411262035369873
Epoch: 11, Steps: 142 | Train Loss: 0.0068102 Vali Loss: 0.0029491 Test Loss: 0.0025601
EarlyStopping counter: 2 out of 3
Updating learning rate to 4.8828125e-06
	iters: 100, epoch: 12 | loss: 0.0064533
	speed: 0.0529s/iter; left time: 62.3787s
Epoch: 12 cost time: 3.0179123878479004
Epoch: 12, Steps: 142 | Train Loss: 0.0067961 Vali Loss: 0.0029520 Test Loss: 0.0025483
EarlyStopping counter: 3 out of 3
Early stopping
>>>>>>>testing : mirae_Linear_DLinear_mirae_ftM_sl72_ll48_pl12_dm512_nh8_el2_dl1_df2048_fc1_ebtimeF_dtTrue_Exp_0<<<<<<<<<<<<<<<<<<<<<<<<<<<<<<<<<
test 976
mse:0.0025464289356023073, mae:0.03751571848988533
