Args in experiment:
Namespace(ver='TCS', is_training=1, model_id='mirae_Linear', model='DLinear', data='mirae', root_path='./data/ETT/', data_path='ETTh1.csv', features='M', target='OT', freq='h', checkpoints='./checkpoints/', seq_len=72, label_len=48, pred_len=12, individual=False, embed_type=0, enc_in=7, dec_in=7, c_out=7, d_model=512, n_heads=8, e_layers=2, d_layers=1, d_ff=2048, moving_avg=25, factor=1, distil=True, dropout=0.05, embed='timeF', activation='gelu', output_attention=False, do_predict=False, num_workers=10, itr=1, train_epochs=20, batch_size=32, patience=3, learning_rate=0.005, des='Exp', loss='mse', lradj='type1', use_amp=False, use_gpu=True, gpu=0, use_multi_gpu=False, devices='0,1,2,3', test_flop=False)
Use GPU: cuda:0
>>>>>>>start training : mirae_Linear_DLinear_mirae_ftM_sl72_ll48_pl12_dm512_nh8_el2_dl1_df2048_fc1_ebtimeF_dtTrue_Exp_0>>>>>>>>>>>>>>>>>>>>>>>>>>
train 4552
val 975
test 976
	iters: 100, epoch: 1 | loss: 0.1502933
	speed: 0.0304s/iter; left time: 83.4191s
Epoch: 1 cost time: 3.3379721641540527
Epoch: 1, Steps: 142 | Train Loss: 1.0351973 Vali Loss: 0.0909811 Test Loss: 0.0975832
Validation loss decreased (inf --> 0.090981).  Saving model ...
Updating learning rate to 0.005
	iters: 100, epoch: 2 | loss: 0.0378222
	speed: 0.0368s/iter; left time: 95.7699s
Epoch: 2 cost time: 1.7310373783111572
Epoch: 2, Steps: 142 | Train Loss: 0.0611818 Vali Loss: 0.0449662 Test Loss: 0.0497939
Validation loss decreased (0.090981 --> 0.044966).  Saving model ...
Updating learning rate to 0.0025
	iters: 100, epoch: 3 | loss: 0.0314377
	speed: 0.0394s/iter; left time: 96.7365s
Epoch: 3 cost time: 1.861924648284912
Epoch: 3, Steps: 142 | Train Loss: 0.0336540 Vali Loss: 0.0234753 Test Loss: 0.0236292
Validation loss decreased (0.044966 --> 0.023475).  Saving model ...
Updating learning rate to 0.00125
	iters: 100, epoch: 4 | loss: 0.0369712
	speed: 0.0372s/iter; left time: 86.0637s
Epoch: 4 cost time: 1.7819476127624512
Epoch: 4, Steps: 142 | Train Loss: 0.0262441 Vali Loss: 0.0199589 Test Loss: 0.0200912
Validation loss decreased (0.023475 --> 0.019959).  Saving model ...
Updating learning rate to 0.000625
	iters: 100, epoch: 5 | loss: 0.0143849
	speed: 0.0402s/iter; left time: 87.2942s
Epoch: 5 cost time: 1.8107736110687256
Epoch: 5, Steps: 142 | Train Loss: 0.0234531 Vali Loss: 0.0196070 Test Loss: 0.0195870
Validation loss decreased (0.019959 --> 0.019607).  Saving model ...
Updating learning rate to 0.0003125
	iters: 100, epoch: 6 | loss: 0.0335065
	speed: 0.0369s/iter; left time: 74.8981s
Epoch: 6 cost time: 1.7002136707305908
Epoch: 6, Steps: 142 | Train Loss: 0.0218159 Vali Loss: 0.0176849 Test Loss: 0.0174210
Validation loss decreased (0.019607 --> 0.017685).  Saving model ...
Updating learning rate to 0.00015625
	iters: 100, epoch: 7 | loss: 0.0188741
	speed: 0.0390s/iter; left time: 73.6722s
Epoch: 7 cost time: 1.8391690254211426
Epoch: 7, Steps: 142 | Train Loss: 0.0211709 Vali Loss: 0.0184943 Test Loss: 0.0184086
EarlyStopping counter: 1 out of 3
Updating learning rate to 7.8125e-05
	iters: 100, epoch: 8 | loss: 0.0276242
	speed: 0.0375s/iter; left time: 65.5282s
Epoch: 8 cost time: 1.7700450420379639
Epoch: 8, Steps: 142 | Train Loss: 0.0208138 Vali Loss: 0.0188593 Test Loss: 0.0192758
EarlyStopping counter: 2 out of 3
Updating learning rate to 3.90625e-05
	iters: 100, epoch: 9 | loss: 0.0256741
	speed: 0.0380s/iter; left time: 60.9491s
Epoch: 9 cost time: 1.8830978870391846
Epoch: 9, Steps: 142 | Train Loss: 0.0205901 Vali Loss: 0.0180465 Test Loss: 0.0180306
EarlyStopping counter: 3 out of 3
Early stopping
>>>>>>>testing : mirae_Linear_DLinear_mirae_ftM_sl72_ll48_pl12_dm512_nh8_el2_dl1_df2048_fc1_ebtimeF_dtTrue_Exp_0<<<<<<<<<<<<<<<<<<<<<<<<<<<<<<<<<
test 976
mse:0.017421025782823563, mae:0.10049685090780258
