Args in experiment:
Namespace(ver='TPE', is_training=1, model_id='ETTh1__96', model='DLinear', data='ETTh1', root_path='/nas/datahub/ETT/', data_path='ETTh1.csv', features='S', target='OT', freq='h', checkpoints='./checkpoints/', seq_len=336, label_len=48, pred_len=96, individual=False, embed_type=0, enc_in=7, dec_in=7, c_out=7, d_model=512, n_heads=8, e_layers=2, d_layers=1, d_ff=2048, moving_avg=25, factor=1, distil=True, dropout=0.05, embed='timeF', activation='gelu', output_attention=False, do_predict=False, num_workers=10, itr=1, train_epochs=10, batch_size=32, patience=3, learning_rate=0.005, des='Exp', loss='mse', lradj='type1', use_amp=False, use_gpu=True, gpu=0, use_multi_gpu=False, devices='0,1,2,3', test_flop=False)
Use GPU: cuda:0
>>>>>>>start training : ETTh1__96_DLinear_ETTh1_ftS_sl336_ll48_pl96_dm512_nh8_el2_dl1_df2048_fc1_ebtimeF_dtTrue_Exp_0>>>>>>>>>>>>>>>>>>>>>>>>>>
train 8209
val 2785
test 2785
	iters: 100, epoch: 1 | loss: 0.8785297
	speed: 0.0419s/iter; left time: 103.0199s
	iters: 200, epoch: 1 | loss: 0.4121848
	speed: 0.0059s/iter; left time: 13.9587s
Epoch: 1 cost time: 5.1078431606292725
Epoch: 1, Steps: 256 | Train Loss: 1.2536407 Vali Loss: 0.2344259 Test Loss: 0.6173298
Validation loss decreased (inf --> 0.234426).  Saving model ...
Updating learning rate to 0.005
	iters: 100, epoch: 2 | loss: 0.3166591
	speed: 0.0488s/iter; left time: 107.5402s
	iters: 200, epoch: 2 | loss: 0.2378377
	speed: 0.0059s/iter; left time: 12.4410s
Epoch: 2 cost time: 2.659132957458496
Epoch: 2, Steps: 256 | Train Loss: 0.3218488 Vali Loss: 0.1745344 Test Loss: 0.4487077
Validation loss decreased (0.234426 --> 0.174534).  Saving model ...
Updating learning rate to 0.0025
	iters: 100, epoch: 3 | loss: 0.1809491
	speed: 0.0487s/iter; left time: 94.8475s
	iters: 200, epoch: 3 | loss: 0.1573374
	speed: 0.0054s/iter; left time: 9.9353s
Epoch: 3 cost time: 2.5855042934417725
Epoch: 3, Steps: 256 | Train Loss: 0.1959307 Vali Loss: 0.1475009 Test Loss: 0.2944057
Validation loss decreased (0.174534 --> 0.147501).  Saving model ...
Updating learning rate to 0.00125
	iters: 100, epoch: 4 | loss: 0.1380081
	speed: 0.0507s/iter; left time: 85.8565s
	iters: 200, epoch: 4 | loss: 0.1752483
	speed: 0.0054s/iter; left time: 8.6374s
Epoch: 4 cost time: 2.624765396118164
Epoch: 4, Steps: 256 | Train Loss: 0.1490909 Vali Loss: 0.1519701 Test Loss: 0.2136287
EarlyStopping counter: 1 out of 3
Updating learning rate to 0.000625
	iters: 100, epoch: 5 | loss: 0.1042831
	speed: 0.0499s/iter; left time: 71.6969s
	iters: 200, epoch: 5 | loss: 0.1282076
	speed: 0.0052s/iter; left time: 6.8902s
Epoch: 5 cost time: 2.586495876312256
Epoch: 5, Steps: 256 | Train Loss: 0.1283039 Vali Loss: 0.1570839 Test Loss: 0.1992516
EarlyStopping counter: 2 out of 3
Updating learning rate to 0.0003125
	iters: 100, epoch: 6 | loss: 0.0949595
	speed: 0.0528s/iter; left time: 62.3586s
	iters: 200, epoch: 6 | loss: 0.0966415
	speed: 0.0057s/iter; left time: 6.1078s
Epoch: 6 cost time: 2.836118221282959
Epoch: 6, Steps: 256 | Train Loss: 0.1180994 Vali Loss: 0.1674623 Test Loss: 0.1924724
EarlyStopping counter: 3 out of 3
Early stopping
>>>>>>>testing : ETTh1__96_DLinear_ETTh1_ftS_sl336_ll48_pl96_dm512_nh8_el2_dl1_df2048_fc1_ebtimeF_dtTrue_Exp_0<<<<<<<<<<<<<<<<<<<<<<<<<<<<<<<<<
test 2785
mse:0.29440566897392273, mae:0.4292662441730499
