Args in experiment:
Namespace(ver='TPE', is_training=1, model_id='ETTh1__720', model='DLinear', data='ETTh1', root_path='/nas/datahub/ETT/', data_path='ETTh1.csv', features='S', target='OT', freq='h', checkpoints='./checkpoints/', seq_len=336, label_len=48, pred_len=720, individual=False, embed_type=0, enc_in=7, dec_in=7, c_out=7, d_model=512, n_heads=8, e_layers=2, d_layers=1, d_ff=2048, moving_avg=25, factor=1, distil=True, dropout=0.05, embed='timeF', activation='gelu', output_attention=False, do_predict=False, num_workers=10, itr=1, train_epochs=10, batch_size=32, patience=3, learning_rate=0.005, des='Exp', loss='mse', lradj='type1', use_amp=False, use_gpu=True, gpu=0, use_multi_gpu=False, devices='0,1,2,3', test_flop=False)
Use GPU: cuda:0
>>>>>>>start training : ETTh1__720_DLinear_ETTh1_ftS_sl336_ll48_pl720_dm512_nh8_el2_dl1_df2048_fc1_ebtimeF_dtTrue_Exp_0>>>>>>>>>>>>>>>>>>>>>>>>>>
train 7585
val 2161
test 2161
	iters: 100, epoch: 1 | loss: 0.2801540
	speed: 0.0445s/iter; left time: 100.9516s
	iters: 200, epoch: 1 | loss: 0.2574801
	speed: 0.0069s/iter; left time: 15.0747s
Epoch: 1 cost time: 5.4569313526153564
Epoch: 1, Steps: 237 | Train Loss: 2.2830334 Vali Loss: 0.1686813 Test Loss: 0.2239311
Validation loss decreased (inf --> 0.168681).  Saving model ...
Updating learning rate to 0.005
	iters: 100, epoch: 2 | loss: 0.2294176
	speed: 0.0523s/iter; left time: 106.3483s
	iters: 200, epoch: 2 | loss: 0.1734104
	speed: 0.0062s/iter; left time: 11.9933s
Epoch: 2 cost time: 2.843998670578003
Epoch: 2, Steps: 237 | Train Loss: 0.2339224 Vali Loss: 0.1578796 Test Loss: 0.2544463
Validation loss decreased (0.168681 --> 0.157880).  Saving model ...
Updating learning rate to 0.0025
	iters: 100, epoch: 3 | loss: 0.2196176
	speed: 0.0500s/iter; left time: 89.7754s
	iters: 200, epoch: 3 | loss: 0.1964228
	speed: 0.0070s/iter; left time: 11.8009s
Epoch: 3 cost time: 2.7157506942749023
Epoch: 3, Steps: 237 | Train Loss: 0.2109184 Vali Loss: 0.1519539 Test Loss: 0.1662661
Validation loss decreased (0.157880 --> 0.151954).  Saving model ...
Updating learning rate to 0.00125
	iters: 100, epoch: 4 | loss: 0.2342624
	speed: 0.0514s/iter; left time: 80.2005s
	iters: 200, epoch: 4 | loss: 0.2070513
	speed: 0.0066s/iter; left time: 9.6791s
Epoch: 4 cost time: 2.7936363220214844
Epoch: 4, Steps: 237 | Train Loss: 0.1996576 Vali Loss: 0.1501556 Test Loss: 0.1416494
Validation loss decreased (0.151954 --> 0.150156).  Saving model ...
Updating learning rate to 0.000625
	iters: 100, epoch: 5 | loss: 0.1875657
	speed: 0.0521s/iter; left time: 68.8845s
	iters: 200, epoch: 5 | loss: 0.1666313
	speed: 0.0083s/iter; left time: 10.1289s
Epoch: 5 cost time: 2.968482732772827
Epoch: 5, Steps: 237 | Train Loss: 0.1934324 Vali Loss: 0.1491115 Test Loss: 0.1352972
Validation loss decreased (0.150156 --> 0.149112).  Saving model ...
Updating learning rate to 0.0003125
	iters: 100, epoch: 6 | loss: 0.2097881
	speed: 0.0513s/iter; left time: 55.7243s
	iters: 200, epoch: 6 | loss: 0.2353671
	speed: 0.0062s/iter; left time: 6.0742s
Epoch: 6 cost time: 2.709108591079712
Epoch: 6, Steps: 237 | Train Loss: 0.1896787 Vali Loss: 0.1468222 Test Loss: 0.1346953
Validation loss decreased (0.149112 --> 0.146822).  Saving model ...
Updating learning rate to 0.00015625
	iters: 100, epoch: 7 | loss: 0.2002067
	speed: 0.0524s/iter; left time: 44.4548s
	iters: 200, epoch: 7 | loss: 0.2025658
	speed: 0.0065s/iter; left time: 4.9000s
Epoch: 7 cost time: 2.8336262702941895
Epoch: 7, Steps: 237 | Train Loss: 0.1875051 Vali Loss: 0.1473231 Test Loss: 0.1349667
EarlyStopping counter: 1 out of 3
Updating learning rate to 7.8125e-05
	iters: 100, epoch: 8 | loss: 0.1631144
	speed: 0.0491s/iter; left time: 30.0695s
	iters: 200, epoch: 8 | loss: 0.2128595
	speed: 0.0065s/iter; left time: 3.3169s
Epoch: 8 cost time: 2.75852108001709
Epoch: 8, Steps: 237 | Train Loss: 0.1860268 Vali Loss: 0.1470993 Test Loss: 0.1407280
EarlyStopping counter: 2 out of 3
Updating learning rate to 3.90625e-05
	iters: 100, epoch: 9 | loss: 0.2074131
	speed: 0.0530s/iter; left time: 19.8775s
	iters: 200, epoch: 9 | loss: 0.2411350
	speed: 0.0068s/iter; left time: 1.8750s
Epoch: 9 cost time: 2.741276741027832
Epoch: 9, Steps: 237 | Train Loss: 0.1851872 Vali Loss: 0.1465669 Test Loss: 0.1343371
Validation loss decreased (0.146822 --> 0.146567).  Saving model ...
Updating learning rate to 1.953125e-05
	iters: 100, epoch: 10 | loss: 0.2141782
	speed: 0.0544s/iter; left time: 7.5093s
	iters: 200, epoch: 10 | loss: 0.2037547
	speed: 0.0067s/iter; left time: 0.2557s
Epoch: 10 cost time: 2.763521671295166
Epoch: 10, Steps: 237 | Train Loss: 0.1847400 Vali Loss: 0.1466361 Test Loss: 0.1347216
EarlyStopping counter: 1 out of 3
Updating learning rate to 9.765625e-06
>>>>>>>testing : ETTh1__720_DLinear_ETTh1_ftS_sl336_ll48_pl720_dm512_nh8_el2_dl1_df2048_fc1_ebtimeF_dtTrue_Exp_0<<<<<<<<<<<<<<<<<<<<<<<<<<<<<<<<<
test 2161
mse:0.13433712720870972, mae:0.29044419527053833
