Args in experiment:
Namespace(ver='TPE', is_training=1, model_id='ETTh1_336_96', model='DLinear', data='ETTh1', root_path='/nas/datahub/ETT/', data_path='ETTh1.csv', features='M', target='OT', freq='h', checkpoints='./checkpoints/', seq_len=336, label_len=48, pred_len=96, individual=False, embed_type=0, enc_in=7, dec_in=7, c_out=7, d_model=512, n_heads=8, e_layers=2, d_layers=1, d_ff=2048, moving_avg=25, factor=1, distil=True, dropout=0.05, embed='timeF', activation='gelu', output_attention=False, do_predict=False, num_workers=10, itr=1, train_epochs=10, batch_size=32, patience=3, learning_rate=0.005, des='Exp', loss='mse', lradj='type1', use_amp=False, use_gpu=True, gpu=0, use_multi_gpu=False, devices='0,1,2,3', test_flop=False)
Use GPU: cuda:0
>>>>>>>start training : ETTh1_336_96_DLinear_ETTh1_ftM_sl336_ll48_pl96_dm512_nh8_el2_dl1_df2048_fc1_ebtimeF_dtTrue_Exp_0>>>>>>>>>>>>>>>>>>>>>>>>>>
train 8209
val 2785
test 2785
	iters: 100, epoch: 1 | loss: 0.3805501
	speed: 0.0331s/iter; left time: 81.5235s
	iters: 200, epoch: 1 | loss: 0.3647854
	speed: 0.0070s/iter; left time: 16.6430s
Epoch: 1 cost time: 4.487988471984863
Epoch: 1, Steps: 256 | Train Loss: 0.4809962 Vali Loss: 0.7815735 Test Loss: 0.4184397
Validation loss decreased (inf --> 0.781573).  Saving model ...
Updating learning rate to 0.005
	iters: 100, epoch: 2 | loss: 0.3797042
	speed: 0.0458s/iter; left time: 100.9369s
	iters: 200, epoch: 2 | loss: 0.3319128
	speed: 0.0061s/iter; left time: 12.8417s
Epoch: 2 cost time: 2.4726345539093018
Epoch: 2, Steps: 256 | Train Loss: 0.3640462 Vali Loss: 0.7456388 Test Loss: 0.4010750
Validation loss decreased (0.781573 --> 0.745639).  Saving model ...
Updating learning rate to 0.0025
	iters: 100, epoch: 3 | loss: 0.3269092
	speed: 0.0476s/iter; left time: 92.7554s
	iters: 200, epoch: 3 | loss: 0.3058875
	speed: 0.0063s/iter; left time: 11.5771s
Epoch: 3 cost time: 2.7152767181396484
Epoch: 3, Steps: 256 | Train Loss: 0.3415627 Vali Loss: 0.7116651 Test Loss: 0.3960207
Validation loss decreased (0.745639 --> 0.711665).  Saving model ...
Updating learning rate to 0.00125
	iters: 100, epoch: 4 | loss: 0.2718031
	speed: 0.0485s/iter; left time: 82.1379s
	iters: 200, epoch: 4 | loss: 0.3221007
	speed: 0.0058s/iter; left time: 9.2778s
Epoch: 4 cost time: 2.5790019035339355
Epoch: 4, Steps: 256 | Train Loss: 0.3296173 Vali Loss: 0.6609815 Test Loss: 0.3989441
Validation loss decreased (0.711665 --> 0.660982).  Saving model ...
Updating learning rate to 0.000625
	iters: 100, epoch: 5 | loss: 0.3314760
	speed: 0.0472s/iter; left time: 67.7624s
	iters: 200, epoch: 5 | loss: 0.3212958
	speed: 0.0066s/iter; left time: 8.7834s
Epoch: 5 cost time: 2.6602890491485596
Epoch: 5, Steps: 256 | Train Loss: 0.3191248 Vali Loss: 0.6717909 Test Loss: 0.4063686
EarlyStopping counter: 1 out of 3
Updating learning rate to 0.0003125
	iters: 100, epoch: 6 | loss: 0.2876598
	speed: 0.0454s/iter; left time: 53.5682s
	iters: 200, epoch: 6 | loss: 0.3027966
	speed: 0.0068s/iter; left time: 7.3118s
Epoch: 6 cost time: 2.657583475112915
Epoch: 6, Steps: 256 | Train Loss: 0.3119906 Vali Loss: 0.6775651 Test Loss: 0.4143513
EarlyStopping counter: 2 out of 3
Updating learning rate to 0.00015625
	iters: 100, epoch: 7 | loss: 0.2772217
	speed: 0.0482s/iter; left time: 44.6129s
	iters: 200, epoch: 7 | loss: 0.2909225
	speed: 0.0058s/iter; left time: 4.7898s
Epoch: 7 cost time: 2.675168752670288
Epoch: 7, Steps: 256 | Train Loss: 0.3078288 Vali Loss: 0.6790043 Test Loss: 0.4072056
EarlyStopping counter: 3 out of 3
Early stopping
>>>>>>>testing : ETTh1_336_96_DLinear_ETTh1_ftM_sl336_ll48_pl96_dm512_nh8_el2_dl1_df2048_fc1_ebtimeF_dtTrue_Exp_0<<<<<<<<<<<<<<<<<<<<<<<<<<<<<<<<<
test 2785
mse:0.39894410967826843, mae:0.4185319244861603
