Args in experiment:
Namespace(ver='TS', is_training=1, model_id='mirae_Linear', model='DLinear', data='mirae', root_path='./data/ETT/', data_path='ETTh1.csv', features='M', target='OT', freq='h', checkpoints='./checkpoints/', seq_len=72, label_len=48, pred_len=12, individual=False, embed_type=0, enc_in=7, dec_in=7, c_out=7, d_model=512, n_heads=8, e_layers=2, d_layers=1, d_ff=2048, moving_avg=25, factor=1, distil=True, dropout=0.05, embed='timeF', activation='gelu', output_attention=False, do_predict=False, num_workers=10, itr=1, train_epochs=20, batch_size=32, patience=3, learning_rate=0.005, des='Exp', loss='mse', lradj='type1', use_amp=False, use_gpu=True, gpu=0, use_multi_gpu=False, devices='0,1,2,3', test_flop=False)
Use GPU: cuda:0
>>>>>>>start training : mirae_Linear_DLinear_mirae_ftM_sl72_ll48_pl12_dm512_nh8_el2_dl1_df2048_fc1_ebtimeF_dtTrue_Exp_0>>>>>>>>>>>>>>>>>>>>>>>>>>
train 4552
val 975
test 976
	iters: 100, epoch: 1 | loss: 0.0113035
	speed: 0.0547s/iter; left time: 150.0666s
Epoch: 1 cost time: 6.07262921333313
Epoch: 1, Steps: 142 | Train Loss: 0.0116353 Vali Loss: 0.0024906 Test Loss: 0.0025956
Validation loss decreased (inf --> 0.002491).  Saving model ...
Updating learning rate to 0.005
	iters: 100, epoch: 2 | loss: 0.0084701
	speed: 0.0520s/iter; left time: 135.2517s
Epoch: 2 cost time: 3.1759374141693115
Epoch: 2, Steps: 142 | Train Loss: 0.0077606 Vali Loss: 0.0021679 Test Loss: 0.0021436
Validation loss decreased (0.002491 --> 0.002168).  Saving model ...
Updating learning rate to 0.0025
	iters: 100, epoch: 3 | loss: 0.0066743
	speed: 0.0575s/iter; left time: 141.1559s
Epoch: 3 cost time: 3.1991474628448486
Epoch: 3, Steps: 142 | Train Loss: 0.0059572 Vali Loss: 0.0018202 Test Loss: 0.0016235
Validation loss decreased (0.002168 --> 0.001820).  Saving model ...
Updating learning rate to 0.00125
	iters: 100, epoch: 4 | loss: 0.0093798
	speed: 0.0547s/iter; left time: 126.5717s
Epoch: 4 cost time: 2.9410312175750732
Epoch: 4, Steps: 142 | Train Loss: 0.0054561 Vali Loss: 0.0016446 Test Loss: 0.0015736
Validation loss decreased (0.001820 --> 0.001645).  Saving model ...
Updating learning rate to 0.000625
	iters: 100, epoch: 5 | loss: 0.0062412
	speed: 0.0525s/iter; left time: 114.0535s
Epoch: 5 cost time: 2.97745943069458
Epoch: 5, Steps: 142 | Train Loss: 0.0050487 Vali Loss: 0.0018224 Test Loss: 0.0016927
EarlyStopping counter: 1 out of 3
Updating learning rate to 0.0003125
	iters: 100, epoch: 6 | loss: 0.0043963
	speed: 0.0570s/iter; left time: 115.8527s
Epoch: 6 cost time: 3.2854654788970947
Epoch: 6, Steps: 142 | Train Loss: 0.0048914 Vali Loss: 0.0016708 Test Loss: 0.0015516
EarlyStopping counter: 2 out of 3
Updating learning rate to 0.00015625
	iters: 100, epoch: 7 | loss: 0.0048533
	speed: 0.0562s/iter; left time: 106.1613s
Epoch: 7 cost time: 3.0045344829559326
Epoch: 7, Steps: 142 | Train Loss: 0.0048545 Vali Loss: 0.0016262 Test Loss: 0.0015254
Validation loss decreased (0.001645 --> 0.001626).  Saving model ...
Updating learning rate to 7.8125e-05
	iters: 100, epoch: 8 | loss: 0.0058985
	speed: 0.0532s/iter; left time: 93.0076s
Epoch: 8 cost time: 2.3770999908447266
Epoch: 8, Steps: 142 | Train Loss: 0.0047966 Vali Loss: 0.0016868 Test Loss: 0.0015700
EarlyStopping counter: 1 out of 3
Updating learning rate to 3.90625e-05
	iters: 100, epoch: 9 | loss: 0.0038475
	speed: 0.0504s/iter; left time: 80.9427s
Epoch: 9 cost time: 3.0039472579956055
Epoch: 9, Steps: 142 | Train Loss: 0.0047826 Vali Loss: 0.0016650 Test Loss: 0.0015481
EarlyStopping counter: 2 out of 3
Updating learning rate to 1.953125e-05
	iters: 100, epoch: 10 | loss: 0.0017416
	speed: 0.0549s/iter; left time: 80.2569s
Epoch: 10 cost time: 2.9684653282165527
Epoch: 10, Steps: 142 | Train Loss: 0.0047596 Vali Loss: 0.0016685 Test Loss: 0.0015438
EarlyStopping counter: 3 out of 3
Early stopping
>>>>>>>testing : mirae_Linear_DLinear_mirae_ftM_sl72_ll48_pl12_dm512_nh8_el2_dl1_df2048_fc1_ebtimeF_dtTrue_Exp_0<<<<<<<<<<<<<<<<<<<<<<<<<<<<<<<<<
test 976
mse:0.0015253640012815595, mae:0.027880551293492317
