Args in experiment:
Namespace(ver='TPE', is_training=1, model_id='ETTh1__192', model='DLinear', data='ETTh1', root_path='/nas/datahub/ETT/', data_path='ETTh1.csv', features='S', target='OT', freq='h', checkpoints='./checkpoints/', seq_len=336, label_len=48, pred_len=192, individual=False, embed_type=0, enc_in=7, dec_in=7, c_out=7, d_model=512, n_heads=8, e_layers=2, d_layers=1, d_ff=2048, moving_avg=25, factor=1, distil=True, dropout=0.05, embed='timeF', activation='gelu', output_attention=False, do_predict=False, num_workers=10, itr=1, train_epochs=10, batch_size=32, patience=3, learning_rate=0.005, des='Exp', loss='mse', lradj='type1', use_amp=False, use_gpu=True, gpu=0, use_multi_gpu=False, devices='0,1,2,3', test_flop=False)
Use GPU: cuda:0
>>>>>>>start training : ETTh1__192_DLinear_ETTh1_ftS_sl336_ll48_pl192_dm512_nh8_el2_dl1_df2048_fc1_ebtimeF_dtTrue_Exp_0>>>>>>>>>>>>>>>>>>>>>>>>>>
train 8113
val 2689
test 2689
	iters: 100, epoch: 1 | loss: 0.2523507
	speed: 0.0413s/iter; left time: 100.4627s
	iters: 200, epoch: 1 | loss: 0.1899384
	speed: 0.0047s/iter; left time: 10.9641s
Epoch: 1 cost time: 4.938512563705444
Epoch: 1, Steps: 253 | Train Loss: 0.4893339 Vali Loss: 0.1326111 Test Loss: 0.2497782
Validation loss decreased (inf --> 0.132611).  Saving model ...
Updating learning rate to 0.005
	iters: 100, epoch: 2 | loss: 0.2256377
	speed: 0.0479s/iter; left time: 104.3550s
	iters: 200, epoch: 2 | loss: 0.2095829
	speed: 0.0046s/iter; left time: 9.5116s
Epoch: 2 cost time: 2.3751943111419678
Epoch: 2, Steps: 253 | Train Loss: 0.1930808 Vali Loss: 0.1335106 Test Loss: 0.1886075
EarlyStopping counter: 1 out of 3
Updating learning rate to 0.0025
	iters: 100, epoch: 3 | loss: 0.1583944
	speed: 0.0505s/iter; left time: 97.1185s
	iters: 200, epoch: 3 | loss: 0.1632895
	speed: 0.0057s/iter; left time: 10.3277s
Epoch: 3 cost time: 2.9590561389923096
Epoch: 3, Steps: 253 | Train Loss: 0.1571218 Vali Loss: 0.1243523 Test Loss: 0.1486153
Validation loss decreased (0.132611 --> 0.124352).  Saving model ...
Updating learning rate to 0.00125
	iters: 100, epoch: 4 | loss: 0.1307185
	speed: 0.0506s/iter; left time: 84.6616s
	iters: 200, epoch: 4 | loss: 0.1778750
	speed: 0.0055s/iter; left time: 8.7154s
Epoch: 4 cost time: 2.6966629028320312
Epoch: 4, Steps: 253 | Train Loss: 0.1471021 Vali Loss: 0.1241002 Test Loss: 0.1521603
Validation loss decreased (0.124352 --> 0.124100).  Saving model ...
Updating learning rate to 0.000625
	iters: 100, epoch: 5 | loss: 0.1485774
	speed: 0.0493s/iter; left time: 69.9677s
	iters: 200, epoch: 5 | loss: 0.1456499
	speed: 0.0047s/iter; left time: 6.1365s
Epoch: 5 cost time: 2.5824248790740967
Epoch: 5, Steps: 253 | Train Loss: 0.1398433 Vali Loss: 0.1227400 Test Loss: 0.1320377
Validation loss decreased (0.124100 --> 0.122740).  Saving model ...
Updating learning rate to 0.0003125
	iters: 100, epoch: 6 | loss: 0.1226657
	speed: 0.0487s/iter; left time: 56.7806s
	iters: 200, epoch: 6 | loss: 0.1412781
	speed: 0.0060s/iter; left time: 6.4154s
Epoch: 6 cost time: 2.646498918533325
Epoch: 6, Steps: 253 | Train Loss: 0.1363449 Vali Loss: 0.1238329 Test Loss: 0.1447207
EarlyStopping counter: 1 out of 3
Updating learning rate to 0.00015625
	iters: 100, epoch: 7 | loss: 0.1541662
	speed: 0.0488s/iter; left time: 44.5291s
	iters: 200, epoch: 7 | loss: 0.1310436
	speed: 0.0052s/iter; left time: 4.2063s
Epoch: 7 cost time: 2.421100378036499
Epoch: 7, Steps: 253 | Train Loss: 0.1337609 Vali Loss: 0.1232165 Test Loss: 0.1317707
EarlyStopping counter: 2 out of 3
Updating learning rate to 7.8125e-05
	iters: 100, epoch: 8 | loss: 0.1307115
	speed: 0.0488s/iter; left time: 32.1874s
	iters: 200, epoch: 8 | loss: 0.1640875
	speed: 0.0061s/iter; left time: 3.4411s
Epoch: 8 cost time: 2.6913578510284424
Epoch: 8, Steps: 253 | Train Loss: 0.1325773 Vali Loss: 0.1228352 Test Loss: 0.1290747
EarlyStopping counter: 3 out of 3
Early stopping
>>>>>>>testing : ETTh1__192_DLinear_ETTh1_ftS_sl336_ll48_pl192_dm512_nh8_el2_dl1_df2048_fc1_ebtimeF_dtTrue_Exp_0<<<<<<<<<<<<<<<<<<<<<<<<<<<<<<<<<
test 2689
mse:0.13203772902488708, mae:0.29304003715515137
