Args in experiment:
Namespace(ver='TS', is_training=1, model_id='mirae_Linear', model='DLinear', data='mirae', root_path='./data/ETT/', data_path='ETTh1.csv', features='M', target='OT', freq='h', checkpoints='./checkpoints/', seq_len=72, label_len=48, pred_len=12, individual=False, embed_type=0, enc_in=7, dec_in=7, c_out=7, d_model=512, n_heads=8, e_layers=2, d_layers=1, d_ff=2048, moving_avg=25, factor=1, distil=True, dropout=0.05, embed='timeF', activation='gelu', output_attention=False, do_predict=False, num_workers=10, itr=1, train_epochs=20, batch_size=32, patience=3, learning_rate=0.005, des='Exp', loss='mse', lradj='type1', use_amp=False, use_gpu=True, gpu=0, use_multi_gpu=False, devices='0,1,2,3', test_flop=False)
Use GPU: cuda:0
>>>>>>>start training : mirae_Linear_DLinear_mirae_ftM_sl72_ll48_pl12_dm512_nh8_el2_dl1_df2048_fc1_ebtimeF_dtTrue_Exp_0>>>>>>>>>>>>>>>>>>>>>>>>>>
train 4552
val 975
test 976
	iters: 100, epoch: 1 | loss: 0.0069686
	speed: 0.0310s/iter; left time: 84.8928s
Epoch: 1 cost time: 3.4972357749938965
Epoch: 1, Steps: 142 | Train Loss: 0.0130503 Vali Loss: 0.0024005 Test Loss: 0.0022502
Validation loss decreased (inf --> 0.002401).  Saving model ...
Updating learning rate to 0.005
	iters: 100, epoch: 2 | loss: 0.0088901
	speed: 0.0374s/iter; left time: 97.1544s
Epoch: 2 cost time: 1.78959059715271
Epoch: 2, Steps: 142 | Train Loss: 0.0067427 Vali Loss: 0.0018145 Test Loss: 0.0016492
Validation loss decreased (0.002401 --> 0.001814).  Saving model ...
Updating learning rate to 0.0025
	iters: 100, epoch: 3 | loss: 0.0051264
	speed: 0.0486s/iter; left time: 119.4255s
Epoch: 3 cost time: 2.1385552883148193
Epoch: 3, Steps: 142 | Train Loss: 0.0055449 Vali Loss: 0.0024230 Test Loss: 0.0020694
EarlyStopping counter: 1 out of 3
Updating learning rate to 0.00125
	iters: 100, epoch: 4 | loss: 0.0062601
	speed: 0.0466s/iter; left time: 107.9577s
Epoch: 4 cost time: 2.214250087738037
Epoch: 4, Steps: 142 | Train Loss: 0.0051944 Vali Loss: 0.0016677 Test Loss: 0.0015300
Validation loss decreased (0.001814 --> 0.001668).  Saving model ...
Updating learning rate to 0.000625
	iters: 100, epoch: 5 | loss: 0.0029677
	speed: 0.0478s/iter; left time: 103.9008s
Epoch: 5 cost time: 2.2641191482543945
Epoch: 5, Steps: 142 | Train Loss: 0.0048878 Vali Loss: 0.0017679 Test Loss: 0.0016540
EarlyStopping counter: 1 out of 3
Updating learning rate to 0.0003125
	iters: 100, epoch: 6 | loss: 0.0041025
	speed: 0.0492s/iter; left time: 99.8621s
Epoch: 6 cost time: 2.322643518447876
Epoch: 6, Steps: 142 | Train Loss: 0.0047513 Vali Loss: 0.0017866 Test Loss: 0.0016097
EarlyStopping counter: 2 out of 3
Updating learning rate to 0.00015625
	iters: 100, epoch: 7 | loss: 0.0030060
	speed: 0.0509s/iter; left time: 96.1888s
Epoch: 7 cost time: 2.3298118114471436
Epoch: 7, Steps: 142 | Train Loss: 0.0047074 Vali Loss: 0.0017290 Test Loss: 0.0015760
EarlyStopping counter: 3 out of 3
Early stopping
>>>>>>>testing : mirae_Linear_DLinear_mirae_ftM_sl72_ll48_pl12_dm512_nh8_el2_dl1_df2048_fc1_ebtimeF_dtTrue_Exp_0<<<<<<<<<<<<<<<<<<<<<<<<<<<<<<<<<
test 976
mse:0.0015300433151423931, mae:0.027775445953011513
