Args in experiment:
Namespace(ver='TPE', is_training=1, model_id='ETTh1_336_720', model='DLinear', data='ETTh1', root_path='/nas/datahub/ETT/', data_path='ETTh1.csv', features='M', target='OT', freq='h', checkpoints='./checkpoints/', seq_len=336, label_len=48, pred_len=720, individual=False, embed_type=0, enc_in=7, dec_in=7, c_out=7, d_model=512, n_heads=8, e_layers=2, d_layers=1, d_ff=2048, moving_avg=25, factor=1, distil=True, dropout=0.05, embed='timeF', activation='gelu', output_attention=False, do_predict=False, num_workers=10, itr=1, train_epochs=10, batch_size=32, patience=3, learning_rate=0.005, des='Exp', loss='mse', lradj='type1', use_amp=False, use_gpu=True, gpu=0, use_multi_gpu=False, devices='0,1,2,3', test_flop=False)
Use GPU: cuda:0
>>>>>>>start training : ETTh1_336_720_DLinear_ETTh1_ftM_sl336_ll48_pl720_dm512_nh8_el2_dl1_df2048_fc1_ebtimeF_dtTrue_Exp_0>>>>>>>>>>>>>>>>>>>>>>>>>>
train 7585
val 2161
test 2161
	iters: 100, epoch: 1 | loss: 0.5836965
	speed: 0.0321s/iter; left time: 72.8445s
	iters: 200, epoch: 1 | loss: 0.5381179
	speed: 0.0074s/iter; left time: 16.1425s
Epoch: 1 cost time: 4.292694330215454
Epoch: 1, Steps: 237 | Train Loss: 0.6983181 Vali Loss: 1.3112334 Test Loss: 0.5002983
Validation loss decreased (inf --> 1.311233).  Saving model ...
Updating learning rate to 0.005
	iters: 100, epoch: 2 | loss: 0.5544047
	speed: 0.0459s/iter; left time: 93.3815s
	iters: 200, epoch: 2 | loss: 0.5112373
	speed: 0.0074s/iter; left time: 14.2706s
Epoch: 2 cost time: 2.6235649585723877
Epoch: 2, Steps: 237 | Train Loss: 0.5309724 Vali Loss: 1.1714371 Test Loss: 0.6264392
Validation loss decreased (1.311233 --> 1.171437).  Saving model ...
Updating learning rate to 0.0025
	iters: 100, epoch: 3 | loss: 0.5393696
	speed: 0.0431s/iter; left time: 77.3940s
	iters: 200, epoch: 3 | loss: 0.5498649
	speed: 0.0071s/iter; left time: 11.9790s
Epoch: 3 cost time: 2.495562791824341
Epoch: 3, Steps: 237 | Train Loss: 0.5149551 Vali Loss: 1.1969496 Test Loss: 0.5299981
EarlyStopping counter: 1 out of 3
Updating learning rate to 0.00125
	iters: 100, epoch: 4 | loss: 0.5162600
	speed: 0.0423s/iter; left time: 65.9887s
	iters: 200, epoch: 4 | loss: 0.4900413
	speed: 0.0078s/iter; left time: 11.3224s
Epoch: 4 cost time: 2.5160329341888428
Epoch: 4, Steps: 237 | Train Loss: 0.5030105 Vali Loss: 1.2178761 Test Loss: 0.5272540
EarlyStopping counter: 2 out of 3
Updating learning rate to 0.000625
	iters: 100, epoch: 5 | loss: 0.5343236
	speed: 0.0473s/iter; left time: 62.5988s
	iters: 200, epoch: 5 | loss: 0.5551909
	speed: 0.0064s/iter; left time: 7.8103s
Epoch: 5 cost time: 2.4558069705963135
Epoch: 5, Steps: 237 | Train Loss: 0.4972859 Vali Loss: 1.1956412 Test Loss: 0.5296479
EarlyStopping counter: 3 out of 3
Early stopping
>>>>>>>testing : ETTh1_336_720_DLinear_ETTh1_ftM_sl336_ll48_pl720_dm512_nh8_el2_dl1_df2048_fc1_ebtimeF_dtTrue_Exp_0<<<<<<<<<<<<<<<<<<<<<<<<<<<<<<<<<
test 2161
mse:0.6264389753341675, mae:0.5883895754814148
