Args in experiment:
Namespace(ver='TPE', is_training=1, model_id='ETTh1_336_720', model='DLinear', data='ETTh1', root_path='/nas/datahub/ETT/', data_path='ETTh1.csv', features='M', target='OT', freq='h', checkpoints='./checkpoints/', seq_len=336, label_len=48, pred_len=720, individual=False, embed_type=0, enc_in=7, dec_in=7, c_out=7, d_model=512, n_heads=8, e_layers=2, d_layers=1, d_ff=2048, moving_avg=25, factor=1, distil=True, dropout=0.05, embed='timeF', activation='gelu', output_attention=False, do_predict=False, num_workers=10, itr=1, train_epochs=10, batch_size=32, patience=3, learning_rate=0.005, des='Exp', loss='mse', lradj='type1', use_amp=False, use_gpu=True, gpu=0, use_multi_gpu=False, devices='0,1,2,3', test_flop=False)
Use GPU: cuda:0
>>>>>>>start training : ETTh1_336_720_DLinear_ETTh1_ftM_sl336_ll48_pl720_dm512_nh8_el2_dl1_df2048_fc1_ebtimeF_dtTrue_Exp_0>>>>>>>>>>>>>>>>>>>>>>>>>>
train 7585
val 2161
test 2161
	iters: 100, epoch: 1 | loss: 0.5946434
	speed: 0.0361s/iter; left time: 81.9513s
	iters: 200, epoch: 1 | loss: 0.5767435
	speed: 0.0067s/iter; left time: 14.6014s
Epoch: 1 cost time: 4.610809803009033
Epoch: 1, Steps: 237 | Train Loss: 1.3981690 Vali Loss: 1.2710855 Test Loss: 0.5616294
Validation loss decreased (inf --> 1.271086).  Saving model ...
Updating learning rate to 0.005
	iters: 100, epoch: 2 | loss: 0.5548342
	speed: 0.0771s/iter; left time: 156.8421s
	iters: 200, epoch: 2 | loss: 0.4603957
	speed: 0.0064s/iter; left time: 12.4278s
Epoch: 2 cost time: 3.4130821228027344
Epoch: 2, Steps: 237 | Train Loss: 0.5388495 Vali Loss: 1.2420934 Test Loss: 0.5606629
Validation loss decreased (1.271086 --> 1.242093).  Saving model ...
Updating learning rate to 0.0025
	iters: 100, epoch: 3 | loss: 0.4867052
	speed: 0.0717s/iter; left time: 128.8833s
	iters: 200, epoch: 3 | loss: 0.4738403
	speed: 0.0061s/iter; left time: 10.3828s
Epoch: 3 cost time: 3.143857955932617
Epoch: 3, Steps: 237 | Train Loss: 0.5156787 Vali Loss: 1.2667006 Test Loss: 0.5163634
EarlyStopping counter: 1 out of 3
Updating learning rate to 0.00125
	iters: 100, epoch: 4 | loss: 0.5207095
	speed: 0.0800s/iter; left time: 124.7493s
	iters: 200, epoch: 4 | loss: 0.5131979
	speed: 0.0064s/iter; left time: 9.2837s
Epoch: 4 cost time: 3.6183364391326904
Epoch: 4, Steps: 237 | Train Loss: 0.5050914 Vali Loss: 1.2477735 Test Loss: 0.5118168
EarlyStopping counter: 2 out of 3
Updating learning rate to 0.000625
	iters: 100, epoch: 5 | loss: 0.5015154
	speed: 0.0757s/iter; left time: 100.1653s
	iters: 200, epoch: 5 | loss: 0.4587956
	speed: 0.0062s/iter; left time: 7.6128s
Epoch: 5 cost time: 3.2073826789855957
Epoch: 5, Steps: 237 | Train Loss: 0.4993334 Vali Loss: 1.2583452 Test Loss: 0.5010475
EarlyStopping counter: 3 out of 3
Early stopping
>>>>>>>testing : ETTh1_336_720_DLinear_ETTh1_ftM_sl336_ll48_pl720_dm512_nh8_el2_dl1_df2048_fc1_ebtimeF_dtTrue_Exp_0<<<<<<<<<<<<<<<<<<<<<<<<<<<<<<<<<
test 2161
mse:0.5606632232666016, mae:0.5375645756721497
