Args in experiment:
Namespace(ver='TLC', is_training=1, model_id='mirae_Linear', model='DLinear', data='mirae', root_path='./data/ETT/', data_path='ETTh1.csv', features='M', target='OT', freq='h', checkpoints='./checkpoints/', seq_len=72, label_len=48, pred_len=12, individual=False, embed_type=0, enc_in=7, dec_in=7, c_out=7, d_model=512, n_heads=8, e_layers=2, d_layers=1, d_ff=2048, moving_avg=25, factor=1, distil=True, dropout=0.05, embed='timeF', activation='gelu', output_attention=False, do_predict=False, num_workers=10, itr=1, train_epochs=20, batch_size=32, patience=3, learning_rate=0.005, des='Exp', loss='mse', lradj='type1', use_amp=False, use_gpu=True, gpu=0, use_multi_gpu=False, devices='0,1,2,3', test_flop=False)
Use GPU: cuda:0
>>>>>>>start training : mirae_Linear_DLinear_mirae_ftM_sl72_ll48_pl12_dm512_nh8_el2_dl1_df2048_fc1_ebtimeF_dtTrue_Exp_0>>>>>>>>>>>>>>>>>>>>>>>>>>
train 4552
val 975
test 976
	iters: 100, epoch: 1 | loss: 0.0965668
	speed: 0.0222s/iter; left time: 60.9511s
Epoch: 1 cost time: 2.5609936714172363
Epoch: 1, Steps: 142 | Train Loss: 3.2604002 Vali Loss: 0.0475274 Test Loss: 0.0483324
Validation loss decreased (inf --> 0.047527).  Saving model ...
Updating learning rate to 0.005
	iters: 100, epoch: 2 | loss: 0.0559801
	speed: 0.0372s/iter; left time: 96.6855s
Epoch: 2 cost time: 1.7011384963989258
Epoch: 2, Steps: 142 | Train Loss: 0.0539035 Vali Loss: 0.1355648 Test Loss: 0.1552427
EarlyStopping counter: 1 out of 3
Updating learning rate to 0.0025
	iters: 100, epoch: 3 | loss: 0.0262476
	speed: 0.0379s/iter; left time: 93.1347s
Epoch: 3 cost time: 1.7999789714813232
Epoch: 3, Steps: 142 | Train Loss: 0.0286640 Vali Loss: 0.0130283 Test Loss: 0.0132834
Validation loss decreased (0.047527 --> 0.013028).  Saving model ...
Updating learning rate to 0.00125
	iters: 100, epoch: 4 | loss: 0.0151812
	speed: 0.0408s/iter; left time: 94.3789s
Epoch: 4 cost time: 1.9983100891113281
Epoch: 4, Steps: 142 | Train Loss: 0.0170237 Vali Loss: 0.0099613 Test Loss: 0.0100058
Validation loss decreased (0.013028 --> 0.009961).  Saving model ...
Updating learning rate to 0.000625
	iters: 100, epoch: 5 | loss: 0.0117502
	speed: 0.0409s/iter; left time: 88.8132s
Epoch: 5 cost time: 2.027252197265625
Epoch: 5, Steps: 142 | Train Loss: 0.0149690 Vali Loss: 0.0090700 Test Loss: 0.0091940
Validation loss decreased (0.009961 --> 0.009070).  Saving model ...
Updating learning rate to 0.0003125
	iters: 100, epoch: 6 | loss: 0.0192000
	speed: 0.0381s/iter; left time: 77.4091s
Epoch: 6 cost time: 1.9050769805908203
Epoch: 6, Steps: 142 | Train Loss: 0.0140466 Vali Loss: 0.0081166 Test Loss: 0.0079735
Validation loss decreased (0.009070 --> 0.008117).  Saving model ...
Updating learning rate to 0.00015625
	iters: 100, epoch: 7 | loss: 0.0131906
	speed: 0.0372s/iter; left time: 70.3459s
Epoch: 7 cost time: 1.6942436695098877
Epoch: 7, Steps: 142 | Train Loss: 0.0136096 Vali Loss: 0.0076745 Test Loss: 0.0076867
Validation loss decreased (0.008117 --> 0.007674).  Saving model ...
Updating learning rate to 7.8125e-05
	iters: 100, epoch: 8 | loss: 0.0093827
	speed: 0.0325s/iter; left time: 56.6974s
Epoch: 8 cost time: 1.5275554656982422
Epoch: 8, Steps: 142 | Train Loss: 0.0133380 Vali Loss: 0.0076837 Test Loss: 0.0076200
EarlyStopping counter: 1 out of 3
Updating learning rate to 3.90625e-05
	iters: 100, epoch: 9 | loss: 0.0204388
	speed: 0.0332s/iter; left time: 53.3649s
Epoch: 9 cost time: 1.7737360000610352
Epoch: 9, Steps: 142 | Train Loss: 0.0131337 Vali Loss: 0.0074473 Test Loss: 0.0074393
Validation loss decreased (0.007674 --> 0.007447).  Saving model ...
Updating learning rate to 1.953125e-05
	iters: 100, epoch: 10 | loss: 0.0171965
	speed: 0.0383s/iter; left time: 55.9655s
Epoch: 10 cost time: 1.5247972011566162
Epoch: 10, Steps: 142 | Train Loss: 0.0130922 Vali Loss: 0.0075322 Test Loss: 0.0074923
EarlyStopping counter: 1 out of 3
Updating learning rate to 9.765625e-06
	iters: 100, epoch: 11 | loss: 0.0120462
	speed: 0.0343s/iter; left time: 45.3257s
Epoch: 11 cost time: 1.543898582458496
Epoch: 11, Steps: 142 | Train Loss: 0.0130380 Vali Loss: 0.0075149 Test Loss: 0.0073746
EarlyStopping counter: 2 out of 3
Updating learning rate to 4.8828125e-06
	iters: 100, epoch: 12 | loss: 0.0092286
	speed: 0.0362s/iter; left time: 42.7292s
Epoch: 12 cost time: 1.6495251655578613
Epoch: 12, Steps: 142 | Train Loss: 0.0130051 Vali Loss: 0.0074973 Test Loss: 0.0074200
EarlyStopping counter: 3 out of 3
Early stopping
>>>>>>>testing : mirae_Linear_DLinear_mirae_ftM_sl72_ll48_pl12_dm512_nh8_el2_dl1_df2048_fc1_ebtimeF_dtTrue_Exp_0<<<<<<<<<<<<<<<<<<<<<<<<<<<<<<<<<
test 976
mse:0.007439258508384228, mae:0.05640023201704025
