Args in experiment:
Namespace(ver='TPE', is_training=1, model_id='ETTh1__192', model='DLinear', data='ETTh1', root_path='/nas/datahub/ETT/', data_path='ETTh1.csv', features='S', target='OT', freq='h', checkpoints='./checkpoints/', seq_len=336, label_len=48, pred_len=192, individual=False, embed_type=0, enc_in=7, dec_in=7, c_out=7, d_model=512, n_heads=8, e_layers=2, d_layers=1, d_ff=2048, moving_avg=25, factor=1, distil=True, dropout=0.05, embed='timeF', activation='gelu', output_attention=False, do_predict=False, num_workers=10, itr=1, train_epochs=10, batch_size=32, patience=3, learning_rate=0.005, des='Exp', loss='mse', lradj='type1', use_amp=False, use_gpu=True, gpu=0, use_multi_gpu=False, devices='0,1,2,3', test_flop=False)
Use GPU: cuda:0
>>>>>>>start training : ETTh1__192_DLinear_ETTh1_ftS_sl336_ll48_pl192_dm512_nh8_el2_dl1_df2048_fc1_ebtimeF_dtTrue_Exp_0>>>>>>>>>>>>>>>>>>>>>>>>>>
train 8113
val 2689
test 2689
	iters: 100, epoch: 1 | loss: 0.2614608
	speed: 0.0795s/iter; left time: 193.3350s
	iters: 200, epoch: 1 | loss: 0.1755440
	speed: 0.0103s/iter; left time: 23.9981s
Epoch: 1 cost time: 9.563350915908813
Epoch: 1, Steps: 253 | Train Loss: 0.2271030 Vali Loss: 0.1137503 Test Loss: 0.0921619
Validation loss decreased (inf --> 0.113750).  Saving model ...
Updating learning rate to 0.005
	iters: 100, epoch: 2 | loss: 0.2052021
	speed: 0.0668s/iter; left time: 145.5939s
	iters: 200, epoch: 2 | loss: 0.1689523
	speed: 0.0079s/iter; left time: 16.5143s
Epoch: 2 cost time: 3.6264824867248535
Epoch: 2, Steps: 253 | Train Loss: 0.1775680 Vali Loss: 0.1222689 Test Loss: 0.1324617
EarlyStopping counter: 1 out of 3
Updating learning rate to 0.0025
	iters: 100, epoch: 3 | loss: 0.1549285
	speed: 0.0603s/iter; left time: 116.1665s
	iters: 200, epoch: 3 | loss: 0.1766817
	speed: 0.0046s/iter; left time: 8.3140s
Epoch: 3 cost time: 2.6054561138153076
Epoch: 3, Steps: 253 | Train Loss: 0.1414962 Vali Loss: 0.1350491 Test Loss: 0.1191171
EarlyStopping counter: 2 out of 3
Updating learning rate to 0.00125
	iters: 100, epoch: 4 | loss: 0.1039570
	speed: 0.0626s/iter; left time: 104.7263s
	iters: 200, epoch: 4 | loss: 0.1561957
	speed: 0.0105s/iter; left time: 16.5193s
Epoch: 4 cost time: 3.9414684772491455
Epoch: 4, Steps: 253 | Train Loss: 0.1232999 Vali Loss: 0.1334262 Test Loss: 0.0992078
EarlyStopping counter: 3 out of 3
Early stopping
>>>>>>>testing : ETTh1__192_DLinear_ETTh1_ftS_sl336_ll48_pl192_dm512_nh8_el2_dl1_df2048_fc1_ebtimeF_dtTrue_Exp_0<<<<<<<<<<<<<<<<<<<<<<<<<<<<<<<<<
test 2689
mse:0.09216193109750748, mae:0.23273225128650665
