Args in experiment:
Namespace(ver='TS', is_training=1, model_id='mirae_Linear', model='DLinear', data='mirae', root_path='./data/ETT/', data_path='ETTh1.csv', features='M', target='OT', freq='h', checkpoints='./checkpoints/', seq_len=72, label_len=48, pred_len=12, individual=False, embed_type=0, enc_in=7, dec_in=7, c_out=7, d_model=512, n_heads=8, e_layers=2, d_layers=1, d_ff=2048, moving_avg=25, factor=1, distil=True, dropout=0.05, embed='timeF', activation='gelu', output_attention=False, do_predict=False, num_workers=10, itr=1, train_epochs=20, batch_size=32, patience=3, learning_rate=0.005, des='Exp', loss='mse', lradj='type1', use_amp=False, use_gpu=True, gpu=0, use_multi_gpu=False, devices='0,1,2,3', test_flop=False)
Use GPU: cuda:0
>>>>>>>start training : mirae_Linear_DLinear_mirae_ftM_sl72_ll48_pl12_dm512_nh8_el2_dl1_df2048_fc1_ebtimeF_dtTrue_Exp_0>>>>>>>>>>>>>>>>>>>>>>>>>>
train 4552
val 975
test 976
	iters: 100, epoch: 1 | loss: 0.0169550
	speed: 0.0637s/iter; left time: 174.5723s
Epoch: 1 cost time: 7.087895154953003
Epoch: 1, Steps: 142 | Train Loss: 0.1503316 Vali Loss: 0.0116956 Test Loss: 0.0096411
Validation loss decreased (inf --> 0.011696).  Saving model ...
Updating learning rate to 0.005
	iters: 100, epoch: 2 | loss: 0.0131123
	speed: 0.0635s/iter; left time: 164.9415s
Epoch: 2 cost time: 3.448526620864868
Epoch: 2, Steps: 142 | Train Loss: 0.0132956 Vali Loss: 0.0073446 Test Loss: 0.0064294
Validation loss decreased (0.011696 --> 0.007345).  Saving model ...
Updating learning rate to 0.0025
	iters: 100, epoch: 3 | loss: 0.0100285
	speed: 0.0685s/iter; left time: 168.2893s
Epoch: 3 cost time: 3.463367223739624
Epoch: 3, Steps: 142 | Train Loss: 0.0104415 Vali Loss: 0.0051242 Test Loss: 0.0044470
Validation loss decreased (0.007345 --> 0.005124).  Saving model ...
Updating learning rate to 0.00125
	iters: 100, epoch: 4 | loss: 0.0070809
	speed: 0.0643s/iter; left time: 148.7715s
Epoch: 4 cost time: 3.2212159633636475
Epoch: 4, Steps: 142 | Train Loss: 0.0093814 Vali Loss: 0.0048827 Test Loss: 0.0044372
Validation loss decreased (0.005124 --> 0.004883).  Saving model ...
Updating learning rate to 0.000625
	iters: 100, epoch: 5 | loss: 0.0086484
	speed: 0.0644s/iter; left time: 139.9249s
Epoch: 5 cost time: 3.3807640075683594
Epoch: 5, Steps: 142 | Train Loss: 0.0088720 Vali Loss: 0.0041761 Test Loss: 0.0036420
Validation loss decreased (0.004883 --> 0.004176).  Saving model ...
Updating learning rate to 0.0003125
	iters: 100, epoch: 6 | loss: 0.0077025
	speed: 0.0663s/iter; left time: 134.5881s
Epoch: 6 cost time: 3.586780309677124
Epoch: 6, Steps: 142 | Train Loss: 0.0086603 Vali Loss: 0.0036054 Test Loss: 0.0033915
Validation loss decreased (0.004176 --> 0.003605).  Saving model ...
Updating learning rate to 0.00015625
	iters: 100, epoch: 7 | loss: 0.0072314
	speed: 0.0680s/iter; left time: 128.4981s
Epoch: 7 cost time: 3.5404489040374756
Epoch: 7, Steps: 142 | Train Loss: 0.0085335 Vali Loss: 0.0036615 Test Loss: 0.0033071
EarlyStopping counter: 1 out of 3
Updating learning rate to 7.8125e-05
	iters: 100, epoch: 8 | loss: 0.0071402
	speed: 0.0648s/iter; left time: 113.1543s
Epoch: 8 cost time: 3.2676925659179688
Epoch: 8, Steps: 142 | Train Loss: 0.0084594 Vali Loss: 0.0037900 Test Loss: 0.0033372
EarlyStopping counter: 2 out of 3
Updating learning rate to 3.90625e-05
	iters: 100, epoch: 9 | loss: 0.0044734
	speed: 0.0668s/iter; left time: 107.2033s
Epoch: 9 cost time: 3.2349939346313477
Epoch: 9, Steps: 142 | Train Loss: 0.0083899 Vali Loss: 0.0038128 Test Loss: 0.0034405
EarlyStopping counter: 3 out of 3
Early stopping
>>>>>>>testing : mirae_Linear_DLinear_mirae_ftM_sl72_ll48_pl12_dm512_nh8_el2_dl1_df2048_fc1_ebtimeF_dtTrue_Exp_0<<<<<<<<<<<<<<<<<<<<<<<<<<<<<<<<<
test 976
mse:0.003391460981220007, mae:0.04365607723593712
