Args in experiment:
Namespace(ver='TPE', is_training=1, model_id='mirae_Linear', model='DLinear', data='mirae', root_path='./data/ETT/', data_path='ETTh1.csv', features='M', target='OT', freq='h', checkpoints='./checkpoints/', seq_len=72, label_len=48, pred_len=12, individual=False, embed_type=0, enc_in=7, dec_in=7, c_out=7, d_model=512, n_heads=8, e_layers=2, d_layers=1, d_ff=2048, moving_avg=25, factor=1, distil=True, dropout=0.05, embed='timeF', activation='gelu', output_attention=False, do_predict=False, num_workers=10, itr=1, train_epochs=20, batch_size=32, patience=3, learning_rate=0.005, des='Exp', loss='mse', lradj='type1', use_amp=False, use_gpu=True, gpu=0, use_multi_gpu=False, devices='0,1,2,3', test_flop=False)
Use GPU: cuda:0
>>>>>>>start training : mirae_Linear_DLinear_mirae_ftM_sl72_ll48_pl12_dm512_nh8_el2_dl1_df2048_fc1_ebtimeF_dtTrue_Exp_0>>>>>>>>>>>>>>>>>>>>>>>>>>
train 4552
val 975
test 976
	iters: 100, epoch: 1 | loss: 0.0400002
	speed: 0.0454s/iter; left time: 124.5141s
Epoch: 1 cost time: 5.23271918296814
Epoch: 1, Steps: 142 | Train Loss: 0.1277607 Vali Loss: 0.0368031 Test Loss: 0.0393439
Validation loss decreased (inf --> 0.036803).  Saving model ...
Updating learning rate to 0.005
	iters: 100, epoch: 2 | loss: 0.0179975
	speed: 0.0485s/iter; left time: 126.1713s
Epoch: 2 cost time: 2.6854193210601807
Epoch: 2, Steps: 142 | Train Loss: 0.0192043 Vali Loss: 0.0168531 Test Loss: 0.0139224
Validation loss decreased (0.036803 --> 0.016853).  Saving model ...
Updating learning rate to 0.0025
	iters: 100, epoch: 3 | loss: 0.0109904
	speed: 0.0493s/iter; left time: 121.0128s
Epoch: 3 cost time: 2.8586604595184326
Epoch: 3, Steps: 142 | Train Loss: 0.0115052 Vali Loss: 0.0128833 Test Loss: 0.0095603
Validation loss decreased (0.016853 --> 0.012883).  Saving model ...
Updating learning rate to 0.00125
	iters: 100, epoch: 4 | loss: 0.0143892
	speed: 0.0496s/iter; left time: 114.8542s
Epoch: 4 cost time: 2.835263967514038
Epoch: 4, Steps: 142 | Train Loss: 0.0095480 Vali Loss: 0.0111228 Test Loss: 0.0082042
Validation loss decreased (0.012883 --> 0.011123).  Saving model ...
Updating learning rate to 0.000625
	iters: 100, epoch: 5 | loss: 0.0065969
	speed: 0.0535s/iter; left time: 116.2829s
Epoch: 5 cost time: 3.053122043609619
Epoch: 5, Steps: 142 | Train Loss: 0.0087090 Vali Loss: 0.0105395 Test Loss: 0.0074697
Validation loss decreased (0.011123 --> 0.010539).  Saving model ...
Updating learning rate to 0.0003125
	iters: 100, epoch: 6 | loss: 0.0065871
	speed: 0.0500s/iter; left time: 101.6008s
Epoch: 6 cost time: 2.7854721546173096
Epoch: 6, Steps: 142 | Train Loss: 0.0082565 Vali Loss: 0.0098155 Test Loss: 0.0066989
Validation loss decreased (0.010539 --> 0.009816).  Saving model ...
Updating learning rate to 0.00015625
	iters: 100, epoch: 7 | loss: 0.0050983
	speed: 0.0558s/iter; left time: 105.3794s
Epoch: 7 cost time: 3.114450454711914
Epoch: 7, Steps: 142 | Train Loss: 0.0081182 Vali Loss: 0.0103732 Test Loss: 0.0073332
EarlyStopping counter: 1 out of 3
Updating learning rate to 7.8125e-05
	iters: 100, epoch: 8 | loss: 0.0043512
	speed: 0.0482s/iter; left time: 84.2276s
Epoch: 8 cost time: 2.8475992679595947
Epoch: 8, Steps: 142 | Train Loss: 0.0080150 Vali Loss: 0.0111575 Test Loss: 0.0079549
EarlyStopping counter: 2 out of 3
Updating learning rate to 3.90625e-05
	iters: 100, epoch: 9 | loss: 0.0102039
	speed: 0.0501s/iter; left time: 80.3390s
Epoch: 9 cost time: 2.842257022857666
Epoch: 9, Steps: 142 | Train Loss: 0.0079530 Vali Loss: 0.0103960 Test Loss: 0.0072796
EarlyStopping counter: 3 out of 3
Early stopping
>>>>>>>testing : mirae_Linear_DLinear_mirae_ftM_sl72_ll48_pl12_dm512_nh8_el2_dl1_df2048_fc1_ebtimeF_dtTrue_Exp_0<<<<<<<<<<<<<<<<<<<<<<<<<<<<<<<<<
test 976
mse:0.0066988905891776085, mae:0.06597810983657837
