Args in experiment:
Namespace(ver='TWM', is_training=1, model_id='mirae_Linear', model='DLinear_T', data='mirae', root_path='./data/ETT/', data_path='ETTh1.csv', features='M', target='OT', freq='h', checkpoints='./checkpoints/', seq_len=72, label_len=48, pred_len=12, individual=False, embed_type=0, enc_in=7, dec_in=7, c_out=7, d_model=512, n_heads=8, e_layers=2, d_layers=1, d_ff=2048, moving_avg=25, factor=1, distil=True, dropout=0.05, embed='timeF', activation='gelu', output_attention=False, do_predict=False, num_workers=10, itr=1, train_epochs=20, batch_size=32, patience=3, learning_rate=0.005, des='Exp', loss='mse', lradj='type1', use_amp=False, use_gpu=True, gpu=0, use_multi_gpu=False, devices='0,1,2,3', test_flop=False)
Use GPU: cuda:0
>>>>>>>start training : mirae_Linear_DLinear_T_mirae_ftM_sl72_ll48_pl12_dm512_nh8_el2_dl1_df2048_fc1_ebtimeF_dtTrue_Exp_0>>>>>>>>>>>>>>>>>>>>>>>>>>
train 4552
val 975
test 976
	iters: 100, epoch: 1 | loss: 0.0174759
	speed: 0.0306s/iter; left time: 83.8554s
Epoch: 1 cost time: 3.325901985168457
Epoch: 1, Steps: 142 | Train Loss: 0.0218848 Vali Loss: 0.0029210 Test Loss: 0.0035375
Validation loss decreased (inf --> 0.002921).  Saving model ...
Updating learning rate to 0.005
	iters: 100, epoch: 2 | loss: 0.0054001
	speed: 0.0454s/iter; left time: 118.0418s
Epoch: 2 cost time: 2.0640878677368164
Epoch: 2, Steps: 142 | Train Loss: 0.0068571 Vali Loss: 0.0019771 Test Loss: 0.0026553
Validation loss decreased (0.002921 --> 0.001977).  Saving model ...
Updating learning rate to 0.0025
	iters: 100, epoch: 3 | loss: 0.0046716
	speed: 0.0427s/iter; left time: 105.0180s
Epoch: 3 cost time: 1.802485704421997
Epoch: 3, Steps: 142 | Train Loss: 0.0056315 Vali Loss: 0.0020156 Test Loss: 0.0026208
EarlyStopping counter: 1 out of 3
Updating learning rate to 0.00125
	iters: 100, epoch: 4 | loss: 0.0041900
	speed: 0.0434s/iter; left time: 100.5618s
Epoch: 4 cost time: 2.099944829940796
Epoch: 4, Steps: 142 | Train Loss: 0.0052268 Vali Loss: 0.0018595 Test Loss: 0.0023794
Validation loss decreased (0.001977 --> 0.001859).  Saving model ...
Updating learning rate to 0.000625
	iters: 100, epoch: 5 | loss: 0.0050774
	speed: 0.0418s/iter; left time: 90.8449s
Epoch: 5 cost time: 1.9250710010528564
Epoch: 5, Steps: 142 | Train Loss: 0.0050985 Vali Loss: 0.0019088 Test Loss: 0.0023474
EarlyStopping counter: 1 out of 3
Updating learning rate to 0.0003125
	iters: 100, epoch: 6 | loss: 0.0023753
	speed: 0.0452s/iter; left time: 91.7845s
Epoch: 6 cost time: 1.9220736026763916
Epoch: 6, Steps: 142 | Train Loss: 0.0050355 Vali Loss: 0.0019091 Test Loss: 0.0024471
EarlyStopping counter: 2 out of 3
Updating learning rate to 0.00015625
	iters: 100, epoch: 7 | loss: 0.0064335
	speed: 0.0432s/iter; left time: 81.6400s
Epoch: 7 cost time: 1.895491600036621
Epoch: 7, Steps: 142 | Train Loss: 0.0049787 Vali Loss: 0.0018369 Test Loss: 0.0023627
Validation loss decreased (0.001859 --> 0.001837).  Saving model ...
Updating learning rate to 7.8125e-05
	iters: 100, epoch: 8 | loss: 0.0058295
	speed: 0.0442s/iter; left time: 77.2081s
Epoch: 8 cost time: 1.904585361480713
Epoch: 8, Steps: 142 | Train Loss: 0.0049449 Vali Loss: 0.0019025 Test Loss: 0.0023841
EarlyStopping counter: 1 out of 3
Updating learning rate to 3.90625e-05
	iters: 100, epoch: 9 | loss: 0.0023886
	speed: 0.0431s/iter; left time: 69.1704s
Epoch: 9 cost time: 2.0762126445770264
Epoch: 9, Steps: 142 | Train Loss: 0.0049498 Vali Loss: 0.0018424 Test Loss: 0.0023670
EarlyStopping counter: 2 out of 3
Updating learning rate to 1.953125e-05
	iters: 100, epoch: 10 | loss: 0.0049156
	speed: 0.0420s/iter; left time: 61.5075s
Epoch: 10 cost time: 1.913114070892334
Epoch: 10, Steps: 142 | Train Loss: 0.0049453 Vali Loss: 0.0018526 Test Loss: 0.0023704
EarlyStopping counter: 3 out of 3
Early stopping
>>>>>>>testing : mirae_Linear_DLinear_T_mirae_ftM_sl72_ll48_pl12_dm512_nh8_el2_dl1_df2048_fc1_ebtimeF_dtTrue_Exp_0<<<<<<<<<<<<<<<<<<<<<<<<<<<<<<<<<
test 976
mse:0.0023626950569450855, mae:0.03640013188123703
