Args in experiment:
Namespace(ver='TPE', is_training=1, model_id='ETTh1__192', model='DLinear', data='ETTh1', root_path='/nas/datahub/ETT/', data_path='ETTh1.csv', features='S', target='OT', freq='h', checkpoints='./checkpoints/', seq_len=336, label_len=48, pred_len=192, individual=False, embed_type=0, enc_in=7, dec_in=7, c_out=7, d_model=512, n_heads=8, e_layers=2, d_layers=1, d_ff=2048, moving_avg=25, factor=1, distil=True, dropout=0.05, embed='timeF', activation='gelu', output_attention=False, do_predict=False, num_workers=10, itr=1, train_epochs=10, batch_size=32, patience=3, learning_rate=0.005, des='Exp', loss='mse', lradj='type1', use_amp=False, use_gpu=True, gpu=0, use_multi_gpu=False, devices='0,1,2,3', test_flop=False)
Use GPU: cuda:0
>>>>>>>start training : ETTh1__192_DLinear_ETTh1_ftS_sl336_ll48_pl192_dm512_nh8_el2_dl1_df2048_fc1_ebtimeF_dtTrue_Exp_0>>>>>>>>>>>>>>>>>>>>>>>>>>
train 8113
val 2689
test 2689
	iters: 100, epoch: 1 | loss: 0.2880955
	speed: 0.0422s/iter; left time: 102.6452s
	iters: 200, epoch: 1 | loss: 0.2927586
	speed: 0.0056s/iter; left time: 13.1398s
Epoch: 1 cost time: 5.118288516998291
Epoch: 1, Steps: 253 | Train Loss: 0.4492848 Vali Loss: 0.1698658 Test Loss: 0.2859190
Validation loss decreased (inf --> 0.169866).  Saving model ...
Updating learning rate to 0.005
	iters: 100, epoch: 2 | loss: 0.2111900
	speed: 0.0502s/iter; left time: 109.3003s
	iters: 200, epoch: 2 | loss: 0.1223689
	speed: 0.0057s/iter; left time: 11.8279s
Epoch: 2 cost time: 2.6870744228363037
Epoch: 2, Steps: 253 | Train Loss: 0.1754130 Vali Loss: 0.1404000 Test Loss: 0.2320024
Validation loss decreased (0.169866 --> 0.140400).  Saving model ...
Updating learning rate to 0.0025
	iters: 100, epoch: 3 | loss: 0.1783566
	speed: 0.0501s/iter; left time: 96.3595s
	iters: 200, epoch: 3 | loss: 0.1234443
	speed: 0.0059s/iter; left time: 10.7552s
Epoch: 3 cost time: 2.6876142024993896
Epoch: 3, Steps: 253 | Train Loss: 0.1397290 Vali Loss: 0.1451890 Test Loss: 0.1691634
EarlyStopping counter: 1 out of 3
Updating learning rate to 0.00125
	iters: 100, epoch: 4 | loss: 0.1136156
	speed: 0.0500s/iter; left time: 83.5936s
	iters: 200, epoch: 4 | loss: 0.0985923
	speed: 0.0057s/iter; left time: 8.9063s
Epoch: 4 cost time: 2.7106668949127197
Epoch: 4, Steps: 253 | Train Loss: 0.1206266 Vali Loss: 0.1418626 Test Loss: 0.2041532
EarlyStopping counter: 2 out of 3
Updating learning rate to 0.000625
	iters: 100, epoch: 5 | loss: 0.1003848
	speed: 0.0480s/iter; left time: 68.0536s
	iters: 200, epoch: 5 | loss: 0.1090863
	speed: 0.0065s/iter; left time: 8.5682s
Epoch: 5 cost time: 2.6108858585357666
Epoch: 5, Steps: 253 | Train Loss: 0.1070814 Vali Loss: 0.1512879 Test Loss: 0.1893653
EarlyStopping counter: 3 out of 3
Early stopping
>>>>>>>testing : ETTh1__192_DLinear_ETTh1_ftS_sl336_ll48_pl192_dm512_nh8_el2_dl1_df2048_fc1_ebtimeF_dtTrue_Exp_0<<<<<<<<<<<<<<<<<<<<<<<<<<<<<<<<<
test 2689
mse:0.2320024073123932, mae:0.3893948793411255
