Args in experiment:
Namespace(ver='TPS', is_training=1, model_id='mirae_Linear', model='DLinear', data='mirae', root_path='./data/ETT/', data_path='ETTh1.csv', features='M', target='OT', freq='h', checkpoints='./checkpoints/', seq_len=72, label_len=48, pred_len=12, individual=False, embed_type=0, enc_in=7, dec_in=7, c_out=7, d_model=512, n_heads=8, e_layers=2, d_layers=1, d_ff=2048, moving_avg=25, factor=1, distil=True, dropout=0.05, embed='timeF', activation='gelu', output_attention=False, do_predict=False, num_workers=10, itr=1, train_epochs=20, batch_size=32, patience=3, learning_rate=0.005, des='Exp', loss='mse', lradj='type1', use_amp=False, use_gpu=True, gpu=0, use_multi_gpu=False, devices='0,1,2,3', test_flop=False)
Use GPU: cuda:0
>>>>>>>start training : mirae_Linear_DLinear_mirae_ftM_sl72_ll48_pl12_dm512_nh8_el2_dl1_df2048_fc1_ebtimeF_dtTrue_Exp_0>>>>>>>>>>>>>>>>>>>>>>>>>>
train 4552
val 975
test 976
	iters: 100, epoch: 1 | loss: 0.1038785
	speed: 0.0341s/iter; left time: 93.3957s
Epoch: 1 cost time: 3.815521478652954
Epoch: 1, Steps: 142 | Train Loss: 0.7550913 Vali Loss: 0.0452976 Test Loss: 0.0459682
Validation loss decreased (inf --> 0.045298).  Saving model ...
Updating learning rate to 0.005
	iters: 100, epoch: 2 | loss: 0.0352526
	speed: 0.0446s/iter; left time: 115.9911s
Epoch: 2 cost time: 2.09299898147583
Epoch: 2, Steps: 142 | Train Loss: 0.0344040 Vali Loss: 0.0142457 Test Loss: 0.0140293
Validation loss decreased (0.045298 --> 0.014246).  Saving model ...
Updating learning rate to 0.0025
	iters: 100, epoch: 3 | loss: 0.0180649
	speed: 0.0487s/iter; left time: 119.6033s
Epoch: 3 cost time: 2.4759793281555176
Epoch: 3, Steps: 142 | Train Loss: 0.0168042 Vali Loss: 0.0091416 Test Loss: 0.0089815
Validation loss decreased (0.014246 --> 0.009142).  Saving model ...
Updating learning rate to 0.00125
	iters: 100, epoch: 4 | loss: 0.0216406
	speed: 0.0410s/iter; left time: 94.9159s
Epoch: 4 cost time: 1.960273027420044
Epoch: 4, Steps: 142 | Train Loss: 0.0129760 Vali Loss: 0.0072453 Test Loss: 0.0074238
Validation loss decreased (0.009142 --> 0.007245).  Saving model ...
Updating learning rate to 0.000625
	iters: 100, epoch: 5 | loss: 0.0160554
	speed: 0.0409s/iter; left time: 88.8834s
Epoch: 5 cost time: 1.9314894676208496
Epoch: 5, Steps: 142 | Train Loss: 0.0115724 Vali Loss: 0.0062826 Test Loss: 0.0061336
Validation loss decreased (0.007245 --> 0.006283).  Saving model ...
Updating learning rate to 0.0003125
	iters: 100, epoch: 6 | loss: 0.0125271
	speed: 0.0384s/iter; left time: 78.0292s
Epoch: 6 cost time: 1.7839083671569824
Epoch: 6, Steps: 142 | Train Loss: 0.0107593 Vali Loss: 0.0058859 Test Loss: 0.0057100
Validation loss decreased (0.006283 --> 0.005886).  Saving model ...
Updating learning rate to 0.00015625
	iters: 100, epoch: 7 | loss: 0.0066400
	speed: 0.0419s/iter; left time: 79.2295s
Epoch: 7 cost time: 1.9637207984924316
Epoch: 7, Steps: 142 | Train Loss: 0.0103929 Vali Loss: 0.0057015 Test Loss: 0.0056345
Validation loss decreased (0.005886 --> 0.005701).  Saving model ...
Updating learning rate to 7.8125e-05
	iters: 100, epoch: 8 | loss: 0.0076531
	speed: 0.0397s/iter; left time: 69.3039s
Epoch: 8 cost time: 1.8320462703704834
Epoch: 8, Steps: 142 | Train Loss: 0.0101700 Vali Loss: 0.0055745 Test Loss: 0.0054504
Validation loss decreased (0.005701 --> 0.005574).  Saving model ...
Updating learning rate to 3.90625e-05
	iters: 100, epoch: 9 | loss: 0.0100391
	speed: 0.0395s/iter; left time: 63.4498s
Epoch: 9 cost time: 1.9715964794158936
Epoch: 9, Steps: 142 | Train Loss: 0.0100601 Vali Loss: 0.0055857 Test Loss: 0.0053901
EarlyStopping counter: 1 out of 3
Updating learning rate to 1.953125e-05
	iters: 100, epoch: 10 | loss: 0.0088791
	speed: 0.0401s/iter; left time: 58.7099s
Epoch: 10 cost time: 2.1063320636749268
Epoch: 10, Steps: 142 | Train Loss: 0.0099927 Vali Loss: 0.0055616 Test Loss: 0.0053995
Validation loss decreased (0.005574 --> 0.005562).  Saving model ...
Updating learning rate to 9.765625e-06
	iters: 100, epoch: 11 | loss: 0.0111744
	speed: 0.0413s/iter; left time: 54.5111s
Epoch: 11 cost time: 2.0669915676116943
Epoch: 11, Steps: 142 | Train Loss: 0.0099640 Vali Loss: 0.0055343 Test Loss: 0.0053799
Validation loss decreased (0.005562 --> 0.005534).  Saving model ...
Updating learning rate to 4.8828125e-06
	iters: 100, epoch: 12 | loss: 0.0111044
	speed: 0.0408s/iter; left time: 48.1511s
Epoch: 12 cost time: 1.7753150463104248
Epoch: 12, Steps: 142 | Train Loss: 0.0099221 Vali Loss: 0.0055581 Test Loss: 0.0053368
EarlyStopping counter: 1 out of 3
Updating learning rate to 2.44140625e-06
	iters: 100, epoch: 13 | loss: 0.0109798
	speed: 0.0409s/iter; left time: 42.3661s
Epoch: 13 cost time: 2.052711009979248
Epoch: 13, Steps: 142 | Train Loss: 0.0099188 Vali Loss: 0.0054010 Test Loss: 0.0053360
Validation loss decreased (0.005534 --> 0.005401).  Saving model ...
Updating learning rate to 1.220703125e-06
	iters: 100, epoch: 14 | loss: 0.0175286
	speed: 0.0419s/iter; left time: 37.4612s
Epoch: 14 cost time: 1.9406189918518066
Epoch: 14, Steps: 142 | Train Loss: 0.0099136 Vali Loss: 0.0055300 Test Loss: 0.0053218
EarlyStopping counter: 1 out of 3
Updating learning rate to 6.103515625e-07
	iters: 100, epoch: 15 | loss: 0.0131097
	speed: 0.0409s/iter; left time: 30.8166s
Epoch: 15 cost time: 1.9248435497283936
Epoch: 15, Steps: 142 | Train Loss: 0.0099145 Vali Loss: 0.0055249 Test Loss: 0.0053249
EarlyStopping counter: 2 out of 3
Updating learning rate to 3.0517578125e-07
	iters: 100, epoch: 16 | loss: 0.0154600
	speed: 0.0420s/iter; left time: 25.6644s
Epoch: 16 cost time: 2.2174882888793945
Epoch: 16, Steps: 142 | Train Loss: 0.0099074 Vali Loss: 0.0054517 Test Loss: 0.0053244
EarlyStopping counter: 3 out of 3
Early stopping
>>>>>>>testing : mirae_Linear_DLinear_mirae_ftM_sl72_ll48_pl12_dm512_nh8_el2_dl1_df2048_fc1_ebtimeF_dtTrue_Exp_0<<<<<<<<<<<<<<<<<<<<<<<<<<<<<<<<<
test 976
mse:0.0053359707817435265, mae:0.04358052834868431
