Args in experiment:
Namespace(ver='TPE', is_training=1, model_id='ETTh1_336_336', model='DLinear', data='ETTh1', root_path='/nas/datahub/ETT/', data_path='ETTh1.csv', features='M', target='OT', freq='h', checkpoints='./checkpoints/', seq_len=336, label_len=48, pred_len=336, individual=False, embed_type=0, enc_in=7, dec_in=7, c_out=7, d_model=512, n_heads=8, e_layers=2, d_layers=1, d_ff=2048, moving_avg=25, factor=1, distil=True, dropout=0.05, embed='timeF', activation='gelu', output_attention=False, do_predict=False, num_workers=10, itr=1, train_epochs=10, batch_size=32, patience=3, learning_rate=0.005, des='Exp', loss='mse', lradj='type1', use_amp=False, use_gpu=True, gpu=0, use_multi_gpu=False, devices='0,1,2,3', test_flop=False)
Use GPU: cuda:0
>>>>>>>start training : ETTh1_336_336_DLinear_ETTh1_ftM_sl336_ll48_pl336_dm512_nh8_el2_dl1_df2048_fc1_ebtimeF_dtTrue_Exp_0>>>>>>>>>>>>>>>>>>>>>>>>>>
train 7969
val 2545
test 2545
	iters: 100, epoch: 1 | loss: 0.6713080
	speed: 0.0315s/iter; left time: 75.4007s
	iters: 200, epoch: 1 | loss: 0.6286977
	speed: 0.0082s/iter; left time: 18.8174s
Epoch: 1 cost time: 4.343158721923828
Epoch: 1, Steps: 249 | Train Loss: 0.8558959 Vali Loss: 1.1931776 Test Loss: 0.6400773
Validation loss decreased (inf --> 1.193178).  Saving model ...
Updating learning rate to 0.005
	iters: 100, epoch: 2 | loss: 0.5466102
	speed: 0.0467s/iter; left time: 100.0823s
	iters: 200, epoch: 2 | loss: 0.4966840
	speed: 0.0065s/iter; left time: 13.2638s
Epoch: 2 cost time: 2.5668036937713623
Epoch: 2, Steps: 249 | Train Loss: 0.5404824 Vali Loss: 1.1711612 Test Loss: 0.5629722
Validation loss decreased (1.193178 --> 1.171161).  Saving model ...
Updating learning rate to 0.0025
	iters: 100, epoch: 3 | loss: 0.4674329
	speed: 0.0494s/iter; left time: 93.4471s
	iters: 200, epoch: 3 | loss: 0.4823968
	speed: 0.0074s/iter; left time: 13.2791s
Epoch: 3 cost time: 2.6499245166778564
Epoch: 3, Steps: 249 | Train Loss: 0.4884167 Vali Loss: 1.2100029 Test Loss: 0.5046296
EarlyStopping counter: 1 out of 3
Updating learning rate to 0.00125
	iters: 100, epoch: 4 | loss: 0.4698646
	speed: 0.0478s/iter; left time: 78.5278s
	iters: 200, epoch: 4 | loss: 0.4810154
	speed: 0.0075s/iter; left time: 11.5771s
Epoch: 4 cost time: 2.7302725315093994
Epoch: 4, Steps: 249 | Train Loss: 0.4654961 Vali Loss: 1.1895956 Test Loss: 0.4909604
EarlyStopping counter: 2 out of 3
Updating learning rate to 0.000625
	iters: 100, epoch: 5 | loss: 0.4651000
	speed: 0.0464s/iter; left time: 64.6866s
	iters: 200, epoch: 5 | loss: 0.4262588
	speed: 0.0066s/iter; left time: 8.5848s
Epoch: 5 cost time: 2.67698335647583
Epoch: 5, Steps: 249 | Train Loss: 0.4540092 Vali Loss: 1.1941299 Test Loss: 0.4884267
EarlyStopping counter: 3 out of 3
Early stopping
>>>>>>>testing : ETTh1_336_336_DLinear_ETTh1_ftM_sl336_ll48_pl336_dm512_nh8_el2_dl1_df2048_fc1_ebtimeF_dtTrue_Exp_0<<<<<<<<<<<<<<<<<<<<<<<<<<<<<<<<<
test 2545
mse:0.5629725456237793, mae:0.5314565896987915
