Args in experiment:
Namespace(ver='TPE', is_training=1, model_id='mirae_Linear', model='DLinear', data='mirae', root_path='./data/ETT/', data_path='ETTh1.csv', features='M', target='OT', freq='h', checkpoints='./checkpoints/', seq_len=72, label_len=48, pred_len=12, individual=False, embed_type=0, enc_in=7, dec_in=7, c_out=7, d_model=512, n_heads=8, e_layers=2, d_layers=1, d_ff=2048, moving_avg=25, factor=1, distil=True, dropout=0.05, embed='timeF', activation='gelu', output_attention=False, do_predict=False, num_workers=10, itr=1, train_epochs=20, batch_size=32, patience=3, learning_rate=0.005, des='Exp', loss='mse', lradj='type1', use_amp=False, use_gpu=True, gpu=0, use_multi_gpu=False, devices='0,1,2,3', test_flop=False)
Use GPU: cuda:0
>>>>>>>start training : mirae_Linear_DLinear_mirae_ftM_sl72_ll48_pl12_dm512_nh8_el2_dl1_df2048_fc1_ebtimeF_dtTrue_Exp_0>>>>>>>>>>>>>>>>>>>>>>>>>>
train 4552
val 975
test 976
	iters: 100, epoch: 1 | loss: 0.0158502
	speed: 0.0499s/iter; left time: 136.7649s
Epoch: 1 cost time: 5.6818389892578125
Epoch: 1, Steps: 142 | Train Loss: 0.0327792 Vali Loss: 0.0100466 Test Loss: 0.0148757
Validation loss decreased (inf --> 0.010047).  Saving model ...
Updating learning rate to 0.005
	iters: 100, epoch: 2 | loss: 0.0114432
	speed: 0.0512s/iter; left time: 133.1815s
Epoch: 2 cost time: 2.9742321968078613
Epoch: 2, Steps: 142 | Train Loss: 0.0118622 Vali Loss: 0.0090864 Test Loss: 0.0114936
Validation loss decreased (0.010047 --> 0.009086).  Saving model ...
Updating learning rate to 0.0025
	iters: 100, epoch: 3 | loss: 0.0048654
	speed: 0.0525s/iter; left time: 128.8768s
Epoch: 3 cost time: 2.915492296218872
Epoch: 3, Steps: 142 | Train Loss: 0.0080320 Vali Loss: 0.0075245 Test Loss: 0.0086992
Validation loss decreased (0.009086 --> 0.007524).  Saving model ...
Updating learning rate to 0.00125
	iters: 100, epoch: 4 | loss: 0.0066152
	speed: 0.0464s/iter; left time: 107.4063s
Epoch: 4 cost time: 1.9342663288116455
Epoch: 4, Steps: 142 | Train Loss: 0.0063460 Vali Loss: 0.0059235 Test Loss: 0.0066676
Validation loss decreased (0.007524 --> 0.005923).  Saving model ...
Updating learning rate to 0.000625
	iters: 100, epoch: 5 | loss: 0.0071050
	speed: 0.0363s/iter; left time: 78.8985s
Epoch: 5 cost time: 1.8231682777404785
Epoch: 5, Steps: 142 | Train Loss: 0.0056320 Vali Loss: 0.0049792 Test Loss: 0.0054414
Validation loss decreased (0.005923 --> 0.004979).  Saving model ...
Updating learning rate to 0.0003125
	iters: 100, epoch: 6 | loss: 0.0039364
	speed: 0.0425s/iter; left time: 86.2228s
Epoch: 6 cost time: 2.516948699951172
Epoch: 6, Steps: 142 | Train Loss: 0.0052061 Vali Loss: 0.0048376 Test Loss: 0.0052388
Validation loss decreased (0.004979 --> 0.004838).  Saving model ...
Updating learning rate to 0.00015625
	iters: 100, epoch: 7 | loss: 0.0038106
	speed: 0.0406s/iter; left time: 76.6434s
Epoch: 7 cost time: 2.415181875228882
Epoch: 7, Steps: 142 | Train Loss: 0.0050264 Vali Loss: 0.0050186 Test Loss: 0.0052672
EarlyStopping counter: 1 out of 3
Updating learning rate to 7.8125e-05
	iters: 100, epoch: 8 | loss: 0.0035081
	speed: 0.0521s/iter; left time: 91.0863s
Epoch: 8 cost time: 2.9966604709625244
Epoch: 8, Steps: 142 | Train Loss: 0.0048962 Vali Loss: 0.0051816 Test Loss: 0.0052910
EarlyStopping counter: 2 out of 3
Updating learning rate to 3.90625e-05
	iters: 100, epoch: 9 | loss: 0.0067367
	speed: 0.0526s/iter; left time: 84.4157s
Epoch: 9 cost time: 2.9689929485321045
Epoch: 9, Steps: 142 | Train Loss: 0.0048449 Vali Loss: 0.0051027 Test Loss: 0.0052145
EarlyStopping counter: 3 out of 3
Early stopping
>>>>>>>testing : mirae_Linear_DLinear_mirae_ftM_sl72_ll48_pl12_dm512_nh8_el2_dl1_df2048_fc1_ebtimeF_dtTrue_Exp_0<<<<<<<<<<<<<<<<<<<<<<<<<<<<<<<<<
test 976
mse:0.005238777492195368, mae:0.05861407518386841
