Args in experiment:
Namespace(ver='TCC', is_training=1, model_id='mirae_Linear', model='DLinear', data='mirae', root_path='./data/ETT/', data_path='ETTh1.csv', features='M', target='OT', freq='h', checkpoints='./checkpoints/', seq_len=72, label_len=48, pred_len=12, individual=False, embed_type=0, enc_in=7, dec_in=7, c_out=7, d_model=512, n_heads=8, e_layers=2, d_layers=1, d_ff=2048, moving_avg=25, factor=1, distil=True, dropout=0.05, embed='timeF', activation='gelu', output_attention=False, do_predict=False, num_workers=10, itr=1, train_epochs=20, batch_size=32, patience=3, learning_rate=0.005, des='Exp', loss='mse', lradj='type1', use_amp=False, use_gpu=True, gpu=0, use_multi_gpu=False, devices='0,1,2,3', test_flop=False)
Use GPU: cuda:0
>>>>>>>start training : mirae_Linear_DLinear_mirae_ftM_sl72_ll48_pl12_dm512_nh8_el2_dl1_df2048_fc1_ebtimeF_dtTrue_Exp_0>>>>>>>>>>>>>>>>>>>>>>>>>>
train 4552
val 975
test 976
	iters: 100, epoch: 1 | loss: 0.0451825
	speed: 0.0310s/iter; left time: 85.0585s
Epoch: 1 cost time: 3.4153692722320557
Epoch: 1, Steps: 142 | Train Loss: 0.3179479 Vali Loss: 0.0287571 Test Loss: 0.0285203
Validation loss decreased (inf --> 0.028757).  Saving model ...
Updating learning rate to 0.005
	iters: 100, epoch: 2 | loss: 0.0252669
	speed: 0.0359s/iter; left time: 93.3614s
Epoch: 2 cost time: 1.7030713558197021
Epoch: 2, Steps: 142 | Train Loss: 0.0253244 Vali Loss: 0.0118790 Test Loss: 0.0123990
Validation loss decreased (0.028757 --> 0.011879).  Saving model ...
Updating learning rate to 0.0025
	iters: 100, epoch: 3 | loss: 0.0156896
	speed: 0.0359s/iter; left time: 88.2270s
Epoch: 3 cost time: 1.7238211631774902
Epoch: 3, Steps: 142 | Train Loss: 0.0166536 Vali Loss: 0.0102858 Test Loss: 0.0100097
Validation loss decreased (0.011879 --> 0.010286).  Saving model ...
Updating learning rate to 0.00125
	iters: 100, epoch: 4 | loss: 0.0140320
	speed: 0.0350s/iter; left time: 81.0267s
Epoch: 4 cost time: 1.7104706764221191
Epoch: 4, Steps: 142 | Train Loss: 0.0143511 Vali Loss: 0.0091015 Test Loss: 0.0089724
Validation loss decreased (0.010286 --> 0.009102).  Saving model ...
Updating learning rate to 0.000625
	iters: 100, epoch: 5 | loss: 0.0094262
	speed: 0.0354s/iter; left time: 76.9082s
Epoch: 5 cost time: 1.6382980346679688
Epoch: 5, Steps: 142 | Train Loss: 0.0134607 Vali Loss: 0.0074057 Test Loss: 0.0076330
Validation loss decreased (0.009102 --> 0.007406).  Saving model ...
Updating learning rate to 0.0003125
	iters: 100, epoch: 6 | loss: 0.0139739
	speed: 0.0379s/iter; left time: 76.9431s
Epoch: 6 cost time: 1.8248515129089355
Epoch: 6, Steps: 142 | Train Loss: 0.0129034 Vali Loss: 0.0070659 Test Loss: 0.0073395
Validation loss decreased (0.007406 --> 0.007066).  Saving model ...
Updating learning rate to 0.00015625
	iters: 100, epoch: 7 | loss: 0.0127693
	speed: 0.0339s/iter; left time: 64.0196s
Epoch: 7 cost time: 1.6513464450836182
Epoch: 7, Steps: 142 | Train Loss: 0.0126602 Vali Loss: 0.0072917 Test Loss: 0.0073605
EarlyStopping counter: 1 out of 3
Updating learning rate to 7.8125e-05
	iters: 100, epoch: 8 | loss: 0.0108481
	speed: 0.0368s/iter; left time: 64.3352s
Epoch: 8 cost time: 1.9445672035217285
Epoch: 8, Steps: 142 | Train Loss: 0.0125067 Vali Loss: 0.0069608 Test Loss: 0.0071809
Validation loss decreased (0.007066 --> 0.006961).  Saving model ...
Updating learning rate to 3.90625e-05
	iters: 100, epoch: 9 | loss: 0.0083659
	speed: 0.0431s/iter; left time: 69.2200s
Epoch: 9 cost time: 2.096741199493408
Epoch: 9, Steps: 142 | Train Loss: 0.0124420 Vali Loss: 0.0069862 Test Loss: 0.0071589
EarlyStopping counter: 1 out of 3
Updating learning rate to 1.953125e-05
	iters: 100, epoch: 10 | loss: 0.0067996
	speed: 0.0433s/iter; left time: 63.3724s
Epoch: 10 cost time: 2.0671889781951904
Epoch: 10, Steps: 142 | Train Loss: 0.0124093 Vali Loss: 0.0068894 Test Loss: 0.0071065
Validation loss decreased (0.006961 --> 0.006889).  Saving model ...
Updating learning rate to 9.765625e-06
	iters: 100, epoch: 11 | loss: 0.0087321
	speed: 0.0417s/iter; left time: 55.0606s
Epoch: 11 cost time: 1.77016019821167
Epoch: 11, Steps: 142 | Train Loss: 0.0123857 Vali Loss: 0.0069539 Test Loss: 0.0071187
EarlyStopping counter: 1 out of 3
Updating learning rate to 4.8828125e-06
	iters: 100, epoch: 12 | loss: 0.0159618
	speed: 0.0411s/iter; left time: 48.5069s
Epoch: 12 cost time: 1.9304461479187012
Epoch: 12, Steps: 142 | Train Loss: 0.0123787 Vali Loss: 0.0069419 Test Loss: 0.0071001
EarlyStopping counter: 2 out of 3
Updating learning rate to 2.44140625e-06
	iters: 100, epoch: 13 | loss: 0.0134909
	speed: 0.0398s/iter; left time: 41.2880s
Epoch: 13 cost time: 1.7238588333129883
Epoch: 13, Steps: 142 | Train Loss: 0.0123524 Vali Loss: 0.0069531 Test Loss: 0.0070969
EarlyStopping counter: 3 out of 3
Early stopping
>>>>>>>testing : mirae_Linear_DLinear_mirae_ftM_sl72_ll48_pl12_dm512_nh8_el2_dl1_df2048_fc1_ebtimeF_dtTrue_Exp_0<<<<<<<<<<<<<<<<<<<<<<<<<<<<<<<<<
test 976
mse:0.007106492295861244, mae:0.05544567108154297
