Args in experiment:
Namespace(ver='B', is_training=1, model_id='mirae_Linear', model='DLinear', data='mirae', root_path='./data/ETT/', data_path='ETTh1.csv', features='M', target='OT', freq='h', checkpoints='./checkpoints/', seq_len=72, label_len=48, pred_len=12, individual=False, embed_type=0, enc_in=7, dec_in=7, c_out=7, d_model=512, n_heads=8, e_layers=2, d_layers=1, d_ff=2048, moving_avg=25, factor=1, distil=True, dropout=0.05, embed='timeF', activation='gelu', output_attention=False, do_predict=False, num_workers=10, itr=1, train_epochs=20, batch_size=32, patience=3, learning_rate=0.005, des='Exp', loss='mse', lradj='type1', use_amp=False, use_gpu=True, gpu=0, use_multi_gpu=False, devices='0,1,2,3', test_flop=False)
Use GPU: cuda:0
>>>>>>>start training : mirae_Linear_DLinear_mirae_ftM_sl72_ll48_pl12_dm512_nh8_el2_dl1_df2048_fc1_ebtimeF_dtTrue_Exp_0>>>>>>>>>>>>>>>>>>>>>>>>>>
train 4552
val 975
test 976
	iters: 100, epoch: 1 | loss: 0.0182632
	speed: 0.0162s/iter; left time: 44.4960s
Epoch: 1 cost time: 1.8849310874938965
Epoch: 1, Steps: 142 | Train Loss: 0.0150452 Vali Loss: 0.0024212 Test Loss: 0.0025980
Validation loss decreased (inf --> 0.002421).  Saving model ...
Updating learning rate to 0.005
	iters: 100, epoch: 2 | loss: 0.0048731
	speed: 0.0325s/iter; left time: 84.4423s
Epoch: 2 cost time: 1.736670970916748
Epoch: 2, Steps: 142 | Train Loss: 0.0073401 Vali Loss: 0.0026226 Test Loss: 0.0024436
EarlyStopping counter: 1 out of 3
Updating learning rate to 0.0025
	iters: 100, epoch: 3 | loss: 0.0052789
	speed: 0.0295s/iter; left time: 72.4478s
Epoch: 3 cost time: 1.3108911514282227
Epoch: 3, Steps: 142 | Train Loss: 0.0067648 Vali Loss: 0.0023917 Test Loss: 0.0023674
Validation loss decreased (0.002421 --> 0.002392).  Saving model ...
Updating learning rate to 0.00125
	iters: 100, epoch: 4 | loss: 0.0037030
	speed: 0.0303s/iter; left time: 70.0836s
Epoch: 4 cost time: 1.320669174194336
Epoch: 4, Steps: 142 | Train Loss: 0.0065188 Vali Loss: 0.0023116 Test Loss: 0.0022785
Validation loss decreased (0.002392 --> 0.002312).  Saving model ...
Updating learning rate to 0.000625
	iters: 100, epoch: 5 | loss: 0.0076785
	speed: 0.0352s/iter; left time: 76.3850s
Epoch: 5 cost time: 1.4872524738311768
Epoch: 5, Steps: 142 | Train Loss: 0.0064975 Vali Loss: 0.0022405 Test Loss: 0.0022382
Validation loss decreased (0.002312 --> 0.002241).  Saving model ...
Updating learning rate to 0.0003125
	iters: 100, epoch: 6 | loss: 0.0060052
	speed: 0.0299s/iter; left time: 60.6578s
Epoch: 6 cost time: 1.3782484531402588
Epoch: 6, Steps: 142 | Train Loss: 0.0064089 Vali Loss: 0.0021514 Test Loss: 0.0021906
Validation loss decreased (0.002241 --> 0.002151).  Saving model ...
Updating learning rate to 0.00015625
	iters: 100, epoch: 7 | loss: 0.0083170
	speed: 0.0307s/iter; left time: 57.9260s
Epoch: 7 cost time: 1.4603981971740723
Epoch: 7, Steps: 142 | Train Loss: 0.0063959 Vali Loss: 0.0022034 Test Loss: 0.0022161
EarlyStopping counter: 1 out of 3
Updating learning rate to 7.8125e-05
	iters: 100, epoch: 8 | loss: 0.0067562
	speed: 0.0292s/iter; left time: 51.0221s
Epoch: 8 cost time: 1.4023191928863525
Epoch: 8, Steps: 142 | Train Loss: 0.0063759 Vali Loss: 0.0022401 Test Loss: 0.0022409
EarlyStopping counter: 2 out of 3
Updating learning rate to 3.90625e-05
	iters: 100, epoch: 9 | loss: 0.0077838
	speed: 0.0294s/iter; left time: 47.2441s
Epoch: 9 cost time: 1.412320613861084
Epoch: 9, Steps: 142 | Train Loss: 0.0063668 Vali Loss: 0.0022888 Test Loss: 0.0022593
EarlyStopping counter: 3 out of 3
Early stopping
>>>>>>>testing : mirae_Linear_DLinear_mirae_ftM_sl72_ll48_pl12_dm512_nh8_el2_dl1_df2048_fc1_ebtimeF_dtTrue_Exp_0<<<<<<<<<<<<<<<<<<<<<<<<<<<<<<<<<
test 976
mse:0.002190633676946163, mae:0.03202390670776367
