Args in experiment:
Namespace(ver='TWM', is_training=1, model_id='mirae_Linear', model='DLinear_S', data='mirae', root_path='./data/ETT/', data_path='ETTh1.csv', features='M', target='OT', freq='h', checkpoints='./checkpoints/', seq_len=72, label_len=48, pred_len=12, individual=False, embed_type=0, enc_in=7, dec_in=7, c_out=7, d_model=512, n_heads=8, e_layers=2, d_layers=1, d_ff=2048, moving_avg=25, factor=1, distil=True, dropout=0.05, embed='timeF', activation='gelu', output_attention=False, do_predict=False, num_workers=10, itr=1, train_epochs=20, batch_size=32, patience=3, learning_rate=0.005, des='Exp', loss='mse', lradj='type1', use_amp=False, use_gpu=True, gpu=0, use_multi_gpu=False, devices='0,1,2,3', test_flop=False)
Use GPU: cuda:0
>>>>>>>start training : mirae_Linear_DLinear_S_mirae_ftM_sl72_ll48_pl12_dm512_nh8_el2_dl1_df2048_fc1_ebtimeF_dtTrue_Exp_0>>>>>>>>>>>>>>>>>>>>>>>>>>
train 4552
val 975
test 976
	iters: 100, epoch: 1 | loss: 0.0058571
	speed: 0.0324s/iter; left time: 88.9010s
Epoch: 1 cost time: 3.583671808242798
Epoch: 1, Steps: 142 | Train Loss: 0.0129639 Vali Loss: 0.0021606 Test Loss: 0.0025602
Validation loss decreased (inf --> 0.002161).  Saving model ...
Updating learning rate to 0.005
	iters: 100, epoch: 2 | loss: 0.0059078
	speed: 0.0449s/iter; left time: 116.7065s
Epoch: 2 cost time: 1.8536584377288818
Epoch: 2, Steps: 142 | Train Loss: 0.0066275 Vali Loss: 0.0018595 Test Loss: 0.0021792
Validation loss decreased (0.002161 --> 0.001860).  Saving model ...
Updating learning rate to 0.0025
	iters: 100, epoch: 3 | loss: 0.0063681
	speed: 0.0410s/iter; left time: 100.7288s
Epoch: 3 cost time: 1.8113627433776855
Epoch: 3, Steps: 142 | Train Loss: 0.0061799 Vali Loss: 0.0017687 Test Loss: 0.0021615
Validation loss decreased (0.001860 --> 0.001769).  Saving model ...
Updating learning rate to 0.00125
	iters: 100, epoch: 4 | loss: 0.0052747
	speed: 0.0414s/iter; left time: 95.8324s
Epoch: 4 cost time: 1.9448673725128174
Epoch: 4, Steps: 142 | Train Loss: 0.0059852 Vali Loss: 0.0019125 Test Loss: 0.0021632
EarlyStopping counter: 1 out of 3
Updating learning rate to 0.000625
	iters: 100, epoch: 5 | loss: 0.0118805
	speed: 0.0412s/iter; left time: 89.5401s
Epoch: 5 cost time: 1.8315153121948242
Epoch: 5, Steps: 142 | Train Loss: 0.0058421 Vali Loss: 0.0017140 Test Loss: 0.0020641
Validation loss decreased (0.001769 --> 0.001714).  Saving model ...
Updating learning rate to 0.0003125
	iters: 100, epoch: 6 | loss: 0.0056357
	speed: 0.0443s/iter; left time: 90.0603s
Epoch: 6 cost time: 1.7843427658081055
Epoch: 6, Steps: 142 | Train Loss: 0.0057639 Vali Loss: 0.0017472 Test Loss: 0.0020713
EarlyStopping counter: 1 out of 3
Updating learning rate to 0.00015625
	iters: 100, epoch: 7 | loss: 0.0092136
	speed: 0.0454s/iter; left time: 85.8283s
Epoch: 7 cost time: 2.2039389610290527
Epoch: 7, Steps: 142 | Train Loss: 0.0057452 Vali Loss: 0.0017785 Test Loss: 0.0020896
EarlyStopping counter: 2 out of 3
Updating learning rate to 7.8125e-05
	iters: 100, epoch: 8 | loss: 0.0055859
	speed: 0.0442s/iter; left time: 77.2704s
Epoch: 8 cost time: 1.9130570888519287
Epoch: 8, Steps: 142 | Train Loss: 0.0057265 Vali Loss: 0.0018719 Test Loss: 0.0021359
EarlyStopping counter: 3 out of 3
Early stopping
>>>>>>>testing : mirae_Linear_DLinear_S_mirae_ftM_sl72_ll48_pl12_dm512_nh8_el2_dl1_df2048_fc1_ebtimeF_dtTrue_Exp_0<<<<<<<<<<<<<<<<<<<<<<<<<<<<<<<<<
test 976
mse:0.002064114436507225, mae:0.03172244876623154
