Args in experiment:
Namespace(ver='TPE', is_training=1, model_id='ETTh1_336_192', model='DLinear', data='ETTh1', root_path='/nas/datahub/ETT/', data_path='ETTh1.csv', features='M', target='OT', freq='h', checkpoints='./checkpoints/', seq_len=336, label_len=48, pred_len=192, individual=False, embed_type=0, enc_in=7, dec_in=7, c_out=7, d_model=512, n_heads=8, e_layers=2, d_layers=1, d_ff=2048, moving_avg=25, factor=1, distil=True, dropout=0.05, embed='timeF', activation='gelu', output_attention=False, do_predict=False, num_workers=10, itr=1, train_epochs=10, batch_size=32, patience=3, learning_rate=0.005, des='Exp', loss='mse', lradj='type1', use_amp=False, use_gpu=True, gpu=0, use_multi_gpu=False, devices='0,1,2,3', test_flop=False)
Use GPU: cuda:0
>>>>>>>start training : ETTh1_336_192_DLinear_ETTh1_ftM_sl336_ll48_pl192_dm512_nh8_el2_dl1_df2048_fc1_ebtimeF_dtTrue_Exp_0>>>>>>>>>>>>>>>>>>>>>>>>>>
train 8113
val 2689
test 2689
	iters: 100, epoch: 1 | loss: 0.4847909
	speed: 0.0367s/iter; left time: 89.2858s
	iters: 200, epoch: 1 | loss: 0.4833398
	speed: 0.0061s/iter; left time: 14.3332s
Epoch: 1 cost time: 4.674201250076294
Epoch: 1, Steps: 253 | Train Loss: 0.5986249 Vali Loss: 0.8741173 Test Loss: 0.5059839
Validation loss decreased (inf --> 0.874117).  Saving model ...
Updating learning rate to 0.005
	iters: 100, epoch: 2 | loss: 0.4441995
	speed: 0.0774s/iter; left time: 168.6025s
	iters: 200, epoch: 2 | loss: 0.3524554
	speed: 0.0059s/iter; left time: 12.1884s
Epoch: 2 cost time: 3.496692180633545
Epoch: 2, Steps: 253 | Train Loss: 0.4034342 Vali Loss: 0.8742814 Test Loss: 0.4702358
EarlyStopping counter: 1 out of 3
Updating learning rate to 0.0025
	iters: 100, epoch: 3 | loss: 0.4230123
	speed: 0.0815s/iter; left time: 156.8825s
	iters: 200, epoch: 3 | loss: 0.3730423
	speed: 0.0059s/iter; left time: 10.7483s
Epoch: 3 cost time: 3.6943154335021973
Epoch: 3, Steps: 253 | Train Loss: 0.3765746 Vali Loss: 0.8857040 Test Loss: 0.4446315
EarlyStopping counter: 2 out of 3
Updating learning rate to 0.00125
	iters: 100, epoch: 4 | loss: 0.3433570
	speed: 0.0767s/iter; left time: 128.2146s
	iters: 200, epoch: 4 | loss: 0.3193609
	speed: 0.0054s/iter; left time: 8.5548s
Epoch: 4 cost time: 3.344149351119995
Epoch: 4, Steps: 253 | Train Loss: 0.3631330 Vali Loss: 0.8743004 Test Loss: 0.4445476
EarlyStopping counter: 3 out of 3
Early stopping
>>>>>>>testing : ETTh1_336_192_DLinear_ETTh1_ftM_sl336_ll48_pl192_dm512_nh8_el2_dl1_df2048_fc1_ebtimeF_dtTrue_Exp_0<<<<<<<<<<<<<<<<<<<<<<<<<<<<<<<<<
test 2689
mse:0.5059836506843567, mae:0.5026187896728516
