Args in experiment:
Namespace(ver='TS', is_training=1, model_id='mirae_Linear', model='DLinear', data='mirae', root_path='./data/ETT/', data_path='ETTh1.csv', features='M', target='OT', freq='h', checkpoints='./checkpoints/', seq_len=72, label_len=48, pred_len=12, individual=False, embed_type=0, enc_in=7, dec_in=7, c_out=7, d_model=512, n_heads=8, e_layers=2, d_layers=1, d_ff=2048, moving_avg=25, factor=1, distil=True, dropout=0.05, embed='timeF', activation='gelu', output_attention=False, do_predict=False, num_workers=10, itr=1, train_epochs=20, batch_size=32, patience=3, learning_rate=0.005, des='Exp', loss='mse', lradj='type1', use_amp=False, use_gpu=True, gpu=0, use_multi_gpu=False, devices='0,1,2,3', test_flop=False)
Use GPU: cuda:0
>>>>>>>start training : mirae_Linear_DLinear_mirae_ftM_sl72_ll48_pl12_dm512_nh8_el2_dl1_df2048_fc1_ebtimeF_dtTrue_Exp_0>>>>>>>>>>>>>>>>>>>>>>>>>>
train 4552
val 975
test 976
	iters: 100, epoch: 1 | loss: 0.0105666
	speed: 0.0476s/iter; left time: 130.4694s
Epoch: 1 cost time: 5.415579795837402
Epoch: 1, Steps: 142 | Train Loss: 0.0244415 Vali Loss: 0.0027944 Test Loss: 0.0033148
Validation loss decreased (inf --> 0.002794).  Saving model ...
Updating learning rate to 0.005
	iters: 100, epoch: 2 | loss: 0.0070408
	speed: 0.0501s/iter; left time: 130.1463s
Epoch: 2 cost time: 2.7114930152893066
Epoch: 2, Steps: 142 | Train Loss: 0.0075613 Vali Loss: 0.0022233 Test Loss: 0.0024513
Validation loss decreased (0.002794 --> 0.002223).  Saving model ...
Updating learning rate to 0.0025
	iters: 100, epoch: 3 | loss: 0.0076050
	speed: 0.0401s/iter; left time: 98.5105s
Epoch: 3 cost time: 2.2587239742279053
Epoch: 3, Steps: 142 | Train Loss: 0.0062702 Vali Loss: 0.0018683 Test Loss: 0.0022686
Validation loss decreased (0.002223 --> 0.001868).  Saving model ...
Updating learning rate to 0.00125
	iters: 100, epoch: 4 | loss: 0.0047694
	speed: 0.0480s/iter; left time: 111.1784s
Epoch: 4 cost time: 2.8187460899353027
Epoch: 4, Steps: 142 | Train Loss: 0.0059075 Vali Loss: 0.0019285 Test Loss: 0.0023160
EarlyStopping counter: 1 out of 3
Updating learning rate to 0.000625
	iters: 100, epoch: 5 | loss: 0.0050612
	speed: 0.0465s/iter; left time: 101.0706s
Epoch: 5 cost time: 2.752782106399536
Epoch: 5, Steps: 142 | Train Loss: 0.0057496 Vali Loss: 0.0018169 Test Loss: 0.0022637
Validation loss decreased (0.001868 --> 0.001817).  Saving model ...
Updating learning rate to 0.0003125
	iters: 100, epoch: 6 | loss: 0.0059918
	speed: 0.0468s/iter; left time: 95.0917s
Epoch: 6 cost time: 2.589754819869995
Epoch: 6, Steps: 142 | Train Loss: 0.0056578 Vali Loss: 0.0018630 Test Loss: 0.0022461
EarlyStopping counter: 1 out of 3
Updating learning rate to 0.00015625
	iters: 100, epoch: 7 | loss: 0.0035244
	speed: 0.0471s/iter; left time: 88.9855s
Epoch: 7 cost time: 2.7562921047210693
Epoch: 7, Steps: 142 | Train Loss: 0.0056271 Vali Loss: 0.0018133 Test Loss: 0.0022363
Validation loss decreased (0.001817 --> 0.001813).  Saving model ...
Updating learning rate to 7.8125e-05
	iters: 100, epoch: 8 | loss: 0.0026428
	speed: 0.0482s/iter; left time: 84.2036s
Epoch: 8 cost time: 2.678335189819336
Epoch: 8, Steps: 142 | Train Loss: 0.0056054 Vali Loss: 0.0017997 Test Loss: 0.0022250
Validation loss decreased (0.001813 --> 0.001800).  Saving model ...
Updating learning rate to 3.90625e-05
	iters: 100, epoch: 9 | loss: 0.0067227
	speed: 0.0489s/iter; left time: 78.4366s
Epoch: 9 cost time: 2.8885269165039062
Epoch: 9, Steps: 142 | Train Loss: 0.0055931 Vali Loss: 0.0018096 Test Loss: 0.0022261
EarlyStopping counter: 1 out of 3
Updating learning rate to 1.953125e-05
	iters: 100, epoch: 10 | loss: 0.0068765
	speed: 0.0478s/iter; left time: 69.9992s
Epoch: 10 cost time: 2.6599862575531006
Epoch: 10, Steps: 142 | Train Loss: 0.0055854 Vali Loss: 0.0017867 Test Loss: 0.0022249
Validation loss decreased (0.001800 --> 0.001787).  Saving model ...
Updating learning rate to 9.765625e-06
	iters: 100, epoch: 11 | loss: 0.0083379
	speed: 0.0443s/iter; left time: 58.5014s
Epoch: 11 cost time: 2.701545476913452
Epoch: 11, Steps: 142 | Train Loss: 0.0055821 Vali Loss: 0.0018066 Test Loss: 0.0022256
EarlyStopping counter: 1 out of 3
Updating learning rate to 4.8828125e-06
	iters: 100, epoch: 12 | loss: 0.0043525
	speed: 0.0458s/iter; left time: 53.9873s
Epoch: 12 cost time: 2.6150612831115723
Epoch: 12, Steps: 142 | Train Loss: 0.0055704 Vali Loss: 0.0018100 Test Loss: 0.0022253
EarlyStopping counter: 2 out of 3
Updating learning rate to 2.44140625e-06
	iters: 100, epoch: 13 | loss: 0.0030434
	speed: 0.0454s/iter; left time: 47.1304s
Epoch: 13 cost time: 2.4656119346618652
Epoch: 13, Steps: 142 | Train Loss: 0.0055805 Vali Loss: 0.0017961 Test Loss: 0.0022249
EarlyStopping counter: 3 out of 3
Early stopping
>>>>>>>testing : mirae_Linear_DLinear_mirae_ftM_sl72_ll48_pl12_dm512_nh8_el2_dl1_df2048_fc1_ebtimeF_dtTrue_Exp_0<<<<<<<<<<<<<<<<<<<<<<<<<<<<<<<<<
test 976
mse:0.002224865136668086, mae:0.03487131744623184
