Args in experiment:
Namespace(ver='TS', is_training=1, model_id='mirae_Linear', model='DLinear', data='mirae', root_path='./data/ETT/', data_path='ETTh1.csv', features='M', target='OT', freq='h', checkpoints='./checkpoints/', seq_len=72, label_len=48, pred_len=12, individual=False, embed_type=0, enc_in=7, dec_in=7, c_out=7, d_model=512, n_heads=8, e_layers=2, d_layers=1, d_ff=2048, moving_avg=25, factor=1, distil=True, dropout=0.05, embed='timeF', activation='gelu', output_attention=False, do_predict=False, num_workers=10, itr=1, train_epochs=20, batch_size=32, patience=3, learning_rate=0.005, des='Exp', loss='mse', lradj='type1', use_amp=False, use_gpu=True, gpu=0, use_multi_gpu=False, devices='0,1,2,3', test_flop=False)
Use GPU: cuda:0
>>>>>>>start training : mirae_Linear_DLinear_mirae_ftM_sl72_ll48_pl12_dm512_nh8_el2_dl1_df2048_fc1_ebtimeF_dtTrue_Exp_0>>>>>>>>>>>>>>>>>>>>>>>>>>
train 4552
val 975
test 976
	iters: 100, epoch: 1 | loss: 0.0075859
	speed: 0.0294s/iter; left time: 80.5599s
Epoch: 1 cost time: 3.255842924118042
Epoch: 1, Steps: 142 | Train Loss: 0.0134757 Vali Loss: 0.0027811 Test Loss: 0.0026604
Validation loss decreased (inf --> 0.002781).  Saving model ...
Updating learning rate to 0.005
	iters: 100, epoch: 2 | loss: 0.0064078
	speed: 0.0378s/iter; left time: 98.1658s
Epoch: 2 cost time: 1.8402197360992432
Epoch: 2, Steps: 142 | Train Loss: 0.0074568 Vali Loss: 0.0022437 Test Loss: 0.0020295
Validation loss decreased (0.002781 --> 0.002244).  Saving model ...
Updating learning rate to 0.0025
	iters: 100, epoch: 3 | loss: 0.0058129
	speed: 0.0389s/iter; left time: 95.6652s
Epoch: 3 cost time: 1.9059126377105713
Epoch: 3, Steps: 142 | Train Loss: 0.0064021 Vali Loss: 0.0027173 Test Loss: 0.0022121
EarlyStopping counter: 1 out of 3
Updating learning rate to 0.00125
	iters: 100, epoch: 4 | loss: 0.0067374
	speed: 0.0409s/iter; left time: 94.7272s
Epoch: 4 cost time: 1.8979332447052002
Epoch: 4, Steps: 142 | Train Loss: 0.0060049 Vali Loss: 0.0017862 Test Loss: 0.0016911
Validation loss decreased (0.002244 --> 0.001786).  Saving model ...
Updating learning rate to 0.000625
	iters: 100, epoch: 5 | loss: 0.0037093
	speed: 0.0401s/iter; left time: 87.1493s
Epoch: 5 cost time: 1.918116569519043
Epoch: 5, Steps: 142 | Train Loss: 0.0056272 Vali Loss: 0.0018145 Test Loss: 0.0017242
EarlyStopping counter: 1 out of 3
Updating learning rate to 0.0003125
	iters: 100, epoch: 6 | loss: 0.0051367
	speed: 0.0403s/iter; left time: 81.7966s
Epoch: 6 cost time: 1.9751453399658203
Epoch: 6, Steps: 142 | Train Loss: 0.0054251 Vali Loss: 0.0018241 Test Loss: 0.0016807
EarlyStopping counter: 2 out of 3
Updating learning rate to 0.00015625
	iters: 100, epoch: 7 | loss: 0.0033517
	speed: 0.0402s/iter; left time: 75.9596s
Epoch: 7 cost time: 1.9767234325408936
Epoch: 7, Steps: 142 | Train Loss: 0.0053746 Vali Loss: 0.0017748 Test Loss: 0.0016434
Validation loss decreased (0.001786 --> 0.001775).  Saving model ...
Updating learning rate to 7.8125e-05
	iters: 100, epoch: 8 | loss: 0.0015877
	speed: 0.0403s/iter; left time: 70.4227s
Epoch: 8 cost time: 1.8327136039733887
Epoch: 8, Steps: 142 | Train Loss: 0.0053443 Vali Loss: 0.0017359 Test Loss: 0.0016235
Validation loss decreased (0.001775 --> 0.001736).  Saving model ...
Updating learning rate to 3.90625e-05
	iters: 100, epoch: 9 | loss: 0.0057301
	speed: 0.0387s/iter; left time: 62.1395s
Epoch: 9 cost time: 1.7839388847351074
Epoch: 9, Steps: 142 | Train Loss: 0.0053264 Vali Loss: 0.0017405 Test Loss: 0.0016177
EarlyStopping counter: 1 out of 3
Updating learning rate to 1.953125e-05
	iters: 100, epoch: 10 | loss: 0.0074781
	speed: 0.0395s/iter; left time: 57.7947s
Epoch: 10 cost time: 1.945702075958252
Epoch: 10, Steps: 142 | Train Loss: 0.0053066 Vali Loss: 0.0017690 Test Loss: 0.0016466
EarlyStopping counter: 2 out of 3
Updating learning rate to 9.765625e-06
	iters: 100, epoch: 11 | loss: 0.0062340
	speed: 0.0389s/iter; left time: 51.3657s
Epoch: 11 cost time: 1.8143389225006104
Epoch: 11, Steps: 142 | Train Loss: 0.0053075 Vali Loss: 0.0017823 Test Loss: 0.0016447
EarlyStopping counter: 3 out of 3
Early stopping
>>>>>>>testing : mirae_Linear_DLinear_mirae_ftM_sl72_ll48_pl12_dm512_nh8_el2_dl1_df2048_fc1_ebtimeF_dtTrue_Exp_0<<<<<<<<<<<<<<<<<<<<<<<<<<<<<<<<<
test 976
mse:0.0016235430957749486, mae:0.02885342389345169
