Args in experiment:
Namespace(ver='TS', is_training=1, model_id='mirae_Linear', model='DLinear', data='mirae', root_path='./data/ETT/', data_path='ETTh1.csv', features='M', target='OT', freq='h', checkpoints='./checkpoints/', seq_len=72, label_len=48, pred_len=12, individual=False, embed_type=0, enc_in=7, dec_in=7, c_out=7, d_model=512, n_heads=8, e_layers=2, d_layers=1, d_ff=2048, moving_avg=25, factor=1, distil=True, dropout=0.05, embed='timeF', activation='gelu', output_attention=False, do_predict=False, num_workers=10, itr=1, train_epochs=20, batch_size=32, patience=3, learning_rate=0.005, des='Exp', loss='mse', lradj='type1', use_amp=False, use_gpu=True, gpu=0, use_multi_gpu=False, devices='0,1,2,3', test_flop=False)
Use GPU: cuda:0
>>>>>>>start training : mirae_Linear_DLinear_mirae_ftM_sl72_ll48_pl12_dm512_nh8_el2_dl1_df2048_fc1_ebtimeF_dtTrue_Exp_0>>>>>>>>>>>>>>>>>>>>>>>>>>
train 4552
val 975
test 976
	iters: 100, epoch: 1 | loss: 0.0060014
	speed: 0.0487s/iter; left time: 133.3624s
Epoch: 1 cost time: 5.1977739334106445
Epoch: 1, Steps: 142 | Train Loss: 0.0210309 Vali Loss: 0.0020495 Test Loss: 0.0028482
Validation loss decreased (inf --> 0.002050).  Saving model ...
Updating learning rate to 0.005
	iters: 100, epoch: 2 | loss: 0.0069435
	speed: 0.0431s/iter; left time: 112.0854s
Epoch: 2 cost time: 2.494493246078491
Epoch: 2, Steps: 142 | Train Loss: 0.0057821 Vali Loss: 0.0015171 Test Loss: 0.0020081
Validation loss decreased (0.002050 --> 0.001517).  Saving model ...
Updating learning rate to 0.0025
	iters: 100, epoch: 3 | loss: 0.0042808
	speed: 0.0531s/iter; left time: 130.4894s
Epoch: 3 cost time: 3.112623929977417
Epoch: 3, Steps: 142 | Train Loss: 0.0045778 Vali Loss: 0.0013302 Test Loss: 0.0018490
Validation loss decreased (0.001517 --> 0.001330).  Saving model ...
Updating learning rate to 0.00125
	iters: 100, epoch: 4 | loss: 0.0040105
	speed: 0.0450s/iter; left time: 104.0906s
Epoch: 4 cost time: 1.7999775409698486
Epoch: 4, Steps: 142 | Train Loss: 0.0042511 Vali Loss: 0.0012231 Test Loss: 0.0017235
Validation loss decreased (0.001330 --> 0.001223).  Saving model ...
Updating learning rate to 0.000625
	iters: 100, epoch: 5 | loss: 0.0033169
	speed: 0.0355s/iter; left time: 77.2272s
Epoch: 5 cost time: 1.7249975204467773
Epoch: 5, Steps: 142 | Train Loss: 0.0041051 Vali Loss: 0.0011977 Test Loss: 0.0016935
Validation loss decreased (0.001223 --> 0.001198).  Saving model ...
Updating learning rate to 0.0003125
	iters: 100, epoch: 6 | loss: 0.0032940
	speed: 0.0375s/iter; left time: 76.1293s
Epoch: 6 cost time: 1.9396264553070068
Epoch: 6, Steps: 142 | Train Loss: 0.0040177 Vali Loss: 0.0012031 Test Loss: 0.0016770
EarlyStopping counter: 1 out of 3
Updating learning rate to 0.00015625
	iters: 100, epoch: 7 | loss: 0.0024014
	speed: 0.0333s/iter; left time: 62.8913s
Epoch: 7 cost time: 1.7726356983184814
Epoch: 7, Steps: 142 | Train Loss: 0.0039954 Vali Loss: 0.0011854 Test Loss: 0.0016661
Validation loss decreased (0.001198 --> 0.001185).  Saving model ...
Updating learning rate to 7.8125e-05
	iters: 100, epoch: 8 | loss: 0.0014642
	speed: 0.0463s/iter; left time: 80.8127s
Epoch: 8 cost time: 3.0504887104034424
Epoch: 8, Steps: 142 | Train Loss: 0.0039776 Vali Loss: 0.0011789 Test Loss: 0.0016605
Validation loss decreased (0.001185 --> 0.001179).  Saving model ...
Updating learning rate to 3.90625e-05
	iters: 100, epoch: 9 | loss: 0.0045148
	speed: 0.0531s/iter; left time: 85.2856s
Epoch: 9 cost time: 2.885425567626953
Epoch: 9, Steps: 142 | Train Loss: 0.0039698 Vali Loss: 0.0011879 Test Loss: 0.0016623
EarlyStopping counter: 1 out of 3
Updating learning rate to 1.953125e-05
	iters: 100, epoch: 10 | loss: 0.0054454
	speed: 0.0515s/iter; left time: 75.4126s
Epoch: 10 cost time: 2.9128940105438232
Epoch: 10, Steps: 142 | Train Loss: 0.0039615 Vali Loss: 0.0011834 Test Loss: 0.0016615
EarlyStopping counter: 2 out of 3
Updating learning rate to 9.765625e-06
	iters: 100, epoch: 11 | loss: 0.0037687
	speed: 0.0531s/iter; left time: 70.1866s
Epoch: 11 cost time: 2.960038900375366
Epoch: 11, Steps: 142 | Train Loss: 0.0039611 Vali Loss: 0.0011884 Test Loss: 0.0016610
EarlyStopping counter: 3 out of 3
Early stopping
>>>>>>>testing : mirae_Linear_DLinear_mirae_ftM_sl72_ll48_pl12_dm512_nh8_el2_dl1_df2048_fc1_ebtimeF_dtTrue_Exp_0<<<<<<<<<<<<<<<<<<<<<<<<<<<<<<<<<
test 976
mse:0.0016605304554104805, mae:0.028252042829990387
