Args in experiment:
Namespace(ver='TS', is_training=1, model_id='mirae_Linear', model='DLinear', data='mirae', root_path='./data/ETT/', data_path='ETTh1.csv', features='M', target='OT', freq='h', checkpoints='./checkpoints/', seq_len=72, label_len=48, pred_len=12, individual=False, embed_type=0, enc_in=7, dec_in=7, c_out=7, d_model=512, n_heads=8, e_layers=2, d_layers=1, d_ff=2048, moving_avg=25, factor=1, distil=True, dropout=0.05, embed='timeF', activation='gelu', output_attention=False, do_predict=False, num_workers=10, itr=1, train_epochs=20, batch_size=32, patience=3, learning_rate=0.005, des='Exp', loss='mse', lradj='type1', use_amp=False, use_gpu=True, gpu=0, use_multi_gpu=False, devices='0,1,2,3', test_flop=False)
Use GPU: cuda:0
>>>>>>>start training : mirae_Linear_DLinear_mirae_ftM_sl72_ll48_pl12_dm512_nh8_el2_dl1_df2048_fc1_ebtimeF_dtTrue_Exp_0>>>>>>>>>>>>>>>>>>>>>>>>>>
train 4552
val 975
test 976
	iters: 100, epoch: 1 | loss: 0.0041109
	speed: 0.0302s/iter; left time: 82.6550s
Epoch: 1 cost time: 3.3906116485595703
Epoch: 1, Steps: 142 | Train Loss: 0.0127995 Vali Loss: 0.0022099 Test Loss: 0.0020633
Validation loss decreased (inf --> 0.002210).  Saving model ...
Updating learning rate to 0.005
	iters: 100, epoch: 2 | loss: 0.0062698
	speed: 0.0391s/iter; left time: 101.6959s
Epoch: 2 cost time: 1.9468011856079102
Epoch: 2, Steps: 142 | Train Loss: 0.0060403 Vali Loss: 0.0018224 Test Loss: 0.0018008
Validation loss decreased (0.002210 --> 0.001822).  Saving model ...
Updating learning rate to 0.0025
	iters: 100, epoch: 3 | loss: 0.0051884
	speed: 0.0348s/iter; left time: 85.5582s
Epoch: 3 cost time: 1.614847183227539
Epoch: 3, Steps: 142 | Train Loss: 0.0052407 Vali Loss: 0.0022869 Test Loss: 0.0019279
EarlyStopping counter: 1 out of 3
Updating learning rate to 0.00125
	iters: 100, epoch: 4 | loss: 0.0056688
	speed: 0.0375s/iter; left time: 86.9084s
Epoch: 4 cost time: 1.7908763885498047
Epoch: 4, Steps: 142 | Train Loss: 0.0049480 Vali Loss: 0.0017012 Test Loss: 0.0016829
Validation loss decreased (0.001822 --> 0.001701).  Saving model ...
Updating learning rate to 0.000625
	iters: 100, epoch: 5 | loss: 0.0029712
	speed: 0.0394s/iter; left time: 85.5952s
Epoch: 5 cost time: 1.9553673267364502
Epoch: 5, Steps: 142 | Train Loss: 0.0047927 Vali Loss: 0.0017083 Test Loss: 0.0016926
EarlyStopping counter: 1 out of 3
Updating learning rate to 0.0003125
	iters: 100, epoch: 6 | loss: 0.0041148
	speed: 0.0349s/iter; left time: 70.9387s
Epoch: 6 cost time: 1.620159387588501
Epoch: 6, Steps: 142 | Train Loss: 0.0047099 Vali Loss: 0.0017658 Test Loss: 0.0017055
EarlyStopping counter: 2 out of 3
Updating learning rate to 0.00015625
	iters: 100, epoch: 7 | loss: 0.0031173
	speed: 0.0388s/iter; left time: 73.2277s
Epoch: 7 cost time: 2.0415475368499756
Epoch: 7, Steps: 142 | Train Loss: 0.0046970 Vali Loss: 0.0017427 Test Loss: 0.0016817
EarlyStopping counter: 3 out of 3
Early stopping
>>>>>>>testing : mirae_Linear_DLinear_mirae_ftM_sl72_ll48_pl12_dm512_nh8_el2_dl1_df2048_fc1_ebtimeF_dtTrue_Exp_0<<<<<<<<<<<<<<<<<<<<<<<<<<<<<<<<<
test 976
mse:0.0016828584484755993, mae:0.028832148760557175
