Args in experiment:
Namespace(ver='TPE', is_training=1, model_id='ETTh1_336_192', model='DLinear', data='ETTh1', root_path='/nas/datahub/ETT/', data_path='ETTh1.csv', features='M', target='OT', freq='h', checkpoints='./checkpoints/', seq_len=336, label_len=48, pred_len=192, individual=False, embed_type=0, enc_in=7, dec_in=7, c_out=7, d_model=512, n_heads=8, e_layers=2, d_layers=1, d_ff=2048, moving_avg=25, factor=1, distil=True, dropout=0.05, embed='timeF', activation='gelu', output_attention=False, do_predict=False, num_workers=10, itr=1, train_epochs=10, batch_size=32, patience=3, learning_rate=0.005, des='Exp', loss='mse', lradj='type1', use_amp=False, use_gpu=True, gpu=0, use_multi_gpu=False, devices='0,1,2,3', test_flop=False)
Use GPU: cuda:0
>>>>>>>start training : ETTh1_336_192_DLinear_ETTh1_ftM_sl336_ll48_pl192_dm512_nh8_el2_dl1_df2048_fc1_ebtimeF_dtTrue_Exp_0>>>>>>>>>>>>>>>>>>>>>>>>>>
train 8113
val 2689
test 2689
	iters: 100, epoch: 1 | loss: 0.5205936
	speed: 0.0327s/iter; left time: 79.3964s
	iters: 200, epoch: 1 | loss: 0.4721399
	speed: 0.0073s/iter; left time: 16.9942s
Epoch: 1 cost time: 4.387166738510132
Epoch: 1, Steps: 253 | Train Loss: 0.5961854 Vali Loss: 0.8800144 Test Loss: 0.4774124
Validation loss decreased (inf --> 0.880014).  Saving model ...
Updating learning rate to 0.005
	iters: 100, epoch: 2 | loss: 0.3981585
	speed: 0.0482s/iter; left time: 104.8794s
	iters: 200, epoch: 2 | loss: 0.4421615
	speed: 0.0055s/iter; left time: 11.5057s
Epoch: 2 cost time: 2.4876904487609863
Epoch: 2, Steps: 253 | Train Loss: 0.4233824 Vali Loss: 0.9569142 Test Loss: 0.4925171
EarlyStopping counter: 1 out of 3
Updating learning rate to 0.0025
	iters: 100, epoch: 3 | loss: 0.3982308
	speed: 0.0491s/iter; left time: 94.4465s
	iters: 200, epoch: 3 | loss: 0.4047320
	speed: 0.0062s/iter; left time: 11.2250s
Epoch: 3 cost time: 2.666626214981079
Epoch: 3, Steps: 253 | Train Loss: 0.3941787 Vali Loss: 0.8689996 Test Loss: 0.4376626
Validation loss decreased (0.880014 --> 0.869000).  Saving model ...
Updating learning rate to 0.00125
	iters: 100, epoch: 4 | loss: 0.3787851
	speed: 0.0491s/iter; left time: 82.1004s
	iters: 200, epoch: 4 | loss: 0.3934053
	speed: 0.0054s/iter; left time: 8.4185s
Epoch: 4 cost time: 2.5793800354003906
Epoch: 4, Steps: 253 | Train Loss: 0.3805179 Vali Loss: 0.8480555 Test Loss: 0.4327451
Validation loss decreased (0.869000 --> 0.848056).  Saving model ...
Updating learning rate to 0.000625
	iters: 100, epoch: 5 | loss: 0.3522577
	speed: 0.0495s/iter; left time: 70.3040s
	iters: 200, epoch: 5 | loss: 0.3914033
	speed: 0.0064s/iter; left time: 8.3965s
Epoch: 5 cost time: 2.7181613445281982
Epoch: 5, Steps: 253 | Train Loss: 0.3733393 Vali Loss: 0.8661081 Test Loss: 0.4234824
EarlyStopping counter: 1 out of 3
Updating learning rate to 0.0003125
	iters: 100, epoch: 6 | loss: 0.3433066
	speed: 0.0492s/iter; left time: 57.4060s
	iters: 200, epoch: 6 | loss: 0.3941601
	speed: 0.0056s/iter; left time: 5.9768s
Epoch: 6 cost time: 2.4885644912719727
Epoch: 6, Steps: 253 | Train Loss: 0.3694597 Vali Loss: 0.8442752 Test Loss: 0.4229167
Validation loss decreased (0.848056 --> 0.844275).  Saving model ...
Updating learning rate to 0.00015625
	iters: 100, epoch: 7 | loss: 0.4231710
	speed: 0.0493s/iter; left time: 45.0289s
	iters: 200, epoch: 7 | loss: 0.3829634
	speed: 0.0065s/iter; left time: 5.2740s
Epoch: 7 cost time: 2.676872968673706
Epoch: 7, Steps: 253 | Train Loss: 0.3666683 Vali Loss: 0.8517600 Test Loss: 0.4202198
EarlyStopping counter: 1 out of 3
Updating learning rate to 7.8125e-05
	iters: 100, epoch: 8 | loss: 0.4735318
	speed: 0.0490s/iter; left time: 32.3247s
	iters: 200, epoch: 8 | loss: 0.4138286
	speed: 0.0067s/iter; left time: 3.7539s
Epoch: 8 cost time: 2.64224910736084
Epoch: 8, Steps: 253 | Train Loss: 0.3652290 Vali Loss: 0.8556260 Test Loss: 0.4187807
EarlyStopping counter: 2 out of 3
Updating learning rate to 3.90625e-05
	iters: 100, epoch: 9 | loss: 0.3741817
	speed: 0.0496s/iter; left time: 20.1992s
	iters: 200, epoch: 9 | loss: 0.3586318
	speed: 0.0062s/iter; left time: 1.8941s
Epoch: 9 cost time: 2.6478676795959473
Epoch: 9, Steps: 253 | Train Loss: 0.3644163 Vali Loss: 0.8474921 Test Loss: 0.4202717
EarlyStopping counter: 3 out of 3
Early stopping
>>>>>>>testing : ETTh1_336_192_DLinear_ETTh1_ftM_sl336_ll48_pl192_dm512_nh8_el2_dl1_df2048_fc1_ebtimeF_dtTrue_Exp_0<<<<<<<<<<<<<<<<<<<<<<<<<<<<<<<<<
test 2689
mse:0.4229164719581604, mae:0.4348732531070709
