Args in experiment:
Namespace(ver='TS', is_training=1, model_id='mirae_Linear', model='DLinear', data='mirae', root_path='./data/ETT/', data_path='ETTh1.csv', features='M', target='OT', freq='h', checkpoints='./checkpoints/', seq_len=72, label_len=48, pred_len=12, individual=False, embed_type=0, enc_in=7, dec_in=7, c_out=7, d_model=512, n_heads=8, e_layers=2, d_layers=1, d_ff=2048, moving_avg=25, factor=1, distil=True, dropout=0.05, embed='timeF', activation='gelu', output_attention=False, do_predict=False, num_workers=10, itr=1, train_epochs=20, batch_size=32, patience=3, learning_rate=0.005, des='Exp', loss='mse', lradj='type1', use_amp=False, use_gpu=True, gpu=0, use_multi_gpu=False, devices='0,1,2,3', test_flop=False)
Use GPU: cuda:0
>>>>>>>start training : mirae_Linear_DLinear_mirae_ftM_sl72_ll48_pl12_dm512_nh8_el2_dl1_df2048_fc1_ebtimeF_dtTrue_Exp_0>>>>>>>>>>>>>>>>>>>>>>>>>>
train 4552
val 975
test 976
	iters: 100, epoch: 1 | loss: 0.0055507
	speed: 0.0462s/iter; left time: 126.6235s
Epoch: 1 cost time: 5.206882953643799
Epoch: 1, Steps: 142 | Train Loss: 0.0209052 Vali Loss: 0.0021358 Test Loss: 0.0025940
Validation loss decreased (inf --> 0.002136).  Saving model ...
Updating learning rate to 0.005
	iters: 100, epoch: 2 | loss: 0.0079801
	speed: 0.0506s/iter; left time: 131.4827s
Epoch: 2 cost time: 2.661594867706299
Epoch: 2, Steps: 142 | Train Loss: 0.0057973 Vali Loss: 0.0016909 Test Loss: 0.0020982
Validation loss decreased (0.002136 --> 0.001691).  Saving model ...
Updating learning rate to 0.0025
	iters: 100, epoch: 3 | loss: 0.0044497
	speed: 0.0490s/iter; left time: 120.2780s
Epoch: 3 cost time: 2.7364447116851807
Epoch: 3, Steps: 142 | Train Loss: 0.0046504 Vali Loss: 0.0015647 Test Loss: 0.0020836
Validation loss decreased (0.001691 --> 0.001565).  Saving model ...
Updating learning rate to 0.00125
	iters: 100, epoch: 4 | loss: 0.0039572
	speed: 0.0536s/iter; left time: 124.0470s
Epoch: 4 cost time: 2.9747588634490967
Epoch: 4, Steps: 142 | Train Loss: 0.0044088 Vali Loss: 0.0014842 Test Loss: 0.0019962
Validation loss decreased (0.001565 --> 0.001484).  Saving model ...
Updating learning rate to 0.000625
	iters: 100, epoch: 5 | loss: 0.0031899
	speed: 0.0417s/iter; left time: 90.5549s
Epoch: 5 cost time: 1.921095848083496
Epoch: 5, Steps: 142 | Train Loss: 0.0042810 Vali Loss: 0.0014447 Test Loss: 0.0019865
Validation loss decreased (0.001484 --> 0.001445).  Saving model ...
Updating learning rate to 0.0003125
	iters: 100, epoch: 6 | loss: 0.0037500
	speed: 0.0415s/iter; left time: 84.2554s
Epoch: 6 cost time: 1.8840336799621582
Epoch: 6, Steps: 142 | Train Loss: 0.0042049 Vali Loss: 0.0014526 Test Loss: 0.0019648
EarlyStopping counter: 1 out of 3
Updating learning rate to 0.00015625
	iters: 100, epoch: 7 | loss: 0.0026556
	speed: 0.0418s/iter; left time: 78.8862s
Epoch: 7 cost time: 1.9680256843566895
Epoch: 7, Steps: 142 | Train Loss: 0.0041837 Vali Loss: 0.0014101 Test Loss: 0.0019445
Validation loss decreased (0.001445 --> 0.001410).  Saving model ...
Updating learning rate to 7.8125e-05
	iters: 100, epoch: 8 | loss: 0.0017882
	speed: 0.0519s/iter; left time: 90.7247s
Epoch: 8 cost time: 2.9005706310272217
Epoch: 8, Steps: 142 | Train Loss: 0.0041642 Vali Loss: 0.0013991 Test Loss: 0.0019356
Validation loss decreased (0.001410 --> 0.001399).  Saving model ...
Updating learning rate to 3.90625e-05
	iters: 100, epoch: 9 | loss: 0.0052222
	speed: 0.0530s/iter; left time: 85.0729s
Epoch: 9 cost time: 2.908392906188965
Epoch: 9, Steps: 142 | Train Loss: 0.0041558 Vali Loss: 0.0014078 Test Loss: 0.0019402
EarlyStopping counter: 1 out of 3
Updating learning rate to 1.953125e-05
	iters: 100, epoch: 10 | loss: 0.0057569
	speed: 0.0520s/iter; left time: 76.1224s
Epoch: 10 cost time: 2.7743213176727295
Epoch: 10, Steps: 142 | Train Loss: 0.0041477 Vali Loss: 0.0014001 Test Loss: 0.0019392
EarlyStopping counter: 2 out of 3
Updating learning rate to 9.765625e-06
	iters: 100, epoch: 11 | loss: 0.0041538
	speed: 0.0550s/iter; left time: 72.6396s
Epoch: 11 cost time: 2.8907153606414795
Epoch: 11, Steps: 142 | Train Loss: 0.0041461 Vali Loss: 0.0014082 Test Loss: 0.0019393
EarlyStopping counter: 3 out of 3
Early stopping
>>>>>>>testing : mirae_Linear_DLinear_mirae_ftM_sl72_ll48_pl12_dm512_nh8_el2_dl1_df2048_fc1_ebtimeF_dtTrue_Exp_0<<<<<<<<<<<<<<<<<<<<<<<<<<<<<<<<<
test 976
mse:0.0019356306875124574, mae:0.031150246039032936
