Args in experiment:
Namespace(ver='TWM', is_training=1, model_id='mirae_Linear', model='DLinear', data='mirae', root_path='./data/ETT/', data_path='ETTh1.csv', features='M', target='OT', freq='h', checkpoints='./checkpoints/', seq_len=72, label_len=48, pred_len=12, individual=False, embed_type=0, enc_in=7, dec_in=7, c_out=7, d_model=512, n_heads=8, e_layers=2, d_layers=1, d_ff=2048, moving_avg=25, factor=1, distil=True, dropout=0.05, embed='timeF', activation='gelu', output_attention=False, do_predict=False, num_workers=10, itr=1, train_epochs=20, batch_size=32, patience=3, learning_rate=0.005, des='Exp', loss='mse', lradj='type1', use_amp=False, use_gpu=True, gpu=0, use_multi_gpu=False, devices='0,1,2,3', test_flop=False)
Use GPU: cuda:0
>>>>>>>start training : mirae_Linear_DLinear_mirae_ftM_sl72_ll48_pl12_dm512_nh8_el2_dl1_df2048_fc1_ebtimeF_dtTrue_Exp_0>>>>>>>>>>>>>>>>>>>>>>>>>>
train 4552
val 975
test 976
	iters: 100, epoch: 1 | loss: 0.0235530
	speed: 0.0286s/iter; left time: 78.4042s
Epoch: 1 cost time: 3.212881326675415
Epoch: 1, Steps: 142 | Train Loss: 0.0340460 Vali Loss: 0.0080949 Test Loss: 0.0119927
Validation loss decreased (inf --> 0.008095).  Saving model ...
Updating learning rate to 0.005
	iters: 100, epoch: 2 | loss: 0.0070883
	speed: 0.0410s/iter; left time: 106.6494s
Epoch: 2 cost time: 1.9459638595581055
Epoch: 2, Steps: 142 | Train Loss: 0.0100827 Vali Loss: 0.0021186 Test Loss: 0.0027815
Validation loss decreased (0.008095 --> 0.002119).  Saving model ...
Updating learning rate to 0.0025
	iters: 100, epoch: 3 | loss: 0.0076352
	speed: 0.0431s/iter; left time: 105.9168s
Epoch: 3 cost time: 1.9760370254516602
Epoch: 3, Steps: 142 | Train Loss: 0.0058723 Vali Loss: 0.0016315 Test Loss: 0.0022518
Validation loss decreased (0.002119 --> 0.001632).  Saving model ...
Updating learning rate to 0.00125
	iters: 100, epoch: 4 | loss: 0.0046032
	speed: 0.0430s/iter; left time: 99.4800s
Epoch: 4 cost time: 2.160717487335205
Epoch: 4, Steps: 142 | Train Loss: 0.0050265 Vali Loss: 0.0015340 Test Loss: 0.0021142
Validation loss decreased (0.001632 --> 0.001534).  Saving model ...
Updating learning rate to 0.000625
	iters: 100, epoch: 5 | loss: 0.0034239
	speed: 0.0411s/iter; left time: 89.3978s
Epoch: 5 cost time: 1.9099128246307373
Epoch: 5, Steps: 142 | Train Loss: 0.0046509 Vali Loss: 0.0014798 Test Loss: 0.0020307
Validation loss decreased (0.001534 --> 0.001480).  Saving model ...
Updating learning rate to 0.0003125
	iters: 100, epoch: 6 | loss: 0.0079619
	speed: 0.0442s/iter; left time: 89.7262s
Epoch: 6 cost time: 2.126228094100952
Epoch: 6, Steps: 142 | Train Loss: 0.0044816 Vali Loss: 0.0014696 Test Loss: 0.0019972
Validation loss decreased (0.001480 --> 0.001470).  Saving model ...
Updating learning rate to 0.00015625
	iters: 100, epoch: 7 | loss: 0.0063922
	speed: 0.0458s/iter; left time: 86.5666s
Epoch: 7 cost time: 2.041640043258667
Epoch: 7, Steps: 142 | Train Loss: 0.0044063 Vali Loss: 0.0014818 Test Loss: 0.0019932
EarlyStopping counter: 1 out of 3
Updating learning rate to 7.8125e-05
	iters: 100, epoch: 8 | loss: 0.0049422
	speed: 0.0406s/iter; left time: 70.8808s
Epoch: 8 cost time: 1.9059128761291504
Epoch: 8, Steps: 142 | Train Loss: 0.0043579 Vali Loss: 0.0014281 Test Loss: 0.0019393
Validation loss decreased (0.001470 --> 0.001428).  Saving model ...
Updating learning rate to 3.90625e-05
	iters: 100, epoch: 9 | loss: 0.0032732
	speed: 0.0452s/iter; left time: 72.5558s
Epoch: 9 cost time: 1.9948410987854004
Epoch: 9, Steps: 142 | Train Loss: 0.0043330 Vali Loss: 0.0014052 Test Loss: 0.0019280
Validation loss decreased (0.001428 --> 0.001405).  Saving model ...
Updating learning rate to 1.953125e-05
	iters: 100, epoch: 10 | loss: 0.0041973
	speed: 0.0439s/iter; left time: 64.1916s
Epoch: 10 cost time: 1.9229912757873535
Epoch: 10, Steps: 142 | Train Loss: 0.0043162 Vali Loss: 0.0014227 Test Loss: 0.0019366
EarlyStopping counter: 1 out of 3
Updating learning rate to 9.765625e-06
	iters: 100, epoch: 11 | loss: 0.0043925
	speed: 0.0432s/iter; left time: 57.0696s
Epoch: 11 cost time: 1.9761862754821777
Epoch: 11, Steps: 142 | Train Loss: 0.0043129 Vali Loss: 0.0014392 Test Loss: 0.0019415
EarlyStopping counter: 2 out of 3
Updating learning rate to 4.8828125e-06
	iters: 100, epoch: 12 | loss: 0.0037477
	speed: 0.0483s/iter; left time: 56.9891s
Epoch: 12 cost time: 2.2631125450134277
Epoch: 12, Steps: 142 | Train Loss: 0.0043147 Vali Loss: 0.0014195 Test Loss: 0.0019373
EarlyStopping counter: 3 out of 3
Early stopping
>>>>>>>testing : mirae_Linear_DLinear_mirae_ftM_sl72_ll48_pl12_dm512_nh8_el2_dl1_df2048_fc1_ebtimeF_dtTrue_Exp_0<<<<<<<<<<<<<<<<<<<<<<<<<<<<<<<<<
test 976
mse:0.00192799954675138, mae:0.032613687217235565
