Args in experiment:
Namespace(ver='TCS', is_training=1, model_id='mirae_Linear', model='DLinear', data='mirae', root_path='./data/ETT/', data_path='ETTh1.csv', features='M', target='OT', freq='h', checkpoints='./checkpoints/', seq_len=72, label_len=48, pred_len=12, individual=False, embed_type=0, enc_in=7, dec_in=7, c_out=7, d_model=512, n_heads=8, e_layers=2, d_layers=1, d_ff=2048, moving_avg=25, factor=1, distil=True, dropout=0.05, embed='timeF', activation='gelu', output_attention=False, do_predict=False, num_workers=10, itr=1, train_epochs=20, batch_size=32, patience=3, learning_rate=0.005, des='Exp', loss='mse', lradj='type1', use_amp=False, use_gpu=True, gpu=0, use_multi_gpu=False, devices='0,1,2,3', test_flop=False)
Use GPU: cuda:0
>>>>>>>start training : mirae_Linear_DLinear_mirae_ftM_sl72_ll48_pl12_dm512_nh8_el2_dl1_df2048_fc1_ebtimeF_dtTrue_Exp_0>>>>>>>>>>>>>>>>>>>>>>>>>>
train 4552
val 975
test 976
	iters: 100, epoch: 1 | loss: 0.0937666
	speed: 0.0366s/iter; left time: 100.3619s
Epoch: 1 cost time: 4.011809349060059
Epoch: 1, Steps: 142 | Train Loss: 0.5653593 Vali Loss: 0.0730549 Test Loss: 0.0831741
Validation loss decreased (inf --> 0.073055).  Saving model ...
Updating learning rate to 0.005
	iters: 100, epoch: 2 | loss: 0.0379300
	speed: 0.0457s/iter; left time: 118.7680s
Epoch: 2 cost time: 2.1385321617126465
Epoch: 2, Steps: 142 | Train Loss: 0.0556246 Vali Loss: 0.0455810 Test Loss: 0.0525491
Validation loss decreased (0.073055 --> 0.045581).  Saving model ...
Updating learning rate to 0.0025
	iters: 100, epoch: 3 | loss: 0.0363707
	speed: 0.0445s/iter; left time: 109.2325s
Epoch: 3 cost time: 2.0076379776000977
Epoch: 3, Steps: 142 | Train Loss: 0.0388097 Vali Loss: 0.0416804 Test Loss: 0.0484204
Validation loss decreased (0.045581 --> 0.041680).  Saving model ...
Updating learning rate to 0.00125
	iters: 100, epoch: 4 | loss: 0.0464899
	speed: 0.0481s/iter; left time: 111.4122s
Epoch: 4 cost time: 2.6439921855926514
Epoch: 4, Steps: 142 | Train Loss: 0.0343932 Vali Loss: 0.0374667 Test Loss: 0.0432350
Validation loss decreased (0.041680 --> 0.037467).  Saving model ...
Updating learning rate to 0.000625
	iters: 100, epoch: 5 | loss: 0.0304794
	speed: 0.0485s/iter; left time: 105.4276s
Epoch: 5 cost time: 2.1609408855438232
Epoch: 5, Steps: 142 | Train Loss: 0.0325518 Vali Loss: 0.0435341 Test Loss: 0.0515183
EarlyStopping counter: 1 out of 3
Updating learning rate to 0.0003125
	iters: 100, epoch: 6 | loss: 0.0379717
	speed: 0.0509s/iter; left time: 103.4572s
Epoch: 6 cost time: 2.449281930923462
Epoch: 6, Steps: 142 | Train Loss: 0.0314201 Vali Loss: 0.0361843 Test Loss: 0.0413713
Validation loss decreased (0.037467 --> 0.036184).  Saving model ...
Updating learning rate to 0.00015625
	iters: 100, epoch: 7 | loss: 0.0247660
	speed: 0.0491s/iter; left time: 92.7030s
Epoch: 7 cost time: 2.6437065601348877
Epoch: 7, Steps: 142 | Train Loss: 0.0308958 Vali Loss: 0.0400106 Test Loss: 0.0464740
EarlyStopping counter: 1 out of 3
Updating learning rate to 7.8125e-05
	iters: 100, epoch: 8 | loss: 0.0378274
	speed: 0.0555s/iter; left time: 96.9712s
Epoch: 8 cost time: 2.7645275592803955
Epoch: 8, Steps: 142 | Train Loss: 0.0305809 Vali Loss: 0.0420518 Test Loss: 0.0496930
EarlyStopping counter: 2 out of 3
Updating learning rate to 3.90625e-05
	iters: 100, epoch: 9 | loss: 0.0278146
	speed: 0.0453s/iter; left time: 72.6475s
Epoch: 9 cost time: 1.7802097797393799
Epoch: 9, Steps: 142 | Train Loss: 0.0304094 Vali Loss: 0.0393268 Test Loss: 0.0457929
EarlyStopping counter: 3 out of 3
Early stopping
>>>>>>>testing : mirae_Linear_DLinear_mirae_ftM_sl72_ll48_pl12_dm512_nh8_el2_dl1_df2048_fc1_ebtimeF_dtTrue_Exp_0<<<<<<<<<<<<<<<<<<<<<<<<<<<<<<<<<
test 976
mse:7.383458614349365, mae:2.305168628692627
