Args in experiment:
Namespace(ver='TPS', is_training=1, model_id='mirae_Linear', model='DLinear', data='mirae', root_path='./data/ETT/', data_path='ETTh1.csv', features='M', target='OT', freq='h', checkpoints='./checkpoints/', seq_len=72, label_len=48, pred_len=12, individual=False, embed_type=0, enc_in=7, dec_in=7, c_out=7, d_model=512, n_heads=8, e_layers=2, d_layers=1, d_ff=2048, moving_avg=25, factor=1, distil=True, dropout=0.05, embed='timeF', activation='gelu', output_attention=False, do_predict=False, num_workers=10, itr=1, train_epochs=20, batch_size=32, patience=3, learning_rate=0.005, des='Exp', loss='mse', lradj='type1', use_amp=False, use_gpu=True, gpu=0, use_multi_gpu=False, devices='0,1,2,3', test_flop=False)
Use GPU: cuda:0
>>>>>>>start training : mirae_Linear_DLinear_mirae_ftM_sl72_ll48_pl12_dm512_nh8_el2_dl1_df2048_fc1_ebtimeF_dtTrue_Exp_0>>>>>>>>>>>>>>>>>>>>>>>>>>
train 4552
val 975
test 976
	iters: 100, epoch: 1 | loss: 0.0651581
	speed: 0.0357s/iter; left time: 97.8434s
Epoch: 1 cost time: 3.862591505050659
Epoch: 1, Steps: 142 | Train Loss: 0.4409222 Vali Loss: 0.0332310 Test Loss: 0.0331421
Validation loss decreased (inf --> 0.033231).  Saving model ...
Updating learning rate to 0.005
	iters: 100, epoch: 2 | loss: 0.0298422
	speed: 0.0388s/iter; left time: 100.9500s
Epoch: 2 cost time: 1.9156746864318848
Epoch: 2, Steps: 142 | Train Loss: 0.0284835 Vali Loss: 0.0120607 Test Loss: 0.0121043
Validation loss decreased (0.033231 --> 0.012061).  Saving model ...
Updating learning rate to 0.0025
	iters: 100, epoch: 3 | loss: 0.0190346
	speed: 0.0385s/iter; left time: 94.5059s
Epoch: 3 cost time: 1.8044116497039795
Epoch: 3, Steps: 142 | Train Loss: 0.0158096 Vali Loss: 0.0087179 Test Loss: 0.0088016
Validation loss decreased (0.012061 --> 0.008718).  Saving model ...
Updating learning rate to 0.00125
	iters: 100, epoch: 4 | loss: 0.0165251
	speed: 0.0401s/iter; left time: 92.7710s
Epoch: 4 cost time: 1.8631370067596436
Epoch: 4, Steps: 142 | Train Loss: 0.0127523 Vali Loss: 0.0067728 Test Loss: 0.0068672
Validation loss decreased (0.008718 --> 0.006773).  Saving model ...
Updating learning rate to 0.000625
	iters: 100, epoch: 5 | loss: 0.0128390
	speed: 0.0392s/iter; left time: 85.1573s
Epoch: 5 cost time: 1.7734715938568115
Epoch: 5, Steps: 142 | Train Loss: 0.0115691 Vali Loss: 0.0061701 Test Loss: 0.0060802
Validation loss decreased (0.006773 --> 0.006170).  Saving model ...
Updating learning rate to 0.0003125
	iters: 100, epoch: 6 | loss: 0.0132762
	speed: 0.0372s/iter; left time: 75.5096s
Epoch: 6 cost time: 1.741166353225708
Epoch: 6, Steps: 142 | Train Loss: 0.0109179 Vali Loss: 0.0060567 Test Loss: 0.0059017
Validation loss decreased (0.006170 --> 0.006057).  Saving model ...
Updating learning rate to 0.00015625
	iters: 100, epoch: 7 | loss: 0.0086952
	speed: 0.0394s/iter; left time: 74.4989s
Epoch: 7 cost time: 1.8027064800262451
Epoch: 7, Steps: 142 | Train Loss: 0.0106412 Vali Loss: 0.0058008 Test Loss: 0.0058021
Validation loss decreased (0.006057 --> 0.005801).  Saving model ...
Updating learning rate to 7.8125e-05
	iters: 100, epoch: 8 | loss: 0.0074120
	speed: 0.0367s/iter; left time: 64.1119s
Epoch: 8 cost time: 1.7535886764526367
Epoch: 8, Steps: 142 | Train Loss: 0.0104604 Vali Loss: 0.0057108 Test Loss: 0.0056542
Validation loss decreased (0.005801 --> 0.005711).  Saving model ...
Updating learning rate to 3.90625e-05
	iters: 100, epoch: 9 | loss: 0.0121613
	speed: 0.0373s/iter; left time: 59.8635s
Epoch: 9 cost time: 1.7518467903137207
Epoch: 9, Steps: 142 | Train Loss: 0.0103741 Vali Loss: 0.0057169 Test Loss: 0.0056189
EarlyStopping counter: 1 out of 3
Updating learning rate to 1.953125e-05
	iters: 100, epoch: 10 | loss: 0.0094238
	speed: 0.0375s/iter; left time: 54.9200s
Epoch: 10 cost time: 1.690978765487671
Epoch: 10, Steps: 142 | Train Loss: 0.0103247 Vali Loss: 0.0056770 Test Loss: 0.0055964
Validation loss decreased (0.005711 --> 0.005677).  Saving model ...
Updating learning rate to 9.765625e-06
	iters: 100, epoch: 11 | loss: 0.0113187
	speed: 0.0372s/iter; left time: 49.2069s
Epoch: 11 cost time: 1.7775518894195557
Epoch: 11, Steps: 142 | Train Loss: 0.0103003 Vali Loss: 0.0057125 Test Loss: 0.0056046
EarlyStopping counter: 1 out of 3
Updating learning rate to 4.8828125e-06
	iters: 100, epoch: 12 | loss: 0.0124173
	speed: 0.0373s/iter; left time: 43.9475s
Epoch: 12 cost time: 1.8007068634033203
Epoch: 12, Steps: 142 | Train Loss: 0.0102630 Vali Loss: 0.0057189 Test Loss: 0.0055802
EarlyStopping counter: 2 out of 3
Updating learning rate to 2.44140625e-06
	iters: 100, epoch: 13 | loss: 0.0111273
	speed: 0.0397s/iter; left time: 41.1809s
Epoch: 13 cost time: 1.8554942607879639
Epoch: 13, Steps: 142 | Train Loss: 0.0102691 Vali Loss: 0.0055918 Test Loss: 0.0055718
Validation loss decreased (0.005677 --> 0.005592).  Saving model ...
Updating learning rate to 1.220703125e-06
	iters: 100, epoch: 14 | loss: 0.0171350
	speed: 0.0390s/iter; left time: 34.8896s
Epoch: 14 cost time: 1.837934970855713
Epoch: 14, Steps: 142 | Train Loss: 0.0102604 Vali Loss: 0.0056956 Test Loss: 0.0055677
EarlyStopping counter: 1 out of 3
Updating learning rate to 6.103515625e-07
	iters: 100, epoch: 15 | loss: 0.0118795
	speed: 0.0375s/iter; left time: 28.2539s
Epoch: 15 cost time: 1.8901491165161133
Epoch: 15, Steps: 142 | Train Loss: 0.0102586 Vali Loss: 0.0056905 Test Loss: 0.0055672
EarlyStopping counter: 2 out of 3
Updating learning rate to 3.0517578125e-07
	iters: 100, epoch: 16 | loss: 0.0165501
	speed: 0.0386s/iter; left time: 23.6131s
Epoch: 16 cost time: 1.9054474830627441
Epoch: 16, Steps: 142 | Train Loss: 0.0102529 Vali Loss: 0.0056510 Test Loss: 0.0055666
EarlyStopping counter: 3 out of 3
Early stopping
>>>>>>>testing : mirae_Linear_DLinear_mirae_ftM_sl72_ll48_pl12_dm512_nh8_el2_dl1_df2048_fc1_ebtimeF_dtTrue_Exp_0<<<<<<<<<<<<<<<<<<<<<<<<<<<<<<<<<
test 976
mse:0.0055718496441841125, mae:0.0456404946744442
