Args in experiment:
Namespace(ver='TPE', is_training=1, model_id='ETTh1_336_336', model='DLinear', data='ETTh1', root_path='/nas/datahub/ETT/', data_path='ETTh1.csv', features='M', target='OT', freq='h', checkpoints='./checkpoints/', seq_len=336, label_len=48, pred_len=336, individual=False, embed_type=0, enc_in=7, dec_in=7, c_out=7, d_model=512, n_heads=8, e_layers=2, d_layers=1, d_ff=2048, moving_avg=25, factor=1, distil=True, dropout=0.05, embed='timeF', activation='gelu', output_attention=False, do_predict=False, num_workers=10, itr=1, train_epochs=10, batch_size=32, patience=3, learning_rate=0.005, des='Exp', loss='mse', lradj='type1', use_amp=False, use_gpu=True, gpu=0, use_multi_gpu=False, devices='0,1,2,3', test_flop=False)
Use GPU: cuda:0
>>>>>>>start training : ETTh1_336_336_DLinear_ETTh1_ftM_sl336_ll48_pl336_dm512_nh8_el2_dl1_df2048_fc1_ebtimeF_dtTrue_Exp_0>>>>>>>>>>>>>>>>>>>>>>>>>>
train 7969
val 2545
test 2545
	iters: 100, epoch: 1 | loss: 0.4804447
	speed: 0.0316s/iter; left time: 75.4638s
	iters: 200, epoch: 1 | loss: 0.5685730
	speed: 0.0061s/iter; left time: 13.9045s
Epoch: 1 cost time: 4.105388164520264
Epoch: 1, Steps: 249 | Train Loss: 0.5550665 Vali Loss: 1.0627291 Test Loss: 0.5787746
Validation loss decreased (inf --> 1.062729).  Saving model ...
Updating learning rate to 0.005
	iters: 100, epoch: 2 | loss: 0.5335261
	speed: 0.0403s/iter; left time: 86.2873s
	iters: 200, epoch: 2 | loss: 0.4333232
	speed: 0.0060s/iter; left time: 12.2403s
Epoch: 2 cost time: 2.3238773345947266
Epoch: 2, Steps: 249 | Train Loss: 0.4655854 Vali Loss: 1.1315631 Test Loss: 0.4779578
EarlyStopping counter: 1 out of 3
Updating learning rate to 0.0025
	iters: 100, epoch: 3 | loss: 0.4358003
	speed: 0.0409s/iter; left time: 77.4339s
	iters: 200, epoch: 3 | loss: 0.4270494
	speed: 0.0059s/iter; left time: 10.5556s
Epoch: 3 cost time: 2.2985360622406006
Epoch: 3, Steps: 249 | Train Loss: 0.4415310 Vali Loss: 1.0891818 Test Loss: 0.4765577
EarlyStopping counter: 2 out of 3
Updating learning rate to 0.00125
	iters: 100, epoch: 4 | loss: 0.4462406
	speed: 0.0412s/iter; left time: 67.8075s
	iters: 200, epoch: 4 | loss: 0.4468276
	speed: 0.0061s/iter; left time: 9.4345s
Epoch: 4 cost time: 2.2789385318756104
Epoch: 4, Steps: 249 | Train Loss: 0.4289958 Vali Loss: 1.0741920 Test Loss: 0.4910198
EarlyStopping counter: 3 out of 3
Early stopping
>>>>>>>testing : ETTh1_336_336_DLinear_ETTh1_ftM_sl336_ll48_pl336_dm512_nh8_el2_dl1_df2048_fc1_ebtimeF_dtTrue_Exp_0<<<<<<<<<<<<<<<<<<<<<<<<<<<<<<<<<
test 2545
mse:0.578774631023407, mae:0.5339275598526001
