Args in experiment:
Namespace(ver='TPE', is_training=1, model_id='mirae_Linear', model='DLinear', data='mirae', root_path='./data/ETT/', data_path='ETTh1.csv', features='M', target='OT', freq='h', checkpoints='./checkpoints/', seq_len=72, label_len=48, pred_len=12, individual=False, embed_type=0, enc_in=7, dec_in=7, c_out=7, d_model=512, n_heads=8, e_layers=2, d_layers=1, d_ff=2048, moving_avg=25, factor=1, distil=True, dropout=0.05, embed='timeF', activation='gelu', output_attention=False, do_predict=False, num_workers=10, itr=1, train_epochs=20, batch_size=32, patience=3, learning_rate=0.005, des='Exp', loss='mse', lradj='type1', use_amp=False, use_gpu=True, gpu=0, use_multi_gpu=False, devices='0,1,2,3', test_flop=False)
Use GPU: cuda:0
>>>>>>>start training : mirae_Linear_DLinear_mirae_ftM_sl72_ll48_pl12_dm512_nh8_el2_dl1_df2048_fc1_ebtimeF_dtTrue_Exp_0>>>>>>>>>>>>>>>>>>>>>>>>>>
train 4552
val 975
test 976
	iters: 100, epoch: 1 | loss: 0.0059273
	speed: 0.0355s/iter; left time: 97.3140s
Epoch: 1 cost time: 3.971599578857422
Epoch: 1, Steps: 142 | Train Loss: 0.0192512 Vali Loss: 0.0026473 Test Loss: 0.0022818
Validation loss decreased (inf --> 0.002647).  Saving model ...
Updating learning rate to 0.005
	iters: 100, epoch: 2 | loss: 0.0057753
	speed: 0.0433s/iter; left time: 112.5596s
Epoch: 2 cost time: 1.8570525646209717
Epoch: 2, Steps: 142 | Train Loss: 0.0068387 Vali Loss: 0.0019908 Test Loss: 0.0018092
Validation loss decreased (0.002647 --> 0.001991).  Saving model ...
Updating learning rate to 0.0025
	iters: 100, epoch: 3 | loss: 0.0047979
	speed: 0.0426s/iter; left time: 104.6659s
Epoch: 3 cost time: 1.8848681449890137
Epoch: 3, Steps: 142 | Train Loss: 0.0052286 Vali Loss: 0.0021931 Test Loss: 0.0019410
EarlyStopping counter: 1 out of 3
Updating learning rate to 0.00125
	iters: 100, epoch: 4 | loss: 0.0038877
	speed: 0.0402s/iter; left time: 93.0057s
Epoch: 4 cost time: 1.972266674041748
Epoch: 4, Steps: 142 | Train Loss: 0.0045337 Vali Loss: 0.0016501 Test Loss: 0.0014775
Validation loss decreased (0.001991 --> 0.001650).  Saving model ...
Updating learning rate to 0.000625
	iters: 100, epoch: 5 | loss: 0.0039522
	speed: 0.0436s/iter; left time: 94.8449s
Epoch: 5 cost time: 2.0364902019500732
Epoch: 5, Steps: 142 | Train Loss: 0.0041828 Vali Loss: 0.0016263 Test Loss: 0.0014572
Validation loss decreased (0.001650 --> 0.001626).  Saving model ...
Updating learning rate to 0.0003125
	iters: 100, epoch: 6 | loss: 0.0031488
	speed: 0.0376s/iter; left time: 76.2796s
Epoch: 6 cost time: 1.8885736465454102
Epoch: 6, Steps: 142 | Train Loss: 0.0039784 Vali Loss: 0.0016902 Test Loss: 0.0014418
EarlyStopping counter: 1 out of 3
Updating learning rate to 0.00015625
	iters: 100, epoch: 7 | loss: 0.0029210
	speed: 0.0359s/iter; left time: 67.7973s
Epoch: 7 cost time: 1.7404038906097412
Epoch: 7, Steps: 142 | Train Loss: 0.0038887 Vali Loss: 0.0016660 Test Loss: 0.0014480
EarlyStopping counter: 2 out of 3
Updating learning rate to 7.8125e-05
	iters: 100, epoch: 8 | loss: 0.0015481
	speed: 0.0402s/iter; left time: 70.1824s
Epoch: 8 cost time: 2.2592568397521973
Epoch: 8, Steps: 142 | Train Loss: 0.0038475 Vali Loss: 0.0016871 Test Loss: 0.0014479
EarlyStopping counter: 3 out of 3
Early stopping
>>>>>>>testing : mirae_Linear_DLinear_mirae_ftM_sl72_ll48_pl12_dm512_nh8_el2_dl1_df2048_fc1_ebtimeF_dtTrue_Exp_0<<<<<<<<<<<<<<<<<<<<<<<<<<<<<<<<<
test 976
mse:0.0014571885112673044, mae:0.029014429077506065
