Args in experiment:
Namespace(ver='TCCC', is_training=1, model_id='mirae_Linear', model='DLinear', data='mirae', root_path='./data/ETT/', data_path='ETTh1.csv', features='M', target='OT', freq='h', checkpoints='./checkpoints/', seq_len=72, label_len=48, pred_len=12, individual=False, embed_type=0, enc_in=7, dec_in=7, c_out=7, d_model=512, n_heads=8, e_layers=2, d_layers=1, d_ff=2048, moving_avg=25, factor=1, distil=True, dropout=0.05, embed='timeF', activation='gelu', output_attention=False, do_predict=False, num_workers=10, itr=1, train_epochs=20, batch_size=32, patience=3, learning_rate=0.005, des='Exp', loss='mse', lradj='type1', use_amp=False, use_gpu=True, gpu=0, use_multi_gpu=False, devices='0,1,2,3', test_flop=False)
Use GPU: cuda:0
>>>>>>>start training : mirae_Linear_DLinear_mirae_ftM_sl72_ll48_pl12_dm512_nh8_el2_dl1_df2048_fc1_ebtimeF_dtTrue_Exp_0>>>>>>>>>>>>>>>>>>>>>>>>>>
train 4552
val 975
test 976
	iters: 100, epoch: 1 | loss: 0.0164977
	speed: 0.0789s/iter; left time: 216.2622s
Epoch: 1 cost time: 8.646085739135742
Epoch: 1, Steps: 142 | Train Loss: 0.1167714 Vali Loss: 0.0056839 Test Loss: 0.0061184
Validation loss decreased (inf --> 0.005684).  Saving model ...
Updating learning rate to 0.005
	iters: 100, epoch: 2 | loss: 0.0117007
	speed: 0.0659s/iter; left time: 171.2433s
Epoch: 2 cost time: 3.557184934616089
Epoch: 2, Steps: 142 | Train Loss: 0.0102922 Vali Loss: 0.0031369 Test Loss: 0.0034276
Validation loss decreased (0.005684 --> 0.003137).  Saving model ...
Updating learning rate to 0.0025
	iters: 100, epoch: 3 | loss: 0.0054972
	speed: 0.0671s/iter; left time: 164.9034s
Epoch: 3 cost time: 3.3992979526519775
Epoch: 3, Steps: 142 | Train Loss: 0.0079867 Vali Loss: 0.0030182 Test Loss: 0.0031401
Validation loss decreased (0.003137 --> 0.003018).  Saving model ...
Updating learning rate to 0.00125
	iters: 100, epoch: 4 | loss: 0.0060178
	speed: 0.0667s/iter; left time: 154.3631s
Epoch: 4 cost time: 3.3664047718048096
Epoch: 4, Steps: 142 | Train Loss: 0.0072910 Vali Loss: 0.0030996 Test Loss: 0.0030668
EarlyStopping counter: 1 out of 3
Updating learning rate to 0.000625
	iters: 100, epoch: 5 | loss: 0.0114409
	speed: 0.0663s/iter; left time: 144.1093s
Epoch: 5 cost time: 3.47375750541687
Epoch: 5, Steps: 142 | Train Loss: 0.0070534 Vali Loss: 0.0026275 Test Loss: 0.0026835
Validation loss decreased (0.003018 --> 0.002627).  Saving model ...
Updating learning rate to 0.0003125
	iters: 100, epoch: 6 | loss: 0.0062474
	speed: 0.0672s/iter; left time: 136.4623s
Epoch: 6 cost time: 3.5398247241973877
Epoch: 6, Steps: 142 | Train Loss: 0.0069020 Vali Loss: 0.0025659 Test Loss: 0.0026336
Validation loss decreased (0.002627 --> 0.002566).  Saving model ...
Updating learning rate to 0.00015625
	iters: 100, epoch: 7 | loss: 0.0046756
	speed: 0.0698s/iter; left time: 131.8133s
Epoch: 7 cost time: 3.591989517211914
Epoch: 7, Steps: 142 | Train Loss: 0.0068440 Vali Loss: 0.0025655 Test Loss: 0.0026338
Validation loss decreased (0.002566 --> 0.002566).  Saving model ...
Updating learning rate to 7.8125e-05
	iters: 100, epoch: 8 | loss: 0.0102351
	speed: 0.0673s/iter; left time: 117.5907s
Epoch: 8 cost time: 3.4587955474853516
Epoch: 8, Steps: 142 | Train Loss: 0.0068037 Vali Loss: 0.0025865 Test Loss: 0.0026443
EarlyStopping counter: 1 out of 3
Updating learning rate to 3.90625e-05
	iters: 100, epoch: 9 | loss: 0.0093471
	speed: 0.0658s/iter; left time: 105.5614s
Epoch: 9 cost time: 3.3984782695770264
Epoch: 9, Steps: 142 | Train Loss: 0.0067677 Vali Loss: 0.0025772 Test Loss: 0.0026314
EarlyStopping counter: 2 out of 3
Updating learning rate to 1.953125e-05
	iters: 100, epoch: 10 | loss: 0.0045946
	speed: 0.0667s/iter; left time: 97.5278s
Epoch: 10 cost time: 3.4995789527893066
Epoch: 10, Steps: 142 | Train Loss: 0.0067803 Vali Loss: 0.0025520 Test Loss: 0.0026418
Validation loss decreased (0.002566 --> 0.002552).  Saving model ...
Updating learning rate to 9.765625e-06
	iters: 100, epoch: 11 | loss: 0.0057604
	speed: 0.0676s/iter; left time: 89.3152s
Epoch: 11 cost time: 3.566150665283203
Epoch: 11, Steps: 142 | Train Loss: 0.0067701 Vali Loss: 0.0025782 Test Loss: 0.0026329
EarlyStopping counter: 1 out of 3
Updating learning rate to 4.8828125e-06
	iters: 100, epoch: 12 | loss: 0.0032182
	speed: 0.0661s/iter; left time: 77.9334s
Epoch: 12 cost time: 3.4428560733795166
Epoch: 12, Steps: 142 | Train Loss: 0.0067709 Vali Loss: 0.0025738 Test Loss: 0.0026283
EarlyStopping counter: 2 out of 3
Updating learning rate to 2.44140625e-06
	iters: 100, epoch: 13 | loss: 0.0099185
	speed: 0.0670s/iter; left time: 69.5308s
Epoch: 13 cost time: 3.530174970626831
Epoch: 13, Steps: 142 | Train Loss: 0.0067631 Vali Loss: 0.0025558 Test Loss: 0.0026277
EarlyStopping counter: 3 out of 3
Early stopping
>>>>>>>testing : mirae_Linear_DLinear_mirae_ftM_sl72_ll48_pl12_dm512_nh8_el2_dl1_df2048_fc1_ebtimeF_dtTrue_Exp_0<<<<<<<<<<<<<<<<<<<<<<<<<<<<<<<<<
test 976
mse:0.0026417821645736694, mae:0.03848330304026604
