Args in experiment:
Namespace(ver='TS', is_training=1, model_id='mirae_Linear', model='DLinear', data='mirae', root_path='./data/ETT/', data_path='ETTh1.csv', features='M', target='OT', freq='h', checkpoints='./checkpoints/', seq_len=72, label_len=48, pred_len=12, individual=False, embed_type=0, enc_in=7, dec_in=7, c_out=7, d_model=512, n_heads=8, e_layers=2, d_layers=1, d_ff=2048, moving_avg=25, factor=1, distil=True, dropout=0.05, embed='timeF', activation='gelu', output_attention=False, do_predict=False, num_workers=10, itr=1, train_epochs=20, batch_size=32, patience=3, learning_rate=0.005, des='Exp', loss='mse', lradj='type1', use_amp=False, use_gpu=True, gpu=0, use_multi_gpu=False, devices='0,1,2,3', test_flop=False)
Use GPU: cuda:0
>>>>>>>start training : mirae_Linear_DLinear_mirae_ftM_sl72_ll48_pl12_dm512_nh8_el2_dl1_df2048_fc1_ebtimeF_dtTrue_Exp_0>>>>>>>>>>>>>>>>>>>>>>>>>>
train 4552
val 975
test 976
	iters: 100, epoch: 1 | loss: 0.0046697
	speed: 0.0310s/iter; left time: 84.9224s
Epoch: 1 cost time: 3.4454777240753174
Epoch: 1, Steps: 142 | Train Loss: 0.0143184 Vali Loss: 0.0017706 Test Loss: 0.0018142
Validation loss decreased (inf --> 0.001771).  Saving model ...
Updating learning rate to 0.005
	iters: 100, epoch: 2 | loss: 0.0043051
	speed: 0.0375s/iter; left time: 97.4480s
Epoch: 2 cost time: 1.8105499744415283
Epoch: 2, Steps: 142 | Train Loss: 0.0055948 Vali Loss: 0.0016073 Test Loss: 0.0015131
Validation loss decreased (0.001771 --> 0.001607).  Saving model ...
Updating learning rate to 0.0025
	iters: 100, epoch: 3 | loss: 0.0039341
	speed: 0.0401s/iter; left time: 98.4418s
Epoch: 3 cost time: 1.8549582958221436
Epoch: 3, Steps: 142 | Train Loss: 0.0045550 Vali Loss: 0.0019062 Test Loss: 0.0016343
EarlyStopping counter: 1 out of 3
Updating learning rate to 0.00125
	iters: 100, epoch: 4 | loss: 0.0033121
	speed: 0.0386s/iter; left time: 89.4566s
Epoch: 4 cost time: 1.894423246383667
Epoch: 4, Steps: 142 | Train Loss: 0.0041439 Vali Loss: 0.0013485 Test Loss: 0.0013847
Validation loss decreased (0.001607 --> 0.001348).  Saving model ...
Updating learning rate to 0.000625
	iters: 100, epoch: 5 | loss: 0.0030559
	speed: 0.0388s/iter; left time: 84.2852s
Epoch: 5 cost time: 1.785597562789917
Epoch: 5, Steps: 142 | Train Loss: 0.0039413 Vali Loss: 0.0013532 Test Loss: 0.0013690
EarlyStopping counter: 1 out of 3
Updating learning rate to 0.0003125
	iters: 100, epoch: 6 | loss: 0.0024886
	speed: 0.0374s/iter; left time: 75.9059s
Epoch: 6 cost time: 1.8255631923675537
Epoch: 6, Steps: 142 | Train Loss: 0.0038373 Vali Loss: 0.0014360 Test Loss: 0.0013896
EarlyStopping counter: 2 out of 3
Updating learning rate to 0.00015625
	iters: 100, epoch: 7 | loss: 0.0024484
	speed: 0.0379s/iter; left time: 71.5687s
Epoch: 7 cost time: 1.9004244804382324
Epoch: 7, Steps: 142 | Train Loss: 0.0038037 Vali Loss: 0.0013871 Test Loss: 0.0013557
EarlyStopping counter: 3 out of 3
Early stopping
>>>>>>>testing : mirae_Linear_DLinear_mirae_ftM_sl72_ll48_pl12_dm512_nh8_el2_dl1_df2048_fc1_ebtimeF_dtTrue_Exp_0<<<<<<<<<<<<<<<<<<<<<<<<<<<<<<<<<
test 976
mse:0.0013846762012690306, mae:0.026296371594071388
