Args in experiment:
Namespace(ver='TPE', is_training=1, model_id='ETTh1__336', model='DLinear', data='ETTh1', root_path='/nas/datahub/ETT/', data_path='ETTh1.csv', features='S', target='OT', freq='h', checkpoints='./checkpoints/', seq_len=336, label_len=48, pred_len=336, individual=False, embed_type=0, enc_in=7, dec_in=7, c_out=7, d_model=512, n_heads=8, e_layers=2, d_layers=1, d_ff=2048, moving_avg=25, factor=1, distil=True, dropout=0.05, embed='timeF', activation='gelu', output_attention=False, do_predict=False, num_workers=10, itr=1, train_epochs=10, batch_size=32, patience=3, learning_rate=0.005, des='Exp', loss='mse', lradj='type1', use_amp=False, use_gpu=True, gpu=0, use_multi_gpu=False, devices='0,1,2,3', test_flop=False)
Use GPU: cuda:0
>>>>>>>start training : ETTh1__336_DLinear_ETTh1_ftS_sl336_ll48_pl336_dm512_nh8_el2_dl1_df2048_fc1_ebtimeF_dtTrue_Exp_0>>>>>>>>>>>>>>>>>>>>>>>>>>
train 7969
val 2545
test 2545
	iters: 100, epoch: 1 | loss: 0.5939227
	speed: 0.0431s/iter; left time: 103.0459s
	iters: 200, epoch: 1 | loss: 0.2944476
	speed: 0.0072s/iter; left time: 16.5058s
Epoch: 1 cost time: 5.439239263534546
Epoch: 1, Steps: 249 | Train Loss: 1.0044495 Vali Loss: 0.2295432 Test Loss: 0.7677016
Validation loss decreased (inf --> 0.229543).  Saving model ...
Updating learning rate to 0.005
	iters: 100, epoch: 2 | loss: 0.2307684
	speed: 0.0516s/iter; left time: 110.5200s
	iters: 200, epoch: 2 | loss: 0.4069185
	speed: 0.0074s/iter; left time: 15.1986s
Epoch: 2 cost time: 2.983159303665161
Epoch: 2, Steps: 249 | Train Loss: 0.3147945 Vali Loss: 0.2596191 Test Loss: 0.9040706
EarlyStopping counter: 1 out of 3
Updating learning rate to 0.0025
	iters: 100, epoch: 3 | loss: 0.1880773
	speed: 0.0501s/iter; left time: 94.8047s
	iters: 200, epoch: 3 | loss: 0.2293608
	speed: 0.0061s/iter; left time: 10.9688s
Epoch: 3 cost time: 2.7187905311584473
Epoch: 3, Steps: 249 | Train Loss: 0.2595254 Vali Loss: 0.1709723 Test Loss: 0.3326227
Validation loss decreased (0.229543 --> 0.170972).  Saving model ...
Updating learning rate to 0.00125
	iters: 100, epoch: 4 | loss: 0.1786558
	speed: 0.0515s/iter; left time: 84.5839s
	iters: 200, epoch: 4 | loss: 0.1908140
	speed: 0.0065s/iter; left time: 10.0651s
Epoch: 4 cost time: 2.8109757900238037
Epoch: 4, Steps: 249 | Train Loss: 0.2284907 Vali Loss: 0.1713727 Test Loss: 0.3147639
EarlyStopping counter: 1 out of 3
Updating learning rate to 0.000625
	iters: 100, epoch: 5 | loss: 0.2073080
	speed: 0.0515s/iter; left time: 71.8021s
	iters: 200, epoch: 5 | loss: 0.2139913
	speed: 0.0072s/iter; left time: 9.2911s
Epoch: 5 cost time: 3.0312769412994385
Epoch: 5, Steps: 249 | Train Loss: 0.2098270 Vali Loss: 0.1733494 Test Loss: 0.3168552
EarlyStopping counter: 2 out of 3
Updating learning rate to 0.0003125
	iters: 100, epoch: 6 | loss: 0.1523658
	speed: 0.0509s/iter; left time: 58.3751s
	iters: 200, epoch: 6 | loss: 0.2036123
	speed: 0.0062s/iter; left time: 6.5028s
Epoch: 6 cost time: 2.834991216659546
Epoch: 6, Steps: 249 | Train Loss: 0.2002568 Vali Loss: 0.1745595 Test Loss: 0.3403727
EarlyStopping counter: 3 out of 3
Early stopping
>>>>>>>testing : ETTh1__336_DLinear_ETTh1_ftS_sl336_ll48_pl336_dm512_nh8_el2_dl1_df2048_fc1_ebtimeF_dtTrue_Exp_0<<<<<<<<<<<<<<<<<<<<<<<<<<<<<<<<<
test 2545
mse:0.33262255787849426, mae:0.45279768109321594
