Args in experiment:
Namespace(ver='TS', is_training=1, model_id='mirae_Linear', model='DLinear', data='mirae', root_path='./data/ETT/', data_path='ETTh1.csv', features='M', target='OT', freq='h', checkpoints='./checkpoints/', seq_len=72, label_len=48, pred_len=12, individual=False, embed_type=0, enc_in=7, dec_in=7, c_out=7, d_model=512, n_heads=8, e_layers=2, d_layers=1, d_ff=2048, moving_avg=25, factor=1, distil=True, dropout=0.05, embed='timeF', activation='gelu', output_attention=False, do_predict=False, num_workers=10, itr=1, train_epochs=20, batch_size=32, patience=3, learning_rate=0.005, des='Exp', loss='mse', lradj='type1', use_amp=False, use_gpu=True, gpu=0, use_multi_gpu=False, devices='0,1,2,3', test_flop=False)
Use GPU: cuda:0
>>>>>>>start training : mirae_Linear_DLinear_mirae_ftM_sl72_ll48_pl12_dm512_nh8_el2_dl1_df2048_fc1_ebtimeF_dtTrue_Exp_0>>>>>>>>>>>>>>>>>>>>>>>>>>
train 4552
val 975
test 976
	iters: 100, epoch: 1 | loss: 0.0043607
	speed: 0.0317s/iter; left time: 86.7951s
Epoch: 1 cost time: 3.491262435913086
Epoch: 1, Steps: 142 | Train Loss: 0.0162928 Vali Loss: 0.0018122 Test Loss: 0.0016927
Validation loss decreased (inf --> 0.001812).  Saving model ...
Updating learning rate to 0.005
	iters: 100, epoch: 2 | loss: 0.0057283
	speed: 0.0360s/iter; left time: 93.6241s
Epoch: 2 cost time: 1.7592763900756836
Epoch: 2, Steps: 142 | Train Loss: 0.0052678 Vali Loss: 0.0014733 Test Loss: 0.0015141
Validation loss decreased (0.001812 --> 0.001473).  Saving model ...
Updating learning rate to 0.0025
	iters: 100, epoch: 3 | loss: 0.0034273
	speed: 0.0384s/iter; left time: 94.3505s
Epoch: 3 cost time: 1.6761901378631592
Epoch: 3, Steps: 142 | Train Loss: 0.0044907 Vali Loss: 0.0015238 Test Loss: 0.0013985
EarlyStopping counter: 1 out of 3
Updating learning rate to 0.00125
	iters: 100, epoch: 4 | loss: 0.0039562
	speed: 0.0356s/iter; left time: 82.3808s
Epoch: 4 cost time: 1.7351090908050537
Epoch: 4, Steps: 142 | Train Loss: 0.0041930 Vali Loss: 0.0012977 Test Loss: 0.0013545
Validation loss decreased (0.001473 --> 0.001298).  Saving model ...
Updating learning rate to 0.000625
	iters: 100, epoch: 5 | loss: 0.0031313
	speed: 0.0357s/iter; left time: 77.4782s
Epoch: 5 cost time: 1.7895803451538086
Epoch: 5, Steps: 142 | Train Loss: 0.0040374 Vali Loss: 0.0012354 Test Loss: 0.0013215
Validation loss decreased (0.001298 --> 0.001235).  Saving model ...
Updating learning rate to 0.0003125
	iters: 100, epoch: 6 | loss: 0.0034241
	speed: 0.0390s/iter; left time: 79.1208s
Epoch: 6 cost time: 1.8914809226989746
Epoch: 6, Steps: 142 | Train Loss: 0.0039436 Vali Loss: 0.0012639 Test Loss: 0.0013237
EarlyStopping counter: 1 out of 3
Updating learning rate to 0.00015625
	iters: 100, epoch: 7 | loss: 0.0023576
	speed: 0.0374s/iter; left time: 70.6013s
Epoch: 7 cost time: 1.716789722442627
Epoch: 7, Steps: 142 | Train Loss: 0.0039292 Vali Loss: 0.0012444 Test Loss: 0.0013189
EarlyStopping counter: 2 out of 3
Updating learning rate to 7.8125e-05
	iters: 100, epoch: 8 | loss: 0.0016230
	speed: 0.0360s/iter; left time: 62.9756s
Epoch: 8 cost time: 1.7395329475402832
Epoch: 8, Steps: 142 | Train Loss: 0.0039122 Vali Loss: 0.0012336 Test Loss: 0.0013238
Validation loss decreased (0.001235 --> 0.001234).  Saving model ...
Updating learning rate to 3.90625e-05
	iters: 100, epoch: 9 | loss: 0.0046446
	speed: 0.0374s/iter; left time: 60.0959s
Epoch: 9 cost time: 1.7531545162200928
Epoch: 9, Steps: 142 | Train Loss: 0.0039074 Vali Loss: 0.0012402 Test Loss: 0.0013221
EarlyStopping counter: 1 out of 3
Updating learning rate to 1.953125e-05
	iters: 100, epoch: 10 | loss: 0.0051807
	speed: 0.0341s/iter; left time: 49.8159s
Epoch: 10 cost time: 1.5972914695739746
Epoch: 10, Steps: 142 | Train Loss: 0.0038970 Vali Loss: 0.0012372 Test Loss: 0.0013197
EarlyStopping counter: 2 out of 3
Updating learning rate to 9.765625e-06
	iters: 100, epoch: 11 | loss: 0.0039532
	speed: 0.0373s/iter; left time: 49.2875s
Epoch: 11 cost time: 1.9664127826690674
Epoch: 11, Steps: 142 | Train Loss: 0.0038972 Vali Loss: 0.0012423 Test Loss: 0.0013200
EarlyStopping counter: 3 out of 3
Early stopping
>>>>>>>testing : mirae_Linear_DLinear_mirae_ftM_sl72_ll48_pl12_dm512_nh8_el2_dl1_df2048_fc1_ebtimeF_dtTrue_Exp_0<<<<<<<<<<<<<<<<<<<<<<<<<<<<<<<<<
test 976
mse:0.0013238344108685851, mae:0.025309450924396515
