Args in experiment:
Namespace(ver='TWM', is_training=1, model_id='mirae_Linear', model='DLinear_T', data='mirae', root_path='./data/ETT/', data_path='ETTh1.csv', features='M', target='OT', freq='h', checkpoints='./checkpoints/', seq_len=72, label_len=48, pred_len=12, individual=False, embed_type=0, enc_in=7, dec_in=7, c_out=7, d_model=512, n_heads=8, e_layers=2, d_layers=1, d_ff=2048, moving_avg=25, factor=1, distil=True, dropout=0.05, embed='timeF', activation='gelu', output_attention=False, do_predict=False, num_workers=10, itr=1, train_epochs=20, batch_size=32, patience=3, learning_rate=0.005, des='Exp', loss='mse', lradj='type1', use_amp=False, use_gpu=True, gpu=0, use_multi_gpu=False, devices='0,1,2,3', test_flop=False)
Use GPU: cuda:0
>>>>>>>start training : mirae_Linear_DLinear_T_mirae_ftM_sl72_ll48_pl12_dm512_nh8_el2_dl1_df2048_fc1_ebtimeF_dtTrue_Exp_0>>>>>>>>>>>>>>>>>>>>>>>>>>
train 4552
val 975
test 976
	iters: 100, epoch: 1 | loss: 0.0082053
	speed: 0.0336s/iter; left time: 92.1976s
Epoch: 1 cost time: 3.7093276977539062
Epoch: 1, Steps: 142 | Train Loss: 0.0340490 Vali Loss: 0.0035532 Test Loss: 0.0036940
Validation loss decreased (inf --> 0.003553).  Saving model ...
Updating learning rate to 0.005
	iters: 100, epoch: 2 | loss: 0.0105826
	speed: 0.0499s/iter; left time: 129.7280s
Epoch: 2 cost time: 2.1510417461395264
Epoch: 2, Steps: 142 | Train Loss: 0.0078373 Vali Loss: 0.0032567 Test Loss: 0.0030872
Validation loss decreased (0.003553 --> 0.003257).  Saving model ...
Updating learning rate to 0.0025
	iters: 100, epoch: 3 | loss: 0.0036282
	speed: 0.0500s/iter; left time: 122.9026s
Epoch: 3 cost time: 2.209838628768921
Epoch: 3, Steps: 142 | Train Loss: 0.0062215 Vali Loss: 0.0021451 Test Loss: 0.0024947
Validation loss decreased (0.003257 --> 0.002145).  Saving model ...
Updating learning rate to 0.00125
	iters: 100, epoch: 4 | loss: 0.0057939
	speed: 0.0420s/iter; left time: 97.1397s
Epoch: 4 cost time: 1.8293344974517822
Epoch: 4, Steps: 142 | Train Loss: 0.0054739 Vali Loss: 0.0019305 Test Loss: 0.0023783
Validation loss decreased (0.002145 --> 0.001930).  Saving model ...
Updating learning rate to 0.000625
	iters: 100, epoch: 5 | loss: 0.0034322
	speed: 0.0443s/iter; left time: 96.3307s
Epoch: 5 cost time: 2.0065195560455322
Epoch: 5, Steps: 142 | Train Loss: 0.0052392 Vali Loss: 0.0018247 Test Loss: 0.0023201
Validation loss decreased (0.001930 --> 0.001825).  Saving model ...
Updating learning rate to 0.0003125
	iters: 100, epoch: 6 | loss: 0.0032543
	speed: 0.0480s/iter; left time: 97.4534s
Epoch: 6 cost time: 2.2547950744628906
Epoch: 6, Steps: 142 | Train Loss: 0.0050702 Vali Loss: 0.0018712 Test Loss: 0.0022898
EarlyStopping counter: 1 out of 3
Updating learning rate to 0.00015625
	iters: 100, epoch: 7 | loss: 0.0037544
	speed: 0.0492s/iter; left time: 93.0326s
Epoch: 7 cost time: 2.129875421524048
Epoch: 7, Steps: 142 | Train Loss: 0.0050081 Vali Loss: 0.0020694 Test Loss: 0.0023467
EarlyStopping counter: 2 out of 3
Updating learning rate to 7.8125e-05
	iters: 100, epoch: 8 | loss: 0.0065199
	speed: 0.0445s/iter; left time: 77.8002s
Epoch: 8 cost time: 2.0537302494049072
Epoch: 8, Steps: 142 | Train Loss: 0.0049634 Vali Loss: 0.0018632 Test Loss: 0.0022579
EarlyStopping counter: 3 out of 3
Early stopping
>>>>>>>testing : mirae_Linear_DLinear_T_mirae_ftM_sl72_ll48_pl12_dm512_nh8_el2_dl1_df2048_fc1_ebtimeF_dtTrue_Exp_0<<<<<<<<<<<<<<<<<<<<<<<<<<<<<<<<<
test 976
mse:0.0023201368749141693, mae:0.03531142696738243
