Args in experiment:
Namespace(ver='TPE', is_training=1, model_id='ETTh1__336', model='DLinear', data='ETTh1', root_path='/nas/datahub/ETT/', data_path='ETTh1.csv', features='S', target='OT', freq='h', checkpoints='./checkpoints/', seq_len=336, label_len=48, pred_len=336, individual=False, embed_type=0, enc_in=7, dec_in=7, c_out=7, d_model=512, n_heads=8, e_layers=2, d_layers=1, d_ff=2048, moving_avg=25, factor=1, distil=True, dropout=0.05, embed='timeF', activation='gelu', output_attention=False, do_predict=False, num_workers=10, itr=1, train_epochs=10, batch_size=32, patience=3, learning_rate=0.005, des='Exp', loss='mse', lradj='type1', use_amp=False, use_gpu=True, gpu=0, use_multi_gpu=False, devices='0,1,2,3', test_flop=False)
Use GPU: cuda:0
>>>>>>>start training : ETTh1__336_DLinear_ETTh1_ftS_sl336_ll48_pl336_dm512_nh8_el2_dl1_df2048_fc1_ebtimeF_dtTrue_Exp_0>>>>>>>>>>>>>>>>>>>>>>>>>>
train 7969
val 2545
test 2545
	iters: 100, epoch: 1 | loss: 1.1563742
	speed: 0.0411s/iter; left time: 98.2721s
	iters: 200, epoch: 1 | loss: 0.4249003
	speed: 0.0051s/iter; left time: 11.7374s
Epoch: 1 cost time: 4.9027886390686035
Epoch: 1, Steps: 249 | Train Loss: 0.9331218 Vali Loss: 0.1835858 Test Loss: 0.5300963
Validation loss decreased (inf --> 0.183586).  Saving model ...
Updating learning rate to 0.005
	iters: 100, epoch: 2 | loss: 0.2469704
	speed: 0.0494s/iter; left time: 105.8934s
	iters: 200, epoch: 2 | loss: 0.2578273
	speed: 0.0058s/iter; left time: 11.8398s
Epoch: 2 cost time: 2.6093947887420654
Epoch: 2, Steps: 249 | Train Loss: 0.2892218 Vali Loss: 0.1663906 Test Loss: 0.3953745
Validation loss decreased (0.183586 --> 0.166391).  Saving model ...
Updating learning rate to 0.0025
	iters: 100, epoch: 3 | loss: 0.1747799
	speed: 0.0498s/iter; left time: 94.2309s
	iters: 200, epoch: 3 | loss: 0.2907003
	speed: 0.0054s/iter; left time: 9.6969s
Epoch: 3 cost time: 2.5474038124084473
Epoch: 3, Steps: 249 | Train Loss: 0.2369373 Vali Loss: 0.1474301 Test Loss: 0.2620415
Validation loss decreased (0.166391 --> 0.147430).  Saving model ...
Updating learning rate to 0.00125
	iters: 100, epoch: 4 | loss: 0.2175646
	speed: 0.0478s/iter; left time: 78.5164s
	iters: 200, epoch: 4 | loss: 0.3366429
	speed: 0.0052s/iter; left time: 8.0049s
Epoch: 4 cost time: 2.405193567276001
Epoch: 4, Steps: 249 | Train Loss: 0.2103759 Vali Loss: 0.1451071 Test Loss: 0.2502058
Validation loss decreased (0.147430 --> 0.145107).  Saving model ...
Updating learning rate to 0.000625
	iters: 100, epoch: 5 | loss: 0.1653154
	speed: 0.0470s/iter; left time: 65.5687s
	iters: 200, epoch: 5 | loss: 0.1954209
	speed: 0.0047s/iter; left time: 6.0659s
Epoch: 5 cost time: 2.3564443588256836
Epoch: 5, Steps: 249 | Train Loss: 0.2045061 Vali Loss: 0.1514383 Test Loss: 0.2682941
EarlyStopping counter: 1 out of 3
Updating learning rate to 0.0003125
	iters: 100, epoch: 6 | loss: 0.2768101
	speed: 0.0485s/iter; left time: 55.6253s
	iters: 200, epoch: 6 | loss: 0.1926083
	speed: 0.0053s/iter; left time: 5.5279s
Epoch: 6 cost time: 2.449521541595459
Epoch: 6, Steps: 249 | Train Loss: 0.1970187 Vali Loss: 0.1431800 Test Loss: 0.2231425
Validation loss decreased (0.145107 --> 0.143180).  Saving model ...
Updating learning rate to 0.00015625
	iters: 100, epoch: 7 | loss: 0.1683134
	speed: 0.0508s/iter; left time: 45.5370s
	iters: 200, epoch: 7 | loss: 0.1698574
	speed: 0.0057s/iter; left time: 4.5308s
Epoch: 7 cost time: 2.687455415725708
Epoch: 7, Steps: 249 | Train Loss: 0.1931775 Vali Loss: 0.1426233 Test Loss: 0.2148137
Validation loss decreased (0.143180 --> 0.142623).  Saving model ...
Updating learning rate to 7.8125e-05
	iters: 100, epoch: 8 | loss: 0.2217318
	speed: 0.0489s/iter; left time: 31.6836s
	iters: 200, epoch: 8 | loss: 0.1958442
	speed: 0.0052s/iter; left time: 2.8340s
Epoch: 8 cost time: 2.438004970550537
Epoch: 8, Steps: 249 | Train Loss: 0.1918921 Vali Loss: 0.1418571 Test Loss: 0.2104274
Validation loss decreased (0.142623 --> 0.141857).  Saving model ...
Updating learning rate to 3.90625e-05
	iters: 100, epoch: 9 | loss: 0.1571719
	speed: 0.0486s/iter; left time: 19.3964s
	iters: 200, epoch: 9 | loss: 0.1603017
	speed: 0.0052s/iter; left time: 1.5465s
Epoch: 9 cost time: 2.4551265239715576
Epoch: 9, Steps: 249 | Train Loss: 0.1906413 Vali Loss: 0.1443187 Test Loss: 0.2289020
EarlyStopping counter: 1 out of 3
Updating learning rate to 1.953125e-05
	iters: 100, epoch: 10 | loss: 0.1910402
	speed: 0.0483s/iter; left time: 7.2410s
	iters: 200, epoch: 10 | loss: 0.2034964
	speed: 0.0053s/iter; left time: 0.2664s
Epoch: 10 cost time: 2.5431528091430664
Epoch: 10, Steps: 249 | Train Loss: 0.1903729 Vali Loss: 0.1432697 Test Loss: 0.2195348
EarlyStopping counter: 2 out of 3
Updating learning rate to 9.765625e-06
>>>>>>>testing : ETTh1__336_DLinear_ETTh1_ftS_sl336_ll48_pl336_dm512_nh8_el2_dl1_df2048_fc1_ebtimeF_dtTrue_Exp_0<<<<<<<<<<<<<<<<<<<<<<<<<<<<<<<<<
test 2545
mse:0.2104274332523346, mae:0.35640668869018555
