Args in experiment:
Namespace(ver='D', is_training=1, model_id='ETTh1_336_96', model='DLinear', data='ETTh1', root_path='/nas/datahub/ETT/', data_path='ETTh1.csv', features='M', target='OT', freq='h', checkpoints='./checkpoints/', seq_len=336, label_len=48, pred_len=96, individual=False, embed_type=0, enc_in=7, dec_in=7, c_out=7, d_model=512, n_heads=8, e_layers=2, d_layers=1, d_ff=2048, moving_avg=25, factor=1, distil=True, dropout=0.05, embed='timeF', activation='gelu', output_attention=False, do_predict=False, num_workers=10, itr=1, train_epochs=10, batch_size=32, patience=3, learning_rate=0.005, des='Exp', loss='mse', lradj='type1', use_amp=False, use_gpu=True, gpu=0, use_multi_gpu=False, devices='0,1,2,3', test_flop=False)
Use GPU: cuda:0
>>>>>>>start training : ETTh1_336_96_DLinear_ETTh1_ftM_sl336_ll48_pl96_dm512_nh8_el2_dl1_df2048_fc1_ebtimeF_dtTrue_Exp_0>>>>>>>>>>>>>>>>>>>>>>>>>>
train 8209
val 2785
test 2785
	iters: 100, epoch: 1 | loss: 0.3492216
	speed: 0.0219s/iter; left time: 53.9474s
	iters: 200, epoch: 1 | loss: 0.3415232
	speed: 0.0064s/iter; left time: 15.2113s
Epoch: 1 cost time: 3.2764110565185547
Epoch: 1, Steps: 256 | Train Loss: 0.3876775 Vali Loss: 0.7258473 Test Loss: 0.4323958
Validation loss decreased (inf --> 0.725847).  Saving model ...
Updating learning rate to 0.005
	iters: 100, epoch: 2 | loss: 0.3888777
	speed: 0.0411s/iter; left time: 90.5795s
	iters: 200, epoch: 2 | loss: 0.3460574
	speed: 0.0064s/iter; left time: 13.4475s
Epoch: 2 cost time: 2.3036749362945557
Epoch: 2, Steps: 256 | Train Loss: 0.3640778 Vali Loss: 0.6957074 Test Loss: 0.4228219
Validation loss decreased (0.725847 --> 0.695707).  Saving model ...
Updating learning rate to 0.0025
	iters: 100, epoch: 3 | loss: 0.3199070
	speed: 0.0385s/iter; left time: 75.1057s
	iters: 200, epoch: 3 | loss: 0.3067589
	speed: 0.0057s/iter; left time: 10.5094s
Epoch: 3 cost time: 2.129805564880371
Epoch: 3, Steps: 256 | Train Loss: 0.3299434 Vali Loss: 0.6794561 Test Loss: 0.4464730
Validation loss decreased (0.695707 --> 0.679456).  Saving model ...
Updating learning rate to 0.00125
	iters: 100, epoch: 4 | loss: 0.2881008
	speed: 0.0412s/iter; left time: 69.6975s
	iters: 200, epoch: 4 | loss: 0.2933622
	speed: 0.0071s/iter; left time: 11.3500s
Epoch: 4 cost time: 2.636507749557495
Epoch: 4, Steps: 256 | Train Loss: 0.3057870 Vali Loss: 0.7123119 Test Loss: 0.3986076
EarlyStopping counter: 1 out of 3
Updating learning rate to 0.000625
	iters: 100, epoch: 5 | loss: 0.2990092
	speed: 0.0396s/iter; left time: 56.9035s
	iters: 200, epoch: 5 | loss: 0.3159443
	speed: 0.0054s/iter; left time: 7.2440s
Epoch: 5 cost time: 2.2647206783294678
Epoch: 5, Steps: 256 | Train Loss: 0.2851446 Vali Loss: 0.6701034 Test Loss: 0.4169865
Validation loss decreased (0.679456 --> 0.670103).  Saving model ...
Updating learning rate to 0.0003125
	iters: 100, epoch: 6 | loss: 0.2595212
	speed: 0.0399s/iter; left time: 47.1663s
	iters: 200, epoch: 6 | loss: 0.2868372
	speed: 0.0060s/iter; left time: 6.4932s
Epoch: 6 cost time: 2.428204298019409
Epoch: 6, Steps: 256 | Train Loss: 0.2710534 Vali Loss: 0.6917211 Test Loss: 0.4198494
EarlyStopping counter: 1 out of 3
Updating learning rate to 0.00015625
	iters: 100, epoch: 7 | loss: 0.2396774
	speed: 0.0424s/iter; left time: 39.2428s
	iters: 200, epoch: 7 | loss: 0.2577088
	speed: 0.0067s/iter; left time: 5.5631s
Epoch: 7 cost time: 2.317326545715332
Epoch: 7, Steps: 256 | Train Loss: 0.2625356 Vali Loss: 0.6920142 Test Loss: 0.4106975
EarlyStopping counter: 2 out of 3
Updating learning rate to 7.8125e-05
	iters: 100, epoch: 8 | loss: 0.2970917
	speed: 0.0385s/iter; left time: 25.7492s
	iters: 200, epoch: 8 | loss: 0.2277371
	speed: 0.0066s/iter; left time: 3.7316s
Epoch: 8 cost time: 2.435399055480957
Epoch: 8, Steps: 256 | Train Loss: 0.2578195 Vali Loss: 0.6879852 Test Loss: 0.4137596
EarlyStopping counter: 3 out of 3
Early stopping
>>>>>>>testing : ETTh1_336_96_DLinear_ETTh1_ftM_sl336_ll48_pl96_dm512_nh8_el2_dl1_df2048_fc1_ebtimeF_dtTrue_Exp_0<<<<<<<<<<<<<<<<<<<<<<<<<<<<<<<<<
test 2785
mse:0.41698646545410156, mae:0.43014228343963623
