Args in experiment:
Namespace(ver='TPE', is_training=1, model_id='ETTh1_336_720', model='DLinear', data='ETTh1', root_path='/nas/datahub/ETT/', data_path='ETTh1.csv', features='M', target='OT', freq='h', checkpoints='./checkpoints/', seq_len=336, label_len=48, pred_len=720, individual=False, embed_type=0, enc_in=7, dec_in=7, c_out=7, d_model=512, n_heads=8, e_layers=2, d_layers=1, d_ff=2048, moving_avg=25, factor=1, distil=True, dropout=0.05, embed='timeF', activation='gelu', output_attention=False, do_predict=False, num_workers=10, itr=1, train_epochs=10, batch_size=32, patience=3, learning_rate=0.005, des='Exp', loss='mse', lradj='type1', use_amp=False, use_gpu=True, gpu=0, use_multi_gpu=False, devices='0,1,2,3', test_flop=False)
Use GPU: cuda:0
>>>>>>>start training : ETTh1_336_720_DLinear_ETTh1_ftM_sl336_ll48_pl720_dm512_nh8_el2_dl1_df2048_fc1_ebtimeF_dtTrue_Exp_0>>>>>>>>>>>>>>>>>>>>>>>>>>
train 7585
val 2161
test 2161
	iters: 100, epoch: 1 | loss: 0.5723035
	speed: 0.0311s/iter; left time: 70.7096s
	iters: 200, epoch: 1 | loss: 0.5774539
	speed: 0.0067s/iter; left time: 14.6408s
Epoch: 1 cost time: 4.097899675369263
Epoch: 1, Steps: 237 | Train Loss: 1.5550497 Vali Loss: 1.3009641 Test Loss: 0.5588176
Validation loss decreased (inf --> 1.300964).  Saving model ...
Updating learning rate to 0.005
	iters: 100, epoch: 2 | loss: 0.5834069
	speed: 0.0456s/iter; left time: 92.8227s
	iters: 200, epoch: 2 | loss: 0.5801600
	speed: 0.0066s/iter; left time: 12.7531s
Epoch: 2 cost time: 2.5101187229156494
Epoch: 2, Steps: 237 | Train Loss: 0.5694630 Vali Loss: 1.2218150 Test Loss: 0.5950371
Validation loss decreased (1.300964 --> 1.221815).  Saving model ...
Updating learning rate to 0.0025
	iters: 100, epoch: 3 | loss: 0.5694296
	speed: 0.0488s/iter; left time: 87.7392s
	iters: 200, epoch: 3 | loss: 0.5980493
	speed: 0.0070s/iter; left time: 11.8427s
Epoch: 3 cost time: 2.609901189804077
Epoch: 3, Steps: 237 | Train Loss: 0.5449543 Vali Loss: 1.2404505 Test Loss: 0.5289904
EarlyStopping counter: 1 out of 3
Updating learning rate to 0.00125
	iters: 100, epoch: 4 | loss: 0.5384571
	speed: 0.0455s/iter; left time: 70.9097s
	iters: 200, epoch: 4 | loss: 0.5309842
	speed: 0.0062s/iter; left time: 9.0537s
Epoch: 4 cost time: 2.4865317344665527
Epoch: 4, Steps: 237 | Train Loss: 0.5302542 Vali Loss: 1.2630674 Test Loss: 0.4923033
EarlyStopping counter: 2 out of 3
Updating learning rate to 0.000625
	iters: 100, epoch: 5 | loss: 0.5461869
	speed: 0.0507s/iter; left time: 67.0401s
	iters: 200, epoch: 5 | loss: 0.5719987
	speed: 0.0072s/iter; left time: 8.7818s
Epoch: 5 cost time: 3.0260236263275146
Epoch: 5, Steps: 237 | Train Loss: 0.5240279 Vali Loss: 1.2206091 Test Loss: 0.4983211
Validation loss decreased (1.221815 --> 1.220609).  Saving model ...
Updating learning rate to 0.0003125
	iters: 100, epoch: 6 | loss: 0.4677478
	speed: 0.0489s/iter; left time: 53.1405s
	iters: 200, epoch: 6 | loss: 0.4928382
	speed: 0.0067s/iter; left time: 6.6031s
Epoch: 6 cost time: 2.5916755199432373
Epoch: 6, Steps: 237 | Train Loss: 0.5201385 Vali Loss: 1.2057405 Test Loss: 0.4953860
Validation loss decreased (1.220609 --> 1.205740).  Saving model ...
Updating learning rate to 0.00015625
	iters: 100, epoch: 7 | loss: 0.4814441
	speed: 0.0486s/iter; left time: 41.2262s
	iters: 200, epoch: 7 | loss: 0.5386178
	speed: 0.0070s/iter; left time: 5.2560s
Epoch: 7 cost time: 2.5218701362609863
Epoch: 7, Steps: 237 | Train Loss: 0.5180579 Vali Loss: 1.2319188 Test Loss: 0.4836086
EarlyStopping counter: 1 out of 3
Updating learning rate to 7.8125e-05
	iters: 100, epoch: 8 | loss: 0.5328374
	speed: 0.0457s/iter; left time: 27.9691s
	iters: 200, epoch: 8 | loss: 0.5021612
	speed: 0.0066s/iter; left time: 3.3995s
Epoch: 8 cost time: 2.51446533203125
Epoch: 8, Steps: 237 | Train Loss: 0.5165707 Vali Loss: 1.2475127 Test Loss: 0.4757755
EarlyStopping counter: 2 out of 3
Updating learning rate to 3.90625e-05
	iters: 100, epoch: 9 | loss: 0.4988969
	speed: 0.0442s/iter; left time: 16.5909s
	iters: 200, epoch: 9 | loss: 0.5264074
	speed: 0.0064s/iter; left time: 1.7666s
Epoch: 9 cost time: 2.4025068283081055
Epoch: 9, Steps: 237 | Train Loss: 0.5159856 Vali Loss: 1.2284204 Test Loss: 0.4830407
EarlyStopping counter: 3 out of 3
Early stopping
>>>>>>>testing : ETTh1_336_720_DLinear_ETTh1_ftM_sl336_ll48_pl720_dm512_nh8_el2_dl1_df2048_fc1_ebtimeF_dtTrue_Exp_0<<<<<<<<<<<<<<<<<<<<<<<<<<<<<<<<<
test 2161
mse:0.4953860640525818, mae:0.5061257481575012
