Args in experiment:
Namespace(ver='TPE', is_training=1, model_id='mirae_Linear', model='DLinear', data='mirae', root_path='./data/ETT/', data_path='ETTh1.csv', features='M', target='OT', freq='h', checkpoints='./checkpoints/', seq_len=72, label_len=48, pred_len=12, individual=False, embed_type=0, enc_in=7, dec_in=7, c_out=7, d_model=512, n_heads=8, e_layers=2, d_layers=1, d_ff=2048, moving_avg=25, factor=1, distil=True, dropout=0.05, embed='timeF', activation='gelu', output_attention=False, do_predict=False, num_workers=10, itr=1, train_epochs=20, batch_size=32, patience=3, learning_rate=0.005, des='Exp', loss='mse', lradj='type1', use_amp=False, use_gpu=True, gpu=0, use_multi_gpu=False, devices='0,1,2,3', test_flop=False)
Use GPU: cuda:0
>>>>>>>start training : mirae_Linear_DLinear_mirae_ftM_sl72_ll48_pl12_dm512_nh8_el2_dl1_df2048_fc1_ebtimeF_dtTrue_Exp_0>>>>>>>>>>>>>>>>>>>>>>>>>>
train 4552
val 975
test 976
	iters: 100, epoch: 1 | loss: 0.0400946
	speed: 0.0420s/iter; left time: 115.2290s
Epoch: 1 cost time: 4.587796926498413
Epoch: 1, Steps: 142 | Train Loss: 0.2093232 Vali Loss: 0.0336240 Test Loss: 0.0406314
Validation loss decreased (inf --> 0.033624).  Saving model ...
Updating learning rate to 0.005
	iters: 100, epoch: 2 | loss: 0.0205242
	speed: 0.0436s/iter; left time: 113.2312s
Epoch: 2 cost time: 2.845179319381714
Epoch: 2, Steps: 142 | Train Loss: 0.0226082 Vali Loss: 0.0166453 Test Loss: 0.0180672
Validation loss decreased (0.033624 --> 0.016645).  Saving model ...
Updating learning rate to 0.0025
	iters: 100, epoch: 3 | loss: 0.0112038
	speed: 0.0526s/iter; left time: 129.2271s
Epoch: 3 cost time: 2.9793145656585693
Epoch: 3, Steps: 142 | Train Loss: 0.0127729 Vali Loss: 0.0092739 Test Loss: 0.0092287
Validation loss decreased (0.016645 --> 0.009274).  Saving model ...
Updating learning rate to 0.00125
	iters: 100, epoch: 4 | loss: 0.0145406
	speed: 0.0495s/iter; left time: 114.6226s
Epoch: 4 cost time: 2.7958807945251465
Epoch: 4, Steps: 142 | Train Loss: 0.0101602 Vali Loss: 0.0085660 Test Loss: 0.0087310
Validation loss decreased (0.009274 --> 0.008566).  Saving model ...
Updating learning rate to 0.000625
	iters: 100, epoch: 5 | loss: 0.0077165
	speed: 0.0497s/iter; left time: 108.0540s
Epoch: 5 cost time: 2.8927621841430664
Epoch: 5, Steps: 142 | Train Loss: 0.0091237 Vali Loss: 0.0069033 Test Loss: 0.0065384
Validation loss decreased (0.008566 --> 0.006903).  Saving model ...
Updating learning rate to 0.0003125
	iters: 100, epoch: 6 | loss: 0.0075631
	speed: 0.0567s/iter; left time: 115.1099s
Epoch: 6 cost time: 2.9023048877716064
Epoch: 6, Steps: 142 | Train Loss: 0.0084578 Vali Loss: 0.0061026 Test Loss: 0.0057191
Validation loss decreased (0.006903 --> 0.006103).  Saving model ...
Updating learning rate to 0.00015625
	iters: 100, epoch: 7 | loss: 0.0051126
	speed: 0.0486s/iter; left time: 91.7291s
Epoch: 7 cost time: 2.750020742416382
Epoch: 7, Steps: 142 | Train Loss: 0.0082263 Vali Loss: 0.0068286 Test Loss: 0.0065300
EarlyStopping counter: 1 out of 3
Updating learning rate to 7.8125e-05
	iters: 100, epoch: 8 | loss: 0.0048838
	speed: 0.0489s/iter; left time: 85.4240s
Epoch: 8 cost time: 2.8980183601379395
Epoch: 8, Steps: 142 | Train Loss: 0.0080924 Vali Loss: 0.0071516 Test Loss: 0.0068795
EarlyStopping counter: 2 out of 3
Updating learning rate to 3.90625e-05
	iters: 100, epoch: 9 | loss: 0.0098107
	speed: 0.0457s/iter; left time: 73.3692s
Epoch: 9 cost time: 2.6224968433380127
Epoch: 9, Steps: 142 | Train Loss: 0.0080056 Vali Loss: 0.0069653 Test Loss: 0.0066511
EarlyStopping counter: 3 out of 3
Early stopping
>>>>>>>testing : mirae_Linear_DLinear_mirae_ftM_sl72_ll48_pl12_dm512_nh8_el2_dl1_df2048_fc1_ebtimeF_dtTrue_Exp_0<<<<<<<<<<<<<<<<<<<<<<<<<<<<<<<<<
test 976
mse:0.005719051696360111, mae:0.06088193133473396
