Args in experiment:
Namespace(ver='TCM', is_training=1, model_id='mirae_Linear', model='DLinear-T', data='mirae', root_path='./data/ETT/', data_path='ETTh1.csv', features='M', target='OT', freq='h', checkpoints='./checkpoints/', seq_len=72, label_len=48, pred_len=12, individual=False, embed_type=0, enc_in=7, dec_in=7, c_out=7, d_model=512, n_heads=8, e_layers=2, d_layers=1, d_ff=2048, moving_avg=25, factor=1, distil=True, dropout=0.05, embed='timeF', activation='gelu', output_attention=False, do_predict=False, num_workers=10, itr=1, train_epochs=20, batch_size=32, patience=3, learning_rate=0.005, des='Exp', loss='mse', lradj='type1', use_amp=False, use_gpu=True, gpu=0, use_multi_gpu=False, devices='0,1,2,3', test_flop=False)
Use GPU: cuda:0
>>>>>>>start training : mirae_Linear_DLinear-T_mirae_ftM_sl72_ll48_pl12_dm512_nh8_el2_dl1_df2048_fc1_ebtimeF_dtTrue_Exp_0>>>>>>>>>>>>>>>>>>>>>>>>>>
train 4552
val 975
test 976
	iters: 100, epoch: 1 | loss: 0.0249188
	speed: 0.0345s/iter; left time: 94.5216s
Epoch: 1 cost time: 3.828860282897949
Epoch: 1, Steps: 142 | Train Loss: 0.0903595 Vali Loss: 0.0048121 Test Loss: 0.0046582
Validation loss decreased (inf --> 0.004812).  Saving model ...
Updating learning rate to 0.005
	iters: 100, epoch: 2 | loss: 0.0077489
	speed: 0.0504s/iter; left time: 131.0943s
Epoch: 2 cost time: 2.0117719173431396
Epoch: 2, Steps: 142 | Train Loss: 0.0120251 Vali Loss: 0.0033284 Test Loss: 0.0035583
Validation loss decreased (0.004812 --> 0.003328).  Saving model ...
Updating learning rate to 0.0025
	iters: 100, epoch: 3 | loss: 0.0070409
	speed: 0.0435s/iter; left time: 106.8109s
Epoch: 3 cost time: 2.1818768978118896
Epoch: 3, Steps: 142 | Train Loss: 0.0090015 Vali Loss: 0.0028587 Test Loss: 0.0032363
Validation loss decreased (0.003328 --> 0.002859).  Saving model ...
Updating learning rate to 0.00125
	iters: 100, epoch: 4 | loss: 0.0063712
	speed: 0.0460s/iter; left time: 106.5579s
Epoch: 4 cost time: 1.893744707107544
Epoch: 4, Steps: 142 | Train Loss: 0.0082130 Vali Loss: 0.0026295 Test Loss: 0.0030144
Validation loss decreased (0.002859 --> 0.002630).  Saving model ...
Updating learning rate to 0.000625
	iters: 100, epoch: 5 | loss: 0.0087406
	speed: 0.0409s/iter; left time: 88.9588s
Epoch: 5 cost time: 1.9973113536834717
Epoch: 5, Steps: 142 | Train Loss: 0.0079091 Vali Loss: 0.0026177 Test Loss: 0.0029292
Validation loss decreased (0.002630 --> 0.002618).  Saving model ...
Updating learning rate to 0.0003125
	iters: 100, epoch: 6 | loss: 0.0039821
	speed: 0.0515s/iter; left time: 104.5004s
Epoch: 6 cost time: 2.382262945175171
Epoch: 6, Steps: 142 | Train Loss: 0.0077580 Vali Loss: 0.0026266 Test Loss: 0.0029972
EarlyStopping counter: 1 out of 3
Updating learning rate to 0.00015625
	iters: 100, epoch: 7 | loss: 0.0108518
	speed: 0.0459s/iter; left time: 86.6985s
Epoch: 7 cost time: 2.155215263366699
Epoch: 7, Steps: 142 | Train Loss: 0.0076576 Vali Loss: 0.0025972 Test Loss: 0.0029409
Validation loss decreased (0.002618 --> 0.002597).  Saving model ...
Updating learning rate to 7.8125e-05
	iters: 100, epoch: 8 | loss: 0.0081386
	speed: 0.0480s/iter; left time: 83.7946s
Epoch: 8 cost time: 2.251490831375122
Epoch: 8, Steps: 142 | Train Loss: 0.0075996 Vali Loss: 0.0025989 Test Loss: 0.0029468
EarlyStopping counter: 1 out of 3
Updating learning rate to 3.90625e-05
	iters: 100, epoch: 9 | loss: 0.0031210
	speed: 0.0470s/iter; left time: 75.4055s
Epoch: 9 cost time: 1.9902832508087158
Epoch: 9, Steps: 142 | Train Loss: 0.0075967 Vali Loss: 0.0025608 Test Loss: 0.0029264
Validation loss decreased (0.002597 --> 0.002561).  Saving model ...
Updating learning rate to 1.953125e-05
	iters: 100, epoch: 10 | loss: 0.0059725
	speed: 0.0411s/iter; left time: 60.0992s
Epoch: 10 cost time: 1.914233684539795
Epoch: 10, Steps: 142 | Train Loss: 0.0075824 Vali Loss: 0.0025644 Test Loss: 0.0029267
EarlyStopping counter: 1 out of 3
Updating learning rate to 9.765625e-06
	iters: 100, epoch: 11 | loss: 0.0064142
	speed: 0.0503s/iter; left time: 66.4424s
Epoch: 11 cost time: 2.226945638656616
Epoch: 11, Steps: 142 | Train Loss: 0.0075681 Vali Loss: 0.0025840 Test Loss: 0.0029299
EarlyStopping counter: 2 out of 3
Updating learning rate to 4.8828125e-06
	iters: 100, epoch: 12 | loss: 0.0083131
	speed: 0.0458s/iter; left time: 54.0114s
Epoch: 12 cost time: 1.963383674621582
Epoch: 12, Steps: 142 | Train Loss: 0.0075635 Vali Loss: 0.0025867 Test Loss: 0.0029300
EarlyStopping counter: 3 out of 3
Early stopping
>>>>>>>testing : mirae_Linear_DLinear-T_mirae_ftM_sl72_ll48_pl12_dm512_nh8_el2_dl1_df2048_fc1_ebtimeF_dtTrue_Exp_0<<<<<<<<<<<<<<<<<<<<<<<<<<<<<<<<<
test 976
mse:0.002926385961472988, mae:0.040667664259672165
