Args in experiment:
Namespace(ver='TPE', is_training=1, model_id='ETTh1_336_336', model='Linear', data='ETTh1', root_path='/nas/datahub/ETT/', data_path='ETTh1.csv', features='M', target='OT', freq='h', checkpoints='./checkpoints/', seq_len=336, label_len=48, pred_len=336, individual=False, embed_type=0, enc_in=7, dec_in=7, c_out=7, d_model=512, n_heads=8, e_layers=2, d_layers=1, d_ff=2048, moving_avg=25, factor=1, distil=True, dropout=0.05, embed='timeF', activation='gelu', output_attention=False, do_predict=False, num_workers=10, itr=1, train_epochs=10, batch_size=32, patience=3, learning_rate=0.005, des='Exp', loss='mse', lradj='type1', use_amp=False, use_gpu=True, gpu=0, use_multi_gpu=False, devices='0,1,2,3', test_flop=False)
Use GPU: cuda:0
>>>>>>>start training : ETTh1_336_336_Linear_ETTh1_ftM_sl336_ll48_pl336_dm512_nh8_el2_dl1_df2048_fc1_ebtimeF_dtTrue_Exp_0>>>>>>>>>>>>>>>>>>>>>>>>>>
train 7969
val 2545
test 2545
	iters: 100, epoch: 1 | loss: 0.5055588
	speed: 0.0297s/iter; left time: 71.0411s
	iters: 200, epoch: 1 | loss: 0.5346925
	speed: 0.0059s/iter; left time: 13.5324s
Epoch: 1 cost time: 3.860646963119507
Epoch: 1, Steps: 249 | Train Loss: 0.7252678 Vali Loss: 1.0394442 Test Loss: 0.5030437
Validation loss decreased (inf --> 1.039444).  Saving model ...
Updating learning rate to 0.005
	iters: 100, epoch: 2 | loss: 0.3287558
	speed: 0.0415s/iter; left time: 88.9593s
	iters: 200, epoch: 2 | loss: 0.4398900
	speed: 0.0049s/iter; left time: 10.0562s
Epoch: 2 cost time: 2.237394094467163
Epoch: 2, Steps: 249 | Train Loss: 0.4490961 Vali Loss: 1.0387474 Test Loss: 0.4576963
Validation loss decreased (1.039444 --> 1.038747).  Saving model ...
Updating learning rate to 0.0025
	iters: 100, epoch: 3 | loss: 0.4751670
	speed: 0.0406s/iter; left time: 76.8144s
	iters: 200, epoch: 3 | loss: 0.4237596
	speed: 0.0053s/iter; left time: 9.5637s
Epoch: 3 cost time: 2.27671217918396
Epoch: 3, Steps: 249 | Train Loss: 0.4323816 Vali Loss: 1.0013828 Test Loss: 0.4676904
Validation loss decreased (1.038747 --> 1.001383).  Saving model ...
Updating learning rate to 0.00125
	iters: 100, epoch: 4 | loss: 0.3990901
	speed: 0.0452s/iter; left time: 74.3224s
	iters: 200, epoch: 4 | loss: 0.4344895
	speed: 0.0060s/iter; left time: 9.3013s
Epoch: 4 cost time: 2.220216989517212
Epoch: 4, Steps: 249 | Train Loss: 0.4249239 Vali Loss: 1.0278786 Test Loss: 0.4496381
EarlyStopping counter: 1 out of 3
Updating learning rate to 0.000625
	iters: 100, epoch: 5 | loss: 0.4974229
	speed: 0.0414s/iter; left time: 57.7417s
	iters: 200, epoch: 5 | loss: 0.4173270
	speed: 0.0059s/iter; left time: 7.6613s
Epoch: 5 cost time: 2.355973243713379
Epoch: 5, Steps: 249 | Train Loss: 0.4205136 Vali Loss: 1.0538021 Test Loss: 0.4465106
EarlyStopping counter: 2 out of 3
Updating learning rate to 0.0003125
	iters: 100, epoch: 6 | loss: 0.4156681
	speed: 0.0423s/iter; left time: 48.4228s
	iters: 200, epoch: 6 | loss: 0.3774829
	speed: 0.0062s/iter; left time: 6.4759s
Epoch: 6 cost time: 2.3219876289367676
Epoch: 6, Steps: 249 | Train Loss: 0.4177369 Vali Loss: 1.0473661 Test Loss: 0.4499234
EarlyStopping counter: 3 out of 3
Early stopping
>>>>>>>testing : ETTh1_336_336_Linear_ETTh1_ftM_sl336_ll48_pl336_dm512_nh8_el2_dl1_df2048_fc1_ebtimeF_dtTrue_Exp_0<<<<<<<<<<<<<<<<<<<<<<<<<<<<<<<<<
test 2545
mse:0.4676906168460846, mae:0.4782985746860504
