Args in experiment:
Namespace(ver='TWM', is_training=1, model_id='mirae_Linear', model='Linear', data='mirae', root_path='./data/ETT/', data_path='ETTh1.csv', features='M', target='OT', freq='h', checkpoints='./checkpoints/', seq_len=72, label_len=48, pred_len=12, individual=False, embed_type=0, enc_in=7, dec_in=7, c_out=7, d_model=512, n_heads=8, e_layers=2, d_layers=1, d_ff=2048, moving_avg=25, factor=1, distil=True, dropout=0.05, embed='timeF', activation='gelu', output_attention=False, do_predict=False, num_workers=10, itr=1, train_epochs=20, batch_size=32, patience=3, learning_rate=0.005, des='Exp', loss='mse', lradj='type1', use_amp=False, use_gpu=True, gpu=0, use_multi_gpu=False, devices='0,1,2,3', test_flop=False)
Use GPU: cuda:0
>>>>>>>start training : mirae_Linear_Linear_mirae_ftM_sl72_ll48_pl12_dm512_nh8_el2_dl1_df2048_fc1_ebtimeF_dtTrue_Exp_0>>>>>>>>>>>>>>>>>>>>>>>>>>
train 4552
val 975
test 976
	iters: 100, epoch: 1 | loss: 0.0261350
	speed: 0.0286s/iter; left time: 78.4031s
Epoch: 1 cost time: 3.165005683898926
Epoch: 1, Steps: 142 | Train Loss: 0.0410495 Vali Loss: 0.0131905 Test Loss: 0.0183913
Validation loss decreased (inf --> 0.013191).  Saving model ...
Updating learning rate to 0.005
	iters: 100, epoch: 2 | loss: 0.0148712
	speed: 0.0383s/iter; left time: 99.6361s
Epoch: 2 cost time: 1.704937219619751
Epoch: 2, Steps: 142 | Train Loss: 0.0168678 Vali Loss: 0.0072750 Test Loss: 0.0108083
Validation loss decreased (0.013191 --> 0.007275).  Saving model ...
Updating learning rate to 0.0025
	iters: 100, epoch: 3 | loss: 0.0118128
	speed: 0.0393s/iter; left time: 96.6521s
Epoch: 3 cost time: 1.6763274669647217
Epoch: 3, Steps: 142 | Train Loss: 0.0123203 Vali Loss: 0.0048219 Test Loss: 0.0074608
Validation loss decreased (0.007275 --> 0.004822).  Saving model ...
Updating learning rate to 0.00125
	iters: 100, epoch: 4 | loss: 0.0089750
	speed: 0.0397s/iter; left time: 91.8462s
Epoch: 4 cost time: 1.8120536804199219
Epoch: 4, Steps: 142 | Train Loss: 0.0109819 Vali Loss: 0.0041661 Test Loss: 0.0064889
Validation loss decreased (0.004822 --> 0.004166).  Saving model ...
Updating learning rate to 0.000625
	iters: 100, epoch: 5 | loss: 0.0106355
	speed: 0.0405s/iter; left time: 88.0087s
Epoch: 5 cost time: 1.739652156829834
Epoch: 5, Steps: 142 | Train Loss: 0.0104856 Vali Loss: 0.0038332 Test Loss: 0.0060397
Validation loss decreased (0.004166 --> 0.003833).  Saving model ...
Updating learning rate to 0.0003125
	iters: 100, epoch: 6 | loss: 0.0106593
	speed: 0.0379s/iter; left time: 77.0637s
Epoch: 6 cost time: 1.794938325881958
Epoch: 6, Steps: 142 | Train Loss: 0.0102862 Vali Loss: 0.0037499 Test Loss: 0.0058994
Validation loss decreased (0.003833 --> 0.003750).  Saving model ...
Updating learning rate to 0.00015625
	iters: 100, epoch: 7 | loss: 0.0103199
	speed: 0.0390s/iter; left time: 73.6801s
Epoch: 7 cost time: 1.6595790386199951
Epoch: 7, Steps: 142 | Train Loss: 0.0101886 Vali Loss: 0.0036838 Test Loss: 0.0058183
Validation loss decreased (0.003750 --> 0.003684).  Saving model ...
Updating learning rate to 7.8125e-05
	iters: 100, epoch: 8 | loss: 0.0116044
	speed: 0.0355s/iter; left time: 61.9941s
Epoch: 8 cost time: 1.6264300346374512
Epoch: 8, Steps: 142 | Train Loss: 0.0101347 Vali Loss: 0.0036686 Test Loss: 0.0057848
Validation loss decreased (0.003684 --> 0.003669).  Saving model ...
Updating learning rate to 3.90625e-05
	iters: 100, epoch: 9 | loss: 0.0098608
	speed: 0.0357s/iter; left time: 57.3307s
Epoch: 9 cost time: 1.5678765773773193
Epoch: 9, Steps: 142 | Train Loss: 0.0101104 Vali Loss: 0.0036437 Test Loss: 0.0057631
Validation loss decreased (0.003669 --> 0.003644).  Saving model ...
Updating learning rate to 1.953125e-05
	iters: 100, epoch: 10 | loss: 0.0123101
	speed: 0.0388s/iter; left time: 56.8338s
Epoch: 10 cost time: 1.711035966873169
Epoch: 10, Steps: 142 | Train Loss: 0.0100882 Vali Loss: 0.0036389 Test Loss: 0.0057521
Validation loss decreased (0.003644 --> 0.003639).  Saving model ...
Updating learning rate to 9.765625e-06
	iters: 100, epoch: 11 | loss: 0.0143371
	speed: 0.0376s/iter; left time: 49.6622s
Epoch: 11 cost time: 1.6719694137573242
Epoch: 11, Steps: 142 | Train Loss: 0.0100301 Vali Loss: 0.0036446 Test Loss: 0.0057442
EarlyStopping counter: 1 out of 3
Updating learning rate to 4.8828125e-06
	iters: 100, epoch: 12 | loss: 0.0211254
	speed: 0.0391s/iter; left time: 46.0948s
Epoch: 12 cost time: 1.7863306999206543
Epoch: 12, Steps: 142 | Train Loss: 0.0100822 Vali Loss: 0.0036116 Test Loss: 0.0057408
Validation loss decreased (0.003639 --> 0.003612).  Saving model ...
Updating learning rate to 2.44140625e-06
	iters: 100, epoch: 13 | loss: 0.0131746
	speed: 0.0391s/iter; left time: 40.5810s
Epoch: 13 cost time: 1.6841888427734375
Epoch: 13, Steps: 142 | Train Loss: 0.0100801 Vali Loss: 0.0036434 Test Loss: 0.0057390
EarlyStopping counter: 1 out of 3
Updating learning rate to 1.220703125e-06
	iters: 100, epoch: 14 | loss: 0.0063344
	speed: 0.0378s/iter; left time: 33.7924s
Epoch: 14 cost time: 1.6652944087982178
Epoch: 14, Steps: 142 | Train Loss: 0.0100514 Vali Loss: 0.0036349 Test Loss: 0.0057381
EarlyStopping counter: 2 out of 3
Updating learning rate to 6.103515625e-07
	iters: 100, epoch: 15 | loss: 0.0179202
	speed: 0.0369s/iter; left time: 27.8039s
Epoch: 15 cost time: 1.7563471794128418
Epoch: 15, Steps: 142 | Train Loss: 0.0100894 Vali Loss: 0.0036178 Test Loss: 0.0057377
EarlyStopping counter: 3 out of 3
Early stopping
>>>>>>>testing : mirae_Linear_Linear_mirae_ftM_sl72_ll48_pl12_dm512_nh8_el2_dl1_df2048_fc1_ebtimeF_dtTrue_Exp_0<<<<<<<<<<<<<<<<<<<<<<<<<<<<<<<<<
test 976
mse:0.00574084697291255, mae:0.06622381508350372
