Args in experiment:
Namespace(ver='TLS', is_training=1, model_id='mirae_Linear', model='Linear', data='mirae', root_path='./data/ETT/', data_path='ETTh1.csv', features='M', target='OT', freq='h', checkpoints='./checkpoints/', seq_len=72, label_len=48, pred_len=12, individual=False, embed_type=0, enc_in=7, dec_in=7, c_out=7, d_model=512, n_heads=8, e_layers=2, d_layers=1, d_ff=2048, moving_avg=25, factor=1, distil=True, dropout=0.05, embed='timeF', activation='gelu', output_attention=False, do_predict=False, num_workers=10, itr=1, train_epochs=20, batch_size=32, patience=3, learning_rate=0.005, des='Exp', loss='mse', lradj='type1', use_amp=False, use_gpu=True, gpu=0, use_multi_gpu=False, devices='0,1,2,3', test_flop=False)
Use GPU: cuda:0
>>>>>>>start training : mirae_Linear_Linear_mirae_ftM_sl72_ll48_pl12_dm512_nh8_el2_dl1_df2048_fc1_ebtimeF_dtTrue_Exp_0>>>>>>>>>>>>>>>>>>>>>>>>>>
train 4552
val 975
test 976
	iters: 100, epoch: 1 | loss: 0.0872670
	speed: 0.0296s/iter; left time: 81.1347s
Epoch: 1 cost time: 3.443380117416382
Epoch: 1, Steps: 142 | Train Loss: 5.4483578 Vali Loss: 0.1806250 Test Loss: 0.1819319
Validation loss decreased (inf --> 0.180625).  Saving model ...
Updating learning rate to 0.005
	iters: 100, epoch: 2 | loss: 0.1124588
	speed: 0.0438s/iter; left time: 113.8565s
Epoch: 2 cost time: 2.5846304893493652
Epoch: 2, Steps: 142 | Train Loss: 0.1092563 Vali Loss: 0.0728628 Test Loss: 0.0714656
Validation loss decreased (0.180625 --> 0.072863).  Saving model ...
Updating learning rate to 0.0025
	iters: 100, epoch: 3 | loss: 0.0406150
	speed: 0.0430s/iter; left time: 105.5899s
Epoch: 3 cost time: 2.1824259757995605
Epoch: 3, Steps: 142 | Train Loss: 0.0610731 Vali Loss: 0.0916290 Test Loss: 0.0941775
EarlyStopping counter: 1 out of 3
Updating learning rate to 0.00125
	iters: 100, epoch: 4 | loss: 0.0388127
	speed: 0.0451s/iter; left time: 104.4578s
Epoch: 4 cost time: 2.245426893234253
Epoch: 4, Steps: 142 | Train Loss: 0.0478770 Vali Loss: 0.0514695 Test Loss: 0.0509468
Validation loss decreased (0.072863 --> 0.051470).  Saving model ...
Updating learning rate to 0.000625
	iters: 100, epoch: 5 | loss: 0.0442343
	speed: 0.0451s/iter; left time: 97.9414s
Epoch: 5 cost time: 2.4118497371673584
Epoch: 5, Steps: 142 | Train Loss: 0.0423134 Vali Loss: 0.0645153 Test Loss: 0.0660932
EarlyStopping counter: 1 out of 3
Updating learning rate to 0.0003125
	iters: 100, epoch: 6 | loss: 0.0382781
	speed: 0.0396s/iter; left time: 80.3725s
Epoch: 6 cost time: 2.2727065086364746
Epoch: 6, Steps: 142 | Train Loss: 0.0389166 Vali Loss: 0.0452192 Test Loss: 0.0440884
Validation loss decreased (0.051470 --> 0.045219).  Saving model ...
Updating learning rate to 0.00015625
	iters: 100, epoch: 7 | loss: 0.0286309
	speed: 0.0418s/iter; left time: 78.9682s
Epoch: 7 cost time: 2.2282371520996094
Epoch: 7, Steps: 142 | Train Loss: 0.0374829 Vali Loss: 0.0477088 Test Loss: 0.0469442
EarlyStopping counter: 1 out of 3
Updating learning rate to 7.8125e-05
	iters: 100, epoch: 8 | loss: 0.0312536
	speed: 0.0467s/iter; left time: 81.5668s
Epoch: 8 cost time: 2.5074374675750732
Epoch: 8, Steps: 142 | Train Loss: 0.0367273 Vali Loss: 0.0531934 Test Loss: 0.0528674
EarlyStopping counter: 2 out of 3
Updating learning rate to 3.90625e-05
	iters: 100, epoch: 9 | loss: 0.0419685
	speed: 0.0409s/iter; left time: 65.6369s
Epoch: 9 cost time: 2.415256977081299
Epoch: 9, Steps: 142 | Train Loss: 0.0363488 Vali Loss: 0.0533178 Test Loss: 0.0538843
EarlyStopping counter: 3 out of 3
Early stopping
>>>>>>>testing : mirae_Linear_Linear_mirae_ftM_sl72_ll48_pl12_dm512_nh8_el2_dl1_df2048_fc1_ebtimeF_dtTrue_Exp_0<<<<<<<<<<<<<<<<<<<<<<<<<<<<<<<<<
test 976
mse:0.044088397175073624, mae:0.1697569638490677
