Args in experiment:
Namespace(ver='TPE', is_training=1, model_id='ETTh1_336_720', model='Linear', data='ETTh1', root_path='/nas/datahub/ETT/', data_path='ETTh1.csv', features='M', target='OT', freq='h', checkpoints='./checkpoints/', seq_len=336, label_len=48, pred_len=720, individual=False, embed_type=0, enc_in=7, dec_in=7, c_out=7, d_model=512, n_heads=8, e_layers=2, d_layers=1, d_ff=2048, moving_avg=25, factor=1, distil=True, dropout=0.05, embed='timeF', activation='gelu', output_attention=False, do_predict=False, num_workers=10, itr=1, train_epochs=10, batch_size=32, patience=3, learning_rate=0.005, des='Exp', loss='mse', lradj='type1', use_amp=False, use_gpu=True, gpu=0, use_multi_gpu=False, devices='0,1,2,3', test_flop=False)
Use GPU: cuda:0
>>>>>>>start training : ETTh1_336_720_Linear_ETTh1_ftM_sl336_ll48_pl720_dm512_nh8_el2_dl1_df2048_fc1_ebtimeF_dtTrue_Exp_0>>>>>>>>>>>>>>>>>>>>>>>>>>
train 7585
val 2161
test 2161
	iters: 100, epoch: 1 | loss: 0.6722158
	speed: 0.0315s/iter; left time: 71.6134s
	iters: 200, epoch: 1 | loss: 0.5452327
	speed: 0.0064s/iter; left time: 13.9331s
Epoch: 1 cost time: 4.088855981826782
Epoch: 1, Steps: 237 | Train Loss: 0.9006875 Vali Loss: 1.5405847 Test Loss: 0.5806065
Validation loss decreased (inf --> 1.540585).  Saving model ...
Updating learning rate to 0.005
	iters: 100, epoch: 2 | loss: 0.4780238
	speed: 0.0480s/iter; left time: 97.7217s
	iters: 200, epoch: 2 | loss: 0.5833461
	speed: 0.0062s/iter; left time: 11.9890s
Epoch: 2 cost time: 2.453061580657959
Epoch: 2, Steps: 237 | Train Loss: 0.5581537 Vali Loss: 1.3514748 Test Loss: 0.5605714
Validation loss decreased (1.540585 --> 1.351475).  Saving model ...
Updating learning rate to 0.0025
	iters: 100, epoch: 3 | loss: 0.4675131
	speed: 0.0478s/iter; left time: 85.8220s
	iters: 200, epoch: 3 | loss: 0.6335890
	speed: 0.0068s/iter; left time: 11.5749s
Epoch: 3 cost time: 2.601140022277832
Epoch: 3, Steps: 237 | Train Loss: 0.5207326 Vali Loss: 1.3072836 Test Loss: 0.5686400
Validation loss decreased (1.351475 --> 1.307284).  Saving model ...
Updating learning rate to 0.00125
	iters: 100, epoch: 4 | loss: 0.5361485
	speed: 0.0488s/iter; left time: 76.0652s
	iters: 200, epoch: 4 | loss: 0.4573647
	speed: 0.0058s/iter; left time: 8.4241s
Epoch: 4 cost time: 2.4154200553894043
Epoch: 4, Steps: 237 | Train Loss: 0.5021126 Vali Loss: 1.3481200 Test Loss: 0.5468689
EarlyStopping counter: 1 out of 3
Updating learning rate to 0.000625
	iters: 100, epoch: 5 | loss: 0.5058815
	speed: 0.0483s/iter; left time: 63.9514s
	iters: 200, epoch: 5 | loss: 0.5150633
	speed: 0.0058s/iter; left time: 7.1409s
Epoch: 5 cost time: 2.4539895057678223
Epoch: 5, Steps: 237 | Train Loss: 0.4918293 Vali Loss: 1.3567672 Test Loss: 0.5534062
EarlyStopping counter: 2 out of 3
Updating learning rate to 0.0003125
	iters: 100, epoch: 6 | loss: 0.4647454
	speed: 0.0471s/iter; left time: 51.0995s
	iters: 200, epoch: 6 | loss: 0.5079148
	speed: 0.0055s/iter; left time: 5.4620s
Epoch: 6 cost time: 2.4047555923461914
Epoch: 6, Steps: 237 | Train Loss: 0.4858089 Vali Loss: 1.3192366 Test Loss: 0.5649052
EarlyStopping counter: 3 out of 3
Early stopping
>>>>>>>testing : ETTh1_336_720_Linear_ETTh1_ftM_sl336_ll48_pl720_dm512_nh8_el2_dl1_df2048_fc1_ebtimeF_dtTrue_Exp_0<<<<<<<<<<<<<<<<<<<<<<<<<<<<<<<<<
test 2161
mse:0.5686397552490234, mae:0.5499606132507324
