Args in experiment:
Namespace(ver='TCC', is_training=1, model_id='mirae_Linear', model='Linear', data='mirae', root_path='./data/ETT/', data_path='ETTh1.csv', features='M', target='OT', freq='h', checkpoints='./checkpoints/', seq_len=72, label_len=48, pred_len=12, individual=False, embed_type=0, enc_in=7, dec_in=7, c_out=7, d_model=512, n_heads=8, e_layers=2, d_layers=1, d_ff=2048, moving_avg=25, factor=1, distil=True, dropout=0.05, embed='timeF', activation='gelu', output_attention=False, do_predict=False, num_workers=10, itr=1, train_epochs=20, batch_size=32, patience=3, learning_rate=0.005, des='Exp', loss='mse', lradj='type1', use_amp=False, use_gpu=True, gpu=0, use_multi_gpu=False, devices='0,1,2,3', test_flop=False)
Use GPU: cuda:0
>>>>>>>start training : mirae_Linear_Linear_mirae_ftM_sl72_ll48_pl12_dm512_nh8_el2_dl1_df2048_fc1_ebtimeF_dtTrue_Exp_0>>>>>>>>>>>>>>>>>>>>>>>>>>
train 4552
val 975
test 976
	iters: 100, epoch: 1 | loss: 0.0506453
	speed: 0.0325s/iter; left time: 89.1141s
Epoch: 1 cost time: 3.532963514328003
Epoch: 1, Steps: 142 | Train Loss: 0.4715072 Vali Loss: 0.0288499 Test Loss: 0.0305787
Validation loss decreased (inf --> 0.028850).  Saving model ...
Updating learning rate to 0.005
	iters: 100, epoch: 2 | loss: 0.0276618
	speed: 0.0389s/iter; left time: 100.9781s
Epoch: 2 cost time: 1.7468540668487549
Epoch: 2, Steps: 142 | Train Loss: 0.0311034 Vali Loss: 0.0146645 Test Loss: 0.0155598
Validation loss decreased (0.028850 --> 0.014665).  Saving model ...
Updating learning rate to 0.0025
	iters: 100, epoch: 3 | loss: 0.0266674
	speed: 0.0388s/iter; left time: 95.4140s
Epoch: 3 cost time: 1.695521354675293
Epoch: 3, Steps: 142 | Train Loss: 0.0217892 Vali Loss: 0.0117571 Test Loss: 0.0124178
Validation loss decreased (0.014665 --> 0.011757).  Saving model ...
Updating learning rate to 0.00125
	iters: 100, epoch: 4 | loss: 0.0247351
	speed: 0.0416s/iter; left time: 96.3200s
Epoch: 4 cost time: 1.7583110332489014
Epoch: 4, Steps: 142 | Train Loss: 0.0191944 Vali Loss: 0.0107591 Test Loss: 0.0113703
Validation loss decreased (0.011757 --> 0.010759).  Saving model ...
Updating learning rate to 0.000625
	iters: 100, epoch: 5 | loss: 0.0163726
	speed: 0.0394s/iter; left time: 85.6025s
Epoch: 5 cost time: 1.6655070781707764
Epoch: 5, Steps: 142 | Train Loss: 0.0180148 Vali Loss: 0.0101380 Test Loss: 0.0107931
Validation loss decreased (0.010759 --> 0.010138).  Saving model ...
Updating learning rate to 0.0003125
	iters: 100, epoch: 6 | loss: 0.0146100
	speed: 0.0371s/iter; left time: 75.4154s
Epoch: 6 cost time: 1.7176809310913086
Epoch: 6, Steps: 142 | Train Loss: 0.0174643 Vali Loss: 0.0101197 Test Loss: 0.0106065
Validation loss decreased (0.010138 --> 0.010120).  Saving model ...
Updating learning rate to 0.00015625
	iters: 100, epoch: 7 | loss: 0.0135474
	speed: 0.0411s/iter; left time: 77.5703s
Epoch: 7 cost time: 1.6161644458770752
Epoch: 7, Steps: 142 | Train Loss: 0.0171668 Vali Loss: 0.0096986 Test Loss: 0.0103664
Validation loss decreased (0.010120 --> 0.009699).  Saving model ...
Updating learning rate to 7.8125e-05
	iters: 100, epoch: 8 | loss: 0.0124909
	speed: 0.0397s/iter; left time: 69.3084s
Epoch: 8 cost time: 1.7737987041473389
Epoch: 8, Steps: 142 | Train Loss: 0.0170081 Vali Loss: 0.0096251 Test Loss: 0.0102681
Validation loss decreased (0.009699 --> 0.009625).  Saving model ...
Updating learning rate to 3.90625e-05
	iters: 100, epoch: 9 | loss: 0.0109978
	speed: 0.0389s/iter; left time: 62.4551s
Epoch: 9 cost time: 1.705725908279419
Epoch: 9, Steps: 142 | Train Loss: 0.0168880 Vali Loss: 0.0097010 Test Loss: 0.0102636
EarlyStopping counter: 1 out of 3
Updating learning rate to 1.953125e-05
	iters: 100, epoch: 10 | loss: 0.0209505
	speed: 0.0402s/iter; left time: 58.8538s
Epoch: 10 cost time: 1.6277565956115723
Epoch: 10, Steps: 142 | Train Loss: 0.0168641 Vali Loss: 0.0095744 Test Loss: 0.0102186
Validation loss decreased (0.009625 --> 0.009574).  Saving model ...
Updating learning rate to 9.765625e-06
	iters: 100, epoch: 11 | loss: 0.0174401
	speed: 0.0364s/iter; left time: 48.1278s
Epoch: 11 cost time: 1.6109888553619385
Epoch: 11, Steps: 142 | Train Loss: 0.0167913 Vali Loss: 0.0096532 Test Loss: 0.0102103
EarlyStopping counter: 1 out of 3
Updating learning rate to 4.8828125e-06
	iters: 100, epoch: 12 | loss: 0.0104922
	speed: 0.0398s/iter; left time: 46.9082s
Epoch: 12 cost time: 1.8195533752441406
Epoch: 12, Steps: 142 | Train Loss: 0.0168164 Vali Loss: 0.0096146 Test Loss: 0.0102022
EarlyStopping counter: 2 out of 3
Updating learning rate to 2.44140625e-06
	iters: 100, epoch: 13 | loss: 0.0170935
	speed: 0.0380s/iter; left time: 39.3650s
Epoch: 13 cost time: 1.5538268089294434
Epoch: 13, Steps: 142 | Train Loss: 0.0168018 Vali Loss: 0.0095746 Test Loss: 0.0101973
EarlyStopping counter: 3 out of 3
Early stopping
>>>>>>>testing : mirae_Linear_Linear_mirae_ftM_sl72_ll48_pl12_dm512_nh8_el2_dl1_df2048_fc1_ebtimeF_dtTrue_Exp_0<<<<<<<<<<<<<<<<<<<<<<<<<<<<<<<<<
test 976
mse:0.010218619368970394, mae:0.06624981760978699
