Args in experiment:
Namespace(ver='TWM', is_training=1, model_id='mirae_Linear', model='Linear', data='mirae', root_path='./data/ETT/', data_path='ETTh1.csv', features='M', target='OT', freq='h', checkpoints='./checkpoints/', seq_len=72, label_len=48, pred_len=12, individual=False, embed_type=0, enc_in=7, dec_in=7, c_out=7, d_model=512, n_heads=8, e_layers=2, d_layers=1, d_ff=2048, moving_avg=25, factor=1, distil=True, dropout=0.05, embed='timeF', activation='gelu', output_attention=False, do_predict=False, num_workers=10, itr=1, train_epochs=20, batch_size=32, patience=3, learning_rate=0.005, des='Exp', loss='mse', lradj='type1', use_amp=False, use_gpu=True, gpu=0, use_multi_gpu=False, devices='0,1,2,3', test_flop=False)
Use GPU: cuda:0
>>>>>>>start training : mirae_Linear_Linear_mirae_ftM_sl72_ll48_pl12_dm512_nh8_el2_dl1_df2048_fc1_ebtimeF_dtTrue_Exp_0>>>>>>>>>>>>>>>>>>>>>>>>>>
train 4552
val 975
test 976
	iters: 100, epoch: 1 | loss: 0.0166769
	speed: 0.0295s/iter; left time: 80.9611s
Epoch: 1 cost time: 3.223501443862915
Epoch: 1, Steps: 142 | Train Loss: 0.0406119 Vali Loss: 0.0079096 Test Loss: 0.0113871
Validation loss decreased (inf --> 0.007910).  Saving model ...
Updating learning rate to 0.005
	iters: 100, epoch: 2 | loss: 0.0180845
	speed: 0.0426s/iter; left time: 110.8048s
Epoch: 2 cost time: 1.8842358589172363
Epoch: 2, Steps: 142 | Train Loss: 0.0124469 Vali Loss: 0.0031201 Test Loss: 0.0048186
Validation loss decreased (0.007910 --> 0.003120).  Saving model ...
Updating learning rate to 0.0025
	iters: 100, epoch: 3 | loss: 0.0091968
	speed: 0.0409s/iter; left time: 100.4162s
Epoch: 3 cost time: 1.8474419116973877
Epoch: 3, Steps: 142 | Train Loss: 0.0084612 Vali Loss: 0.0034818 Test Loss: 0.0044061
EarlyStopping counter: 1 out of 3
Updating learning rate to 0.00125
	iters: 100, epoch: 4 | loss: 0.0083840
	speed: 0.0411s/iter; left time: 95.1877s
Epoch: 4 cost time: 1.8682401180267334
Epoch: 4, Steps: 142 | Train Loss: 0.0073112 Vali Loss: 0.0022013 Test Loss: 0.0033863
Validation loss decreased (0.003120 --> 0.002201).  Saving model ...
Updating learning rate to 0.000625
	iters: 100, epoch: 5 | loss: 0.0052167
	speed: 0.0401s/iter; left time: 87.2311s
Epoch: 5 cost time: 1.8753197193145752
Epoch: 5, Steps: 142 | Train Loss: 0.0069226 Vali Loss: 0.0022770 Test Loss: 0.0034432
EarlyStopping counter: 1 out of 3
Updating learning rate to 0.0003125
	iters: 100, epoch: 6 | loss: 0.0105867
	speed: 0.0421s/iter; left time: 85.4738s
Epoch: 6 cost time: 1.9385011196136475
Epoch: 6, Steps: 142 | Train Loss: 0.0065641 Vali Loss: 0.0021661 Test Loss: 0.0032776
Validation loss decreased (0.002201 --> 0.002166).  Saving model ...
Updating learning rate to 0.00015625
	iters: 100, epoch: 7 | loss: 0.0066525
	speed: 0.0423s/iter; left time: 79.9801s
Epoch: 7 cost time: 1.8636136054992676
Epoch: 7, Steps: 142 | Train Loss: 0.0064521 Vali Loss: 0.0022022 Test Loss: 0.0033077
EarlyStopping counter: 1 out of 3
Updating learning rate to 7.8125e-05
	iters: 100, epoch: 8 | loss: 0.0057411
	speed: 0.0421s/iter; left time: 73.5599s
Epoch: 8 cost time: 1.9715464115142822
Epoch: 8, Steps: 142 | Train Loss: 0.0063972 Vali Loss: 0.0020781 Test Loss: 0.0031610
Validation loss decreased (0.002166 --> 0.002078).  Saving model ...
Updating learning rate to 3.90625e-05
	iters: 100, epoch: 9 | loss: 0.0070482
	speed: 0.0408s/iter; left time: 65.5555s
Epoch: 9 cost time: 1.810081958770752
Epoch: 9, Steps: 142 | Train Loss: 0.0063555 Vali Loss: 0.0020939 Test Loss: 0.0031741
EarlyStopping counter: 1 out of 3
Updating learning rate to 1.953125e-05
	iters: 100, epoch: 10 | loss: 0.0052644
	speed: 0.0420s/iter; left time: 61.4004s
Epoch: 10 cost time: 1.9604580402374268
Epoch: 10, Steps: 142 | Train Loss: 0.0063314 Vali Loss: 0.0020892 Test Loss: 0.0031704
EarlyStopping counter: 2 out of 3
Updating learning rate to 9.765625e-06
	iters: 100, epoch: 11 | loss: 0.0084507
	speed: 0.0405s/iter; left time: 53.4393s
Epoch: 11 cost time: 1.8485281467437744
Epoch: 11, Steps: 142 | Train Loss: 0.0063228 Vali Loss: 0.0021259 Test Loss: 0.0031876
EarlyStopping counter: 3 out of 3
Early stopping
>>>>>>>testing : mirae_Linear_Linear_mirae_ftM_sl72_ll48_pl12_dm512_nh8_el2_dl1_df2048_fc1_ebtimeF_dtTrue_Exp_0<<<<<<<<<<<<<<<<<<<<<<<<<<<<<<<<<
test 976
mse:0.0031610054429620504, mae:0.043831489980220795
