Args in experiment:
Namespace(ver='D', is_training=1, model_id='mirae_Linear', model='Linear', data='mirae', root_path='./data/ETT/', data_path='ETTh1.csv', features='M', target='OT', freq='h', checkpoints='./checkpoints/', seq_len=72, label_len=48, pred_len=12, individual=False, embed_type=0, enc_in=7, dec_in=7, c_out=7, d_model=512, n_heads=8, e_layers=2, d_layers=1, d_ff=2048, moving_avg=25, factor=1, distil=True, dropout=0.05, embed='timeF', activation='gelu', output_attention=False, do_predict=False, num_workers=10, itr=1, train_epochs=20, batch_size=32, patience=3, learning_rate=0.005, des='Exp', loss='mse', lradj='type1', use_amp=False, use_gpu=True, gpu=0, use_multi_gpu=False, devices='0,1,2,3', test_flop=False)
Use GPU: cuda:0
>>>>>>>start training : mirae_Linear_Linear_mirae_ftM_sl72_ll48_pl12_dm512_nh8_el2_dl1_df2048_fc1_ebtimeF_dtTrue_Exp_0>>>>>>>>>>>>>>>>>>>>>>>>>>
train 4552
val 975
test 976
	iters: 100, epoch: 1 | loss: 0.0115694
	speed: 0.0189s/iter; left time: 51.7810s
Epoch: 1 cost time: 2.1455042362213135
Epoch: 1, Steps: 142 | Train Loss: 0.0124478 Vali Loss: 0.0026985 Test Loss: 0.0029340
Validation loss decreased (inf --> 0.002698).  Saving model ...
Updating learning rate to 0.005
	iters: 100, epoch: 2 | loss: 0.0040884
	speed: 0.0336s/iter; left time: 87.3071s
Epoch: 2 cost time: 1.6382296085357666
Epoch: 2, Steps: 142 | Train Loss: 0.0077036 Vali Loss: 0.0021208 Test Loss: 0.0024071
Validation loss decreased (0.002698 --> 0.002121).  Saving model ...
Updating learning rate to 0.0025
	iters: 100, epoch: 3 | loss: 0.0059553
	speed: 0.0333s/iter; left time: 81.8695s
Epoch: 3 cost time: 1.524782419204712
Epoch: 3, Steps: 142 | Train Loss: 0.0065086 Vali Loss: 0.0020735 Test Loss: 0.0025522
Validation loss decreased (0.002121 --> 0.002073).  Saving model ...
Updating learning rate to 0.00125
	iters: 100, epoch: 4 | loss: 0.0081220
	speed: 0.0341s/iter; left time: 78.8922s
Epoch: 4 cost time: 1.5260553359985352
Epoch: 4, Steps: 142 | Train Loss: 0.0058179 Vali Loss: 0.0019796 Test Loss: 0.0020755
Validation loss decreased (0.002073 --> 0.001980).  Saving model ...
Updating learning rate to 0.000625
	iters: 100, epoch: 5 | loss: 0.0066045
	speed: 0.0332s/iter; left time: 72.1957s
Epoch: 5 cost time: 1.4836101531982422
Epoch: 5, Steps: 142 | Train Loss: 0.0054730 Vali Loss: 0.0018018 Test Loss: 0.0020334
Validation loss decreased (0.001980 --> 0.001802).  Saving model ...
Updating learning rate to 0.0003125
	iters: 100, epoch: 6 | loss: 0.0036225
	speed: 0.0340s/iter; left time: 68.9834s
Epoch: 6 cost time: 1.604968786239624
Epoch: 6, Steps: 142 | Train Loss: 0.0053166 Vali Loss: 0.0017709 Test Loss: 0.0019374
Validation loss decreased (0.001802 --> 0.001771).  Saving model ...
Updating learning rate to 0.00015625
	iters: 100, epoch: 7 | loss: 0.0046283
	speed: 0.0326s/iter; left time: 61.6428s
Epoch: 7 cost time: 1.4432713985443115
Epoch: 7, Steps: 142 | Train Loss: 0.0052169 Vali Loss: 0.0018041 Test Loss: 0.0019219
EarlyStopping counter: 1 out of 3
Updating learning rate to 7.8125e-05
	iters: 100, epoch: 8 | loss: 0.0076850
	speed: 0.0317s/iter; left time: 55.3529s
Epoch: 8 cost time: 1.3956704139709473
Epoch: 8, Steps: 142 | Train Loss: 0.0051748 Vali Loss: 0.0017584 Test Loss: 0.0019111
Validation loss decreased (0.001771 --> 0.001758).  Saving model ...
Updating learning rate to 3.90625e-05
	iters: 100, epoch: 9 | loss: 0.0045840
	speed: 0.0330s/iter; left time: 52.9452s
Epoch: 9 cost time: 1.5514893531799316
Epoch: 9, Steps: 142 | Train Loss: 0.0051506 Vali Loss: 0.0017593 Test Loss: 0.0019131
EarlyStopping counter: 1 out of 3
Updating learning rate to 1.953125e-05
	iters: 100, epoch: 10 | loss: 0.0054170
	speed: 0.0322s/iter; left time: 47.1095s
Epoch: 10 cost time: 1.459484338760376
Epoch: 10, Steps: 142 | Train Loss: 0.0051439 Vali Loss: 0.0017872 Test Loss: 0.0019163
EarlyStopping counter: 2 out of 3
Updating learning rate to 9.765625e-06
	iters: 100, epoch: 11 | loss: 0.0037197
	speed: 0.0325s/iter; left time: 42.9199s
Epoch: 11 cost time: 1.5377898216247559
Epoch: 11, Steps: 142 | Train Loss: 0.0051330 Vali Loss: 0.0017882 Test Loss: 0.0019136
EarlyStopping counter: 3 out of 3
Early stopping
>>>>>>>testing : mirae_Linear_Linear_mirae_ftM_sl72_ll48_pl12_dm512_nh8_el2_dl1_df2048_fc1_ebtimeF_dtTrue_Exp_0<<<<<<<<<<<<<<<<<<<<<<<<<<<<<<<<<
test 976
mse:0.0019110838184133172, mae:0.030534233897924423
