Args in experiment:
Namespace(ver='B', is_training=1, model_id='mirae_Linear', model='Linear', data='mirae', root_path='./data/ETT/', data_path='ETTh1.csv', features='M', target='OT', freq='h', checkpoints='./checkpoints/', seq_len=72, label_len=48, pred_len=12, individual=False, embed_type=0, enc_in=7, dec_in=7, c_out=7, d_model=512, n_heads=8, e_layers=2, d_layers=1, d_ff=2048, moving_avg=25, factor=1, distil=True, dropout=0.05, embed='timeF', activation='gelu', output_attention=False, do_predict=False, num_workers=10, itr=1, train_epochs=20, batch_size=32, patience=3, learning_rate=0.005, des='Exp', loss='mse', lradj='type1', use_amp=False, use_gpu=True, gpu=0, use_multi_gpu=False, devices='0,1,2,3', test_flop=False)
Use GPU: cuda:0
>>>>>>>start training : mirae_Linear_Linear_mirae_ftM_sl72_ll48_pl12_dm512_nh8_el2_dl1_df2048_fc1_ebtimeF_dtTrue_Exp_0>>>>>>>>>>>>>>>>>>>>>>>>>>
train 4552
val 975
test 976
	iters: 100, epoch: 1 | loss: 0.0056827
	speed: 0.0227s/iter; left time: 62.2135s
Epoch: 1 cost time: 2.5697433948516846
Epoch: 1, Steps: 142 | Train Loss: 0.0154499 Vali Loss: 0.0031732 Test Loss: 0.0034228
Validation loss decreased (inf --> 0.003173).  Saving model ...
Updating learning rate to 0.005
	iters: 100, epoch: 2 | loss: 0.0036832
	speed: 0.0410s/iter; left time: 106.5196s
Epoch: 2 cost time: 2.229132890701294
Epoch: 2, Steps: 142 | Train Loss: 0.0084078 Vali Loss: 0.0030437 Test Loss: 0.0030877
Validation loss decreased (0.003173 --> 0.003044).  Saving model ...
Updating learning rate to 0.0025
	iters: 100, epoch: 3 | loss: 0.0043284
	speed: 0.0421s/iter; left time: 103.3199s
Epoch: 3 cost time: 2.3461005687713623
Epoch: 3, Steps: 142 | Train Loss: 0.0077533 Vali Loss: 0.0024959 Test Loss: 0.0026671
Validation loss decreased (0.003044 --> 0.002496).  Saving model ...
Updating learning rate to 0.00125
	iters: 100, epoch: 4 | loss: 0.0083518
	speed: 0.0483s/iter; left time: 111.8272s
Epoch: 4 cost time: 2.383747100830078
Epoch: 4, Steps: 142 | Train Loss: 0.0074598 Vali Loss: 0.0025440 Test Loss: 0.0026644
EarlyStopping counter: 1 out of 3
Updating learning rate to 0.000625
	iters: 100, epoch: 5 | loss: 0.0059132
	speed: 0.0380s/iter; left time: 82.5844s
Epoch: 5 cost time: 1.6299984455108643
Epoch: 5, Steps: 142 | Train Loss: 0.0072607 Vali Loss: 0.0023781 Test Loss: 0.0025318
Validation loss decreased (0.002496 --> 0.002378).  Saving model ...
Updating learning rate to 0.0003125
	iters: 100, epoch: 6 | loss: 0.0142917
	speed: 0.0384s/iter; left time: 78.0227s
Epoch: 6 cost time: 2.086677074432373
Epoch: 6, Steps: 142 | Train Loss: 0.0071514 Vali Loss: 0.0022867 Test Loss: 0.0024854
Validation loss decreased (0.002378 --> 0.002287).  Saving model ...
Updating learning rate to 0.00015625
	iters: 100, epoch: 7 | loss: 0.0123577
	speed: 0.0387s/iter; left time: 73.1120s
Epoch: 7 cost time: 1.6564769744873047
Epoch: 7, Steps: 142 | Train Loss: 0.0071370 Vali Loss: 0.0023049 Test Loss: 0.0025002
EarlyStopping counter: 1 out of 3
Updating learning rate to 7.8125e-05
	iters: 100, epoch: 8 | loss: 0.0028683
	speed: 0.0425s/iter; left time: 74.2021s
Epoch: 8 cost time: 2.3178718090057373
Epoch: 8, Steps: 142 | Train Loss: 0.0071059 Vali Loss: 0.0023553 Test Loss: 0.0025197
EarlyStopping counter: 2 out of 3
Updating learning rate to 3.90625e-05
	iters: 100, epoch: 9 | loss: 0.0051749
	speed: 0.0455s/iter; left time: 73.0264s
Epoch: 9 cost time: 2.457047700881958
Epoch: 9, Steps: 142 | Train Loss: 0.0071100 Vali Loss: 0.0023548 Test Loss: 0.0025272
EarlyStopping counter: 3 out of 3
Early stopping
>>>>>>>testing : mirae_Linear_Linear_mirae_ftM_sl72_ll48_pl12_dm512_nh8_el2_dl1_df2048_fc1_ebtimeF_dtTrue_Exp_0<<<<<<<<<<<<<<<<<<<<<<<<<<<<<<<<<
test 976
mse:0.0024853572249412537, mae:0.03487468883395195
