Args in experiment:
Namespace(ver='TCM', is_training=1, model_id='mirae_Linear', model='Linear', data='mirae', root_path='./data/ETT/', data_path='ETTh1.csv', features='M', target='OT', freq='h', checkpoints='./checkpoints/', seq_len=72, label_len=48, pred_len=12, individual=False, embed_type=0, enc_in=7, dec_in=7, c_out=7, d_model=512, n_heads=8, e_layers=2, d_layers=1, d_ff=2048, moving_avg=25, factor=1, distil=True, dropout=0.05, embed='timeF', activation='gelu', output_attention=False, do_predict=False, num_workers=10, itr=1, train_epochs=20, batch_size=32, patience=3, learning_rate=0.005, des='Exp', loss='mse', lradj='type1', use_amp=False, use_gpu=True, gpu=0, use_multi_gpu=False, devices='0,1,2,3', test_flop=False)
Use GPU: cuda:0
>>>>>>>start training : mirae_Linear_Linear_mirae_ftM_sl72_ll48_pl12_dm512_nh8_el2_dl1_df2048_fc1_ebtimeF_dtTrue_Exp_0>>>>>>>>>>>>>>>>>>>>>>>>>>
train 4552
val 975
test 976
	iters: 100, epoch: 1 | loss: 0.0145953
	speed: 0.0594s/iter; left time: 162.8064s
Epoch: 1 cost time: 6.5975425243377686
Epoch: 1, Steps: 142 | Train Loss: 0.0368407 Vali Loss: 0.0038459 Test Loss: 0.0047856
Validation loss decreased (inf --> 0.003846).  Saving model ...
Updating learning rate to 0.005
	iters: 100, epoch: 2 | loss: 0.0103793
	speed: 0.0605s/iter; left time: 157.2326s
Epoch: 2 cost time: 3.131819486618042
Epoch: 2, Steps: 142 | Train Loss: 0.0098783 Vali Loss: 0.0027523 Test Loss: 0.0037665
Validation loss decreased (0.003846 --> 0.002752).  Saving model ...
Updating learning rate to 0.0025
	iters: 100, epoch: 3 | loss: 0.0098459
	speed: 0.0587s/iter; left time: 144.2582s
Epoch: 3 cost time: 2.932431936264038
Epoch: 3, Steps: 142 | Train Loss: 0.0085634 Vali Loss: 0.0028557 Test Loss: 0.0036896
EarlyStopping counter: 1 out of 3
Updating learning rate to 0.00125
	iters: 100, epoch: 4 | loss: 0.0062619
	speed: 0.0582s/iter; left time: 134.7204s
Epoch: 4 cost time: 3.071420907974243
Epoch: 4, Steps: 142 | Train Loss: 0.0081800 Vali Loss: 0.0030501 Test Loss: 0.0037641
EarlyStopping counter: 2 out of 3
Updating learning rate to 0.000625
	iters: 100, epoch: 5 | loss: 0.0075046
	speed: 0.0594s/iter; left time: 129.0164s
Epoch: 5 cost time: 3.0080909729003906
Epoch: 5, Steps: 142 | Train Loss: 0.0081146 Vali Loss: 0.0027182 Test Loss: 0.0035320
Validation loss decreased (0.002752 --> 0.002718).  Saving model ...
Updating learning rate to 0.0003125
	iters: 100, epoch: 6 | loss: 0.0031000
	speed: 0.0551s/iter; left time: 111.9206s
Epoch: 6 cost time: 2.193794012069702
Epoch: 6, Steps: 142 | Train Loss: 0.0079624 Vali Loss: 0.0027628 Test Loss: 0.0035241
EarlyStopping counter: 1 out of 3
Updating learning rate to 0.00015625
	iters: 100, epoch: 7 | loss: 0.0079201
	speed: 0.0529s/iter; left time: 99.8488s
Epoch: 7 cost time: 2.767132043838501
Epoch: 7, Steps: 142 | Train Loss: 0.0078857 Vali Loss: 0.0025965 Test Loss: 0.0034387
Validation loss decreased (0.002718 --> 0.002597).  Saving model ...
Updating learning rate to 7.8125e-05
	iters: 100, epoch: 8 | loss: 0.0050781
	speed: 0.0583s/iter; left time: 101.8162s
Epoch: 8 cost time: 3.0818023681640625
Epoch: 8, Steps: 142 | Train Loss: 0.0078664 Vali Loss: 0.0027005 Test Loss: 0.0034980
EarlyStopping counter: 1 out of 3
Updating learning rate to 3.90625e-05
	iters: 100, epoch: 9 | loss: 0.0079947
	speed: 0.0616s/iter; left time: 98.8989s
Epoch: 9 cost time: 3.1573917865753174
Epoch: 9, Steps: 142 | Train Loss: 0.0078290 Vali Loss: 0.0026115 Test Loss: 0.0034397
EarlyStopping counter: 2 out of 3
Updating learning rate to 1.953125e-05
	iters: 100, epoch: 10 | loss: 0.0070562
	speed: 0.0596s/iter; left time: 87.2653s
Epoch: 10 cost time: 2.7954933643341064
Epoch: 10, Steps: 142 | Train Loss: 0.0078450 Vali Loss: 0.0025738 Test Loss: 0.0034378
Validation loss decreased (0.002597 --> 0.002574).  Saving model ...
Updating learning rate to 9.765625e-06
	iters: 100, epoch: 11 | loss: 0.0064306
	speed: 0.0590s/iter; left time: 77.9036s
Epoch: 11 cost time: 3.011282205581665
Epoch: 11, Steps: 142 | Train Loss: 0.0078485 Vali Loss: 0.0026125 Test Loss: 0.0034412
EarlyStopping counter: 1 out of 3
Updating learning rate to 4.8828125e-06
	iters: 100, epoch: 12 | loss: 0.0081774
	speed: 0.0619s/iter; left time: 73.0388s
Epoch: 12 cost time: 3.0044703483581543
Epoch: 12, Steps: 142 | Train Loss: 0.0078474 Vali Loss: 0.0026143 Test Loss: 0.0034439
EarlyStopping counter: 2 out of 3
Updating learning rate to 2.44140625e-06
	iters: 100, epoch: 13 | loss: 0.0075456
	speed: 0.0546s/iter; left time: 56.5691s
Epoch: 13 cost time: 3.0203657150268555
Epoch: 13, Steps: 142 | Train Loss: 0.0078405 Vali Loss: 0.0026207 Test Loss: 0.0034446
EarlyStopping counter: 3 out of 3
Early stopping
>>>>>>>testing : mirae_Linear_Linear_mirae_ftM_sl72_ll48_pl12_dm512_nh8_el2_dl1_df2048_fc1_ebtimeF_dtTrue_Exp_0<<<<<<<<<<<<<<<<<<<<<<<<<<<<<<<<<
test 976
mse:0.0034378007985651493, mae:0.04443620145320892
