Args in experiment:
Namespace(ver='TPE', is_training=1, model_id='mirae_Linear', model='Linear', data='mirae', root_path='./data/ETT/', data_path='ETTh1.csv', features='M', target='OT', freq='h', checkpoints='./checkpoints/', seq_len=72, label_len=48, pred_len=12, individual=False, embed_type=0, enc_in=7, dec_in=7, c_out=7, d_model=512, n_heads=8, e_layers=2, d_layers=1, d_ff=2048, moving_avg=25, factor=1, distil=True, dropout=0.05, embed='timeF', activation='gelu', output_attention=False, do_predict=False, num_workers=10, itr=1, train_epochs=20, batch_size=32, patience=3, learning_rate=0.005, des='Exp', loss='mse', lradj='type1', use_amp=False, use_gpu=True, gpu=0, use_multi_gpu=False, devices='0,1,2,3', test_flop=False)
Use GPU: cuda:0
>>>>>>>start training : mirae_Linear_Linear_mirae_ftM_sl72_ll48_pl12_dm512_nh8_el2_dl1_df2048_fc1_ebtimeF_dtTrue_Exp_0>>>>>>>>>>>>>>>>>>>>>>>>>>
train 4552
val 975
test 976
	iters: 100, epoch: 1 | loss: 0.0177981
	speed: 0.0305s/iter; left time: 83.6251s
Epoch: 1 cost time: 3.3614556789398193
Epoch: 1, Steps: 142 | Train Loss: 0.0320999 Vali Loss: 0.0062341 Test Loss: 0.0080510
Validation loss decreased (inf --> 0.006234).  Saving model ...
Updating learning rate to 0.005
	iters: 100, epoch: 2 | loss: 0.0171845
	speed: 0.0359s/iter; left time: 93.3386s
Epoch: 2 cost time: 1.977076530456543
Epoch: 2, Steps: 142 | Train Loss: 0.0142074 Vali Loss: 0.0057153 Test Loss: 0.0065447
Validation loss decreased (0.006234 --> 0.005715).  Saving model ...
Updating learning rate to 0.0025
	iters: 100, epoch: 3 | loss: 0.0111769
	speed: 0.0422s/iter; left time: 103.6082s
Epoch: 3 cost time: 2.1119916439056396
Epoch: 3, Steps: 142 | Train Loss: 0.0112648 Vali Loss: 0.0048888 Test Loss: 0.0058491
Validation loss decreased (0.005715 --> 0.004889).  Saving model ...
Updating learning rate to 0.00125
	iters: 100, epoch: 4 | loss: 0.0114658
	speed: 0.0474s/iter; left time: 109.7546s
Epoch: 4 cost time: 2.8797972202301025
Epoch: 4, Steps: 142 | Train Loss: 0.0100750 Vali Loss: 0.0049803 Test Loss: 0.0054504
EarlyStopping counter: 1 out of 3
Updating learning rate to 0.000625
	iters: 100, epoch: 5 | loss: 0.0111111
	speed: 0.0500s/iter; left time: 108.7479s
Epoch: 5 cost time: 2.748265027999878
Epoch: 5, Steps: 142 | Train Loss: 0.0095369 Vali Loss: 0.0049304 Test Loss: 0.0053230
EarlyStopping counter: 2 out of 3
Updating learning rate to 0.0003125
	iters: 100, epoch: 6 | loss: 0.0116854
	speed: 0.0506s/iter; left time: 102.7795s
Epoch: 6 cost time: 2.8088386058807373
Epoch: 6, Steps: 142 | Train Loss: 0.0090866 Vali Loss: 0.0048899 Test Loss: 0.0052823
EarlyStopping counter: 3 out of 3
Early stopping
>>>>>>>testing : mirae_Linear_Linear_mirae_ftM_sl72_ll48_pl12_dm512_nh8_el2_dl1_df2048_fc1_ebtimeF_dtTrue_Exp_0<<<<<<<<<<<<<<<<<<<<<<<<<<<<<<<<<
test 976
mse:0.005849072709679604, mae:0.06186259537935257
