Args in experiment:
Namespace(ver='TWM-2', is_training=1, model_id='mirae_Linear', model='Linear', data='mirae', root_path='./data/ETT/', data_path='ETTh1.csv', features='M', target='OT', freq='h', checkpoints='./checkpoints/', seq_len=72, label_len=48, pred_len=12, individual=False, embed_type=0, enc_in=7, dec_in=7, c_out=7, d_model=512, n_heads=8, e_layers=2, d_layers=1, d_ff=2048, moving_avg=25, factor=1, distil=True, dropout=0.05, embed='timeF', activation='gelu', output_attention=False, do_predict=False, num_workers=10, itr=1, train_epochs=20, batch_size=32, patience=3, learning_rate=0.005, des='Exp', loss='mse', lradj='type1', use_amp=False, use_gpu=True, gpu=0, use_multi_gpu=False, devices='0,1,2,3', test_flop=False)
Use GPU: cuda:0
>>>>>>>start training : mirae_Linear_Linear_mirae_ftM_sl72_ll48_pl12_dm512_nh8_el2_dl1_df2048_fc1_ebtimeF_dtTrue_Exp_0>>>>>>>>>>>>>>>>>>>>>>>>>>
train 4552
val 975
test 976
	iters: 100, epoch: 1 | loss: 0.0082006
	speed: 0.0294s/iter; left time: 80.5743s
Epoch: 1 cost time: 3.2047390937805176
Epoch: 1, Steps: 142 | Train Loss: 0.0212266 Vali Loss: 0.0027318 Test Loss: 0.0039671
Validation loss decreased (inf --> 0.002732).  Saving model ...
Updating learning rate to 0.005
	iters: 100, epoch: 2 | loss: 0.0065639
	speed: 0.0367s/iter; left time: 95.4093s
Epoch: 2 cost time: 1.5989065170288086
Epoch: 2, Steps: 142 | Train Loss: 0.0066545 Vali Loss: 0.0019101 Test Loss: 0.0027152
Validation loss decreased (0.002732 --> 0.001910).  Saving model ...
Updating learning rate to 0.0025
	iters: 100, epoch: 3 | loss: 0.0047518
	speed: 0.0405s/iter; left time: 99.4793s
Epoch: 3 cost time: 1.7656872272491455
Epoch: 3, Steps: 142 | Train Loss: 0.0052568 Vali Loss: 0.0016174 Test Loss: 0.0024320
Validation loss decreased (0.001910 --> 0.001617).  Saving model ...
Updating learning rate to 0.00125
	iters: 100, epoch: 4 | loss: 0.0044383
	speed: 0.0389s/iter; left time: 90.1097s
Epoch: 4 cost time: 1.8603951930999756
Epoch: 4, Steps: 142 | Train Loss: 0.0048410 Vali Loss: 0.0014880 Test Loss: 0.0023579
Validation loss decreased (0.001617 --> 0.001488).  Saving model ...
Updating learning rate to 0.000625
	iters: 100, epoch: 5 | loss: 0.0034342
	speed: 0.0387s/iter; left time: 84.0862s
Epoch: 5 cost time: 1.7164270877838135
Epoch: 5, Steps: 142 | Train Loss: 0.0046783 Vali Loss: 0.0014291 Test Loss: 0.0023237
Validation loss decreased (0.001488 --> 0.001429).  Saving model ...
Updating learning rate to 0.0003125
	iters: 100, epoch: 6 | loss: 0.0052557
	speed: 0.0382s/iter; left time: 77.6318s
Epoch: 6 cost time: 1.8192224502563477
Epoch: 6, Steps: 142 | Train Loss: 0.0045656 Vali Loss: 0.0014413 Test Loss: 0.0022966
EarlyStopping counter: 1 out of 3
Updating learning rate to 0.00015625
	iters: 100, epoch: 7 | loss: 0.0057484
	speed: 0.0423s/iter; left time: 79.9401s
Epoch: 7 cost time: 1.918548822402954
Epoch: 7, Steps: 142 | Train Loss: 0.0045431 Vali Loss: 0.0014340 Test Loss: 0.0022986
EarlyStopping counter: 2 out of 3
Updating learning rate to 7.8125e-05
	iters: 100, epoch: 8 | loss: 0.0036765
	speed: 0.0395s/iter; left time: 68.9643s
Epoch: 8 cost time: 1.710078477859497
Epoch: 8, Steps: 142 | Train Loss: 0.0045231 Vali Loss: 0.0014393 Test Loss: 0.0022900
EarlyStopping counter: 3 out of 3
Early stopping
>>>>>>>testing : mirae_Linear_Linear_mirae_ftM_sl72_ll48_pl12_dm512_nh8_el2_dl1_df2048_fc1_ebtimeF_dtTrue_Exp_0<<<<<<<<<<<<<<<<<<<<<<<<<<<<<<<<<
test 976
mse:0.0023236775305122137, mae:0.035257235169410706
