Args in experiment:
Namespace(ver='TWM', is_training=1, model_id='mirae_Linear', model='Linear', data='mirae', root_path='./data/ETT/', data_path='ETTh1.csv', features='M', target='OT', freq='h', checkpoints='./checkpoints/', seq_len=72, label_len=48, pred_len=12, individual=False, embed_type=0, enc_in=7, dec_in=7, c_out=7, d_model=512, n_heads=8, e_layers=2, d_layers=1, d_ff=2048, moving_avg=25, factor=1, distil=True, dropout=0.05, embed='timeF', activation='gelu', output_attention=False, do_predict=False, num_workers=10, itr=1, train_epochs=20, batch_size=32, patience=3, learning_rate=0.005, des='Exp', loss='mse', lradj='type1', use_amp=False, use_gpu=True, gpu=0, use_multi_gpu=False, devices='0,1,2,3', test_flop=False)
Use GPU: cuda:0
>>>>>>>start training : mirae_Linear_Linear_mirae_ftM_sl72_ll48_pl12_dm512_nh8_el2_dl1_df2048_fc1_ebtimeF_dtTrue_Exp_0>>>>>>>>>>>>>>>>>>>>>>>>>>
train 4552
val 975
test 976
	iters: 100, epoch: 1 | loss: 0.0107272
	speed: 0.0311s/iter; left time: 85.3080s
Epoch: 1 cost time: 3.405081033706665
Epoch: 1, Steps: 142 | Train Loss: 0.0193235 Vali Loss: 0.0027445 Test Loss: 0.0032005
Validation loss decreased (inf --> 0.002745).  Saving model ...
Updating learning rate to 0.005
	iters: 100, epoch: 2 | loss: 0.0104592
	speed: 0.0420s/iter; left time: 109.0637s
Epoch: 2 cost time: 1.8458974361419678
Epoch: 2, Steps: 142 | Train Loss: 0.0087969 Vali Loss: 0.0025134 Test Loss: 0.0026956
Validation loss decreased (0.002745 --> 0.002513).  Saving model ...
Updating learning rate to 0.0025
	iters: 100, epoch: 3 | loss: 0.0087871
	speed: 0.0437s/iter; left time: 107.4754s
Epoch: 3 cost time: 1.8610374927520752
Epoch: 3, Steps: 142 | Train Loss: 0.0077481 Vali Loss: 0.0023155 Test Loss: 0.0025047
Validation loss decreased (0.002513 --> 0.002315).  Saving model ...
Updating learning rate to 0.00125
	iters: 100, epoch: 4 | loss: 0.0065717
	speed: 0.0411s/iter; left time: 95.1291s
Epoch: 4 cost time: 1.7275326251983643
Epoch: 4, Steps: 142 | Train Loss: 0.0074660 Vali Loss: 0.0022925 Test Loss: 0.0024986
Validation loss decreased (0.002315 --> 0.002292).  Saving model ...
Updating learning rate to 0.000625
	iters: 100, epoch: 5 | loss: 0.0075021
	speed: 0.0403s/iter; left time: 87.5435s
Epoch: 5 cost time: 1.7883024215698242
Epoch: 5, Steps: 142 | Train Loss: 0.0072531 Vali Loss: 0.0022423 Test Loss: 0.0024518
Validation loss decreased (0.002292 --> 0.002242).  Saving model ...
Updating learning rate to 0.0003125
	iters: 100, epoch: 6 | loss: 0.0048721
	speed: 0.0443s/iter; left time: 89.9033s
Epoch: 6 cost time: 1.8709454536437988
Epoch: 6, Steps: 142 | Train Loss: 0.0071963 Vali Loss: 0.0023668 Test Loss: 0.0025167
EarlyStopping counter: 1 out of 3
Updating learning rate to 0.00015625
	iters: 100, epoch: 7 | loss: 0.0078968
	speed: 0.0421s/iter; left time: 79.5192s
Epoch: 7 cost time: 1.8915605545043945
Epoch: 7, Steps: 142 | Train Loss: 0.0071435 Vali Loss: 0.0024220 Test Loss: 0.0025491
EarlyStopping counter: 2 out of 3
Updating learning rate to 7.8125e-05
	iters: 100, epoch: 8 | loss: 0.0097306
	speed: 0.0416s/iter; left time: 72.7180s
Epoch: 8 cost time: 1.7888431549072266
Epoch: 8, Steps: 142 | Train Loss: 0.0071282 Vali Loss: 0.0024063 Test Loss: 0.0025341
EarlyStopping counter: 3 out of 3
Early stopping
>>>>>>>testing : mirae_Linear_Linear_mirae_ftM_sl72_ll48_pl12_dm512_nh8_el2_dl1_df2048_fc1_ebtimeF_dtTrue_Exp_0<<<<<<<<<<<<<<<<<<<<<<<<<<<<<<<<<
test 976
mse:0.00245175720192492, mae:0.034548163414001465
