Args in experiment:
Namespace(ver='TS', is_training=1, model_id='mirae_Linear', model='Linear', data='mirae', root_path='./data/ETT/', data_path='ETTh1.csv', features='M', target='OT', freq='h', checkpoints='./checkpoints/', seq_len=72, label_len=48, pred_len=12, individual=False, embed_type=0, enc_in=7, dec_in=7, c_out=7, d_model=512, n_heads=8, e_layers=2, d_layers=1, d_ff=2048, moving_avg=25, factor=1, distil=True, dropout=0.05, embed='timeF', activation='gelu', output_attention=False, do_predict=False, num_workers=10, itr=1, train_epochs=20, batch_size=32, patience=3, learning_rate=0.005, des='Exp', loss='mse', lradj='type1', use_amp=False, use_gpu=True, gpu=0, use_multi_gpu=False, devices='0,1,2,3', test_flop=False)
Use GPU: cuda:0
>>>>>>>start training : mirae_Linear_Linear_mirae_ftM_sl72_ll48_pl12_dm512_nh8_el2_dl1_df2048_fc1_ebtimeF_dtTrue_Exp_0>>>>>>>>>>>>>>>>>>>>>>>>>>
train 4552
val 975
test 976
	iters: 100, epoch: 1 | loss: 0.0091738
	speed: 0.0303s/iter; left time: 83.0170s
Epoch: 1 cost time: 3.3012094497680664
Epoch: 1, Steps: 142 | Train Loss: 0.0254672 Vali Loss: 0.0035492 Test Loss: 0.0048641
Validation loss decreased (inf --> 0.003549).  Saving model ...
Updating learning rate to 0.005
	iters: 100, epoch: 2 | loss: 0.0087545
	speed: 0.0358s/iter; left time: 93.0092s
Epoch: 2 cost time: 1.786083459854126
Epoch: 2, Steps: 142 | Train Loss: 0.0085093 Vali Loss: 0.0024770 Test Loss: 0.0034304
Validation loss decreased (0.003549 --> 0.002477).  Saving model ...
Updating learning rate to 0.0025
	iters: 100, epoch: 3 | loss: 0.0061883
	speed: 0.0349s/iter; left time: 85.8554s
Epoch: 3 cost time: 1.6550323963165283
Epoch: 3, Steps: 142 | Train Loss: 0.0071959 Vali Loss: 0.0022565 Test Loss: 0.0031794
Validation loss decreased (0.002477 --> 0.002256).  Saving model ...
Updating learning rate to 0.00125
	iters: 100, epoch: 4 | loss: 0.0073307
	speed: 0.0368s/iter; left time: 85.2768s
Epoch: 4 cost time: 1.9229254722595215
Epoch: 4, Steps: 142 | Train Loss: 0.0067104 Vali Loss: 0.0021433 Test Loss: 0.0030600
Validation loss decreased (0.002256 --> 0.002143).  Saving model ...
Updating learning rate to 0.000625
	iters: 100, epoch: 5 | loss: 0.0063609
	speed: 0.0371s/iter; left time: 80.6139s
Epoch: 5 cost time: 1.8013136386871338
Epoch: 5, Steps: 142 | Train Loss: 0.0065073 Vali Loss: 0.0020463 Test Loss: 0.0029855
Validation loss decreased (0.002143 --> 0.002046).  Saving model ...
Updating learning rate to 0.0003125
	iters: 100, epoch: 6 | loss: 0.0068731
	speed: 0.0340s/iter; left time: 69.1188s
Epoch: 6 cost time: 1.6401095390319824
Epoch: 6, Steps: 142 | Train Loss: 0.0063638 Vali Loss: 0.0020747 Test Loss: 0.0029760
EarlyStopping counter: 1 out of 3
Updating learning rate to 0.00015625
	iters: 100, epoch: 7 | loss: 0.0069491
	speed: 0.0351s/iter; left time: 66.2336s
Epoch: 7 cost time: 1.6597583293914795
Epoch: 7, Steps: 142 | Train Loss: 0.0063264 Vali Loss: 0.0020348 Test Loss: 0.0029639
Validation loss decreased (0.002046 --> 0.002035).  Saving model ...
Updating learning rate to 7.8125e-05
	iters: 100, epoch: 8 | loss: 0.0046089
	speed: 0.0354s/iter; left time: 61.8227s
Epoch: 8 cost time: 1.6514718532562256
Epoch: 8, Steps: 142 | Train Loss: 0.0063015 Vali Loss: 0.0020517 Test Loss: 0.0029600
EarlyStopping counter: 1 out of 3
Updating learning rate to 3.90625e-05
	iters: 100, epoch: 9 | loss: 0.0077193
	speed: 0.0330s/iter; left time: 52.9200s
Epoch: 9 cost time: 1.5100793838500977
Epoch: 9, Steps: 142 | Train Loss: 0.0062839 Vali Loss: 0.0020344 Test Loss: 0.0029554
Validation loss decreased (0.002035 --> 0.002034).  Saving model ...
Updating learning rate to 1.953125e-05
	iters: 100, epoch: 10 | loss: 0.0061456
	speed: 0.0352s/iter; left time: 51.4765s
Epoch: 10 cost time: 1.6652483940124512
Epoch: 10, Steps: 142 | Train Loss: 0.0062677 Vali Loss: 0.0020508 Test Loss: 0.0029526
EarlyStopping counter: 1 out of 3
Updating learning rate to 9.765625e-06
	iters: 100, epoch: 11 | loss: 0.0058689
	speed: 0.0342s/iter; left time: 45.1674s
Epoch: 11 cost time: 1.613140344619751
Epoch: 11, Steps: 142 | Train Loss: 0.0062752 Vali Loss: 0.0020425 Test Loss: 0.0029514
EarlyStopping counter: 2 out of 3
Updating learning rate to 4.8828125e-06
	iters: 100, epoch: 12 | loss: 0.0086839
	speed: 0.0332s/iter; left time: 39.1763s
Epoch: 12 cost time: 1.5945658683776855
Epoch: 12, Steps: 142 | Train Loss: 0.0062751 Vali Loss: 0.0020509 Test Loss: 0.0029510
EarlyStopping counter: 3 out of 3
Early stopping
>>>>>>>testing : mirae_Linear_Linear_mirae_ftM_sl72_ll48_pl12_dm512_nh8_el2_dl1_df2048_fc1_ebtimeF_dtTrue_Exp_0<<<<<<<<<<<<<<<<<<<<<<<<<<<<<<<<<
test 976
mse:0.002955410862341523, mae:0.041477881371974945
