Args in experiment:
Namespace(ver='TPE', is_training=1, model_id='ETTh1__336', model='Linear', data='ETTh1', root_path='/nas/datahub/ETT/', data_path='ETTh1.csv', features='S', target='OT', freq='h', checkpoints='./checkpoints/', seq_len=336, label_len=48, pred_len=336, individual=False, embed_type=0, enc_in=7, dec_in=7, c_out=7, d_model=512, n_heads=8, e_layers=2, d_layers=1, d_ff=2048, moving_avg=25, factor=1, distil=True, dropout=0.05, embed='timeF', activation='gelu', output_attention=False, do_predict=False, num_workers=10, itr=1, train_epochs=10, batch_size=32, patience=3, learning_rate=0.005, des='Exp', loss='mse', lradj='type1', use_amp=False, use_gpu=True, gpu=0, use_multi_gpu=False, devices='0,1,2,3', test_flop=False)
Use GPU: cuda:0
>>>>>>>start training : ETTh1__336_Linear_ETTh1_ftS_sl336_ll48_pl336_dm512_nh8_el2_dl1_df2048_fc1_ebtimeF_dtTrue_Exp_0>>>>>>>>>>>>>>>>>>>>>>>>>>
train 7969
val 2545
test 2545
	iters: 100, epoch: 1 | loss: 0.3281854
	speed: 0.0408s/iter; left time: 97.6140s
	iters: 200, epoch: 1 | loss: 0.2328108
	speed: 0.0044s/iter; left time: 9.9815s
Epoch: 1 cost time: 4.802206516265869
Epoch: 1, Steps: 249 | Train Loss: 0.6999439 Vali Loss: 0.1380106 Test Loss: 0.2280270
Validation loss decreased (inf --> 0.138011).  Saving model ...
Updating learning rate to 0.005
	iters: 100, epoch: 2 | loss: 0.2353755
	speed: 0.0496s/iter; left time: 106.1888s
	iters: 200, epoch: 2 | loss: 0.1792354
	speed: 0.0064s/iter; left time: 13.1580s
Epoch: 2 cost time: 2.688586473464966
Epoch: 2, Steps: 249 | Train Loss: 0.2019479 Vali Loss: 0.1297485 Test Loss: 0.1281971
Validation loss decreased (0.138011 --> 0.129749).  Saving model ...
Updating learning rate to 0.0025
	iters: 100, epoch: 3 | loss: 0.2211131
	speed: 0.0499s/iter; left time: 94.4968s
	iters: 200, epoch: 3 | loss: 0.1754868
	speed: 0.0054s/iter; left time: 9.7639s
Epoch: 3 cost time: 2.4803292751312256
Epoch: 3, Steps: 249 | Train Loss: 0.1706020 Vali Loss: 0.1287716 Test Loss: 0.1506946
Validation loss decreased (0.129749 --> 0.128772).  Saving model ...
Updating learning rate to 0.00125
	iters: 100, epoch: 4 | loss: 0.1295941
	speed: 0.0478s/iter; left time: 78.5330s
	iters: 200, epoch: 4 | loss: 0.1567925
	speed: 0.0044s/iter; left time: 6.8220s
Epoch: 4 cost time: 2.3183534145355225
Epoch: 4, Steps: 249 | Train Loss: 0.1615198 Vali Loss: 0.1303577 Test Loss: 0.1602965
EarlyStopping counter: 1 out of 3
Updating learning rate to 0.000625
	iters: 100, epoch: 5 | loss: 0.1817408
	speed: 0.0541s/iter; left time: 75.4023s
	iters: 200, epoch: 5 | loss: 0.1685512
	speed: 0.0060s/iter; left time: 7.7433s
Epoch: 5 cost time: 2.610400915145874
Epoch: 5, Steps: 249 | Train Loss: 0.1559693 Vali Loss: 0.1287124 Test Loss: 0.1356575
Validation loss decreased (0.128772 --> 0.128712).  Saving model ...
Updating learning rate to 0.0003125
	iters: 100, epoch: 6 | loss: 0.1733738
	speed: 0.0513s/iter; left time: 58.7426s
	iters: 200, epoch: 6 | loss: 0.1586414
	speed: 0.0047s/iter; left time: 4.9341s
Epoch: 6 cost time: 2.621304750442505
Epoch: 6, Steps: 249 | Train Loss: 0.1518741 Vali Loss: 0.1283694 Test Loss: 0.1333074
Validation loss decreased (0.128712 --> 0.128369).  Saving model ...
Updating learning rate to 0.00015625
	iters: 100, epoch: 7 | loss: 0.1537818
	speed: 0.0465s/iter; left time: 41.6707s
	iters: 200, epoch: 7 | loss: 0.1498237
	speed: 0.0048s/iter; left time: 3.8159s
Epoch: 7 cost time: 2.2878329753875732
Epoch: 7, Steps: 249 | Train Loss: 0.1502681 Vali Loss: 0.1294851 Test Loss: 0.1353839
EarlyStopping counter: 1 out of 3
Updating learning rate to 7.8125e-05
	iters: 100, epoch: 8 | loss: 0.1441336
	speed: 0.0512s/iter; left time: 33.1730s
	iters: 200, epoch: 8 | loss: 0.1325911
	speed: 0.0053s/iter; left time: 2.8944s
Epoch: 8 cost time: 2.528564691543579
Epoch: 8, Steps: 249 | Train Loss: 0.1487058 Vali Loss: 0.1295293 Test Loss: 0.1339888
EarlyStopping counter: 2 out of 3
Updating learning rate to 3.90625e-05
	iters: 100, epoch: 9 | loss: 0.1269702
	speed: 0.0468s/iter; left time: 18.6923s
	iters: 200, epoch: 9 | loss: 0.1132892
	speed: 0.0044s/iter; left time: 1.3205s
Epoch: 9 cost time: 2.260650157928467
Epoch: 9, Steps: 249 | Train Loss: 0.1479367 Vali Loss: 0.1294203 Test Loss: 0.1277508
EarlyStopping counter: 3 out of 3
Early stopping
>>>>>>>testing : ETTh1__336_Linear_ETTh1_ftS_sl336_ll48_pl336_dm512_nh8_el2_dl1_df2048_fc1_ebtimeF_dtTrue_Exp_0<<<<<<<<<<<<<<<<<<<<<<<<<<<<<<<<<
test 2545
mse:0.13330739736557007, mae:0.293636292219162
