Args in experiment:
Namespace(ver='TPE', is_training=1, model_id='ETTh1__96', model='Linear', data='ETTh1', root_path='/nas/datahub/ETT/', data_path='ETTh1.csv', features='S', target='OT', freq='h', checkpoints='./checkpoints/', seq_len=336, label_len=48, pred_len=96, individual=False, embed_type=0, enc_in=7, dec_in=7, c_out=7, d_model=512, n_heads=8, e_layers=2, d_layers=1, d_ff=2048, moving_avg=25, factor=1, distil=True, dropout=0.05, embed='timeF', activation='gelu', output_attention=False, do_predict=False, num_workers=10, itr=1, train_epochs=10, batch_size=32, patience=3, learning_rate=0.005, des='Exp', loss='mse', lradj='type1', use_amp=False, use_gpu=True, gpu=0, use_multi_gpu=False, devices='0,1,2,3', test_flop=False)
Use GPU: cuda:0
>>>>>>>start training : ETTh1__96_Linear_ETTh1_ftS_sl336_ll48_pl96_dm512_nh8_el2_dl1_df2048_fc1_ebtimeF_dtTrue_Exp_0>>>>>>>>>>>>>>>>>>>>>>>>>>
train 8209
val 2785
test 2785
	iters: 100, epoch: 1 | loss: 0.1678088
	speed: 0.0578s/iter; left time: 142.2202s
	iters: 200, epoch: 1 | loss: 0.1339302
	speed: 0.0040s/iter; left time: 9.3745s
Epoch: 1 cost time: 6.482914447784424
Epoch: 1, Steps: 256 | Train Loss: 0.2939619 Vali Loss: 0.0992071 Test Loss: 0.1174041
Validation loss decreased (inf --> 0.099207).  Saving model ...
Updating learning rate to 0.005
	iters: 100, epoch: 2 | loss: 0.1176461
	speed: 0.0455s/iter; left time: 100.2433s
	iters: 200, epoch: 2 | loss: 0.1521968
	speed: 0.0042s/iter; left time: 8.7607s
Epoch: 2 cost time: 2.201970338821411
Epoch: 2, Steps: 256 | Train Loss: 0.1501981 Vali Loss: 0.1026443 Test Loss: 0.0964277
EarlyStopping counter: 1 out of 3
Updating learning rate to 0.0025
	iters: 100, epoch: 3 | loss: 0.1345885
	speed: 0.0477s/iter; left time: 93.0629s
	iters: 200, epoch: 3 | loss: 0.1350110
	speed: 0.0050s/iter; left time: 9.3331s
Epoch: 3 cost time: 2.479034662246704
Epoch: 3, Steps: 256 | Train Loss: 0.1312359 Vali Loss: 0.1032686 Test Loss: 0.0826140
EarlyStopping counter: 2 out of 3
Updating learning rate to 0.00125
	iters: 100, epoch: 4 | loss: 0.1266223
	speed: 0.0509s/iter; left time: 86.2558s
	iters: 200, epoch: 4 | loss: 0.1826237
	speed: 0.0046s/iter; left time: 7.3551s
Epoch: 4 cost time: 2.3678433895111084
Epoch: 4, Steps: 256 | Train Loss: 0.1207004 Vali Loss: 0.1018108 Test Loss: 0.0886107
EarlyStopping counter: 3 out of 3
Early stopping
>>>>>>>testing : ETTh1__96_Linear_ETTh1_ftS_sl336_ll48_pl96_dm512_nh8_el2_dl1_df2048_fc1_ebtimeF_dtTrue_Exp_0<<<<<<<<<<<<<<<<<<<<<<<<<<<<<<<<<
test 2785
mse:0.11740410327911377, mae:0.27323856949806213
