Args in experiment:
Namespace(ver='TCM', is_training=1, model_id='mirae_Linear', model='Linear', data='mirae', root_path='./data/ETT/', data_path='ETTh1.csv', features='M', target='OT', freq='h', checkpoints='./checkpoints/', seq_len=72, label_len=48, pred_len=12, individual=False, embed_type=0, enc_in=7, dec_in=7, c_out=7, d_model=512, n_heads=8, e_layers=2, d_layers=1, d_ff=2048, moving_avg=25, factor=1, distil=True, dropout=0.05, embed='timeF', activation='gelu', output_attention=False, do_predict=False, num_workers=10, itr=1, train_epochs=20, batch_size=32, patience=3, learning_rate=0.005, des='Exp', loss='mse', lradj='type1', use_amp=False, use_gpu=True, gpu=0, use_multi_gpu=False, devices='0,1,2,3', test_flop=False)
Use GPU: cuda:0
>>>>>>>start training : mirae_Linear_Linear_mirae_ftM_sl72_ll48_pl12_dm512_nh8_el2_dl1_df2048_fc1_ebtimeF_dtTrue_Exp_0>>>>>>>>>>>>>>>>>>>>>>>>>>
train 4552
val 975
test 976
	iters: 100, epoch: 1 | loss: 0.0301552
	speed: 0.0305s/iter; left time: 83.5302s
Epoch: 1 cost time: 3.3418686389923096
Epoch: 1, Steps: 142 | Train Loss: 0.0429963 Vali Loss: 0.0115374 Test Loss: 0.0126658
Validation loss decreased (inf --> 0.011537).  Saving model ...
Updating learning rate to 0.005
	iters: 100, epoch: 2 | loss: 0.0114700
	speed: 0.0361s/iter; left time: 93.8454s
Epoch: 2 cost time: 1.6340610980987549
Epoch: 2, Steps: 142 | Train Loss: 0.0111872 Vali Loss: 0.0032243 Test Loss: 0.0041821
Validation loss decreased (0.011537 --> 0.003224).  Saving model ...
Updating learning rate to 0.0025
	iters: 100, epoch: 3 | loss: 0.0097183
	speed: 0.0359s/iter; left time: 88.1368s
Epoch: 3 cost time: 1.6324687004089355
Epoch: 3, Steps: 142 | Train Loss: 0.0085916 Vali Loss: 0.0025114 Test Loss: 0.0032669
Validation loss decreased (0.003224 --> 0.002511).  Saving model ...
Updating learning rate to 0.00125
	iters: 100, epoch: 4 | loss: 0.0059984
	speed: 0.0389s/iter; left time: 90.0944s
Epoch: 4 cost time: 1.8794772624969482
Epoch: 4, Steps: 142 | Train Loss: 0.0081719 Vali Loss: 0.0025376 Test Loss: 0.0033518
EarlyStopping counter: 1 out of 3
Updating learning rate to 0.000625
	iters: 100, epoch: 5 | loss: 0.0075832
	speed: 0.0447s/iter; left time: 97.2316s
Epoch: 5 cost time: 1.6632723808288574
Epoch: 5, Steps: 142 | Train Loss: 0.0079430 Vali Loss: 0.0024931 Test Loss: 0.0033063
Validation loss decreased (0.002511 --> 0.002493).  Saving model ...
Updating learning rate to 0.0003125
	iters: 100, epoch: 6 | loss: 0.0063632
	speed: 0.0381s/iter; left time: 77.3964s
Epoch: 6 cost time: 1.660261869430542
Epoch: 6, Steps: 142 | Train Loss: 0.0078370 Vali Loss: 0.0025450 Test Loss: 0.0033355
EarlyStopping counter: 1 out of 3
Updating learning rate to 0.00015625
	iters: 100, epoch: 7 | loss: 0.0084678
	speed: 0.0373s/iter; left time: 70.5286s
Epoch: 7 cost time: 1.5423471927642822
Epoch: 7, Steps: 142 | Train Loss: 0.0077797 Vali Loss: 0.0026704 Test Loss: 0.0034212
EarlyStopping counter: 2 out of 3
Updating learning rate to 7.8125e-05
	iters: 100, epoch: 8 | loss: 0.0103915
	speed: 0.0365s/iter; left time: 63.7391s
Epoch: 8 cost time: 1.612992286682129
Epoch: 8, Steps: 142 | Train Loss: 0.0077505 Vali Loss: 0.0026766 Test Loss: 0.0034121
EarlyStopping counter: 3 out of 3
Early stopping
>>>>>>>testing : mirae_Linear_Linear_mirae_ftM_sl72_ll48_pl12_dm512_nh8_el2_dl1_df2048_fc1_ebtimeF_dtTrue_Exp_0<<<<<<<<<<<<<<<<<<<<<<<<<<<<<<<<<
test 976
mse:0.0033063332084566355, mae:0.04359597712755203
