Args in experiment:
Namespace(ver='TPS', is_training=1, model_id='mirae_Linear', model='Linear', data='mirae', root_path='./data/ETT/', data_path='ETTh1.csv', features='M', target='OT', freq='h', checkpoints='./checkpoints/', seq_len=72, label_len=48, pred_len=12, individual=False, embed_type=0, enc_in=7, dec_in=7, c_out=7, d_model=512, n_heads=8, e_layers=2, d_layers=1, d_ff=2048, moving_avg=25, factor=1, distil=True, dropout=0.05, embed='timeF', activation='gelu', output_attention=False, do_predict=False, num_workers=10, itr=1, train_epochs=20, batch_size=32, patience=3, learning_rate=0.005, des='Exp', loss='mse', lradj='type1', use_amp=False, use_gpu=True, gpu=0, use_multi_gpu=False, devices='0,1,2,3', test_flop=False)
Use GPU: cuda:0
>>>>>>>start training : mirae_Linear_Linear_mirae_ftM_sl72_ll48_pl12_dm512_nh8_el2_dl1_df2048_fc1_ebtimeF_dtTrue_Exp_0>>>>>>>>>>>>>>>>>>>>>>>>>>
train 4552
val 975
test 976
	iters: 100, epoch: 1 | loss: 0.0849913
	speed: 0.0299s/iter; left time: 81.9459s
Epoch: 1 cost time: 3.2686564922332764
Epoch: 1, Steps: 142 | Train Loss: 0.3722864 Vali Loss: 0.0332972 Test Loss: 0.0333878
Validation loss decreased (inf --> 0.033297).  Saving model ...
Updating learning rate to 0.005
	iters: 100, epoch: 2 | loss: 0.0296887
	speed: 0.0392s/iter; left time: 101.8407s
Epoch: 2 cost time: 1.7229909896850586
Epoch: 2, Steps: 142 | Train Loss: 0.0311945 Vali Loss: 0.0156143 Test Loss: 0.0161164
Validation loss decreased (0.033297 --> 0.015614).  Saving model ...
Updating learning rate to 0.0025
	iters: 100, epoch: 3 | loss: 0.0268736
	speed: 0.0388s/iter; left time: 95.2510s
Epoch: 3 cost time: 1.7401490211486816
Epoch: 3, Steps: 142 | Train Loss: 0.0192818 Vali Loss: 0.0108268 Test Loss: 0.0107530
Validation loss decreased (0.015614 --> 0.010827).  Saving model ...
Updating learning rate to 0.00125
	iters: 100, epoch: 4 | loss: 0.0171685
	speed: 0.0386s/iter; left time: 89.3353s
Epoch: 4 cost time: 1.701655387878418
Epoch: 4, Steps: 142 | Train Loss: 0.0160991 Vali Loss: 0.0086797 Test Loss: 0.0091782
Validation loss decreased (0.010827 --> 0.008680).  Saving model ...
Updating learning rate to 0.000625
	iters: 100, epoch: 5 | loss: 0.0184966
	speed: 0.0406s/iter; left time: 88.2826s
Epoch: 5 cost time: 1.797118902206421
Epoch: 5, Steps: 142 | Train Loss: 0.0148630 Vali Loss: 0.0081727 Test Loss: 0.0082485
Validation loss decreased (0.008680 --> 0.008173).  Saving model ...
Updating learning rate to 0.0003125
	iters: 100, epoch: 6 | loss: 0.0239534
	speed: 0.0428s/iter; left time: 86.8372s
Epoch: 6 cost time: 2.03149151802063
Epoch: 6, Steps: 142 | Train Loss: 0.0141951 Vali Loss: 0.0075733 Test Loss: 0.0077879
Validation loss decreased (0.008173 --> 0.007573).  Saving model ...
Updating learning rate to 0.00015625
	iters: 100, epoch: 7 | loss: 0.0145107
	speed: 0.0414s/iter; left time: 78.2447s
Epoch: 7 cost time: 1.739267349243164
Epoch: 7, Steps: 142 | Train Loss: 0.0139404 Vali Loss: 0.0073680 Test Loss: 0.0075669
Validation loss decreased (0.007573 --> 0.007368).  Saving model ...
Updating learning rate to 7.8125e-05
	iters: 100, epoch: 8 | loss: 0.0165527
	speed: 0.0402s/iter; left time: 70.2874s
Epoch: 8 cost time: 1.7191288471221924
Epoch: 8, Steps: 142 | Train Loss: 0.0137848 Vali Loss: 0.0072661 Test Loss: 0.0074946
Validation loss decreased (0.007368 --> 0.007266).  Saving model ...
Updating learning rate to 3.90625e-05
	iters: 100, epoch: 9 | loss: 0.0160042
	speed: 0.0421s/iter; left time: 67.5685s
Epoch: 9 cost time: 1.700099229812622
Epoch: 9, Steps: 142 | Train Loss: 0.0136577 Vali Loss: 0.0071455 Test Loss: 0.0074447
Validation loss decreased (0.007266 --> 0.007146).  Saving model ...
Updating learning rate to 1.953125e-05
	iters: 100, epoch: 10 | loss: 0.0158707
	speed: 0.0439s/iter; left time: 64.1938s
Epoch: 10 cost time: 1.7116646766662598
Epoch: 10, Steps: 142 | Train Loss: 0.0136138 Vali Loss: 0.0071900 Test Loss: 0.0074110
EarlyStopping counter: 1 out of 3
Updating learning rate to 9.765625e-06
	iters: 100, epoch: 11 | loss: 0.0178848
	speed: 0.0375s/iter; left time: 49.5156s
Epoch: 11 cost time: 1.7476451396942139
Epoch: 11, Steps: 142 | Train Loss: 0.0136093 Vali Loss: 0.0070557 Test Loss: 0.0074163
Validation loss decreased (0.007146 --> 0.007056).  Saving model ...
Updating learning rate to 4.8828125e-06
	iters: 100, epoch: 12 | loss: 0.0173396
	speed: 0.0387s/iter; left time: 45.6647s
Epoch: 12 cost time: 1.7454822063446045
Epoch: 12, Steps: 142 | Train Loss: 0.0135875 Vali Loss: 0.0071840 Test Loss: 0.0074108
EarlyStopping counter: 1 out of 3
Updating learning rate to 2.44140625e-06
	iters: 100, epoch: 13 | loss: 0.0143826
	speed: 0.0380s/iter; left time: 39.3703s
Epoch: 13 cost time: 1.668095350265503
Epoch: 13, Steps: 142 | Train Loss: 0.0135856 Vali Loss: 0.0072349 Test Loss: 0.0074083
EarlyStopping counter: 2 out of 3
Updating learning rate to 1.220703125e-06
	iters: 100, epoch: 14 | loss: 0.0137756
	speed: 0.0365s/iter; left time: 32.6635s
Epoch: 14 cost time: 1.708702802658081
Epoch: 14, Steps: 142 | Train Loss: 0.0135785 Vali Loss: 0.0072420 Test Loss: 0.0074079
EarlyStopping counter: 3 out of 3
Early stopping
>>>>>>>testing : mirae_Linear_Linear_mirae_ftM_sl72_ll48_pl12_dm512_nh8_el2_dl1_df2048_fc1_ebtimeF_dtTrue_Exp_0<<<<<<<<<<<<<<<<<<<<<<<<<<<<<<<<<
test 976
mse:0.0074162911623716354, mae:0.05634789913892746
