Args in experiment:
Namespace(ver='D', is_training=1, model_id='ETTh1_336_720', model='Linear', data='ETTh1', root_path='/nas/datahub/ETT/', data_path='ETTh1.csv', features='M', target='OT', freq='h', checkpoints='./checkpoints/', seq_len=336, label_len=48, pred_len=720, individual=False, embed_type=0, enc_in=7, dec_in=7, c_out=7, d_model=512, n_heads=8, e_layers=2, d_layers=1, d_ff=2048, moving_avg=25, factor=1, distil=True, dropout=0.05, embed='timeF', activation='gelu', output_attention=False, do_predict=False, num_workers=10, itr=1, train_epochs=10, batch_size=32, patience=3, learning_rate=0.005, des='Exp', loss='mse', lradj='type1', use_amp=False, use_gpu=True, gpu=0, use_multi_gpu=False, devices='0,1,2,3', test_flop=False)
Use GPU: cuda:0
>>>>>>>start training : ETTh1_336_720_Linear_ETTh1_ftM_sl336_ll48_pl720_dm512_nh8_el2_dl1_df2048_fc1_ebtimeF_dtTrue_Exp_0>>>>>>>>>>>>>>>>>>>>>>>>>>
train 7585
val 2161
test 2161
	iters: 100, epoch: 1 | loss: 0.5516626
	speed: 0.0184s/iter; left time: 41.8619s
	iters: 200, epoch: 1 | loss: 0.5454233
	speed: 0.0059s/iter; left time: 12.7048s
Epoch: 1 cost time: 2.744569778442383
Epoch: 1, Steps: 237 | Train Loss: 0.5550765 Vali Loss: 1.3285179 Test Loss: 0.5367395
Validation loss decreased (inf --> 1.328518).  Saving model ...
Updating learning rate to 0.005
	iters: 100, epoch: 2 | loss: 0.5672743
	speed: 0.0361s/iter; left time: 73.4514s
	iters: 200, epoch: 2 | loss: 0.5171645
	speed: 0.0061s/iter; left time: 11.7121s
Epoch: 2 cost time: 1.9834506511688232
Epoch: 2, Steps: 237 | Train Loss: 0.5272813 Vali Loss: 1.3032163 Test Loss: 0.5626009
Validation loss decreased (1.328518 --> 1.303216).  Saving model ...
Updating learning rate to 0.0025
	iters: 100, epoch: 3 | loss: 0.5215662
	speed: 0.0361s/iter; left time: 64.8266s
	iters: 200, epoch: 3 | loss: 0.4280483
	speed: 0.0056s/iter; left time: 9.5123s
Epoch: 3 cost time: 2.030092239379883
Epoch: 3, Steps: 237 | Train Loss: 0.4931324 Vali Loss: 1.2060370 Test Loss: 0.6219869
Validation loss decreased (1.303216 --> 1.206037).  Saving model ...
Updating learning rate to 0.00125
	iters: 100, epoch: 4 | loss: 0.4691300
	speed: 0.0393s/iter; left time: 61.3830s
	iters: 200, epoch: 4 | loss: 0.4096597
	speed: 0.0060s/iter; left time: 8.8055s
Epoch: 4 cost time: 2.123180866241455
Epoch: 4, Steps: 237 | Train Loss: 0.4620470 Vali Loss: 1.2836012 Test Loss: 0.5825948
EarlyStopping counter: 1 out of 3
Updating learning rate to 0.000625
	iters: 100, epoch: 5 | loss: 0.4677700
	speed: 0.0357s/iter; left time: 47.2798s
	iters: 200, epoch: 5 | loss: 0.4327035
	speed: 0.0060s/iter; left time: 7.3202s
Epoch: 5 cost time: 1.972538948059082
Epoch: 5, Steps: 237 | Train Loss: 0.4391586 Vali Loss: 1.2566034 Test Loss: 0.5820184
EarlyStopping counter: 2 out of 3
Updating learning rate to 0.0003125
	iters: 100, epoch: 6 | loss: 0.4918937
	speed: 0.0388s/iter; left time: 42.1880s
	iters: 200, epoch: 6 | loss: 0.4127564
	speed: 0.0054s/iter; left time: 5.3290s
Epoch: 6 cost time: 2.0734782218933105
Epoch: 6, Steps: 237 | Train Loss: 0.4250078 Vali Loss: 1.3293550 Test Loss: 0.5824650
EarlyStopping counter: 3 out of 3
Early stopping
>>>>>>>testing : ETTh1_336_720_Linear_ETTh1_ftM_sl336_ll48_pl720_dm512_nh8_el2_dl1_df2048_fc1_ebtimeF_dtTrue_Exp_0<<<<<<<<<<<<<<<<<<<<<<<<<<<<<<<<<
test 2161
mse:0.6219876408576965, mae:0.5678556561470032
