Args in experiment:
Namespace(ver='TCCC', is_training=1, model_id='mirae_Linear', model='Linear', data='mirae', root_path='./data/ETT/', data_path='ETTh1.csv', features='M', target='OT', freq='h', checkpoints='./checkpoints/', seq_len=72, label_len=48, pred_len=12, individual=False, embed_type=0, enc_in=7, dec_in=7, c_out=7, d_model=512, n_heads=8, e_layers=2, d_layers=1, d_ff=2048, moving_avg=25, factor=1, distil=True, dropout=0.05, embed='timeF', activation='gelu', output_attention=False, do_predict=False, num_workers=10, itr=1, train_epochs=20, batch_size=32, patience=3, learning_rate=0.005, des='Exp', loss='mse', lradj='type1', use_amp=False, use_gpu=True, gpu=0, use_multi_gpu=False, devices='0,1,2,3', test_flop=False)
Use GPU: cuda:0
>>>>>>>start training : mirae_Linear_Linear_mirae_ftM_sl72_ll48_pl12_dm512_nh8_el2_dl1_df2048_fc1_ebtimeF_dtTrue_Exp_0>>>>>>>>>>>>>>>>>>>>>>>>>>
train 4552
val 975
test 976
	iters: 100, epoch: 1 | loss: 0.0650086
	speed: 0.0299s/iter; left time: 82.0544s
Epoch: 1 cost time: 3.3203632831573486
Epoch: 1, Steps: 142 | Train Loss: 0.2232857 Vali Loss: 0.0311601 Test Loss: 0.0420931
Validation loss decreased (inf --> 0.031160).  Saving model ...
Updating learning rate to 0.005
	iters: 100, epoch: 2 | loss: 0.0627567
	speed: 0.0373s/iter; left time: 96.9592s
Epoch: 2 cost time: 1.805729866027832
Epoch: 2, Steps: 142 | Train Loss: 0.0549115 Vali Loss: 0.0262506 Test Loss: 0.0350297
Validation loss decreased (0.031160 --> 0.026251).  Saving model ...
Updating learning rate to 0.0025
	iters: 100, epoch: 3 | loss: 0.0431978
	speed: 0.0389s/iter; left time: 95.4846s
Epoch: 3 cost time: 1.7848007678985596
Epoch: 3, Steps: 142 | Train Loss: 0.0473381 Vali Loss: 0.0318700 Test Loss: 0.0438909
EarlyStopping counter: 1 out of 3
Updating learning rate to 0.00125
	iters: 100, epoch: 4 | loss: 0.0473750
	speed: 0.0386s/iter; left time: 89.4118s
Epoch: 4 cost time: 1.8881196975708008
Epoch: 4, Steps: 142 | Train Loss: 0.0447782 Vali Loss: 0.0308975 Test Loss: 0.0418012
EarlyStopping counter: 2 out of 3
Updating learning rate to 0.000625
	iters: 100, epoch: 5 | loss: 0.0462338
	speed: 0.0388s/iter; left time: 84.3910s
Epoch: 5 cost time: 1.7658746242523193
Epoch: 5, Steps: 142 | Train Loss: 0.0437644 Vali Loss: 0.0297953 Test Loss: 0.0400984
EarlyStopping counter: 3 out of 3
Early stopping
>>>>>>>testing : mirae_Linear_Linear_mirae_ftM_sl72_ll48_pl12_dm512_nh8_el2_dl1_df2048_fc1_ebtimeF_dtTrue_Exp_0<<<<<<<<<<<<<<<<<<<<<<<<<<<<<<<<<
test 976
mse:0.035029686987400055, mae:0.16561436653137207
