Args in experiment:
Namespace(ver='TCS', is_training=1, model_id='mirae_Linear', model='Linear', data='mirae', root_path='./data/ETT/', data_path='ETTh1.csv', features='M', target='OT', freq='h', checkpoints='./checkpoints/', seq_len=72, label_len=48, pred_len=12, individual=False, embed_type=0, enc_in=7, dec_in=7, c_out=7, d_model=512, n_heads=8, e_layers=2, d_layers=1, d_ff=2048, moving_avg=25, factor=1, distil=True, dropout=0.05, embed='timeF', activation='gelu', output_attention=False, do_predict=False, num_workers=10, itr=1, train_epochs=20, batch_size=32, patience=3, learning_rate=0.005, des='Exp', loss='mse', lradj='type1', use_amp=False, use_gpu=True, gpu=0, use_multi_gpu=False, devices='0,1,2,3', test_flop=False)
Use GPU: cuda:0
>>>>>>>start training : mirae_Linear_Linear_mirae_ftM_sl72_ll48_pl12_dm512_nh8_el2_dl1_df2048_fc1_ebtimeF_dtTrue_Exp_0>>>>>>>>>>>>>>>>>>>>>>>>>>
train 4552
val 975
test 976
	iters: 100, epoch: 1 | loss: 0.0759241
	speed: 0.0491s/iter; left time: 134.6620s
Epoch: 1 cost time: 5.481437921524048
Epoch: 1, Steps: 142 | Train Loss: 0.4257857 Vali Loss: 0.0433133 Test Loss: 0.0502212
Validation loss decreased (inf --> 0.043313).  Saving model ...
Updating learning rate to 0.005
	iters: 100, epoch: 2 | loss: 0.0564101
	speed: 0.0515s/iter; left time: 133.8840s
Epoch: 2 cost time: 2.8357157707214355
Epoch: 2, Steps: 142 | Train Loss: 0.0587493 Vali Loss: 0.0276494 Test Loss: 0.0344550
Validation loss decreased (0.043313 --> 0.027649).  Saving model ...
Updating learning rate to 0.0025
	iters: 100, epoch: 3 | loss: 0.0369865
	speed: 0.0495s/iter; left time: 121.5838s
Epoch: 3 cost time: 2.5244057178497314
Epoch: 3, Steps: 142 | Train Loss: 0.0469212 Vali Loss: 0.0362739 Test Loss: 0.0465259
EarlyStopping counter: 1 out of 3
Updating learning rate to 0.00125
	iters: 100, epoch: 4 | loss: 0.0347265
	speed: 0.0453s/iter; left time: 104.7668s
Epoch: 4 cost time: 2.52140212059021
Epoch: 4, Steps: 142 | Train Loss: 0.0438085 Vali Loss: 0.0437641 Test Loss: 0.0553096
EarlyStopping counter: 2 out of 3
Updating learning rate to 0.000625
	iters: 100, epoch: 5 | loss: 0.0504672
	speed: 0.0466s/iter; left time: 101.2012s
Epoch: 5 cost time: 2.3623602390289307
Epoch: 5, Steps: 142 | Train Loss: 0.0421764 Vali Loss: 0.0302573 Test Loss: 0.0391067
EarlyStopping counter: 3 out of 3
Early stopping
>>>>>>>testing : mirae_Linear_Linear_mirae_ftM_sl72_ll48_pl12_dm512_nh8_el2_dl1_df2048_fc1_ebtimeF_dtTrue_Exp_0<<<<<<<<<<<<<<<<<<<<<<<<<<<<<<<<<
test 976
mse:0.03445497527718544, mae:0.15605159103870392
