Args in experiment:
Namespace(ver='TWM', is_training=1, model_id='mirae_Linear', model='NLinear', data='mirae', root_path='./data/ETT/', data_path='ETTh1.csv', features='M', target='OT', freq='h', checkpoints='./checkpoints/', seq_len=72, label_len=48, pred_len=12, individual=False, embed_type=0, enc_in=7, dec_in=7, c_out=7, d_model=512, n_heads=8, e_layers=2, d_layers=1, d_ff=2048, moving_avg=25, factor=1, distil=True, dropout=0.05, embed='timeF', activation='gelu', output_attention=False, do_predict=False, num_workers=10, itr=1, train_epochs=20, batch_size=32, patience=3, learning_rate=0.005, des='Exp', loss='mse', lradj='type1', use_amp=False, use_gpu=True, gpu=0, use_multi_gpu=False, devices='0,1,2,3', test_flop=False)
Use GPU: cuda:0
>>>>>>>start training : mirae_Linear_NLinear_mirae_ftM_sl72_ll48_pl12_dm512_nh8_el2_dl1_df2048_fc1_ebtimeF_dtTrue_Exp_0>>>>>>>>>>>>>>>>>>>>>>>>>>
train 4552
val 975
test 976
	iters: 100, epoch: 1 | loss: 0.0075032
	speed: 0.0306s/iter; left time: 84.0104s
Epoch: 1 cost time: 3.309819221496582
Epoch: 1, Steps: 142 | Train Loss: 0.0127508 Vali Loss: 0.0024856 Test Loss: 0.0023934
Validation loss decreased (inf --> 0.002486).  Saving model ...
Updating learning rate to 0.005
	iters: 100, epoch: 2 | loss: 0.0060198
	speed: 0.0343s/iter; left time: 89.0885s
Epoch: 2 cost time: 1.7226786613464355
Epoch: 2, Steps: 142 | Train Loss: 0.0073092 Vali Loss: 0.0023237 Test Loss: 0.0022557
Validation loss decreased (0.002486 --> 0.002324).  Saving model ...
Updating learning rate to 0.0025
	iters: 100, epoch: 3 | loss: 0.0088980
	speed: 0.0346s/iter; left time: 84.9201s
Epoch: 3 cost time: 1.5860707759857178
Epoch: 3, Steps: 142 | Train Loss: 0.0068174 Vali Loss: 0.0022652 Test Loss: 0.0021792
Validation loss decreased (0.002324 --> 0.002265).  Saving model ...
Updating learning rate to 0.00125
	iters: 100, epoch: 4 | loss: 0.0052234
	speed: 0.0363s/iter; left time: 83.9469s
Epoch: 4 cost time: 1.519935131072998
Epoch: 4, Steps: 142 | Train Loss: 0.0066488 Vali Loss: 0.0022354 Test Loss: 0.0021893
Validation loss decreased (0.002265 --> 0.002235).  Saving model ...
Updating learning rate to 0.000625
	iters: 100, epoch: 5 | loss: 0.0034912
	speed: 0.0370s/iter; left time: 80.4853s
Epoch: 5 cost time: 1.7142491340637207
Epoch: 5, Steps: 142 | Train Loss: 0.0065591 Vali Loss: 0.0022369 Test Loss: 0.0021762
EarlyStopping counter: 1 out of 3
Updating learning rate to 0.0003125
	iters: 100, epoch: 6 | loss: 0.0049547
	speed: 0.0390s/iter; left time: 79.1383s
Epoch: 6 cost time: 1.6662025451660156
Epoch: 6, Steps: 142 | Train Loss: 0.0065301 Vali Loss: 0.0022371 Test Loss: 0.0022278
EarlyStopping counter: 2 out of 3
Updating learning rate to 0.00015625
	iters: 100, epoch: 7 | loss: 0.0150663
	speed: 0.0329s/iter; left time: 62.2016s
Epoch: 7 cost time: 1.543626308441162
Epoch: 7, Steps: 142 | Train Loss: 0.0065041 Vali Loss: 0.0021992 Test Loss: 0.0021719
Validation loss decreased (0.002235 --> 0.002199).  Saving model ...
Updating learning rate to 7.8125e-05
	iters: 100, epoch: 8 | loss: 0.0037662
	speed: 0.0341s/iter; left time: 59.4905s
Epoch: 8 cost time: 1.6150429248809814
Epoch: 8, Steps: 142 | Train Loss: 0.0065049 Vali Loss: 0.0022040 Test Loss: 0.0021670
EarlyStopping counter: 1 out of 3
Updating learning rate to 3.90625e-05
	iters: 100, epoch: 9 | loss: 0.0068755
	speed: 0.0370s/iter; left time: 59.3717s
Epoch: 9 cost time: 1.6477138996124268
Epoch: 9, Steps: 142 | Train Loss: 0.0065029 Vali Loss: 0.0022024 Test Loss: 0.0021676
EarlyStopping counter: 2 out of 3
Updating learning rate to 1.953125e-05
	iters: 100, epoch: 10 | loss: 0.0081934
	speed: 0.0396s/iter; left time: 57.9723s
Epoch: 10 cost time: 1.8062655925750732
Epoch: 10, Steps: 142 | Train Loss: 0.0064986 Vali Loss: 0.0022304 Test Loss: 0.0021700
EarlyStopping counter: 3 out of 3
Early stopping
>>>>>>>testing : mirae_Linear_NLinear_mirae_ftM_sl72_ll48_pl12_dm512_nh8_el2_dl1_df2048_fc1_ebtimeF_dtTrue_Exp_0<<<<<<<<<<<<<<<<<<<<<<<<<<<<<<<<<
test 976
mse:0.0021719459909945726, mae:0.030699342489242554
