Args in experiment:
Namespace(ver='TS', is_training=1, model_id='mirae_Linear', model='NLinear', data='mirae', root_path='./data/ETT/', data_path='ETTh1.csv', features='M', target='OT', freq='h', checkpoints='./checkpoints/', seq_len=72, label_len=48, pred_len=12, individual=False, embed_type=0, enc_in=7, dec_in=7, c_out=7, d_model=512, n_heads=8, e_layers=2, d_layers=1, d_ff=2048, moving_avg=25, factor=1, distil=True, dropout=0.05, embed='timeF', activation='gelu', output_attention=False, do_predict=False, num_workers=10, itr=1, train_epochs=20, batch_size=32, patience=3, learning_rate=0.005, des='Exp', loss='mse', lradj='type1', use_amp=False, use_gpu=True, gpu=0, use_multi_gpu=False, devices='0,1,2,3', test_flop=False)
Use GPU: cuda:0
>>>>>>>start training : mirae_Linear_NLinear_mirae_ftM_sl72_ll48_pl12_dm512_nh8_el2_dl1_df2048_fc1_ebtimeF_dtTrue_Exp_0>>>>>>>>>>>>>>>>>>>>>>>>>>
train 4552
val 975
test 976
	iters: 100, epoch: 1 | loss: 0.0042591
	speed: 0.0519s/iter; left time: 142.3477s
Epoch: 1 cost time: 5.814413547515869
Epoch: 1, Steps: 142 | Train Loss: 0.0069421 Vali Loss: 0.0019453 Test Loss: 0.0015726
Validation loss decreased (inf --> 0.001945).  Saving model ...
Updating learning rate to 0.005
	iters: 100, epoch: 2 | loss: 0.0074060
	speed: 0.0453s/iter; left time: 117.6231s
Epoch: 2 cost time: 2.430981397628784
Epoch: 2, Steps: 142 | Train Loss: 0.0049638 Vali Loss: 0.0017704 Test Loss: 0.0014994
Validation loss decreased (0.001945 --> 0.001770).  Saving model ...
Updating learning rate to 0.0025
	iters: 100, epoch: 3 | loss: 0.0043209
	speed: 0.0487s/iter; left time: 119.6469s
Epoch: 3 cost time: 2.6740286350250244
Epoch: 3, Steps: 142 | Train Loss: 0.0041338 Vali Loss: 0.0014952 Test Loss: 0.0012847
Validation loss decreased (0.001770 --> 0.001495).  Saving model ...
Updating learning rate to 0.00125
	iters: 100, epoch: 4 | loss: 0.0047381
	speed: 0.0495s/iter; left time: 114.5882s
Epoch: 4 cost time: 2.9517743587493896
Epoch: 4, Steps: 142 | Train Loss: 0.0038142 Vali Loss: 0.0013351 Test Loss: 0.0012391
Validation loss decreased (0.001495 --> 0.001335).  Saving model ...
Updating learning rate to 0.000625
	iters: 100, epoch: 5 | loss: 0.0030353
	speed: 0.0484s/iter; left time: 105.1748s
Epoch: 5 cost time: 2.3318071365356445
Epoch: 5, Steps: 142 | Train Loss: 0.0036862 Vali Loss: 0.0013077 Test Loss: 0.0012324
Validation loss decreased (0.001335 --> 0.001308).  Saving model ...
Updating learning rate to 0.0003125
	iters: 100, epoch: 6 | loss: 0.0052246
	speed: 0.0454s/iter; left time: 92.1650s
Epoch: 6 cost time: 2.767270088195801
Epoch: 6, Steps: 142 | Train Loss: 0.0035907 Vali Loss: 0.0013350 Test Loss: 0.0012050
EarlyStopping counter: 1 out of 3
Updating learning rate to 0.00015625
	iters: 100, epoch: 7 | loss: 0.0046210
	speed: 0.0475s/iter; left time: 89.6626s
Epoch: 7 cost time: 2.607360363006592
Epoch: 7, Steps: 142 | Train Loss: 0.0035781 Vali Loss: 0.0013680 Test Loss: 0.0012292
EarlyStopping counter: 2 out of 3
Updating learning rate to 7.8125e-05
	iters: 100, epoch: 8 | loss: 0.0029834
	speed: 0.0509s/iter; left time: 88.9103s
Epoch: 8 cost time: 2.771859645843506
Epoch: 8, Steps: 142 | Train Loss: 0.0035573 Vali Loss: 0.0013290 Test Loss: 0.0012103
EarlyStopping counter: 3 out of 3
Early stopping
>>>>>>>testing : mirae_Linear_NLinear_mirae_ftM_sl72_ll48_pl12_dm512_nh8_el2_dl1_df2048_fc1_ebtimeF_dtTrue_Exp_0<<<<<<<<<<<<<<<<<<<<<<<<<<<<<<<<<
test 976
mse:0.001232381328009069, mae:0.02484794519841671
