Args in experiment:
Namespace(ver='D', is_training=1, model_id='ETTh1_336_336', model='NLinear', data='ETTh1', root_path='/nas/datahub/ETT/', data_path='ETTh1.csv', features='M', target='OT', freq='h', checkpoints='./checkpoints/', seq_len=336, label_len=48, pred_len=336, individual=False, embed_type=0, enc_in=7, dec_in=7, c_out=7, d_model=512, n_heads=8, e_layers=2, d_layers=1, d_ff=2048, moving_avg=25, factor=1, distil=True, dropout=0.05, embed='timeF', activation='gelu', output_attention=False, do_predict=False, num_workers=10, itr=1, train_epochs=10, batch_size=32, patience=3, learning_rate=0.005, des='Exp', loss='mse', lradj='type1', use_amp=False, use_gpu=True, gpu=0, use_multi_gpu=False, devices='0,1,2,3', test_flop=False)
Use GPU: cuda:0
>>>>>>>start training : ETTh1_336_336_NLinear_ETTh1_ftM_sl336_ll48_pl336_dm512_nh8_el2_dl1_df2048_fc1_ebtimeF_dtTrue_Exp_0>>>>>>>>>>>>>>>>>>>>>>>>>>
train 7969
val 2545
test 2545
	iters: 100, epoch: 1 | loss: 0.5151513
	speed: 0.0177s/iter; left time: 42.4162s
	iters: 200, epoch: 1 | loss: 0.4909412
	speed: 0.0056s/iter; left time: 12.9208s
Epoch: 1 cost time: 2.6707541942596436
Epoch: 1, Steps: 249 | Train Loss: 0.5067119 Vali Loss: 1.2373883 Test Loss: 0.4672925
Validation loss decreased (inf --> 1.237388).  Saving model ...
Updating learning rate to 0.005
	iters: 100, epoch: 2 | loss: 0.4704508
	speed: 0.0361s/iter; left time: 77.2594s
	iters: 200, epoch: 2 | loss: 0.4969851
	speed: 0.0055s/iter; left time: 11.2995s
Epoch: 2 cost time: 1.9982855319976807
Epoch: 2, Steps: 249 | Train Loss: 0.4824165 Vali Loss: 1.2346627 Test Loss: 0.4737250
Validation loss decreased (1.237388 --> 1.234663).  Saving model ...
Updating learning rate to 0.0025
	iters: 100, epoch: 3 | loss: 0.4158388
	speed: 0.0377s/iter; left time: 71.4591s
	iters: 200, epoch: 3 | loss: 0.4601410
	speed: 0.0050s/iter; left time: 9.0188s
Epoch: 3 cost time: 1.989269495010376
Epoch: 3, Steps: 249 | Train Loss: 0.4518944 Vali Loss: 1.2173835 Test Loss: 0.4829553
Validation loss decreased (1.234663 --> 1.217384).  Saving model ...
Updating learning rate to 0.00125
	iters: 100, epoch: 4 | loss: 0.4580777
	speed: 0.0372s/iter; left time: 61.1725s
	iters: 200, epoch: 4 | loss: 0.4764131
	speed: 0.0052s/iter; left time: 8.0115s
Epoch: 4 cost time: 2.0422537326812744
Epoch: 4, Steps: 249 | Train Loss: 0.4290165 Vali Loss: 1.1868073 Test Loss: 0.4738449
Validation loss decreased (1.217384 --> 1.186807).  Saving model ...
Updating learning rate to 0.000625
	iters: 100, epoch: 5 | loss: 0.4384540
	speed: 0.0379s/iter; left time: 52.8740s
	iters: 200, epoch: 5 | loss: 0.3463184
	speed: 0.0050s/iter; left time: 6.4279s
Epoch: 5 cost time: 1.8723206520080566
Epoch: 5, Steps: 249 | Train Loss: 0.4112863 Vali Loss: 1.2040727 Test Loss: 0.4899524
EarlyStopping counter: 1 out of 3
Updating learning rate to 0.0003125
	iters: 100, epoch: 6 | loss: 0.4102965
	speed: 0.0348s/iter; left time: 39.8522s
	iters: 200, epoch: 6 | loss: 0.3945692
	speed: 0.0056s/iter; left time: 5.8130s
Epoch: 6 cost time: 1.9908952713012695
Epoch: 6, Steps: 249 | Train Loss: 0.3992301 Vali Loss: 1.2172844 Test Loss: 0.4863666
EarlyStopping counter: 2 out of 3
Updating learning rate to 0.00015625
	iters: 100, epoch: 7 | loss: 0.5118287
	speed: 0.0382s/iter; left time: 34.2584s
	iters: 200, epoch: 7 | loss: 0.4342749
	speed: 0.0048s/iter; left time: 3.8485s
Epoch: 7 cost time: 2.199763536453247
Epoch: 7, Steps: 249 | Train Loss: 0.3912849 Vali Loss: 1.2276429 Test Loss: 0.4943534
EarlyStopping counter: 3 out of 3
Early stopping
>>>>>>>testing : ETTh1_336_336_NLinear_ETTh1_ftM_sl336_ll48_pl336_dm512_nh8_el2_dl1_df2048_fc1_ebtimeF_dtTrue_Exp_0<<<<<<<<<<<<<<<<<<<<<<<<<<<<<<<<<
test 2545
mse:0.4738447964191437, mae:0.4599076509475708
