Args in experiment:
Namespace(ver='TPE', is_training=1, model_id='mirae_Linear', model='NLinear', data='mirae', root_path='./data/ETT/', data_path='ETTh1.csv', features='M', target='OT', freq='h', checkpoints='./checkpoints/', seq_len=72, label_len=48, pred_len=12, individual=False, embed_type=0, enc_in=7, dec_in=7, c_out=7, d_model=512, n_heads=8, e_layers=2, d_layers=1, d_ff=2048, moving_avg=25, factor=1, distil=True, dropout=0.05, embed='timeF', activation='gelu', output_attention=False, do_predict=False, num_workers=10, itr=1, train_epochs=20, batch_size=32, patience=3, learning_rate=0.005, des='Exp', loss='mse', lradj='type1', use_amp=False, use_gpu=True, gpu=0, use_multi_gpu=False, devices='0,1,2,3', test_flop=False)
Use GPU: cuda:0
>>>>>>>start training : mirae_Linear_NLinear_mirae_ftM_sl72_ll48_pl12_dm512_nh8_el2_dl1_df2048_fc1_ebtimeF_dtTrue_Exp_0>>>>>>>>>>>>>>>>>>>>>>>>>>
train 4552
val 975
test 976
	iters: 100, epoch: 1 | loss: 0.0058458
	speed: 0.0293s/iter; left time: 80.2520s
Epoch: 1 cost time: 3.2442023754119873
Epoch: 1, Steps: 142 | Train Loss: 0.0157745 Vali Loss: 0.0033874 Test Loss: 0.0024861
Validation loss decreased (inf --> 0.003387).  Saving model ...
Updating learning rate to 0.005
	iters: 100, epoch: 2 | loss: 0.0088322
	speed: 0.0316s/iter; left time: 82.1995s
Epoch: 2 cost time: 1.5462639331817627
Epoch: 2, Steps: 142 | Train Loss: 0.0070349 Vali Loss: 0.0032643 Test Loss: 0.0026263
Validation loss decreased (0.003387 --> 0.003264).  Saving model ...
Updating learning rate to 0.0025
	iters: 100, epoch: 3 | loss: 0.0056886
	speed: 0.0298s/iter; left time: 73.1877s
Epoch: 3 cost time: 1.4473206996917725
Epoch: 3, Steps: 142 | Train Loss: 0.0056945 Vali Loss: 0.0030713 Test Loss: 0.0024155
Validation loss decreased (0.003264 --> 0.003071).  Saving model ...
Updating learning rate to 0.00125
	iters: 100, epoch: 4 | loss: 0.0064398
	speed: 0.0364s/iter; left time: 84.2937s
Epoch: 4 cost time: 1.8827900886535645
Epoch: 4, Steps: 142 | Train Loss: 0.0052218 Vali Loss: 0.0027871 Test Loss: 0.0020983
Validation loss decreased (0.003071 --> 0.002787).  Saving model ...
Updating learning rate to 0.000625
	iters: 100, epoch: 5 | loss: 0.0037242
	speed: 0.0345s/iter; left time: 74.9891s
Epoch: 5 cost time: 1.6470253467559814
Epoch: 5, Steps: 142 | Train Loss: 0.0049387 Vali Loss: 0.0029038 Test Loss: 0.0022823
EarlyStopping counter: 1 out of 3
Updating learning rate to 0.0003125
	iters: 100, epoch: 6 | loss: 0.0064133
	speed: 0.0301s/iter; left time: 61.1022s
Epoch: 6 cost time: 1.4375414848327637
Epoch: 6, Steps: 142 | Train Loss: 0.0047489 Vali Loss: 0.0027849 Test Loss: 0.0021765
Validation loss decreased (0.002787 --> 0.002785).  Saving model ...
Updating learning rate to 0.00015625
	iters: 100, epoch: 7 | loss: 0.0066155
	speed: 0.0307s/iter; left time: 57.9888s
Epoch: 7 cost time: 1.5058505535125732
Epoch: 7, Steps: 142 | Train Loss: 0.0046509 Vali Loss: 0.0026015 Test Loss: 0.0019772
Validation loss decreased (0.002785 --> 0.002601).  Saving model ...
Updating learning rate to 7.8125e-05
	iters: 100, epoch: 8 | loss: 0.0037236
	speed: 0.0331s/iter; left time: 57.7415s
Epoch: 8 cost time: 1.606616735458374
Epoch: 8, Steps: 142 | Train Loss: 0.0046069 Vali Loss: 0.0026616 Test Loss: 0.0020436
EarlyStopping counter: 1 out of 3
Updating learning rate to 3.90625e-05
	iters: 100, epoch: 9 | loss: 0.0062989
	speed: 0.0303s/iter; left time: 48.6683s
Epoch: 9 cost time: 1.5399208068847656
Epoch: 9, Steps: 142 | Train Loss: 0.0045589 Vali Loss: 0.0026631 Test Loss: 0.0020753
EarlyStopping counter: 2 out of 3
Updating learning rate to 1.953125e-05
	iters: 100, epoch: 10 | loss: 0.0050739
	speed: 0.0303s/iter; left time: 44.3961s
Epoch: 10 cost time: 1.4719452857971191
Epoch: 10, Steps: 142 | Train Loss: 0.0045467 Vali Loss: 0.0026557 Test Loss: 0.0020564
EarlyStopping counter: 3 out of 3
Early stopping
>>>>>>>testing : mirae_Linear_NLinear_mirae_ftM_sl72_ll48_pl12_dm512_nh8_el2_dl1_df2048_fc1_ebtimeF_dtTrue_Exp_0<<<<<<<<<<<<<<<<<<<<<<<<<<<<<<<<<
test 976
mse:0.001977168722078204, mae:0.034041400998830795
