Args in experiment:
Namespace(ver='TPE', is_training=1, model_id='ETTh1__720', model='NLinear', data='ETTh1', root_path='/nas/datahub/ETT/', data_path='ETTh1.csv', features='S', target='OT', freq='h', checkpoints='./checkpoints/', seq_len=336, label_len=48, pred_len=720, individual=False, embed_type=0, enc_in=7, dec_in=7, c_out=7, d_model=512, n_heads=8, e_layers=2, d_layers=1, d_ff=2048, moving_avg=25, factor=1, distil=True, dropout=0.05, embed='timeF', activation='gelu', output_attention=False, do_predict=False, num_workers=10, itr=1, train_epochs=10, batch_size=32, patience=3, learning_rate=0.005, des='Exp', loss='mse', lradj='type1', use_amp=False, use_gpu=True, gpu=0, use_multi_gpu=False, devices='0,1,2,3', test_flop=False)
Use GPU: cuda:0
>>>>>>>start training : ETTh1__720_NLinear_ETTh1_ftS_sl336_ll48_pl720_dm512_nh8_el2_dl1_df2048_fc1_ebtimeF_dtTrue_Exp_0>>>>>>>>>>>>>>>>>>>>>>>>>>
train 7585
val 2161
test 2161
	iters: 100, epoch: 1 | loss: 0.2942833
	speed: 0.0424s/iter; left time: 96.2439s
	iters: 200, epoch: 1 | loss: 0.2741935
	speed: 0.0054s/iter; left time: 11.8262s
Epoch: 1 cost time: 5.039398193359375
Epoch: 1, Steps: 237 | Train Loss: 0.3926841 Vali Loss: 0.1807368 Test Loss: 0.1154125
Validation loss decreased (inf --> 0.180737).  Saving model ...
Updating learning rate to 0.005
	iters: 100, epoch: 2 | loss: 0.1742510
	speed: 0.0532s/iter; left time: 108.1546s
	iters: 200, epoch: 2 | loss: 0.2550507
	speed: 0.0057s/iter; left time: 10.9476s
Epoch: 2 cost time: 2.5204598903656006
Epoch: 2, Steps: 237 | Train Loss: 0.2402525 Vali Loss: 0.1837199 Test Loss: 0.1035689
EarlyStopping counter: 1 out of 3
Updating learning rate to 0.0025
	iters: 100, epoch: 3 | loss: 0.1942882
	speed: 0.0486s/iter; left time: 87.3161s
	iters: 200, epoch: 3 | loss: 0.2295981
	speed: 0.0056s/iter; left time: 9.5417s
Epoch: 3 cost time: 2.4830822944641113
Epoch: 3, Steps: 237 | Train Loss: 0.2006385 Vali Loss: 0.1899428 Test Loss: 0.1159649
EarlyStopping counter: 2 out of 3
Updating learning rate to 0.00125
	iters: 100, epoch: 4 | loss: 0.2030912
	speed: 0.0510s/iter; left time: 79.5452s
	iters: 200, epoch: 4 | loss: 0.1655630
	speed: 0.0047s/iter; left time: 6.8796s
Epoch: 4 cost time: 2.7246005535125732
Epoch: 4, Steps: 237 | Train Loss: 0.1800227 Vali Loss: 0.1787297 Test Loss: 0.1117631
Validation loss decreased (0.180737 --> 0.178730).  Saving model ...
Updating learning rate to 0.000625
	iters: 100, epoch: 5 | loss: 0.1687503
	speed: 0.0469s/iter; left time: 62.0635s
	iters: 200, epoch: 5 | loss: 0.1705062
	speed: 0.0056s/iter; left time: 6.8607s
Epoch: 5 cost time: 2.4712061882019043
Epoch: 5, Steps: 237 | Train Loss: 0.1686419 Vali Loss: 0.1767100 Test Loss: 0.1083593
Validation loss decreased (0.178730 --> 0.176710).  Saving model ...
Updating learning rate to 0.0003125
	iters: 100, epoch: 6 | loss: 0.1431518
	speed: 0.0485s/iter; left time: 52.6896s
	iters: 200, epoch: 6 | loss: 0.1760641
	speed: 0.0053s/iter; left time: 5.2341s
Epoch: 6 cost time: 2.4283249378204346
Epoch: 6, Steps: 237 | Train Loss: 0.1612117 Vali Loss: 0.1824819 Test Loss: 0.1129355
EarlyStopping counter: 1 out of 3
Updating learning rate to 0.00015625
	iters: 100, epoch: 7 | loss: 0.1652294
	speed: 0.0496s/iter; left time: 42.1337s
	iters: 200, epoch: 7 | loss: 0.2013927
	speed: 0.0049s/iter; left time: 3.6533s
Epoch: 7 cost time: 2.399614095687866
Epoch: 7, Steps: 237 | Train Loss: 0.1567907 Vali Loss: 0.1781994 Test Loss: 0.1112082
EarlyStopping counter: 2 out of 3
Updating learning rate to 7.8125e-05
	iters: 100, epoch: 8 | loss: 0.1550341
	speed: 0.0476s/iter; left time: 29.1032s
	iters: 200, epoch: 8 | loss: 0.1735602
	speed: 0.0051s/iter; left time: 2.6154s
Epoch: 8 cost time: 2.452300786972046
Epoch: 8, Steps: 237 | Train Loss: 0.1544247 Vali Loss: 0.1814133 Test Loss: 0.1128205
EarlyStopping counter: 3 out of 3
Early stopping
>>>>>>>testing : ETTh1__720_NLinear_ETTh1_ftS_sl336_ll48_pl720_dm512_nh8_el2_dl1_df2048_fc1_ebtimeF_dtTrue_Exp_0<<<<<<<<<<<<<<<<<<<<<<<<<<<<<<<<<
test 2161
mse:0.10835930705070496, mae:0.2628510296344757
