Args in experiment:
Namespace(ver='D', is_training=1, model_id='ETTh1_336_720', model='NLinear', data='ETTh1', root_path='/nas/datahub/ETT/', data_path='ETTh1.csv', features='M', target='OT', freq='h', checkpoints='./checkpoints/', seq_len=336, label_len=48, pred_len=720, individual=False, embed_type=0, enc_in=7, dec_in=7, c_out=7, d_model=512, n_heads=8, e_layers=2, d_layers=1, d_ff=2048, moving_avg=25, factor=1, distil=True, dropout=0.05, embed='timeF', activation='gelu', output_attention=False, do_predict=False, num_workers=10, itr=1, train_epochs=10, batch_size=32, patience=3, learning_rate=0.005, des='Exp', loss='mse', lradj='type1', use_amp=False, use_gpu=True, gpu=0, use_multi_gpu=False, devices='0,1,2,3', test_flop=False)
Use GPU: cuda:0
>>>>>>>start training : ETTh1_336_720_NLinear_ETTh1_ftM_sl336_ll48_pl720_dm512_nh8_el2_dl1_df2048_fc1_ebtimeF_dtTrue_Exp_0>>>>>>>>>>>>>>>>>>>>>>>>>>
train 7585
val 2161
test 2161
	iters: 100, epoch: 1 | loss: 0.5980056
	speed: 0.0202s/iter; left time: 45.8855s
	iters: 200, epoch: 1 | loss: 0.6306778
	speed: 0.0067s/iter; left time: 14.4634s
Epoch: 1 cost time: 2.955841064453125
Epoch: 1, Steps: 237 | Train Loss: 0.6179219 Vali Loss: 1.5606717 Test Loss: 0.5008979
Validation loss decreased (inf --> 1.560672).  Saving model ...
Updating learning rate to 0.005
	iters: 100, epoch: 2 | loss: 0.6355399
	speed: 0.0395s/iter; left time: 80.3347s
	iters: 200, epoch: 2 | loss: 0.6144198
	speed: 0.0049s/iter; left time: 9.4332s
Epoch: 2 cost time: 2.030061960220337
Epoch: 2, Steps: 237 | Train Loss: 0.5853490 Vali Loss: 1.5294807 Test Loss: 0.5371059
Validation loss decreased (1.560672 --> 1.529481).  Saving model ...
Updating learning rate to 0.0025
	iters: 100, epoch: 3 | loss: 0.5677825
	speed: 0.0405s/iter; left time: 72.6891s
	iters: 200, epoch: 3 | loss: 0.4541933
	speed: 0.0060s/iter; left time: 10.1061s
Epoch: 3 cost time: 2.2247166633605957
Epoch: 3, Steps: 237 | Train Loss: 0.5449574 Vali Loss: 1.5273161 Test Loss: 0.6537890
Validation loss decreased (1.529481 --> 1.527316).  Saving model ...
Updating learning rate to 0.00125
	iters: 100, epoch: 4 | loss: 0.5059022
	speed: 0.0386s/iter; left time: 60.2851s
	iters: 200, epoch: 4 | loss: 0.4920925
	speed: 0.0051s/iter; left time: 7.4501s
Epoch: 4 cost time: 1.975053310394287
Epoch: 4, Steps: 237 | Train Loss: 0.5148958 Vali Loss: 1.6552492 Test Loss: 0.5724328
EarlyStopping counter: 1 out of 3
Updating learning rate to 0.000625
	iters: 100, epoch: 5 | loss: 0.5205033
	speed: 0.0387s/iter; left time: 51.2370s
	iters: 200, epoch: 5 | loss: 0.4686793
	speed: 0.0055s/iter; left time: 6.7732s
Epoch: 5 cost time: 2.1329684257507324
Epoch: 5, Steps: 237 | Train Loss: 0.4910235 Vali Loss: 1.5839684 Test Loss: 0.5828190
EarlyStopping counter: 2 out of 3
Updating learning rate to 0.0003125
	iters: 100, epoch: 6 | loss: 0.5568094
	speed: 0.0405s/iter; left time: 43.9457s
	iters: 200, epoch: 6 | loss: 0.4753998
	speed: 0.0058s/iter; left time: 5.6905s
Epoch: 6 cost time: 2.1992413997650146
Epoch: 6, Steps: 237 | Train Loss: 0.4739600 Vali Loss: 1.5565225 Test Loss: 0.6080697
EarlyStopping counter: 3 out of 3
Early stopping
>>>>>>>testing : ETTh1_336_720_NLinear_ETTh1_ftM_sl336_ll48_pl720_dm512_nh8_el2_dl1_df2048_fc1_ebtimeF_dtTrue_Exp_0<<<<<<<<<<<<<<<<<<<<<<<<<<<<<<<<<
test 2161
mse:0.6537891626358032, mae:0.5573915839195251
