Args in experiment:
Namespace(ver='TWM', is_training=1, model_id='mirae_Linear', model='NLinear', data='mirae', root_path='./data/ETT/', data_path='ETTh1.csv', features='M', target='OT', freq='h', checkpoints='./checkpoints/', seq_len=72, label_len=48, pred_len=12, individual=False, embed_type=0, enc_in=7, dec_in=7, c_out=7, d_model=512, n_heads=8, e_layers=2, d_layers=1, d_ff=2048, moving_avg=25, factor=1, distil=True, dropout=0.05, embed='timeF', activation='gelu', output_attention=False, do_predict=False, num_workers=10, itr=1, train_epochs=20, batch_size=32, patience=3, learning_rate=0.005, des='Exp', loss='mse', lradj='type1', use_amp=False, use_gpu=True, gpu=0, use_multi_gpu=False, devices='0,1,2,3', test_flop=False)
Use GPU: cuda:0
>>>>>>>start training : mirae_Linear_NLinear_mirae_ftM_sl72_ll48_pl12_dm512_nh8_el2_dl1_df2048_fc1_ebtimeF_dtTrue_Exp_0>>>>>>>>>>>>>>>>>>>>>>>>>>
train 4552
val 975
test 976
	iters: 100, epoch: 1 | loss: 0.0181924
	speed: 0.0292s/iter; left time: 79.9360s
Epoch: 1 cost time: 3.2361419200897217
Epoch: 1, Steps: 142 | Train Loss: 0.0184464 Vali Loss: 0.0031517 Test Loss: 0.0030512
Validation loss decreased (inf --> 0.003152).  Saving model ...
Updating learning rate to 0.005
	iters: 100, epoch: 2 | loss: 0.0075679
	speed: 0.0408s/iter; left time: 105.9371s
Epoch: 2 cost time: 1.9157297611236572
Epoch: 2, Steps: 142 | Train Loss: 0.0073434 Vali Loss: 0.0024781 Test Loss: 0.0022768
Validation loss decreased (0.003152 --> 0.002478).  Saving model ...
Updating learning rate to 0.0025
	iters: 100, epoch: 3 | loss: 0.0055600
	speed: 0.0362s/iter; left time: 88.9247s
Epoch: 3 cost time: 1.6412341594696045
Epoch: 3, Steps: 142 | Train Loss: 0.0056700 Vali Loss: 0.0018757 Test Loss: 0.0016355
Validation loss decreased (0.002478 --> 0.001876).  Saving model ...
Updating learning rate to 0.00125
	iters: 100, epoch: 4 | loss: 0.0055418
	speed: 0.0360s/iter; left time: 83.2634s
Epoch: 4 cost time: 1.5754175186157227
Epoch: 4, Steps: 142 | Train Loss: 0.0050184 Vali Loss: 0.0017595 Test Loss: 0.0017577
Validation loss decreased (0.001876 --> 0.001760).  Saving model ...
Updating learning rate to 0.000625
	iters: 100, epoch: 5 | loss: 0.0044976
	speed: 0.0352s/iter; left time: 76.4799s
Epoch: 5 cost time: 1.7070012092590332
Epoch: 5, Steps: 142 | Train Loss: 0.0047117 Vali Loss: 0.0016061 Test Loss: 0.0015129
Validation loss decreased (0.001760 --> 0.001606).  Saving model ...
Updating learning rate to 0.0003125
	iters: 100, epoch: 6 | loss: 0.0041792
	speed: 0.0391s/iter; left time: 79.3228s
Epoch: 6 cost time: 1.814284086227417
Epoch: 6, Steps: 142 | Train Loss: 0.0044760 Vali Loss: 0.0015771 Test Loss: 0.0014513
Validation loss decreased (0.001606 --> 0.001577).  Saving model ...
Updating learning rate to 0.00015625
	iters: 100, epoch: 7 | loss: 0.0060169
	speed: 0.0401s/iter; left time: 75.7603s
Epoch: 7 cost time: 1.8784818649291992
Epoch: 7, Steps: 142 | Train Loss: 0.0043766 Vali Loss: 0.0016341 Test Loss: 0.0014458
EarlyStopping counter: 1 out of 3
Updating learning rate to 7.8125e-05
	iters: 100, epoch: 8 | loss: 0.0048405
	speed: 0.0414s/iter; left time: 72.2615s
Epoch: 8 cost time: 1.9095458984375
Epoch: 8, Steps: 142 | Train Loss: 0.0043358 Vali Loss: 0.0015597 Test Loss: 0.0014184
Validation loss decreased (0.001577 --> 0.001560).  Saving model ...
Updating learning rate to 3.90625e-05
	iters: 100, epoch: 9 | loss: 0.0069403
	speed: 0.0420s/iter; left time: 67.3628s
Epoch: 9 cost time: 1.9124276638031006
Epoch: 9, Steps: 142 | Train Loss: 0.0042651 Vali Loss: 0.0015599 Test Loss: 0.0014146
EarlyStopping counter: 1 out of 3
Updating learning rate to 1.953125e-05
	iters: 100, epoch: 10 | loss: 0.0057429
	speed: 0.0415s/iter; left time: 60.7211s
Epoch: 10 cost time: 1.810776948928833
Epoch: 10, Steps: 142 | Train Loss: 0.0042864 Vali Loss: 0.0015400 Test Loss: 0.0014108
Validation loss decreased (0.001560 --> 0.001540).  Saving model ...
Updating learning rate to 9.765625e-06
	iters: 100, epoch: 11 | loss: 0.0054588
	speed: 0.0393s/iter; left time: 51.9177s
Epoch: 11 cost time: 1.988513708114624
Epoch: 11, Steps: 142 | Train Loss: 0.0042621 Vali Loss: 0.0015578 Test Loss: 0.0014099
EarlyStopping counter: 1 out of 3
Updating learning rate to 4.8828125e-06
	iters: 100, epoch: 12 | loss: 0.0034829
	speed: 0.0386s/iter; left time: 45.5512s
Epoch: 12 cost time: 1.903505563735962
Epoch: 12, Steps: 142 | Train Loss: 0.0042731 Vali Loss: 0.0015510 Test Loss: 0.0014089
EarlyStopping counter: 2 out of 3
Updating learning rate to 2.44140625e-06
	iters: 100, epoch: 13 | loss: 0.0022828
	speed: 0.0379s/iter; left time: 39.3163s
Epoch: 13 cost time: 1.73518705368042
Epoch: 13, Steps: 142 | Train Loss: 0.0042687 Vali Loss: 0.0015658 Test Loss: 0.0014088
EarlyStopping counter: 3 out of 3
Early stopping
>>>>>>>testing : mirae_Linear_NLinear_mirae_ftM_sl72_ll48_pl12_dm512_nh8_el2_dl1_df2048_fc1_ebtimeF_dtTrue_Exp_0<<<<<<<<<<<<<<<<<<<<<<<<<<<<<<<<<
test 976
mse:0.001410813769325614, mae:0.0267897080630064
