Args in experiment:
Namespace(ver='TPE', is_training=1, model_id='ETTh1_336_192', model='NLinear', data='ETTh1', root_path='/nas/datahub/ETT/', data_path='ETTh1.csv', features='M', target='OT', freq='h', checkpoints='./checkpoints/', seq_len=336, label_len=48, pred_len=192, individual=False, embed_type=0, enc_in=7, dec_in=7, c_out=7, d_model=512, n_heads=8, e_layers=2, d_layers=1, d_ff=2048, moving_avg=25, factor=1, distil=True, dropout=0.05, embed='timeF', activation='gelu', output_attention=False, do_predict=False, num_workers=10, itr=1, train_epochs=10, batch_size=32, patience=3, learning_rate=0.005, des='Exp', loss='mse', lradj='type1', use_amp=False, use_gpu=True, gpu=0, use_multi_gpu=False, devices='0,1,2,3', test_flop=False)
Use GPU: cuda:0
>>>>>>>start training : ETTh1_336_192_NLinear_ETTh1_ftM_sl336_ll48_pl192_dm512_nh8_el2_dl1_df2048_fc1_ebtimeF_dtTrue_Exp_0>>>>>>>>>>>>>>>>>>>>>>>>>>
train 8113
val 2689
test 2689
	iters: 100, epoch: 1 | loss: 0.6507913
	speed: 0.0311s/iter; left time: 75.5672s
	iters: 200, epoch: 1 | loss: 0.4772344
	speed: 0.0061s/iter; left time: 14.2262s
Epoch: 1 cost time: 4.086726665496826
Epoch: 1, Steps: 253 | Train Loss: 0.9361938 Vali Loss: 1.1504412 Test Loss: 0.5942306
Validation loss decreased (inf --> 1.150441).  Saving model ...
Updating learning rate to 0.005
	iters: 100, epoch: 2 | loss: 0.4704107
	speed: 0.0512s/iter; left time: 111.4506s
	iters: 200, epoch: 2 | loss: 0.4112526
	speed: 0.0058s/iter; left time: 11.9654s
Epoch: 2 cost time: 2.4535608291625977
Epoch: 2, Steps: 253 | Train Loss: 0.4477480 Vali Loss: 1.0538951 Test Loss: 0.4872252
Validation loss decreased (1.150441 --> 1.053895).  Saving model ...
Updating learning rate to 0.0025
	iters: 100, epoch: 3 | loss: 0.3837178
	speed: 0.0479s/iter; left time: 92.1420s
	iters: 200, epoch: 3 | loss: 0.3702271
	speed: 0.0060s/iter; left time: 10.8951s
Epoch: 3 cost time: 2.8834962844848633
Epoch: 3, Steps: 253 | Train Loss: 0.4109751 Vali Loss: 0.9824495 Test Loss: 0.4769308
Validation loss decreased (1.053895 --> 0.982449).  Saving model ...
Updating learning rate to 0.00125
	iters: 100, epoch: 4 | loss: 0.4159068
	speed: 0.0430s/iter; left time: 71.9139s
	iters: 200, epoch: 4 | loss: 0.3742508
	speed: 0.0060s/iter; left time: 9.4417s
Epoch: 4 cost time: 2.4004640579223633
Epoch: 4, Steps: 253 | Train Loss: 0.4001600 Vali Loss: 0.9976531 Test Loss: 0.4709576
EarlyStopping counter: 1 out of 3
Updating learning rate to 0.000625
	iters: 100, epoch: 5 | loss: 0.4414310
	speed: 0.0428s/iter; left time: 60.7097s
	iters: 200, epoch: 5 | loss: 0.4278703
	speed: 0.0053s/iter; left time: 7.0549s
Epoch: 5 cost time: 2.2281394004821777
Epoch: 5, Steps: 253 | Train Loss: 0.3911466 Vali Loss: 0.9873567 Test Loss: 0.4589480
EarlyStopping counter: 2 out of 3
Updating learning rate to 0.0003125
	iters: 100, epoch: 6 | loss: 0.3680167
	speed: 0.0445s/iter; left time: 51.8916s
	iters: 200, epoch: 6 | loss: 0.3651282
	speed: 0.0051s/iter; left time: 5.4066s
Epoch: 6 cost time: 2.2028024196624756
Epoch: 6, Steps: 253 | Train Loss: 0.3865899 Vali Loss: 0.9612939 Test Loss: 0.4627745
Validation loss decreased (0.982449 --> 0.961294).  Saving model ...
Updating learning rate to 0.00015625
	iters: 100, epoch: 7 | loss: 0.3878844
	speed: 0.0466s/iter; left time: 42.5883s
	iters: 200, epoch: 7 | loss: 0.3790250
	speed: 0.0051s/iter; left time: 4.1761s
Epoch: 7 cost time: 2.782994031906128
Epoch: 7, Steps: 253 | Train Loss: 0.3837090 Vali Loss: 0.9725158 Test Loss: 0.4592901
EarlyStopping counter: 1 out of 3
Updating learning rate to 7.8125e-05
	iters: 100, epoch: 8 | loss: 0.4048687
	speed: 0.0442s/iter; left time: 29.1694s
	iters: 200, epoch: 8 | loss: 0.4101892
	speed: 0.0053s/iter; left time: 2.9814s
Epoch: 8 cost time: 2.303144931793213
Epoch: 8, Steps: 253 | Train Loss: 0.3819939 Vali Loss: 0.9834647 Test Loss: 0.4550432
EarlyStopping counter: 2 out of 3
Updating learning rate to 3.90625e-05
	iters: 100, epoch: 9 | loss: 0.4285007
	speed: 0.0455s/iter; left time: 18.5326s
	iters: 200, epoch: 9 | loss: 0.3840939
	speed: 0.0056s/iter; left time: 1.7111s
Epoch: 9 cost time: 2.5114645957946777
Epoch: 9, Steps: 253 | Train Loss: 0.3810054 Vali Loss: 0.9810311 Test Loss: 0.4569163
EarlyStopping counter: 3 out of 3
Early stopping
>>>>>>>testing : ETTh1_336_192_NLinear_ETTh1_ftM_sl336_ll48_pl192_dm512_nh8_el2_dl1_df2048_fc1_ebtimeF_dtTrue_Exp_0<<<<<<<<<<<<<<<<<<<<<<<<<<<<<<<<<
test 2689
mse:0.46277448534965515, mae:0.4440973103046417
