Args in experiment:
Namespace(ver='TPS', is_training=1, model_id='mirae_Linear', model='NLinear', data='mirae', root_path='./data/ETT/', data_path='ETTh1.csv', features='M', target='OT', freq='h', checkpoints='./checkpoints/', seq_len=72, label_len=48, pred_len=12, individual=False, embed_type=0, enc_in=7, dec_in=7, c_out=7, d_model=512, n_heads=8, e_layers=2, d_layers=1, d_ff=2048, moving_avg=25, factor=1, distil=True, dropout=0.05, embed='timeF', activation='gelu', output_attention=False, do_predict=False, num_workers=10, itr=1, train_epochs=20, batch_size=32, patience=3, learning_rate=0.005, des='Exp', loss='mse', lradj='type1', use_amp=False, use_gpu=True, gpu=0, use_multi_gpu=False, devices='0,1,2,3', test_flop=False)
Use GPU: cuda:0
>>>>>>>start training : mirae_Linear_NLinear_mirae_ftM_sl72_ll48_pl12_dm512_nh8_el2_dl1_df2048_fc1_ebtimeF_dtTrue_Exp_0>>>>>>>>>>>>>>>>>>>>>>>>>>
train 4552
val 975
test 976
	iters: 100, epoch: 1 | loss: 0.0870911
	speed: 0.0318s/iter; left time: 87.2346s
Epoch: 1 cost time: 3.4906165599823
Epoch: 1, Steps: 142 | Train Loss: 0.3778404 Vali Loss: 0.0340654 Test Loss: 0.0337888
Validation loss decreased (inf --> 0.034065).  Saving model ...
Updating learning rate to 0.005
	iters: 100, epoch: 2 | loss: 0.0286476
	speed: 0.0381s/iter; left time: 99.0846s
Epoch: 2 cost time: 1.7201282978057861
Epoch: 2, Steps: 142 | Train Loss: 0.0299997 Vali Loss: 0.0152696 Test Loss: 0.0154853
Validation loss decreased (0.034065 --> 0.015270).  Saving model ...
Updating learning rate to 0.0025
	iters: 100, epoch: 3 | loss: 0.0244860
	speed: 0.0387s/iter; left time: 95.0794s
Epoch: 3 cost time: 1.7816522121429443
Epoch: 3, Steps: 142 | Train Loss: 0.0182202 Vali Loss: 0.0099851 Test Loss: 0.0096938
Validation loss decreased (0.015270 --> 0.009985).  Saving model ...
Updating learning rate to 0.00125
	iters: 100, epoch: 4 | loss: 0.0168663
	speed: 0.0392s/iter; left time: 90.8195s
Epoch: 4 cost time: 1.7530231475830078
Epoch: 4, Steps: 142 | Train Loss: 0.0150847 Vali Loss: 0.0086797 Test Loss: 0.0088945
Validation loss decreased (0.009985 --> 0.008680).  Saving model ...
Updating learning rate to 0.000625
	iters: 100, epoch: 5 | loss: 0.0160918
	speed: 0.0395s/iter; left time: 85.7481s
Epoch: 5 cost time: 1.850933313369751
Epoch: 5, Steps: 142 | Train Loss: 0.0139078 Vali Loss: 0.0078085 Test Loss: 0.0076563
Validation loss decreased (0.008680 --> 0.007808).  Saving model ...
Updating learning rate to 0.0003125
	iters: 100, epoch: 6 | loss: 0.0231583
	speed: 0.0404s/iter; left time: 82.0866s
Epoch: 6 cost time: 1.801098108291626
Epoch: 6, Steps: 142 | Train Loss: 0.0132559 Vali Loss: 0.0073679 Test Loss: 0.0073399
Validation loss decreased (0.007808 --> 0.007368).  Saving model ...
Updating learning rate to 0.00015625
	iters: 100, epoch: 7 | loss: 0.0143775
	speed: 0.0380s/iter; left time: 71.8274s
Epoch: 7 cost time: 1.7545597553253174
Epoch: 7, Steps: 142 | Train Loss: 0.0130132 Vali Loss: 0.0072642 Test Loss: 0.0072495
Validation loss decreased (0.007368 --> 0.007264).  Saving model ...
Updating learning rate to 7.8125e-05
	iters: 100, epoch: 8 | loss: 0.0145473
	speed: 0.0398s/iter; left time: 69.5348s
Epoch: 8 cost time: 1.8237378597259521
Epoch: 8, Steps: 142 | Train Loss: 0.0128550 Vali Loss: 0.0071466 Test Loss: 0.0071656
Validation loss decreased (0.007264 --> 0.007147).  Saving model ...
Updating learning rate to 3.90625e-05
	iters: 100, epoch: 9 | loss: 0.0142167
	speed: 0.0361s/iter; left time: 57.8925s
Epoch: 9 cost time: 1.7074546813964844
Epoch: 9, Steps: 142 | Train Loss: 0.0127367 Vali Loss: 0.0070551 Test Loss: 0.0071166
Validation loss decreased (0.007147 --> 0.007055).  Saving model ...
Updating learning rate to 1.953125e-05
	iters: 100, epoch: 10 | loss: 0.0153136
	speed: 0.0399s/iter; left time: 58.4388s
Epoch: 10 cost time: 1.796994924545288
Epoch: 10, Steps: 142 | Train Loss: 0.0126955 Vali Loss: 0.0071008 Test Loss: 0.0071081
EarlyStopping counter: 1 out of 3
Updating learning rate to 9.765625e-06
	iters: 100, epoch: 11 | loss: 0.0130807
	speed: 0.0390s/iter; left time: 51.5502s
Epoch: 11 cost time: 1.8140971660614014
Epoch: 11, Steps: 142 | Train Loss: 0.0126849 Vali Loss: 0.0069116 Test Loss: 0.0070592
Validation loss decreased (0.007055 --> 0.006912).  Saving model ...
Updating learning rate to 4.8828125e-06
	iters: 100, epoch: 12 | loss: 0.0165585
	speed: 0.0373s/iter; left time: 43.9567s
Epoch: 12 cost time: 1.6609933376312256
Epoch: 12, Steps: 142 | Train Loss: 0.0126608 Vali Loss: 0.0070480 Test Loss: 0.0070531
EarlyStopping counter: 1 out of 3
Updating learning rate to 2.44140625e-06
	iters: 100, epoch: 13 | loss: 0.0143872
	speed: 0.0376s/iter; left time: 38.9518s
Epoch: 13 cost time: 1.6461431980133057
Epoch: 13, Steps: 142 | Train Loss: 0.0126627 Vali Loss: 0.0071033 Test Loss: 0.0070490
EarlyStopping counter: 2 out of 3
Updating learning rate to 1.220703125e-06
	iters: 100, epoch: 14 | loss: 0.0125109
	speed: 0.0414s/iter; left time: 37.0239s
Epoch: 14 cost time: 1.6826844215393066
Epoch: 14, Steps: 142 | Train Loss: 0.0126546 Vali Loss: 0.0071092 Test Loss: 0.0070463
EarlyStopping counter: 3 out of 3
Early stopping
>>>>>>>testing : mirae_Linear_NLinear_mirae_ftM_sl72_ll48_pl12_dm512_nh8_el2_dl1_df2048_fc1_ebtimeF_dtTrue_Exp_0<<<<<<<<<<<<<<<<<<<<<<<<<<<<<<<<<
test 976
mse:0.0070592318661510944, mae:0.05326244607567787
