Args in experiment:
Namespace(ver='D', is_training=1, model_id='ETTh1_336_192', model='NLinear', data='ETTh1', root_path='/nas/datahub/ETT/', data_path='ETTh1.csv', features='M', target='OT', freq='h', checkpoints='./checkpoints/', seq_len=336, label_len=48, pred_len=192, individual=False, embed_type=0, enc_in=7, dec_in=7, c_out=7, d_model=512, n_heads=8, e_layers=2, d_layers=1, d_ff=2048, moving_avg=25, factor=1, distil=True, dropout=0.05, embed='timeF', activation='gelu', output_attention=False, do_predict=False, num_workers=10, itr=1, train_epochs=10, batch_size=32, patience=3, learning_rate=0.005, des='Exp', loss='mse', lradj='type1', use_amp=False, use_gpu=True, gpu=0, use_multi_gpu=False, devices='0,1,2,3', test_flop=False)
Use GPU: cuda:0
>>>>>>>start training : ETTh1_336_192_NLinear_ETTh1_ftM_sl336_ll48_pl192_dm512_nh8_el2_dl1_df2048_fc1_ebtimeF_dtTrue_Exp_0>>>>>>>>>>>>>>>>>>>>>>>>>>
train 8113
val 2689
test 2689
	iters: 100, epoch: 1 | loss: 0.3550387
	speed: 0.0197s/iter; left time: 47.8941s
	iters: 200, epoch: 1 | loss: 0.4258406
	speed: 0.0062s/iter; left time: 14.4371s
Epoch: 1 cost time: 2.947495698928833
Epoch: 1, Steps: 253 | Train Loss: 0.4475936 Vali Loss: 0.9905533 Test Loss: 0.4380648
Validation loss decreased (inf --> 0.990553).  Saving model ...
Updating learning rate to 0.005
	iters: 100, epoch: 2 | loss: 0.3874753
	speed: 0.0420s/iter; left time: 91.4617s
	iters: 200, epoch: 2 | loss: 0.4243675
	speed: 0.0048s/iter; left time: 9.9689s
Epoch: 2 cost time: 2.3193514347076416
Epoch: 2, Steps: 253 | Train Loss: 0.4209707 Vali Loss: 0.9758672 Test Loss: 0.4662062
Validation loss decreased (0.990553 --> 0.975867).  Saving model ...
Updating learning rate to 0.0025
	iters: 100, epoch: 3 | loss: 0.4089604
	speed: 0.0383s/iter; left time: 73.8078s
	iters: 200, epoch: 3 | loss: 0.4067863
	speed: 0.0049s/iter; left time: 8.8838s
Epoch: 3 cost time: 2.0147464275360107
Epoch: 3, Steps: 253 | Train Loss: 0.3934970 Vali Loss: 1.0012540 Test Loss: 0.4416648
EarlyStopping counter: 1 out of 3
Updating learning rate to 0.00125
	iters: 100, epoch: 4 | loss: 0.3550286
	speed: 0.0344s/iter; left time: 57.4916s
	iters: 200, epoch: 4 | loss: 0.3356900
	speed: 0.0053s/iter; left time: 8.2978s
Epoch: 4 cost time: 2.009795665740967
Epoch: 4, Steps: 253 | Train Loss: 0.3736932 Vali Loss: 0.9743049 Test Loss: 0.4414767
Validation loss decreased (0.975867 --> 0.974305).  Saving model ...
Updating learning rate to 0.000625
	iters: 100, epoch: 5 | loss: 0.3394033
	speed: 0.0354s/iter; left time: 50.2655s
	iters: 200, epoch: 5 | loss: 0.4373701
	speed: 0.0052s/iter; left time: 6.9144s
Epoch: 5 cost time: 2.0016560554504395
Epoch: 5, Steps: 253 | Train Loss: 0.3587354 Vali Loss: 0.9576603 Test Loss: 0.4304751
Validation loss decreased (0.974305 --> 0.957660).  Saving model ...
Updating learning rate to 0.0003125
	iters: 100, epoch: 6 | loss: 0.2968020
	speed: 0.0407s/iter; left time: 47.5092s
	iters: 200, epoch: 6 | loss: 0.3429323
	speed: 0.0044s/iter; left time: 4.6983s
Epoch: 6 cost time: 2.1715097427368164
Epoch: 6, Steps: 253 | Train Loss: 0.3477097 Vali Loss: 0.9766597 Test Loss: 0.4398286
EarlyStopping counter: 1 out of 3
Updating learning rate to 0.00015625
	iters: 100, epoch: 7 | loss: 0.3184085
	speed: 0.0363s/iter; left time: 33.1034s
	iters: 200, epoch: 7 | loss: 0.2875959
	speed: 0.0049s/iter; left time: 3.9541s
Epoch: 7 cost time: 1.9928104877471924
Epoch: 7, Steps: 253 | Train Loss: 0.3413809 Vali Loss: 0.9717032 Test Loss: 0.4416261
EarlyStopping counter: 2 out of 3
Updating learning rate to 7.8125e-05
	iters: 100, epoch: 8 | loss: 0.3917304
	speed: 0.0374s/iter; left time: 24.6932s
	iters: 200, epoch: 8 | loss: 0.3896872
	speed: 0.0047s/iter; left time: 2.6074s
Epoch: 8 cost time: 1.9512395858764648
Epoch: 8, Steps: 253 | Train Loss: 0.3373572 Vali Loss: 0.9665234 Test Loss: 0.4445338
EarlyStopping counter: 3 out of 3
Early stopping
>>>>>>>testing : ETTh1_336_192_NLinear_ETTh1_ftM_sl336_ll48_pl192_dm512_nh8_el2_dl1_df2048_fc1_ebtimeF_dtTrue_Exp_0<<<<<<<<<<<<<<<<<<<<<<<<<<<<<<<<<
test 2689
mse:0.43047529458999634, mae:0.4339694082736969
