Args in experiment:
Namespace(ver='D', is_training=1, model_id='ETTh1_336_96', model='NLinear', data='ETTh1', root_path='/nas/datahub/ETT/', data_path='ETTh1.csv', features='M', target='OT', freq='h', checkpoints='./checkpoints/', seq_len=336, label_len=48, pred_len=96, individual=False, embed_type=0, enc_in=7, dec_in=7, c_out=7, d_model=512, n_heads=8, e_layers=2, d_layers=1, d_ff=2048, moving_avg=25, factor=1, distil=True, dropout=0.05, embed='timeF', activation='gelu', output_attention=False, do_predict=False, num_workers=10, itr=1, train_epochs=10, batch_size=32, patience=3, learning_rate=0.005, des='Exp', loss='mse', lradj='type1', use_amp=False, use_gpu=True, gpu=0, use_multi_gpu=False, devices='0,1,2,3', test_flop=False)
Use GPU: cuda:0
>>>>>>>start training : ETTh1_336_96_NLinear_ETTh1_ftM_sl336_ll48_pl96_dm512_nh8_el2_dl1_df2048_fc1_ebtimeF_dtTrue_Exp_0>>>>>>>>>>>>>>>>>>>>>>>>>>
train 8209
val 2785
test 2785
	iters: 100, epoch: 1 | loss: 0.3196578
	speed: 0.0175s/iter; left time: 42.9611s
	iters: 200, epoch: 1 | loss: 0.4101708
	speed: 0.0045s/iter; left time: 10.6867s
Epoch: 1 cost time: 2.579141139984131
Epoch: 1, Steps: 256 | Train Loss: 0.3913998 Vali Loss: 0.7377982 Test Loss: 0.4376467
Validation loss decreased (inf --> 0.737798).  Saving model ...
Updating learning rate to 0.005
	iters: 100, epoch: 2 | loss: 0.3352208
	speed: 0.0390s/iter; left time: 85.9183s
	iters: 200, epoch: 2 | loss: 0.3337209
	speed: 0.0050s/iter; left time: 10.5307s
Epoch: 2 cost time: 2.1374099254608154
Epoch: 2, Steps: 256 | Train Loss: 0.3633275 Vali Loss: 0.7425659 Test Loss: 0.4141620
EarlyStopping counter: 1 out of 3
Updating learning rate to 0.0025
	iters: 100, epoch: 3 | loss: 0.3521305
	speed: 0.0368s/iter; left time: 71.8206s
	iters: 200, epoch: 3 | loss: 0.3279593
	speed: 0.0044s/iter; left time: 8.1937s
Epoch: 3 cost time: 2.009805679321289
Epoch: 3, Steps: 256 | Train Loss: 0.3385424 Vali Loss: 0.7056086 Test Loss: 0.3869377
Validation loss decreased (0.737798 --> 0.705609).  Saving model ...
Updating learning rate to 0.00125
	iters: 100, epoch: 4 | loss: 0.3104956
	speed: 0.0381s/iter; left time: 64.5482s
	iters: 200, epoch: 4 | loss: 0.3514432
	speed: 0.0065s/iter; left time: 10.3665s
Epoch: 4 cost time: 2.180497646331787
Epoch: 4, Steps: 256 | Train Loss: 0.3227593 Vali Loss: 0.7011345 Test Loss: 0.4032561
Validation loss decreased (0.705609 --> 0.701135).  Saving model ...
Updating learning rate to 0.000625
	iters: 100, epoch: 5 | loss: 0.3183191
	speed: 0.0398s/iter; left time: 57.1562s
	iters: 200, epoch: 5 | loss: 0.2846546
	speed: 0.0047s/iter; left time: 6.3438s
Epoch: 5 cost time: 2.1351318359375
Epoch: 5, Steps: 256 | Train Loss: 0.3103662 Vali Loss: 0.7021095 Test Loss: 0.3841578
EarlyStopping counter: 1 out of 3
Updating learning rate to 0.0003125
	iters: 100, epoch: 6 | loss: 0.2842877
	speed: 0.0375s/iter; left time: 44.3410s
	iters: 200, epoch: 6 | loss: 0.2645124
	speed: 0.0050s/iter; left time: 5.4132s
Epoch: 6 cost time: 2.025192975997925
Epoch: 6, Steps: 256 | Train Loss: 0.3009813 Vali Loss: 0.6902145 Test Loss: 0.3860428
Validation loss decreased (0.701135 --> 0.690215).  Saving model ...
Updating learning rate to 0.00015625
	iters: 100, epoch: 7 | loss: 0.3402504
	speed: 0.0373s/iter; left time: 34.5235s
	iters: 200, epoch: 7 | loss: 0.2922597
	speed: 0.0054s/iter; left time: 4.4551s
Epoch: 7 cost time: 2.1689374446868896
Epoch: 7, Steps: 256 | Train Loss: 0.2944461 Vali Loss: 0.7001306 Test Loss: 0.3879915
EarlyStopping counter: 1 out of 3
Updating learning rate to 7.8125e-05
	iters: 100, epoch: 8 | loss: 0.3203484
	speed: 0.0369s/iter; left time: 24.6957s
	iters: 200, epoch: 8 | loss: 0.3518547
	speed: 0.0048s/iter; left time: 2.7302s
Epoch: 8 cost time: 2.118018388748169
Epoch: 8, Steps: 256 | Train Loss: 0.2907490 Vali Loss: 0.6965504 Test Loss: 0.3852043
EarlyStopping counter: 2 out of 3
Updating learning rate to 3.90625e-05
	iters: 100, epoch: 9 | loss: 0.2894602
	speed: 0.0370s/iter; left time: 15.2713s
	iters: 200, epoch: 9 | loss: 0.3008635
	speed: 0.0049s/iter; left time: 1.5203s
Epoch: 9 cost time: 1.98284912109375
Epoch: 9, Steps: 256 | Train Loss: 0.2888477 Vali Loss: 0.7024598 Test Loss: 0.3862574
EarlyStopping counter: 3 out of 3
Early stopping
>>>>>>>testing : ETTh1_336_96_NLinear_ETTh1_ftM_sl336_ll48_pl96_dm512_nh8_el2_dl1_df2048_fc1_ebtimeF_dtTrue_Exp_0<<<<<<<<<<<<<<<<<<<<<<<<<<<<<<<<<
test 2785
mse:0.3860429525375366, mae:0.4069042503833771
