Args in experiment:
Namespace(ver='B', is_training=1, model_id='mirae_Linear', model='NLinear', data='mirae', root_path='./data/ETT/', data_path='ETTh1.csv', features='M', target='OT', freq='h', checkpoints='./checkpoints/', seq_len=72, label_len=48, pred_len=12, individual=False, embed_type=0, enc_in=7, dec_in=7, c_out=7, d_model=512, n_heads=8, e_layers=2, d_layers=1, d_ff=2048, moving_avg=25, factor=1, distil=True, dropout=0.05, embed='timeF', activation='gelu', output_attention=False, do_predict=False, num_workers=10, itr=1, train_epochs=20, batch_size=32, patience=3, learning_rate=0.005, des='Exp', loss='mse', lradj='type1', use_amp=False, use_gpu=True, gpu=0, use_multi_gpu=False, devices='0,1,2,3', test_flop=False)
Use GPU: cuda:0
>>>>>>>start training : mirae_Linear_NLinear_mirae_ftM_sl72_ll48_pl12_dm512_nh8_el2_dl1_df2048_fc1_ebtimeF_dtTrue_Exp_0>>>>>>>>>>>>>>>>>>>>>>>>>>
train 4552
val 975
test 976
	iters: 100, epoch: 1 | loss: 0.0050150
	speed: 0.0165s/iter; left time: 45.1663s
Epoch: 1 cost time: 1.8885250091552734
Epoch: 1, Steps: 142 | Train Loss: 0.0085463 Vali Loss: 0.0023407 Test Loss: 0.0024106
Validation loss decreased (inf --> 0.002341).  Saving model ...
Updating learning rate to 0.005
	iters: 100, epoch: 2 | loss: 0.0028773
	speed: 0.0251s/iter; left time: 65.1338s
Epoch: 2 cost time: 1.1866464614868164
Epoch: 2, Steps: 142 | Train Loss: 0.0069768 Vali Loss: 0.0023802 Test Loss: 0.0023356
EarlyStopping counter: 1 out of 3
Updating learning rate to 0.0025
	iters: 100, epoch: 3 | loss: 0.0030939
	speed: 0.0241s/iter; left time: 59.2589s
Epoch: 3 cost time: 1.1241881847381592
Epoch: 3, Steps: 142 | Train Loss: 0.0066937 Vali Loss: 0.0022909 Test Loss: 0.0022716
Validation loss decreased (0.002341 --> 0.002291).  Saving model ...
Updating learning rate to 0.00125
	iters: 100, epoch: 4 | loss: 0.0068278
	speed: 0.0259s/iter; left time: 59.8730s
Epoch: 4 cost time: 1.121591567993164
Epoch: 4, Steps: 142 | Train Loss: 0.0065594 Vali Loss: 0.0022537 Test Loss: 0.0022431
Validation loss decreased (0.002291 --> 0.002254).  Saving model ...
Updating learning rate to 0.000625
	iters: 100, epoch: 5 | loss: 0.0056426
	speed: 0.0234s/iter; left time: 50.8839s
Epoch: 5 cost time: 1.2010974884033203
Epoch: 5, Steps: 142 | Train Loss: 0.0064935 Vali Loss: 0.0022665 Test Loss: 0.0022137
EarlyStopping counter: 1 out of 3
Updating learning rate to 0.0003125
	iters: 100, epoch: 6 | loss: 0.0133665
	speed: 0.0253s/iter; left time: 51.2955s
Epoch: 6 cost time: 1.208972692489624
Epoch: 6, Steps: 142 | Train Loss: 0.0064508 Vali Loss: 0.0022762 Test Loss: 0.0022563
EarlyStopping counter: 2 out of 3
Updating learning rate to 0.00015625
	iters: 100, epoch: 7 | loss: 0.0105412
	speed: 0.0269s/iter; left time: 50.7877s
Epoch: 7 cost time: 1.1518967151641846
Epoch: 7, Steps: 142 | Train Loss: 0.0064464 Vali Loss: 0.0022555 Test Loss: 0.0022325
EarlyStopping counter: 3 out of 3
Early stopping
>>>>>>>testing : mirae_Linear_NLinear_mirae_ftM_sl72_ll48_pl12_dm512_nh8_el2_dl1_df2048_fc1_ebtimeF_dtTrue_Exp_0<<<<<<<<<<<<<<<<<<<<<<<<<<<<<<<<<
test 976
mse:0.002243106486275792, mae:0.03159279376268387
