Args in experiment:
Namespace(ver='D', is_training=1, model_id='mirae_Linear', model='NLinear', data='mirae', root_path='./data/ETT/', data_path='ETTh1.csv', features='M', target='OT', freq='h', checkpoints='./checkpoints/', seq_len=72, label_len=48, pred_len=12, individual=False, embed_type=0, enc_in=7, dec_in=7, c_out=7, d_model=512, n_heads=8, e_layers=2, d_layers=1, d_ff=2048, moving_avg=25, factor=1, distil=True, dropout=0.05, embed='timeF', activation='gelu', output_attention=False, do_predict=False, num_workers=10, itr=1, train_epochs=20, batch_size=32, patience=3, learning_rate=0.005, des='Exp', loss='mse', lradj='type1', use_amp=False, use_gpu=True, gpu=0, use_multi_gpu=False, devices='0,1,2,3', test_flop=False)
Use GPU: cuda:0
>>>>>>>start training : mirae_Linear_NLinear_mirae_ftM_sl72_ll48_pl12_dm512_nh8_el2_dl1_df2048_fc1_ebtimeF_dtTrue_Exp_0>>>>>>>>>>>>>>>>>>>>>>>>>>
train 4552
val 975
test 976
	iters: 100, epoch: 1 | loss: 0.0064442
	speed: 0.0157s/iter; left time: 43.1647s
Epoch: 1 cost time: 1.8484954833984375
Epoch: 1, Steps: 142 | Train Loss: 0.0073122 Vali Loss: 0.0021680 Test Loss: 0.0021705
Validation loss decreased (inf --> 0.002168).  Saving model ...
Updating learning rate to 0.005
	iters: 100, epoch: 2 | loss: 0.0028752
	speed: 0.0259s/iter; left time: 67.2788s
Epoch: 2 cost time: 1.331991195678711
Epoch: 2, Steps: 142 | Train Loss: 0.0050892 Vali Loss: 0.0016856 Test Loss: 0.0016502
Validation loss decreased (0.002168 --> 0.001686).  Saving model ...
Updating learning rate to 0.0025
	iters: 100, epoch: 3 | loss: 0.0036723
	speed: 0.0264s/iter; left time: 64.8788s
Epoch: 3 cost time: 1.2923259735107422
Epoch: 3, Steps: 142 | Train Loss: 0.0043546 Vali Loss: 0.0016506 Test Loss: 0.0015969
Validation loss decreased (0.001686 --> 0.001651).  Saving model ...
Updating learning rate to 0.00125
	iters: 100, epoch: 4 | loss: 0.0060235
	speed: 0.0288s/iter; left time: 66.6959s
Epoch: 4 cost time: 1.3153538703918457
Epoch: 4, Steps: 142 | Train Loss: 0.0040505 Vali Loss: 0.0015261 Test Loss: 0.0013994
Validation loss decreased (0.001651 --> 0.001526).  Saving model ...
Updating learning rate to 0.000625
	iters: 100, epoch: 5 | loss: 0.0037711
	speed: 0.0255s/iter; left time: 55.5082s
Epoch: 5 cost time: 1.2839136123657227
Epoch: 5, Steps: 142 | Train Loss: 0.0038653 Vali Loss: 0.0014695 Test Loss: 0.0014669
Validation loss decreased (0.001526 --> 0.001470).  Saving model ...
Updating learning rate to 0.0003125
	iters: 100, epoch: 6 | loss: 0.0021490
	speed: 0.0280s/iter; left time: 56.8776s
Epoch: 6 cost time: 1.3483753204345703
Epoch: 6, Steps: 142 | Train Loss: 0.0037963 Vali Loss: 0.0015593 Test Loss: 0.0014479
EarlyStopping counter: 1 out of 3
Updating learning rate to 0.00015625
	iters: 100, epoch: 7 | loss: 0.0035572
	speed: 0.0265s/iter; left time: 50.0024s
Epoch: 7 cost time: 1.249150276184082
Epoch: 7, Steps: 142 | Train Loss: 0.0037428 Vali Loss: 0.0014963 Test Loss: 0.0013974
EarlyStopping counter: 2 out of 3
Updating learning rate to 7.8125e-05
	iters: 100, epoch: 8 | loss: 0.0061261
	speed: 0.0261s/iter; left time: 45.6334s
Epoch: 8 cost time: 1.3294799327850342
Epoch: 8, Steps: 142 | Train Loss: 0.0037139 Vali Loss: 0.0014897 Test Loss: 0.0014084
EarlyStopping counter: 3 out of 3
Early stopping
>>>>>>>testing : mirae_Linear_NLinear_mirae_ftM_sl72_ll48_pl12_dm512_nh8_el2_dl1_df2048_fc1_ebtimeF_dtTrue_Exp_0<<<<<<<<<<<<<<<<<<<<<<<<<<<<<<<<<
test 976
mse:0.0014668961521238089, mae:0.02659647725522518
