Args in experiment:
Namespace(ver='TPE', is_training=1, model_id='ETTh1_336_336', model='NLinear', data='ETTh1', root_path='/nas/datahub/ETT/', data_path='ETTh1.csv', features='M', target='OT', freq='h', checkpoints='./checkpoints/', seq_len=336, label_len=48, pred_len=336, individual=False, embed_type=0, enc_in=7, dec_in=7, c_out=7, d_model=512, n_heads=8, e_layers=2, d_layers=1, d_ff=2048, moving_avg=25, factor=1, distil=True, dropout=0.05, embed='timeF', activation='gelu', output_attention=False, do_predict=False, num_workers=10, itr=1, train_epochs=10, batch_size=32, patience=3, learning_rate=0.005, des='Exp', loss='mse', lradj='type1', use_amp=False, use_gpu=True, gpu=0, use_multi_gpu=False, devices='0,1,2,3', test_flop=False)
Use GPU: cuda:0
>>>>>>>start training : ETTh1_336_336_NLinear_ETTh1_ftM_sl336_ll48_pl336_dm512_nh8_el2_dl1_df2048_fc1_ebtimeF_dtTrue_Exp_0>>>>>>>>>>>>>>>>>>>>>>>>>>
train 7969
val 2545
test 2545
	iters: 100, epoch: 1 | loss: 0.5733534
	speed: 0.0307s/iter; left time: 73.3540s
	iters: 200, epoch: 1 | loss: 0.5817378
	speed: 0.0060s/iter; left time: 13.8428s
Epoch: 1 cost time: 3.9766440391540527
Epoch: 1, Steps: 249 | Train Loss: 0.8431449 Vali Loss: 1.2230624 Test Loss: 0.5154154
Validation loss decreased (inf --> 1.223062).  Saving model ...
Updating learning rate to 0.005
	iters: 100, epoch: 2 | loss: 0.3279616
	speed: 0.0478s/iter; left time: 102.4938s
	iters: 200, epoch: 2 | loss: 0.4569284
	speed: 0.0053s/iter; left time: 10.7696s
Epoch: 2 cost time: 2.539011001586914
Epoch: 2, Steps: 249 | Train Loss: 0.4706675 Vali Loss: 1.1792036 Test Loss: 0.4460887
Validation loss decreased (1.223062 --> 1.179204).  Saving model ...
Updating learning rate to 0.0025
	iters: 100, epoch: 3 | loss: 0.4891205
	speed: 0.0462s/iter; left time: 87.3677s
	iters: 200, epoch: 3 | loss: 0.4394349
	speed: 0.0058s/iter; left time: 10.3950s
Epoch: 3 cost time: 2.4904561042785645
Epoch: 3, Steps: 249 | Train Loss: 0.4514383 Vali Loss: 1.1425616 Test Loss: 0.4318759
Validation loss decreased (1.179204 --> 1.142562).  Saving model ...
Updating learning rate to 0.00125
	iters: 100, epoch: 4 | loss: 0.4175718
	speed: 0.0461s/iter; left time: 75.8236s
	iters: 200, epoch: 4 | loss: 0.4433782
	speed: 0.0054s/iter; left time: 8.2636s
Epoch: 4 cost time: 2.401587963104248
Epoch: 4, Steps: 249 | Train Loss: 0.4446747 Vali Loss: 1.1482843 Test Loss: 0.4350176
EarlyStopping counter: 1 out of 3
Updating learning rate to 0.000625
	iters: 100, epoch: 5 | loss: 0.5304836
	speed: 0.0430s/iter; left time: 59.9692s
	iters: 200, epoch: 5 | loss: 0.4312407
	speed: 0.0057s/iter; left time: 7.4170s
Epoch: 5 cost time: 2.3016197681427
Epoch: 5, Steps: 249 | Train Loss: 0.4413604 Vali Loss: 1.1439523 Test Loss: 0.4334503
EarlyStopping counter: 2 out of 3
Updating learning rate to 0.0003125
	iters: 100, epoch: 6 | loss: 0.4184783
	speed: 0.0465s/iter; left time: 53.3154s
	iters: 200, epoch: 6 | loss: 0.4218751
	speed: 0.0060s/iter; left time: 6.3206s
Epoch: 6 cost time: 2.6142683029174805
Epoch: 6, Steps: 249 | Train Loss: 0.4391050 Vali Loss: 1.1505051 Test Loss: 0.4284354
EarlyStopping counter: 3 out of 3
Early stopping
>>>>>>>testing : ETTh1_336_336_NLinear_ETTh1_ftM_sl336_ll48_pl336_dm512_nh8_el2_dl1_df2048_fc1_ebtimeF_dtTrue_Exp_0<<<<<<<<<<<<<<<<<<<<<<<<<<<<<<<<<
test 2545
mse:0.43187588453292847, mae:0.4344688951969147
