Args in experiment:
Namespace(ver='TPE', is_training=1, model_id='mirae_Linear', model='NLinear', data='mirae', root_path='./data/ETT/', data_path='ETTh1.csv', features='M', target='OT', freq='h', checkpoints='./checkpoints/', seq_len=72, label_len=48, pred_len=12, individual=False, embed_type=0, enc_in=7, dec_in=7, c_out=7, d_model=512, n_heads=8, e_layers=2, d_layers=1, d_ff=2048, moving_avg=25, factor=1, distil=True, dropout=0.05, embed='timeF', activation='gelu', output_attention=False, do_predict=False, num_workers=10, itr=1, train_epochs=20, batch_size=32, patience=3, learning_rate=0.005, des='Exp', loss='mse', lradj='type1', use_amp=False, use_gpu=True, gpu=0, use_multi_gpu=False, devices='0,1,2,3', test_flop=False)
Use GPU: cuda:0
>>>>>>>start training : mirae_Linear_NLinear_mirae_ftM_sl72_ll48_pl12_dm512_nh8_el2_dl1_df2048_fc1_ebtimeF_dtTrue_Exp_0>>>>>>>>>>>>>>>>>>>>>>>>>>
train 4552
val 975
test 976
	iters: 100, epoch: 1 | loss: 0.0251992
	speed: 0.0326s/iter; left time: 89.4058s
Epoch: 1 cost time: 3.563467025756836
Epoch: 1, Steps: 142 | Train Loss: 0.1023546 Vali Loss: 0.0117593 Test Loss: 0.0103402
Validation loss decreased (inf --> 0.011759).  Saving model ...
Updating learning rate to 0.005
	iters: 100, epoch: 2 | loss: 0.0162705
	speed: 0.0356s/iter; left time: 92.4300s
Epoch: 2 cost time: 1.7404780387878418
Epoch: 2, Steps: 142 | Train Loss: 0.0143178 Vali Loss: 0.0076011 Test Loss: 0.0063104
Validation loss decreased (0.011759 --> 0.007601).  Saving model ...
Updating learning rate to 0.0025
	iters: 100, epoch: 3 | loss: 0.0151972
	speed: 0.0333s/iter; left time: 81.9068s
Epoch: 3 cost time: 1.7503178119659424
Epoch: 3, Steps: 142 | Train Loss: 0.0111073 Vali Loss: 0.0063776 Test Loss: 0.0054914
Validation loss decreased (0.007601 --> 0.006378).  Saving model ...
Updating learning rate to 0.00125
	iters: 100, epoch: 4 | loss: 0.0087449
	speed: 0.0314s/iter; left time: 72.6992s
Epoch: 4 cost time: 1.6292343139648438
Epoch: 4, Steps: 142 | Train Loss: 0.0102191 Vali Loss: 0.0056588 Test Loss: 0.0047967
Validation loss decreased (0.006378 --> 0.005659).  Saving model ...
Updating learning rate to 0.000625
	iters: 100, epoch: 5 | loss: 0.0089198
	speed: 0.0383s/iter; left time: 83.1292s
Epoch: 5 cost time: 2.360450029373169
Epoch: 5, Steps: 142 | Train Loss: 0.0098873 Vali Loss: 0.0056547 Test Loss: 0.0046249
Validation loss decreased (0.005659 --> 0.005655).  Saving model ...
Updating learning rate to 0.0003125
	iters: 100, epoch: 6 | loss: 0.0135599
	speed: 0.0441s/iter; left time: 89.4803s
Epoch: 6 cost time: 2.4518399238586426
Epoch: 6, Steps: 142 | Train Loss: 0.0096353 Vali Loss: 0.0052944 Test Loss: 0.0043389
Validation loss decreased (0.005655 --> 0.005294).  Saving model ...
Updating learning rate to 0.00015625
	iters: 100, epoch: 7 | loss: 0.0101218
	speed: 0.0469s/iter; left time: 88.5154s
Epoch: 7 cost time: 2.7747645378112793
Epoch: 7, Steps: 142 | Train Loss: 0.0095484 Vali Loss: 0.0051555 Test Loss: 0.0042887
Validation loss decreased (0.005294 --> 0.005156).  Saving model ...
Updating learning rate to 7.8125e-05
	iters: 100, epoch: 8 | loss: 0.0099186
	speed: 0.0444s/iter; left time: 77.6113s
Epoch: 8 cost time: 2.5411977767944336
Epoch: 8, Steps: 142 | Train Loss: 0.0094957 Vali Loss: 0.0051383 Test Loss: 0.0042859
Validation loss decreased (0.005156 --> 0.005138).  Saving model ...
Updating learning rate to 3.90625e-05
	iters: 100, epoch: 9 | loss: 0.0108161
	speed: 0.0475s/iter; left time: 76.1980s
Epoch: 9 cost time: 2.646322250366211
Epoch: 9, Steps: 142 | Train Loss: 0.0094470 Vali Loss: 0.0051366 Test Loss: 0.0042816
Validation loss decreased (0.005138 --> 0.005137).  Saving model ...
Updating learning rate to 1.953125e-05
	iters: 100, epoch: 10 | loss: 0.0115111
	speed: 0.0506s/iter; left time: 74.0827s
Epoch: 10 cost time: 2.827225685119629
Epoch: 10, Steps: 142 | Train Loss: 0.0094318 Vali Loss: 0.0051483 Test Loss: 0.0042760
EarlyStopping counter: 1 out of 3
Updating learning rate to 9.765625e-06
	iters: 100, epoch: 11 | loss: 0.0099531
	speed: 0.0465s/iter; left time: 61.4474s
Epoch: 11 cost time: 2.5583014488220215
Epoch: 11, Steps: 142 | Train Loss: 0.0094318 Vali Loss: 0.0051305 Test Loss: 0.0042492
Validation loss decreased (0.005137 --> 0.005130).  Saving model ...
Updating learning rate to 4.8828125e-06
	iters: 100, epoch: 12 | loss: 0.0131263
	speed: 0.0464s/iter; left time: 54.6656s
Epoch: 12 cost time: 2.6537106037139893
Epoch: 12, Steps: 142 | Train Loss: 0.0094143 Vali Loss: 0.0051396 Test Loss: 0.0042473
EarlyStopping counter: 1 out of 3
Updating learning rate to 2.44140625e-06
	iters: 100, epoch: 13 | loss: 0.0095790
	speed: 0.0375s/iter; left time: 38.8671s
Epoch: 13 cost time: 2.0230119228363037
Epoch: 13, Steps: 142 | Train Loss: 0.0094231 Vali Loss: 0.0051793 Test Loss: 0.0042428
EarlyStopping counter: 2 out of 3
Updating learning rate to 1.220703125e-06
	iters: 100, epoch: 14 | loss: 0.0057198
	speed: 0.0448s/iter; left time: 40.0833s
Epoch: 14 cost time: 2.575596809387207
Epoch: 14, Steps: 142 | Train Loss: 0.0094193 Vali Loss: 0.0051650 Test Loss: 0.0042426
EarlyStopping counter: 3 out of 3
Early stopping
>>>>>>>testing : mirae_Linear_NLinear_mirae_ftM_sl72_ll48_pl12_dm512_nh8_el2_dl1_df2048_fc1_ebtimeF_dtTrue_Exp_0<<<<<<<<<<<<<<<<<<<<<<<<<<<<<<<<<
test 976
mse:0.00424916623160243, mae:0.0490899421274662
