Args in experiment:
Namespace(ver='TPE', is_training=1, model_id='ETTh1__96', model='NLinear', data='ETTh1', root_path='/nas/datahub/ETT/', data_path='ETTh1.csv', features='S', target='OT', freq='h', checkpoints='./checkpoints/', seq_len=336, label_len=48, pred_len=96, individual=False, embed_type=0, enc_in=7, dec_in=7, c_out=7, d_model=512, n_heads=8, e_layers=2, d_layers=1, d_ff=2048, moving_avg=25, factor=1, distil=True, dropout=0.05, embed='timeF', activation='gelu', output_attention=False, do_predict=False, num_workers=10, itr=1, train_epochs=10, batch_size=32, patience=3, learning_rate=0.005, des='Exp', loss='mse', lradj='type1', use_amp=False, use_gpu=True, gpu=0, use_multi_gpu=False, devices='0,1,2,3', test_flop=False)
Use GPU: cuda:0
>>>>>>>start training : ETTh1__96_NLinear_ETTh1_ftS_sl336_ll48_pl96_dm512_nh8_el2_dl1_df2048_fc1_ebtimeF_dtTrue_Exp_0>>>>>>>>>>>>>>>>>>>>>>>>>>
train 8209
val 2785
test 2785
	iters: 100, epoch: 1 | loss: 0.0924276
	speed: 0.0428s/iter; left time: 105.2405s
	iters: 200, epoch: 1 | loss: 0.1276229
	speed: 0.0046s/iter; left time: 10.9207s
Epoch: 1 cost time: 5.042992353439331
Epoch: 1, Steps: 256 | Train Loss: 0.1685288 Vali Loss: 0.1086083 Test Loss: 0.0778549
Validation loss decreased (inf --> 0.108608).  Saving model ...
Updating learning rate to 0.005
	iters: 100, epoch: 2 | loss: 0.1216172
	speed: 0.0506s/iter; left time: 111.6542s
	iters: 200, epoch: 2 | loss: 0.1400964
	speed: 0.0048s/iter; left time: 10.1559s
Epoch: 2 cost time: 2.6464006900787354
Epoch: 2, Steps: 256 | Train Loss: 0.1285134 Vali Loss: 0.1070100 Test Loss: 0.0773091
Validation loss decreased (0.108608 --> 0.107010).  Saving model ...
Updating learning rate to 0.0025
	iters: 100, epoch: 3 | loss: 0.1215798
	speed: 0.0531s/iter; left time: 103.4435s
	iters: 200, epoch: 3 | loss: 0.1122562
	speed: 0.0047s/iter; left time: 8.6551s
Epoch: 3 cost time: 2.4195444583892822
Epoch: 3, Steps: 256 | Train Loss: 0.1140651 Vali Loss: 0.1031868 Test Loss: 0.0805413
Validation loss decreased (0.107010 --> 0.103187).  Saving model ...
Updating learning rate to 0.00125
	iters: 100, epoch: 4 | loss: 0.0981633
	speed: 0.0479s/iter; left time: 81.1078s
	iters: 200, epoch: 4 | loss: 0.1213079
	speed: 0.0048s/iter; left time: 7.6801s
Epoch: 4 cost time: 2.5381977558135986
Epoch: 4, Steps: 256 | Train Loss: 0.1025279 Vali Loss: 0.1079887 Test Loss: 0.0829007
EarlyStopping counter: 1 out of 3
Updating learning rate to 0.000625
	iters: 100, epoch: 5 | loss: 0.1206028
	speed: 0.0472s/iter; left time: 67.8227s
	iters: 200, epoch: 5 | loss: 0.1134860
	speed: 0.0041s/iter; left time: 5.4731s
Epoch: 5 cost time: 2.207026243209839
Epoch: 5, Steps: 256 | Train Loss: 0.0962012 Vali Loss: 0.1136518 Test Loss: 0.0877591
EarlyStopping counter: 2 out of 3
Updating learning rate to 0.0003125
	iters: 100, epoch: 6 | loss: 0.0859156
	speed: 0.0523s/iter; left time: 61.8247s
	iters: 200, epoch: 6 | loss: 0.0701879
	speed: 0.0048s/iter; left time: 5.2119s
Epoch: 6 cost time: 2.399851083755493
Epoch: 6, Steps: 256 | Train Loss: 0.0913306 Vali Loss: 0.1137056 Test Loss: 0.0854551
EarlyStopping counter: 3 out of 3
Early stopping
>>>>>>>testing : ETTh1__96_NLinear_ETTh1_ftS_sl336_ll48_pl96_dm512_nh8_el2_dl1_df2048_fc1_ebtimeF_dtTrue_Exp_0<<<<<<<<<<<<<<<<<<<<<<<<<<<<<<<<<
test 2785
mse:0.08054133504629135, mae:0.22113728523254395
