Args in experiment:
Namespace(ver='TPE', is_training=1, model_id='ETTh1_336_720', model='NLinear', data='ETTh1', root_path='/nas/datahub/ETT/', data_path='ETTh1.csv', features='M', target='OT', freq='h', checkpoints='./checkpoints/', seq_len=336, label_len=48, pred_len=720, individual=False, embed_type=0, enc_in=7, dec_in=7, c_out=7, d_model=512, n_heads=8, e_layers=2, d_layers=1, d_ff=2048, moving_avg=25, factor=1, distil=True, dropout=0.05, embed='timeF', activation='gelu', output_attention=False, do_predict=False, num_workers=10, itr=1, train_epochs=10, batch_size=32, patience=3, learning_rate=0.005, des='Exp', loss='mse', lradj='type1', use_amp=False, use_gpu=True, gpu=0, use_multi_gpu=False, devices='0,1,2,3', test_flop=False)
Use GPU: cuda:0
>>>>>>>start training : ETTh1_336_720_NLinear_ETTh1_ftM_sl336_ll48_pl720_dm512_nh8_el2_dl1_df2048_fc1_ebtimeF_dtTrue_Exp_0>>>>>>>>>>>>>>>>>>>>>>>>>>
train 7585
val 2161
test 2161
	iters: 100, epoch: 1 | loss: 0.8658058
	speed: 0.0317s/iter; left time: 71.9141s
	iters: 200, epoch: 1 | loss: 0.5709617
	speed: 0.0064s/iter; left time: 13.9393s
Epoch: 1 cost time: 4.06530237197876
Epoch: 1, Steps: 237 | Train Loss: 1.0124179 Vali Loss: 1.6084484 Test Loss: 0.5703728
Validation loss decreased (inf --> 1.608448).  Saving model ...
Updating learning rate to 0.005
	iters: 100, epoch: 2 | loss: 0.5239001
	speed: 0.0516s/iter; left time: 104.9642s
	iters: 200, epoch: 2 | loss: 0.5828546
	speed: 0.0058s/iter; left time: 11.2168s
Epoch: 2 cost time: 2.584625720977783
Epoch: 2, Steps: 237 | Train Loss: 0.6034130 Vali Loss: 1.5257947 Test Loss: 0.5445752
Validation loss decreased (1.608448 --> 1.525795).  Saving model ...
Updating learning rate to 0.0025
	iters: 100, epoch: 3 | loss: 0.4882773
	speed: 0.0489s/iter; left time: 87.8206s
	iters: 200, epoch: 3 | loss: 0.6626751
	speed: 0.0058s/iter; left time: 9.8671s
Epoch: 3 cost time: 2.465052843093872
Epoch: 3, Steps: 237 | Train Loss: 0.5588119 Vali Loss: 1.5209805 Test Loss: 0.5326278
Validation loss decreased (1.525795 --> 1.520980).  Saving model ...
Updating learning rate to 0.00125
	iters: 100, epoch: 4 | loss: 0.5484617
	speed: 0.0509s/iter; left time: 79.3518s
	iters: 200, epoch: 4 | loss: 0.4896275
	speed: 0.0070s/iter; left time: 10.2181s
Epoch: 4 cost time: 2.751234292984009
Epoch: 4, Steps: 237 | Train Loss: 0.5383952 Vali Loss: 1.5143123 Test Loss: 0.5279636
Validation loss decreased (1.520980 --> 1.514312).  Saving model ...
Updating learning rate to 0.000625
	iters: 100, epoch: 5 | loss: 0.5551860
	speed: 0.0499s/iter; left time: 66.0298s
	iters: 200, epoch: 5 | loss: 0.5348315
	speed: 0.0059s/iter; left time: 7.1991s
Epoch: 5 cost time: 2.5817792415618896
Epoch: 5, Steps: 237 | Train Loss: 0.5276630 Vali Loss: 1.5349065 Test Loss: 0.5339012
EarlyStopping counter: 1 out of 3
Updating learning rate to 0.0003125
	iters: 100, epoch: 6 | loss: 0.4818353
	speed: 0.0498s/iter; left time: 54.0904s
	iters: 200, epoch: 6 | loss: 0.5501513
	speed: 0.0059s/iter; left time: 5.7994s
Epoch: 6 cost time: 2.554008960723877
Epoch: 6, Steps: 237 | Train Loss: 0.5214343 Vali Loss: 1.5155598 Test Loss: 0.5268976
EarlyStopping counter: 2 out of 3
Updating learning rate to 0.00015625
	iters: 100, epoch: 7 | loss: 0.5216275
	speed: 0.0499s/iter; left time: 42.3761s
	iters: 200, epoch: 7 | loss: 0.6099410
	speed: 0.0059s/iter; left time: 4.4425s
Epoch: 7 cost time: 2.563115358352661
Epoch: 7, Steps: 237 | Train Loss: 0.5170584 Vali Loss: 1.5165555 Test Loss: 0.5276868
EarlyStopping counter: 3 out of 3
Early stopping
>>>>>>>testing : ETTh1_336_720_NLinear_ETTh1_ftM_sl336_ll48_pl720_dm512_nh8_el2_dl1_df2048_fc1_ebtimeF_dtTrue_Exp_0<<<<<<<<<<<<<<<<<<<<<<<<<<<<<<<<<
test 2161
mse:0.5279634594917297, mae:0.5049259662628174
