Args in experiment:
Namespace(ver='TS', is_training=1, model_id='mirae_Linear', model='NLinear', data='mirae', root_path='./data/ETT/', data_path='ETTh1.csv', features='M', target='OT', freq='h', checkpoints='./checkpoints/', seq_len=72, label_len=48, pred_len=12, individual=False, embed_type=0, enc_in=7, dec_in=7, c_out=7, d_model=512, n_heads=8, e_layers=2, d_layers=1, d_ff=2048, moving_avg=25, factor=1, distil=True, dropout=0.05, embed='timeF', activation='gelu', output_attention=False, do_predict=False, num_workers=10, itr=1, train_epochs=20, batch_size=32, patience=3, learning_rate=0.005, des='Exp', loss='mse', lradj='type1', use_amp=False, use_gpu=True, gpu=0, use_multi_gpu=False, devices='0,1,2,3', test_flop=False)
Use GPU: cuda:0
>>>>>>>start training : mirae_Linear_NLinear_mirae_ftM_sl72_ll48_pl12_dm512_nh8_el2_dl1_df2048_fc1_ebtimeF_dtTrue_Exp_0>>>>>>>>>>>>>>>>>>>>>>>>>>
train 4552
val 975
test 976
	iters: 100, epoch: 1 | loss: 0.0152513
	speed: 0.0596s/iter; left time: 163.4005s
Epoch: 1 cost time: 6.676081657409668
Epoch: 1, Steps: 142 | Train Loss: 0.0855933 Vali Loss: 0.0087495 Test Loss: 0.0081707
Validation loss decreased (inf --> 0.008750).  Saving model ...
Updating learning rate to 0.005
	iters: 100, epoch: 2 | loss: 0.0108347
	speed: 0.0622s/iter; left time: 161.7784s
Epoch: 2 cost time: 3.3215723037719727
Epoch: 2, Steps: 142 | Train Loss: 0.0119680 Vali Loss: 0.0059211 Test Loss: 0.0050536
Validation loss decreased (0.008750 --> 0.005921).  Saving model ...
Updating learning rate to 0.0025
	iters: 100, epoch: 3 | loss: 0.0104660
	speed: 0.0633s/iter; left time: 155.6166s
Epoch: 3 cost time: 3.1553547382354736
Epoch: 3, Steps: 142 | Train Loss: 0.0095266 Vali Loss: 0.0040177 Test Loss: 0.0038443
Validation loss decreased (0.005921 --> 0.004018).  Saving model ...
Updating learning rate to 0.00125
	iters: 100, epoch: 4 | loss: 0.0089192
	speed: 0.0640s/iter; left time: 148.2428s
Epoch: 4 cost time: 3.203859567642212
Epoch: 4, Steps: 142 | Train Loss: 0.0086412 Vali Loss: 0.0037049 Test Loss: 0.0035272
Validation loss decreased (0.004018 --> 0.003705).  Saving model ...
Updating learning rate to 0.000625
	iters: 100, epoch: 5 | loss: 0.0121636
	speed: 0.0674s/iter; left time: 146.5108s
Epoch: 5 cost time: 3.6665520668029785
Epoch: 5, Steps: 142 | Train Loss: 0.0082534 Vali Loss: 0.0035532 Test Loss: 0.0031277
Validation loss decreased (0.003705 --> 0.003553).  Saving model ...
Updating learning rate to 0.0003125
	iters: 100, epoch: 6 | loss: 0.0068006
	speed: 0.0650s/iter; left time: 131.9465s
Epoch: 6 cost time: 2.8234429359436035
Epoch: 6, Steps: 142 | Train Loss: 0.0080444 Vali Loss: 0.0039913 Test Loss: 0.0035687
EarlyStopping counter: 1 out of 3
Updating learning rate to 0.00015625
	iters: 100, epoch: 7 | loss: 0.0074624
	speed: 0.0614s/iter; left time: 115.9664s
Epoch: 7 cost time: 3.1230978965759277
Epoch: 7, Steps: 142 | Train Loss: 0.0079155 Vali Loss: 0.0033117 Test Loss: 0.0030163
Validation loss decreased (0.003553 --> 0.003312).  Saving model ...
Updating learning rate to 7.8125e-05
	iters: 100, epoch: 8 | loss: 0.0082806
	speed: 0.0682s/iter; left time: 119.1282s
Epoch: 8 cost time: 3.273533821105957
Epoch: 8, Steps: 142 | Train Loss: 0.0078356 Vali Loss: 0.0034074 Test Loss: 0.0030924
EarlyStopping counter: 1 out of 3
Updating learning rate to 3.90625e-05
	iters: 100, epoch: 9 | loss: 0.0088667
	speed: 0.0686s/iter; left time: 110.1089s
Epoch: 9 cost time: 3.6179211139678955
Epoch: 9, Steps: 142 | Train Loss: 0.0077973 Vali Loss: 0.0032953 Test Loss: 0.0030555
Validation loss decreased (0.003312 --> 0.003295).  Saving model ...
Updating learning rate to 1.953125e-05
	iters: 100, epoch: 10 | loss: 0.0117362
	speed: 0.0672s/iter; left time: 98.3856s
Epoch: 10 cost time: 3.572111129760742
Epoch: 10, Steps: 142 | Train Loss: 0.0077919 Vali Loss: 0.0033903 Test Loss: 0.0030410
EarlyStopping counter: 1 out of 3
Updating learning rate to 9.765625e-06
	iters: 100, epoch: 11 | loss: 0.0115090
	speed: 0.0698s/iter; left time: 92.2224s
Epoch: 11 cost time: 3.5462098121643066
Epoch: 11, Steps: 142 | Train Loss: 0.0077747 Vali Loss: 0.0033418 Test Loss: 0.0030677
EarlyStopping counter: 2 out of 3
Updating learning rate to 4.8828125e-06
	iters: 100, epoch: 12 | loss: 0.0108246
	speed: 0.0701s/iter; left time: 82.6256s
Epoch: 12 cost time: 3.1501243114471436
Epoch: 12, Steps: 142 | Train Loss: 0.0077463 Vali Loss: 0.0033411 Test Loss: 0.0030406
EarlyStopping counter: 3 out of 3
Early stopping
>>>>>>>testing : mirae_Linear_NLinear_mirae_ftM_sl72_ll48_pl12_dm512_nh8_el2_dl1_df2048_fc1_ebtimeF_dtTrue_Exp_0<<<<<<<<<<<<<<<<<<<<<<<<<<<<<<<<<
test 976
mse:0.00305551546625793, mae:0.04083236679434776
