Args in experiment:
Namespace(ver='D', is_training=1, model_id='mirae_Linear', model='DLinear', data='mirae', root_path='./data/ETT/', data_path='ETTh1.csv', features='M', target='OT', freq='h', checkpoints='./checkpoints/', seq_len=72, label_len=48, pred_len=12, individual=False, embed_type=0, enc_in=7, dec_in=7, c_out=7, d_model=512, n_heads=8, e_layers=2, d_layers=1, d_ff=2048, moving_avg=25, factor=1, distil=True, dropout=0.05, embed='timeF', activation='gelu', output_attention=False, do_predict=False, num_workers=10, itr=1, train_epochs=20, batch_size=32, patience=3, learning_rate=0.005, des='Exp', loss='mse', lradj='type1', use_amp=False, use_gpu=True, gpu=0, use_multi_gpu=False, devices='0,1,2,3', test_flop=False)
Use GPU: cuda:0
>>>>>>>start training : mirae_Linear_DLinear_mirae_ftM_sl72_ll48_pl12_dm512_nh8_el2_dl1_df2048_fc1_ebtimeF_dtTrue_Exp_0>>>>>>>>>>>>>>>>>>>>>>>>>>
train 4552
val 975
test 976
	iters: 100, epoch: 1 | loss: 0.0054906
	speed: 0.0214s/iter; left time: 58.6871s
Epoch: 1 cost time: 2.4749338626861572
Epoch: 1, Steps: 142 | Train Loss: 0.0128387 Vali Loss: 0.0020189 Test Loss: 0.0022485
Validation loss decreased (inf --> 0.002019).  Saving model ...
Updating learning rate to 0.005
	iters: 100, epoch: 2 | loss: 0.0028092
	speed: 0.0363s/iter; left time: 94.2512s
Epoch: 2 cost time: 1.6541624069213867
Epoch: 2, Steps: 142 | Train Loss: 0.0058324 Vali Loss: 0.0017126 Test Loss: 0.0016782
Validation loss decreased (0.002019 --> 0.001713).  Saving model ...
Updating learning rate to 0.0025
	iters: 100, epoch: 3 | loss: 0.0032102
	speed: 0.0383s/iter; left time: 94.2156s
Epoch: 3 cost time: 1.78814697265625
Epoch: 3, Steps: 142 | Train Loss: 0.0047334 Vali Loss: 0.0016313 Test Loss: 0.0015675
Validation loss decreased (0.001713 --> 0.001631).  Saving model ...
Updating learning rate to 0.00125
	iters: 100, epoch: 4 | loss: 0.0030785
	speed: 0.0392s/iter; left time: 90.6486s
Epoch: 4 cost time: 1.9327001571655273
Epoch: 4, Steps: 142 | Train Loss: 0.0042627 Vali Loss: 0.0017279 Test Loss: 0.0015310
EarlyStopping counter: 1 out of 3
Updating learning rate to 0.000625
	iters: 100, epoch: 5 | loss: 0.0057143
	speed: 0.0385s/iter; left time: 83.7089s
Epoch: 5 cost time: 1.7664577960968018
Epoch: 5, Steps: 142 | Train Loss: 0.0040824 Vali Loss: 0.0016693 Test Loss: 0.0015103
EarlyStopping counter: 2 out of 3
Updating learning rate to 0.0003125
	iters: 100, epoch: 6 | loss: 0.0035139
	speed: 0.0375s/iter; left time: 76.2334s
Epoch: 6 cost time: 1.7444453239440918
Epoch: 6, Steps: 142 | Train Loss: 0.0039614 Vali Loss: 0.0015827 Test Loss: 0.0014660
Validation loss decreased (0.001631 --> 0.001583).  Saving model ...
Updating learning rate to 0.00015625
	iters: 100, epoch: 7 | loss: 0.0039593
	speed: 0.0397s/iter; left time: 75.0833s
Epoch: 7 cost time: 1.7378020286560059
Epoch: 7, Steps: 142 | Train Loss: 0.0038915 Vali Loss: 0.0015426 Test Loss: 0.0014324
Validation loss decreased (0.001583 --> 0.001543).  Saving model ...
Updating learning rate to 7.8125e-05
	iters: 100, epoch: 8 | loss: 0.0032679
	speed: 0.0372s/iter; left time: 65.0183s
Epoch: 8 cost time: 1.8007421493530273
Epoch: 8, Steps: 142 | Train Loss: 0.0038632 Vali Loss: 0.0015788 Test Loss: 0.0014481
EarlyStopping counter: 1 out of 3
Updating learning rate to 3.90625e-05
	iters: 100, epoch: 9 | loss: 0.0021661
	speed: 0.0357s/iter; left time: 57.3513s
Epoch: 9 cost time: 1.663038730621338
Epoch: 9, Steps: 142 | Train Loss: 0.0038382 Vali Loss: 0.0016114 Test Loss: 0.0014659
EarlyStopping counter: 2 out of 3
Updating learning rate to 1.953125e-05
	iters: 100, epoch: 10 | loss: 0.0020344
	speed: 0.0349s/iter; left time: 51.0659s
Epoch: 10 cost time: 1.6367692947387695
Epoch: 10, Steps: 142 | Train Loss: 0.0038371 Vali Loss: 0.0015760 Test Loss: 0.0014432
EarlyStopping counter: 3 out of 3
Early stopping
>>>>>>>testing : mirae_Linear_DLinear_mirae_ftM_sl72_ll48_pl12_dm512_nh8_el2_dl1_df2048_fc1_ebtimeF_dtTrue_Exp_0<<<<<<<<<<<<<<<<<<<<<<<<<<<<<<<<<
test 976
mse:0.001432, mae:0.02677
