Args in experiment:
Namespace(ver='TWM', is_training=1, model_id='mirae_Linear', model='DLinear_S', data='mirae', root_path='./data/ETT/', data_path='ETTh1.csv', features='M', target='OT', freq='h', checkpoints='./checkpoints/', seq_len=72, label_len=48, pred_len=12, individual=False, embed_type=0, enc_in=7, dec_in=7, c_out=7, d_model=512, n_heads=8, e_layers=2, d_layers=1, d_ff=2048, moving_avg=25, factor=1, distil=True, dropout=0.05, embed='timeF', activation='gelu', output_attention=False, do_predict=False, num_workers=10, itr=1, train_epochs=20, batch_size=32, patience=3, learning_rate=0.005, des='Exp', loss='mse', lradj='type1', use_amp=False, use_gpu=True, gpu=0, use_multi_gpu=False, devices='0,1,2,3', test_flop=False)
Use GPU: cuda:0
>>>>>>>start training : mirae_Linear_DLinear_S_mirae_ftM_sl72_ll48_pl12_dm512_nh8_el2_dl1_df2048_fc1_ebtimeF_dtTrue_Exp_0>>>>>>>>>>>>>>>>>>>>>>>>>>
train 4552
val 975
test 976
	iters: 100, epoch: 1 | loss: 0.0096562
	speed: 0.0363s/iter; left time: 99.5487s
Epoch: 1 cost time: 3.9733481407165527
Epoch: 1, Steps: 142 | Train Loss: 0.0187527 Vali Loss: 0.0021235 Test Loss: 0.0022168
Validation loss decreased (inf --> 0.002124).  Saving model ...
Updating learning rate to 0.005
	iters: 100, epoch: 2 | loss: 0.0051048
	speed: 0.0460s/iter; left time: 119.5851s
Epoch: 2 cost time: 1.8222277164459229
Epoch: 2, Steps: 142 | Train Loss: 0.0071398 Vali Loss: 0.0019006 Test Loss: 0.0019009
Validation loss decreased (0.002124 --> 0.001901).  Saving model ...
Updating learning rate to 0.0025
	iters: 100, epoch: 3 | loss: 0.0055313
	speed: 0.0481s/iter; left time: 118.2021s
Epoch: 3 cost time: 2.1165294647216797
Epoch: 3, Steps: 142 | Train Loss: 0.0055809 Vali Loss: 0.0017265 Test Loss: 0.0017702
Validation loss decreased (0.001901 --> 0.001726).  Saving model ...
Updating learning rate to 0.00125
	iters: 100, epoch: 4 | loss: 0.0036572
	speed: 0.0450s/iter; left time: 104.2834s
Epoch: 4 cost time: 1.8686227798461914
Epoch: 4, Steps: 142 | Train Loss: 0.0050505 Vali Loss: 0.0016363 Test Loss: 0.0016460
Validation loss decreased (0.001726 --> 0.001636).  Saving model ...
Updating learning rate to 0.000625
	iters: 100, epoch: 5 | loss: 0.0044818
	speed: 0.0414s/iter; left time: 89.9348s
Epoch: 5 cost time: 1.777759313583374
Epoch: 5, Steps: 142 | Train Loss: 0.0048005 Vali Loss: 0.0015832 Test Loss: 0.0016188
Validation loss decreased (0.001636 --> 0.001583).  Saving model ...
Updating learning rate to 0.0003125
	iters: 100, epoch: 6 | loss: 0.0049404
	speed: 0.0465s/iter; left time: 94.4217s
Epoch: 6 cost time: 2.0818240642547607
Epoch: 6, Steps: 142 | Train Loss: 0.0046269 Vali Loss: 0.0015147 Test Loss: 0.0016091
Validation loss decreased (0.001583 --> 0.001515).  Saving model ...
Updating learning rate to 0.00015625
	iters: 100, epoch: 7 | loss: 0.0033480
	speed: 0.0448s/iter; left time: 84.6426s
Epoch: 7 cost time: 2.0952043533325195
Epoch: 7, Steps: 142 | Train Loss: 0.0045427 Vali Loss: 0.0015323 Test Loss: 0.0015816
EarlyStopping counter: 1 out of 3
Updating learning rate to 7.8125e-05
	iters: 100, epoch: 8 | loss: 0.0023487
	speed: 0.0392s/iter; left time: 68.5182s
Epoch: 8 cost time: 1.8446874618530273
Epoch: 8, Steps: 142 | Train Loss: 0.0044939 Vali Loss: 0.0015187 Test Loss: 0.0015762
EarlyStopping counter: 2 out of 3
Updating learning rate to 3.90625e-05
	iters: 100, epoch: 9 | loss: 0.0078139
	speed: 0.0388s/iter; left time: 62.2809s
Epoch: 9 cost time: 1.8063321113586426
Epoch: 9, Steps: 142 | Train Loss: 0.0044623 Vali Loss: 0.0015331 Test Loss: 0.0015896
EarlyStopping counter: 3 out of 3
Early stopping
>>>>>>>testing : mirae_Linear_DLinear_S_mirae_ftM_sl72_ll48_pl12_dm512_nh8_el2_dl1_df2048_fc1_ebtimeF_dtTrue_Exp_0<<<<<<<<<<<<<<<<<<<<<<<<<<<<<<<<<
test 976
mse:0.001609, mae:0.02784
