Args in experiment:
Namespace(ver='TWM-2', is_training=1, model_id='mirae_Linear', model='DLinear_T', data='mirae', root_path='./data/ETT/', data_path='ETTh1.csv', features='M', target='OT', freq='h', checkpoints='./checkpoints/', seq_len=72, label_len=48, pred_len=12, individual=False, embed_type=0, enc_in=7, dec_in=7, c_out=7, d_model=512, n_heads=8, e_layers=2, d_layers=1, d_ff=2048, moving_avg=25, factor=1, distil=True, dropout=0.05, embed='timeF', activation='gelu', output_attention=False, do_predict=False, num_workers=10, itr=1, train_epochs=20, batch_size=32, patience=3, learning_rate=0.005, des='Exp', loss='mse', lradj='type1', use_amp=False, use_gpu=True, gpu=0, use_multi_gpu=False, devices='0,1,2,3', test_flop=False)
Use GPU: cuda:0
>>>>>>>start training : mirae_Linear_DLinear_T_mirae_ftM_sl72_ll48_pl12_dm512_nh8_el2_dl1_df2048_fc1_ebtimeF_dtTrue_Exp_0>>>>>>>>>>>>>>>>>>>>>>>>>>
train 4552
val 975
test 976
	iters: 100, epoch: 1 | loss: 0.0067728
	speed: 0.0321s/iter; left time: 88.1186s
Epoch: 1 cost time: 3.483096122741699
Epoch: 1, Steps: 142 | Train Loss: 0.0271255 Vali Loss: 0.0029541 Test Loss: 0.0031193
Validation loss decreased (inf --> 0.002954).  Saving model ...
Updating learning rate to 0.005
	iters: 100, epoch: 2 | loss: 0.0071313
	speed: 0.0450s/iter; left time: 117.0677s
Epoch: 2 cost time: 2.0760607719421387
Epoch: 2, Steps: 142 | Train Loss: 0.0069409 Vali Loss: 0.0021542 Test Loss: 0.0024964
Validation loss decreased (0.002954 --> 0.002154).  Saving model ...
Updating learning rate to 0.0025
	iters: 100, epoch: 3 | loss: 0.0146569
	speed: 0.0475s/iter; left time: 116.6107s
Epoch: 3 cost time: 2.106030225753784
Epoch: 3, Steps: 142 | Train Loss: 0.0060729 Vali Loss: 0.0023017 Test Loss: 0.0024283
EarlyStopping counter: 1 out of 3
Updating learning rate to 0.00125
	iters: 100, epoch: 4 | loss: 0.0029275
	speed: 0.0497s/iter; left time: 115.0176s
Epoch: 4 cost time: 2.166722297668457
Epoch: 4, Steps: 142 | Train Loss: 0.0056486 Vali Loss: 0.0018437 Test Loss: 0.0021236
Validation loss decreased (0.002154 --> 0.001844).  Saving model ...
Updating learning rate to 0.000625
	iters: 100, epoch: 5 | loss: 0.0037407
	speed: 0.0500s/iter; left time: 108.6325s
Epoch: 5 cost time: 2.238863468170166
Epoch: 5, Steps: 142 | Train Loss: 0.0053482 Vali Loss: 0.0018614 Test Loss: 0.0021839
EarlyStopping counter: 1 out of 3
Updating learning rate to 0.0003125
	iters: 100, epoch: 6 | loss: 0.0043484
	speed: 0.0512s/iter; left time: 104.0708s
Epoch: 6 cost time: 2.192833662033081
Epoch: 6, Steps: 142 | Train Loss: 0.0052429 Vali Loss: 0.0018522 Test Loss: 0.0021466
EarlyStopping counter: 2 out of 3
Updating learning rate to 0.00015625
	iters: 100, epoch: 7 | loss: 0.0091363
	speed: 0.0460s/iter; left time: 86.8097s
Epoch: 7 cost time: 2.030230760574341
Epoch: 7, Steps: 142 | Train Loss: 0.0051427 Vali Loss: 0.0018607 Test Loss: 0.0021584
EarlyStopping counter: 3 out of 3
Early stopping
>>>>>>>testing : mirae_Linear_DLinear_T_mirae_ftM_sl72_ll48_pl12_dm512_nh8_el2_dl1_df2048_fc1_ebtimeF_dtTrue_Exp_0<<<<<<<<<<<<<<<<<<<<<<<<<<<<<<<<<
test 976
mse:0.002124, mae:0.03235
