Args in experiment:
Namespace(ver='TWM-2', is_training=1, model_id='mirae_Linear', model='DLinear', data='mirae', root_path='./data/ETT/', data_path='ETTh1.csv', features='M', target='OT', freq='h', checkpoints='./checkpoints/', seq_len=72, label_len=48, pred_len=12, individual=False, embed_type=0, enc_in=7, dec_in=7, c_out=7, d_model=512, n_heads=8, e_layers=2, d_layers=1, d_ff=2048, moving_avg=25, factor=1, distil=True, dropout=0.05, embed='timeF', activation='gelu', output_attention=False, do_predict=False, num_workers=10, itr=1, train_epochs=20, batch_size=32, patience=3, learning_rate=0.005, des='Exp', loss='mse', lradj='type1', use_amp=False, use_gpu=True, gpu=0, use_multi_gpu=False, devices='0,1,2,3', test_flop=False)
Use GPU: cuda:0
>>>>>>>start training : mirae_Linear_DLinear_mirae_ftM_sl72_ll48_pl12_dm512_nh8_el2_dl1_df2048_fc1_ebtimeF_dtTrue_Exp_0>>>>>>>>>>>>>>>>>>>>>>>>>>
train 4552
val 975
test 976
	iters: 100, epoch: 1 | loss: 0.0115456
	speed: 0.0375s/iter; left time: 102.8585s
Epoch: 1 cost time: 4.137419939041138
Epoch: 1, Steps: 142 | Train Loss: 0.0263658 Vali Loss: 0.0096638 Test Loss: 0.0161463
Validation loss decreased (inf --> 0.009664).  Saving model ...
Updating learning rate to 0.005
	iters: 100, epoch: 2 | loss: 0.0086174
	speed: 0.0470s/iter; left time: 122.2470s
Epoch: 2 cost time: 2.150963306427002
Epoch: 2, Steps: 142 | Train Loss: 0.0096131 Vali Loss: 0.0019089 Test Loss: 0.0022425
Validation loss decreased (0.009664 --> 0.001909).  Saving model ...
Updating learning rate to 0.0025
	iters: 100, epoch: 3 | loss: 0.0033609
	speed: 0.0504s/iter; left time: 123.7817s
Epoch: 3 cost time: 2.3519179821014404
Epoch: 3, Steps: 142 | Train Loss: 0.0052617 Vali Loss: 0.0017564 Test Loss: 0.0019234
Validation loss decreased (0.001909 --> 0.001756).  Saving model ...
Updating learning rate to 0.00125
	iters: 100, epoch: 4 | loss: 0.0030872
	speed: 0.0506s/iter; left time: 117.2335s
Epoch: 4 cost time: 2.4554059505462646
Epoch: 4, Steps: 142 | Train Loss: 0.0042757 Vali Loss: 0.0015761 Test Loss: 0.0015519
Validation loss decreased (0.001756 --> 0.001576).  Saving model ...
Updating learning rate to 0.000625
	iters: 100, epoch: 5 | loss: 0.0023318
	speed: 0.0531s/iter; left time: 115.4924s
Epoch: 5 cost time: 2.4269518852233887
Epoch: 5, Steps: 142 | Train Loss: 0.0038908 Vali Loss: 0.0015751 Test Loss: 0.0015913
Validation loss decreased (0.001576 --> 0.001575).  Saving model ...
Updating learning rate to 0.0003125
	iters: 100, epoch: 6 | loss: 0.0062254
	speed: 0.0527s/iter; left time: 107.1197s
Epoch: 6 cost time: 2.3237245082855225
Epoch: 6, Steps: 142 | Train Loss: 0.0037364 Vali Loss: 0.0014756 Test Loss: 0.0014778
Validation loss decreased (0.001575 --> 0.001476).  Saving model ...
Updating learning rate to 0.00015625
	iters: 100, epoch: 7 | loss: 0.0040966
	speed: 0.0515s/iter; left time: 97.2150s
Epoch: 7 cost time: 2.3178787231445312
Epoch: 7, Steps: 142 | Train Loss: 0.0036737 Vali Loss: 0.0014726 Test Loss: 0.0014847
Validation loss decreased (0.001476 --> 0.001473).  Saving model ...
Updating learning rate to 7.8125e-05
	iters: 100, epoch: 8 | loss: 0.0022113
	speed: 0.0512s/iter; left time: 89.4516s
Epoch: 8 cost time: 2.298337697982788
Epoch: 8, Steps: 142 | Train Loss: 0.0036030 Vali Loss: 0.0015050 Test Loss: 0.0015052
EarlyStopping counter: 1 out of 3
Updating learning rate to 3.90625e-05
	iters: 100, epoch: 9 | loss: 0.0037419
	speed: 0.0493s/iter; left time: 79.1661s
Epoch: 9 cost time: 2.364804267883301
Epoch: 9, Steps: 142 | Train Loss: 0.0035659 Vali Loss: 0.0014773 Test Loss: 0.0014861
EarlyStopping counter: 2 out of 3
Updating learning rate to 1.953125e-05
	iters: 100, epoch: 10 | loss: 0.0034410
	speed: 0.0500s/iter; left time: 73.1249s
Epoch: 10 cost time: 2.290630340576172
Epoch: 10, Steps: 142 | Train Loss: 0.0035655 Vali Loss: 0.0014827 Test Loss: 0.0014932
EarlyStopping counter: 3 out of 3
Early stopping
>>>>>>>testing : mirae_Linear_DLinear_mirae_ftM_sl72_ll48_pl12_dm512_nh8_el2_dl1_df2048_fc1_ebtimeF_dtTrue_Exp_0<<<<<<<<<<<<<<<<<<<<<<<<<<<<<<<<<
test 976
mse:0.001485, mae:0.02742
