Args in experiment:
Namespace(ver='TWM-2', is_training=1, model_id='mirae_Linear', model='DLinear', data='mirae', root_path='./data/ETT/', data_path='ETTh1.csv', features='M', target='OT', freq='h', checkpoints='./checkpoints/', seq_len=72, label_len=48, pred_len=12, individual=False, embed_type=0, enc_in=7, dec_in=7, c_out=7, d_model=512, n_heads=8, e_layers=2, d_layers=1, d_ff=2048, moving_avg=25, factor=1, distil=True, dropout=0.05, embed='timeF', activation='gelu', output_attention=False, do_predict=False, num_workers=10, itr=1, train_epochs=20, batch_size=32, patience=3, learning_rate=0.005, des='Exp', loss='mse', lradj='type1', use_amp=False, use_gpu=True, gpu=0, use_multi_gpu=False, devices='0,1,2,3', test_flop=False)
Use GPU: cuda:0
>>>>>>>start training : mirae_Linear_DLinear_mirae_ftM_sl72_ll48_pl12_dm512_nh8_el2_dl1_df2048_fc1_ebtimeF_dtTrue_Exp_0>>>>>>>>>>>>>>>>>>>>>>>>>>
train 4552
val 975
test 976
	iters: 100, epoch: 1 | loss: 0.0092765
	speed: 0.0324s/iter; left time: 88.7363s
Epoch: 1 cost time: 3.570042610168457
Epoch: 1, Steps: 142 | Train Loss: 0.0176267 Vali Loss: 0.0017594 Test Loss: 0.0023749
Validation loss decreased (inf --> 0.001759).  Saving model ...
Updating learning rate to 0.005
	iters: 100, epoch: 2 | loss: 0.0041554
	speed: 0.0373s/iter; left time: 96.9159s
Epoch: 2 cost time: 1.8187644481658936
Epoch: 2, Steps: 142 | Train Loss: 0.0052617 Vali Loss: 0.0012831 Test Loss: 0.0018858
Validation loss decreased (0.001759 --> 0.001283).  Saving model ...
Updating learning rate to 0.0025
	iters: 100, epoch: 3 | loss: 0.0020040
	speed: 0.0437s/iter; left time: 107.4855s
Epoch: 3 cost time: 1.8827788829803467
Epoch: 3, Steps: 142 | Train Loss: 0.0043933 Vali Loss: 0.0012008 Test Loss: 0.0017736
Validation loss decreased (0.001283 --> 0.001201).  Saving model ...
Updating learning rate to 0.00125
	iters: 100, epoch: 4 | loss: 0.0033430
	speed: 0.0431s/iter; left time: 99.7506s
Epoch: 4 cost time: 1.9430577754974365
Epoch: 4, Steps: 142 | Train Loss: 0.0041572 Vali Loss: 0.0011941 Test Loss: 0.0017259
Validation loss decreased (0.001201 --> 0.001194).  Saving model ...
Updating learning rate to 0.000625
	iters: 100, epoch: 5 | loss: 0.0034509
	speed: 0.0465s/iter; left time: 100.9719s
Epoch: 5 cost time: 2.2369213104248047
Epoch: 5, Steps: 142 | Train Loss: 0.0040469 Vali Loss: 0.0012051 Test Loss: 0.0017230
EarlyStopping counter: 1 out of 3
Updating learning rate to 0.0003125
	iters: 100, epoch: 6 | loss: 0.0026802
	speed: 0.0433s/iter; left time: 87.9708s
Epoch: 6 cost time: 1.9272944927215576
Epoch: 6, Steps: 142 | Train Loss: 0.0039809 Vali Loss: 0.0011840 Test Loss: 0.0016912
Validation loss decreased (0.001194 --> 0.001184).  Saving model ...
Updating learning rate to 0.00015625
	iters: 100, epoch: 7 | loss: 0.0048471
	speed: 0.0446s/iter; left time: 84.3216s
Epoch: 7 cost time: 1.944746494293213
Epoch: 7, Steps: 142 | Train Loss: 0.0039482 Vali Loss: 0.0011939 Test Loss: 0.0016936
EarlyStopping counter: 1 out of 3
Updating learning rate to 7.8125e-05
	iters: 100, epoch: 8 | loss: 0.0024653
	speed: 0.0426s/iter; left time: 74.3508s
Epoch: 8 cost time: 2.171154260635376
Epoch: 8, Steps: 142 | Train Loss: 0.0039299 Vali Loss: 0.0011971 Test Loss: 0.0016882
EarlyStopping counter: 2 out of 3
Updating learning rate to 3.90625e-05
	iters: 100, epoch: 9 | loss: 0.0025355
	speed: 0.0458s/iter; left time: 73.5329s
Epoch: 9 cost time: 2.052530288696289
Epoch: 9, Steps: 142 | Train Loss: 0.0039259 Vali Loss: 0.0011858 Test Loss: 0.0016820
EarlyStopping counter: 3 out of 3
Early stopping
>>>>>>>testing : mirae_Linear_DLinear_mirae_ftM_sl72_ll48_pl12_dm512_nh8_el2_dl1_df2048_fc1_ebtimeF_dtTrue_Exp_0<<<<<<<<<<<<<<<<<<<<<<<<<<<<<<<<<
test 976
mse:0.001691, mae:0.02859
