Args in experiment:
Namespace(ver='TWM-2', is_training=1, model_id='mirae_Linear', model='DLinear_S', data='mirae', root_path='./data/ETT/', data_path='ETTh1.csv', features='M', target='OT', freq='h', checkpoints='./checkpoints/', seq_len=72, label_len=48, pred_len=12, individual=False, embed_type=0, enc_in=7, dec_in=7, c_out=7, d_model=512, n_heads=8, e_layers=2, d_layers=1, d_ff=2048, moving_avg=25, factor=1, distil=True, dropout=0.05, embed='timeF', activation='gelu', output_attention=False, do_predict=False, num_workers=10, itr=1, train_epochs=20, batch_size=32, patience=3, learning_rate=0.005, des='Exp', loss='mse', lradj='type1', use_amp=False, use_gpu=True, gpu=0, use_multi_gpu=False, devices='0,1,2,3', test_flop=False)
Use GPU: cuda:0
>>>>>>>start training : mirae_Linear_DLinear_S_mirae_ftM_sl72_ll48_pl12_dm512_nh8_el2_dl1_df2048_fc1_ebtimeF_dtTrue_Exp_0>>>>>>>>>>>>>>>>>>>>>>>>>>
train 4552
val 975
test 976
	iters: 100, epoch: 1 | loss: 0.0076166
	speed: 0.0285s/iter; left time: 78.2115s
Epoch: 1 cost time: 3.235532283782959
Epoch: 1, Steps: 142 | Train Loss: 0.0132253 Vali Loss: 0.0022492 Test Loss: 0.0023237
Validation loss decreased (inf --> 0.002249).  Saving model ...
Updating learning rate to 0.005
	iters: 100, epoch: 2 | loss: 0.0051417
	speed: 0.0368s/iter; left time: 95.5140s
Epoch: 2 cost time: 1.813913106918335
Epoch: 2, Steps: 142 | Train Loss: 0.0074608 Vali Loss: 0.0025569 Test Loss: 0.0025545
EarlyStopping counter: 1 out of 3
Updating learning rate to 0.0025
	iters: 100, epoch: 3 | loss: 0.0060291
	speed: 0.0378s/iter; left time: 92.8999s
Epoch: 3 cost time: 1.9226138591766357
Epoch: 3, Steps: 142 | Train Loss: 0.0067565 Vali Loss: 0.0023623 Test Loss: 0.0022954
EarlyStopping counter: 2 out of 3
Updating learning rate to 0.00125
	iters: 100, epoch: 4 | loss: 0.0049560
	speed: 0.0399s/iter; left time: 92.3881s
Epoch: 4 cost time: 2.0409021377563477
Epoch: 4, Steps: 142 | Train Loss: 0.0065596 Vali Loss: 0.0022325 Test Loss: 0.0022328
Validation loss decreased (0.002249 --> 0.002233).  Saving model ...
Updating learning rate to 0.000625
	iters: 100, epoch: 5 | loss: 0.0057863
	speed: 0.0443s/iter; left time: 96.1628s
Epoch: 5 cost time: 2.151257276535034
Epoch: 5, Steps: 142 | Train Loss: 0.0064577 Vali Loss: 0.0021521 Test Loss: 0.0021555
Validation loss decreased (0.002233 --> 0.002152).  Saving model ...
Updating learning rate to 0.0003125
	iters: 100, epoch: 6 | loss: 0.0077450
	speed: 0.0444s/iter; left time: 90.1419s
Epoch: 6 cost time: 1.9650166034698486
Epoch: 6, Steps: 142 | Train Loss: 0.0063722 Vali Loss: 0.0021837 Test Loss: 0.0021667
EarlyStopping counter: 1 out of 3
Updating learning rate to 0.00015625
	iters: 100, epoch: 7 | loss: 0.0046492
	speed: 0.0457s/iter; left time: 86.2576s
Epoch: 7 cost time: 2.240196704864502
Epoch: 7, Steps: 142 | Train Loss: 0.0063018 Vali Loss: 0.0021976 Test Loss: 0.0021524
EarlyStopping counter: 2 out of 3
Updating learning rate to 7.8125e-05
	iters: 100, epoch: 8 | loss: 0.0037734
	speed: 0.0426s/iter; left time: 74.3563s
Epoch: 8 cost time: 1.7120752334594727
Epoch: 8, Steps: 142 | Train Loss: 0.0063067 Vali Loss: 0.0022296 Test Loss: 0.0021909
EarlyStopping counter: 3 out of 3
Early stopping
>>>>>>>testing : mirae_Linear_DLinear_S_mirae_ftM_sl72_ll48_pl12_dm512_nh8_el2_dl1_df2048_fc1_ebtimeF_dtTrue_Exp_0<<<<<<<<<<<<<<<<<<<<<<<<<<<<<<<<<
test 976
mse:0.002156, mae:0.03157
