Args in experiment:
Namespace(ver='TWM', is_training=1, model_id='mirae_Linear', model='DLinear_T', data='mirae', root_path='./data/ETT/', data_path='ETTh1.csv', features='M', target='OT', freq='h', checkpoints='./checkpoints/', seq_len=72, label_len=48, pred_len=12, individual=False, embed_type=0, enc_in=7, dec_in=7, c_out=7, d_model=512, n_heads=8, e_layers=2, d_layers=1, d_ff=2048, moving_avg=25, factor=1, distil=True, dropout=0.05, embed='timeF', activation='gelu', output_attention=False, do_predict=False, num_workers=10, itr=1, train_epochs=20, batch_size=32, patience=3, learning_rate=0.005, des='Exp', loss='mse', lradj='type1', use_amp=False, use_gpu=True, gpu=0, use_multi_gpu=False, devices='0,1,2,3', test_flop=False)
Use GPU: cuda:0
>>>>>>>start training : mirae_Linear_DLinear_T_mirae_ftM_sl72_ll48_pl12_dm512_nh8_el2_dl1_df2048_fc1_ebtimeF_dtTrue_Exp_0>>>>>>>>>>>>>>>>>>>>>>>>>>
train 4552
val 975
test 976
	iters: 100, epoch: 1 | loss: 0.0150525
	speed: 0.0351s/iter; left time: 96.0915s
Epoch: 1 cost time: 3.8238894939422607
Epoch: 1, Steps: 142 | Train Loss: 0.0309234 Vali Loss: 0.0121011 Test Loss: 0.0163841
Validation loss decreased (inf --> 0.012101).  Saving model ...
Updating learning rate to 0.005
	iters: 100, epoch: 2 | loss: 0.0102991
	speed: 0.0469s/iter; left time: 121.9876s
Epoch: 2 cost time: 2.1499617099761963
Epoch: 2, Steps: 142 | Train Loss: 0.0123580 Vali Loss: 0.0042831 Test Loss: 0.0055029
Validation loss decreased (0.012101 --> 0.004283).  Saving model ...
Updating learning rate to 0.0025
	iters: 100, epoch: 3 | loss: 0.0054957
	speed: 0.0480s/iter; left time: 118.0068s
Epoch: 3 cost time: 2.150867223739624
Epoch: 3, Steps: 142 | Train Loss: 0.0081797 Vali Loss: 0.0030838 Test Loss: 0.0036776
Validation loss decreased (0.004283 --> 0.003084).  Saving model ...
Updating learning rate to 0.00125
	iters: 100, epoch: 4 | loss: 0.0053799
	speed: 0.0505s/iter; left time: 116.9103s
Epoch: 4 cost time: 2.1524550914764404
Epoch: 4, Steps: 142 | Train Loss: 0.0073330 Vali Loss: 0.0027495 Test Loss: 0.0031866
Validation loss decreased (0.003084 --> 0.002750).  Saving model ...
Updating learning rate to 0.000625
	iters: 100, epoch: 5 | loss: 0.0064347
	speed: 0.0488s/iter; left time: 106.0392s
Epoch: 5 cost time: 2.046321153640747
Epoch: 5, Steps: 142 | Train Loss: 0.0070207 Vali Loss: 0.0027106 Test Loss: 0.0031200
Validation loss decreased (0.002750 --> 0.002711).  Saving model ...
Updating learning rate to 0.0003125
	iters: 100, epoch: 6 | loss: 0.0064093
	speed: 0.0456s/iter; left time: 92.6512s
Epoch: 6 cost time: 1.8950681686401367
Epoch: 6, Steps: 142 | Train Loss: 0.0068667 Vali Loss: 0.0025681 Test Loss: 0.0029701
Validation loss decreased (0.002711 --> 0.002568).  Saving model ...
Updating learning rate to 0.00015625
	iters: 100, epoch: 7 | loss: 0.0052597
	speed: 0.0471s/iter; left time: 88.9857s
Epoch: 7 cost time: 1.9070541858673096
Epoch: 7, Steps: 142 | Train Loss: 0.0067927 Vali Loss: 0.0026254 Test Loss: 0.0029885
EarlyStopping counter: 1 out of 3
Updating learning rate to 7.8125e-05
	iters: 100, epoch: 8 | loss: 0.0052464
	speed: 0.0473s/iter; left time: 82.6187s
Epoch: 8 cost time: 2.088878870010376
Epoch: 8, Steps: 142 | Train Loss: 0.0067700 Vali Loss: 0.0025941 Test Loss: 0.0029714
EarlyStopping counter: 2 out of 3
Updating learning rate to 3.90625e-05
	iters: 100, epoch: 9 | loss: 0.0120353
	speed: 0.0464s/iter; left time: 74.5172s
Epoch: 9 cost time: 2.008826494216919
Epoch: 9, Steps: 142 | Train Loss: 0.0067417 Vali Loss: 0.0025935 Test Loss: 0.0029611
EarlyStopping counter: 3 out of 3
Early stopping
>>>>>>>testing : mirae_Linear_DLinear_T_mirae_ftM_sl72_ll48_pl12_dm512_nh8_el2_dl1_df2048_fc1_ebtimeF_dtTrue_Exp_0<<<<<<<<<<<<<<<<<<<<<<<<<<<<<<<<<
test 976
mse:0.002970, mae:0.04384
