Args in experiment:
Namespace(ver='TWM-2', is_training=1, model_id='mirae_Linear', model='DLinear_S', data='mirae', root_path='./data/ETT/', data_path='ETTh1.csv', features='M', target='OT', freq='h', checkpoints='./checkpoints/', seq_len=72, label_len=48, pred_len=12, individual=False, embed_type=0, enc_in=7, dec_in=7, c_out=7, d_model=512, n_heads=8, e_layers=2, d_layers=1, d_ff=2048, moving_avg=25, factor=1, distil=True, dropout=0.05, embed='timeF', activation='gelu', output_attention=False, do_predict=False, num_workers=10, itr=1, train_epochs=20, batch_size=32, patience=3, learning_rate=0.005, des='Exp', loss='mse', lradj='type1', use_amp=False, use_gpu=True, gpu=0, use_multi_gpu=False, devices='0,1,2,3', test_flop=False)
Use GPU: cuda:0
>>>>>>>start training : mirae_Linear_DLinear_S_mirae_ftM_sl72_ll48_pl12_dm512_nh8_el2_dl1_df2048_fc1_ebtimeF_dtTrue_Exp_0>>>>>>>>>>>>>>>>>>>>>>>>>>
train 4552
val 975
test 976
	iters: 100, epoch: 1 | loss: 0.0061872
	speed: 0.0306s/iter; left time: 83.9660s
Epoch: 1 cost time: 3.381216526031494
Epoch: 1, Steps: 142 | Train Loss: 0.0139208 Vali Loss: 0.0018024 Test Loss: 0.0018448
Validation loss decreased (inf --> 0.001802).  Saving model ...
Updating learning rate to 0.005
	iters: 100, epoch: 2 | loss: 0.0028441
	speed: 0.0430s/iter; left time: 111.8057s
Epoch: 2 cost time: 2.0158605575561523
Epoch: 2, Steps: 142 | Train Loss: 0.0054414 Vali Loss: 0.0013981 Test Loss: 0.0014582
Validation loss decreased (0.001802 --> 0.001398).  Saving model ...
Updating learning rate to 0.0025
	iters: 100, epoch: 3 | loss: 0.0039574
	speed: 0.0464s/iter; left time: 114.0787s
Epoch: 3 cost time: 2.1384928226470947
Epoch: 3, Steps: 142 | Train Loss: 0.0044374 Vali Loss: 0.0013085 Test Loss: 0.0013499
Validation loss decreased (0.001398 --> 0.001309).  Saving model ...
Updating learning rate to 0.00125
	iters: 100, epoch: 4 | loss: 0.0036574
	speed: 0.0455s/iter; left time: 105.3380s
Epoch: 4 cost time: 2.191480875015259
Epoch: 4, Steps: 142 | Train Loss: 0.0041220 Vali Loss: 0.0012271 Test Loss: 0.0013348
Validation loss decreased (0.001309 --> 0.001227).  Saving model ...
Updating learning rate to 0.000625
	iters: 100, epoch: 5 | loss: 0.0054632
	speed: 0.0478s/iter; left time: 103.8514s
Epoch: 5 cost time: 2.2199923992156982
Epoch: 5, Steps: 142 | Train Loss: 0.0039820 Vali Loss: 0.0011925 Test Loss: 0.0013374
Validation loss decreased (0.001227 --> 0.001193).  Saving model ...
Updating learning rate to 0.0003125
	iters: 100, epoch: 6 | loss: 0.0043466
	speed: 0.0524s/iter; left time: 106.3882s
Epoch: 6 cost time: 2.2993719577789307
Epoch: 6, Steps: 142 | Train Loss: 0.0039129 Vali Loss: 0.0011804 Test Loss: 0.0013274
Validation loss decreased (0.001193 --> 0.001180).  Saving model ...
Updating learning rate to 0.00015625
	iters: 100, epoch: 7 | loss: 0.0028717
	speed: 0.0540s/iter; left time: 102.0378s
Epoch: 7 cost time: 2.188169002532959
Epoch: 7, Steps: 142 | Train Loss: 0.0038679 Vali Loss: 0.0011919 Test Loss: 0.0013264
EarlyStopping counter: 1 out of 3
Updating learning rate to 7.8125e-05
	iters: 100, epoch: 8 | loss: 0.0024664
	speed: 0.0524s/iter; left time: 91.4588s
Epoch: 8 cost time: 2.1978812217712402
Epoch: 8, Steps: 142 | Train Loss: 0.0038552 Vali Loss: 0.0011904 Test Loss: 0.0013252
EarlyStopping counter: 2 out of 3
Updating learning rate to 3.90625e-05
	iters: 100, epoch: 9 | loss: 0.0057790
	speed: 0.0494s/iter; left time: 79.2358s
Epoch: 9 cost time: 2.2244744300842285
Epoch: 9, Steps: 142 | Train Loss: 0.0038407 Vali Loss: 0.0011861 Test Loss: 0.0013271
EarlyStopping counter: 3 out of 3
Early stopping
>>>>>>>testing : mirae_Linear_DLinear_S_mirae_ftM_sl72_ll48_pl12_dm512_nh8_el2_dl1_df2048_fc1_ebtimeF_dtTrue_Exp_0<<<<<<<<<<<<<<<<<<<<<<<<<<<<<<<<<
test 976
mse:0.001327, mae:0.02600
