Args in experiment:
Namespace(ver='TWM', is_training=1, model_id='mirae_Linear', model='DLinear', data='mirae', root_path='./data/ETT/', data_path='ETTh1.csv', features='M', target='OT', freq='h', checkpoints='./checkpoints/', seq_len=72, label_len=48, pred_len=12, individual=False, embed_type=0, enc_in=7, dec_in=7, c_out=7, d_model=512, n_heads=8, e_layers=2, d_layers=1, d_ff=2048, moving_avg=25, factor=1, distil=True, dropout=0.05, embed='timeF', activation='gelu', output_attention=False, do_predict=False, num_workers=10, itr=1, train_epochs=20, batch_size=32, patience=3, learning_rate=0.005, des='Exp', loss='mse', lradj='type1', use_amp=False, use_gpu=True, gpu=0, use_multi_gpu=False, devices='0,1,2,3', test_flop=False)
Use GPU: cuda:0
>>>>>>>start training : mirae_Linear_DLinear_mirae_ftM_sl72_ll48_pl12_dm512_nh8_el2_dl1_df2048_fc1_ebtimeF_dtTrue_Exp_0>>>>>>>>>>>>>>>>>>>>>>>>>>
train 4552
val 975
test 976
	iters: 100, epoch: 1 | loss: 0.0099400
	speed: 0.0324s/iter; left time: 88.8074s
Epoch: 1 cost time: 3.536355495452881
Epoch: 1, Steps: 142 | Train Loss: 0.0234598 Vali Loss: 0.0025729 Test Loss: 0.0054040
Validation loss decreased (inf --> 0.002573).  Saving model ...
Updating learning rate to 0.005
	iters: 100, epoch: 2 | loss: 0.0064846
	speed: 0.0383s/iter; left time: 99.6025s
Epoch: 2 cost time: 1.9249398708343506
Epoch: 2, Steps: 142 | Train Loss: 0.0074320 Vali Loss: 0.0023742 Test Loss: 0.0028013
Validation loss decreased (0.002573 --> 0.002374).  Saving model ...
Updating learning rate to 0.0025
	iters: 100, epoch: 3 | loss: 0.0037436
	speed: 0.0366s/iter; left time: 89.9341s
Epoch: 3 cost time: 1.845348596572876
Epoch: 3, Steps: 142 | Train Loss: 0.0049148 Vali Loss: 0.0015792 Test Loss: 0.0019409
Validation loss decreased (0.002374 --> 0.001579).  Saving model ...
Updating learning rate to 0.00125
	iters: 100, epoch: 4 | loss: 0.0039017
	speed: 0.0418s/iter; left time: 96.6836s
Epoch: 4 cost time: 1.7683250904083252
Epoch: 4, Steps: 142 | Train Loss: 0.0045425 Vali Loss: 0.0014006 Test Loss: 0.0019415
Validation loss decreased (0.001579 --> 0.001401).  Saving model ...
Updating learning rate to 0.000625
	iters: 100, epoch: 5 | loss: 0.0044690
	speed: 0.0419s/iter; left time: 91.1204s
Epoch: 5 cost time: 1.9148426055908203
Epoch: 5, Steps: 142 | Train Loss: 0.0041623 Vali Loss: 0.0015398 Test Loss: 0.0019691
EarlyStopping counter: 1 out of 3
Updating learning rate to 0.0003125
	iters: 100, epoch: 6 | loss: 0.0033512
	speed: 0.0427s/iter; left time: 86.6846s
Epoch: 6 cost time: 1.9334075450897217
Epoch: 6, Steps: 142 | Train Loss: 0.0040202 Vali Loss: 0.0014125 Test Loss: 0.0019032
EarlyStopping counter: 2 out of 3
Updating learning rate to 0.00015625
	iters: 100, epoch: 7 | loss: 0.0043097
	speed: 0.0407s/iter; left time: 76.8419s
Epoch: 7 cost time: 1.9806342124938965
Epoch: 7, Steps: 142 | Train Loss: 0.0039686 Vali Loss: 0.0014201 Test Loss: 0.0018964
EarlyStopping counter: 3 out of 3
Early stopping
>>>>>>>testing : mirae_Linear_DLinear_mirae_ftM_sl72_ll48_pl12_dm512_nh8_el2_dl1_df2048_fc1_ebtimeF_dtTrue_Exp_0<<<<<<<<<<<<<<<<<<<<<<<<<<<<<<<<<
test 976
mse:0.001942, mae:0.03274
