Args in experiment:
Namespace(ver='TCM', is_training=1, model_id='mirae_Linear', model='DLinear_T', data='mirae', root_path='./data/ETT/', data_path='ETTh1.csv', features='M', target='OT', freq='h', checkpoints='./checkpoints/', seq_len=72, label_len=48, pred_len=12, individual=False, embed_type=0, enc_in=7, dec_in=7, c_out=7, d_model=512, n_heads=8, e_layers=2, d_layers=1, d_ff=2048, moving_avg=25, factor=1, distil=True, dropout=0.05, embed='timeF', activation='gelu', output_attention=False, do_predict=False, num_workers=10, itr=1, train_epochs=20, batch_size=32, patience=3, learning_rate=0.005, des='Exp', loss='mse', lradj='type1', use_amp=False, use_gpu=True, gpu=0, use_multi_gpu=False, devices='0,1,2,3', test_flop=False)
Use GPU: cuda:0
>>>>>>>start training : mirae_Linear_DLinear_T_mirae_ftM_sl72_ll48_pl12_dm512_nh8_el2_dl1_df2048_fc1_ebtimeF_dtTrue_Exp_0>>>>>>>>>>>>>>>>>>>>>>>>>>
train 4552
val 975
test 976
	iters: 100, epoch: 1 | loss: 0.0183397
	speed: 0.0396s/iter; left time: 108.6212s
Epoch: 1 cost time: 4.299941539764404
Epoch: 1, Steps: 142 | Train Loss: 0.1097337 Vali Loss: 0.0072915 Test Loss: 0.0105012
Validation loss decreased (inf --> 0.007292).  Saving model ...
Updating learning rate to 0.005
	iters: 100, epoch: 2 | loss: 0.0230261
	speed: 0.0515s/iter; left time: 133.9754s
Epoch: 2 cost time: 2.424849033355713
Epoch: 2, Steps: 142 | Train Loss: 0.0238430 Vali Loss: 0.0080203 Test Loss: 0.0109475
EarlyStopping counter: 1 out of 3
Updating learning rate to 0.0025
	iters: 100, epoch: 3 | loss: 0.0183550
	speed: 0.0503s/iter; left time: 123.5222s
Epoch: 3 cost time: 2.1147115230560303
Epoch: 3, Steps: 142 | Train Loss: 0.0214713 Vali Loss: 0.0057637 Test Loss: 0.0083086
Validation loss decreased (0.007292 --> 0.005764).  Saving model ...
Updating learning rate to 0.00125
	iters: 100, epoch: 4 | loss: 0.0156007
	speed: 0.0511s/iter; left time: 118.2470s
Epoch: 4 cost time: 2.2491073608398438
Epoch: 4, Steps: 142 | Train Loss: 0.0199707 Vali Loss: 0.0067558 Test Loss: 0.0091984
EarlyStopping counter: 1 out of 3
Updating learning rate to 0.000625
	iters: 100, epoch: 5 | loss: 0.0122804
	speed: 0.0525s/iter; left time: 114.1520s
Epoch: 5 cost time: 2.225656032562256
Epoch: 5, Steps: 142 | Train Loss: 0.0194913 Vali Loss: 0.0063493 Test Loss: 0.0088384
EarlyStopping counter: 2 out of 3
Updating learning rate to 0.0003125
	iters: 100, epoch: 6 | loss: 0.0168540
	speed: 0.0485s/iter; left time: 98.4163s
Epoch: 6 cost time: 2.0492923259735107
Epoch: 6, Steps: 142 | Train Loss: 0.0191202 Vali Loss: 0.0063647 Test Loss: 0.0088237
EarlyStopping counter: 3 out of 3
Early stopping
>>>>>>>testing : mirae_Linear_DLinear_T_mirae_ftM_sl72_ll48_pl12_dm512_nh8_el2_dl1_df2048_fc1_ebtimeF_dtTrue_Exp_0<<<<<<<<<<<<<<<<<<<<<<<<<<<<<<<<<
test 976
mse:0.008309, mae:0.08215
