Args in experiment:
Namespace(ver='TWM', is_training=1, model_id='mirae_Linear', model='DLinear', data='mirae', root_path='./data/ETT/', data_path='ETTh1.csv', features='M', target='OT', freq='h', checkpoints='./checkpoints/', seq_len=72, label_len=48, pred_len=12, individual=False, embed_type=0, enc_in=7, dec_in=7, c_out=7, d_model=512, n_heads=8, e_layers=2, d_layers=1, d_ff=2048, moving_avg=25, factor=1, distil=True, dropout=0.05, embed='timeF', activation='gelu', output_attention=False, do_predict=False, num_workers=10, itr=1, train_epochs=20, batch_size=32, patience=3, learning_rate=0.005, des='Exp', loss='mse', lradj='type1', use_amp=False, use_gpu=True, gpu=0, use_multi_gpu=False, devices='0,1,2,3', test_flop=False)
Use GPU: cuda:0
>>>>>>>start training : mirae_Linear_DLinear_mirae_ftM_sl72_ll48_pl12_dm512_nh8_el2_dl1_df2048_fc1_ebtimeF_dtTrue_Exp_0>>>>>>>>>>>>>>>>>>>>>>>>>>
train 4552
val 975
test 976
	iters: 100, epoch: 1 | loss: 0.0066687
	speed: 0.0334s/iter; left time: 91.6218s
Epoch: 1 cost time: 3.7272918224334717
Epoch: 1, Steps: 142 | Train Loss: 0.0211898 Vali Loss: 0.0029199 Test Loss: 0.0029357
Validation loss decreased (inf --> 0.002920).  Saving model ...
Updating learning rate to 0.005
	iters: 100, epoch: 2 | loss: 0.0082876
	speed: 0.0372s/iter; left time: 96.7310s
Epoch: 2 cost time: 1.7535858154296875
Epoch: 2, Steps: 142 | Train Loss: 0.0083878 Vali Loss: 0.0023202 Test Loss: 0.0023188
Validation loss decreased (0.002920 --> 0.002320).  Saving model ...
Updating learning rate to 0.0025
	iters: 100, epoch: 3 | loss: 0.0170727
	speed: 0.0400s/iter; left time: 98.3208s
Epoch: 3 cost time: 1.79305100440979
Epoch: 3, Steps: 142 | Train Loss: 0.0070062 Vali Loss: 0.0027312 Test Loss: 0.0025156
EarlyStopping counter: 1 out of 3
Updating learning rate to 0.00125
	iters: 100, epoch: 4 | loss: 0.0037589
	speed: 0.0403s/iter; left time: 93.3644s
Epoch: 4 cost time: 1.8484923839569092
Epoch: 4, Steps: 142 | Train Loss: 0.0067404 Vali Loss: 0.0022463 Test Loss: 0.0021871
Validation loss decreased (0.002320 --> 0.002246).  Saving model ...
Updating learning rate to 0.000625
	iters: 100, epoch: 5 | loss: 0.0044150
	speed: 0.0468s/iter; left time: 101.7224s
Epoch: 5 cost time: 2.0411376953125
Epoch: 5, Steps: 142 | Train Loss: 0.0066118 Vali Loss: 0.0022656 Test Loss: 0.0022036
EarlyStopping counter: 1 out of 3
Updating learning rate to 0.0003125
	iters: 100, epoch: 6 | loss: 0.0048337
	speed: 0.0429s/iter; left time: 87.1896s
Epoch: 6 cost time: 1.9858195781707764
Epoch: 6, Steps: 142 | Train Loss: 0.0065444 Vali Loss: 0.0022396 Test Loss: 0.0021856
Validation loss decreased (0.002246 --> 0.002240).  Saving model ...
Updating learning rate to 0.00015625
	iters: 100, epoch: 7 | loss: 0.0111988
	speed: 0.0419s/iter; left time: 79.1544s
Epoch: 7 cost time: 1.7063748836517334
Epoch: 7, Steps: 142 | Train Loss: 0.0065180 Vali Loss: 0.0023046 Test Loss: 0.0022374
EarlyStopping counter: 1 out of 3
Updating learning rate to 7.8125e-05
	iters: 100, epoch: 8 | loss: 0.0039750
	speed: 0.0400s/iter; left time: 69.7943s
Epoch: 8 cost time: 1.7702088356018066
Epoch: 8, Steps: 142 | Train Loss: 0.0064929 Vali Loss: 0.0022900 Test Loss: 0.0022190
EarlyStopping counter: 2 out of 3
Updating learning rate to 3.90625e-05
	iters: 100, epoch: 9 | loss: 0.0062130
	speed: 0.0419s/iter; left time: 67.3007s
Epoch: 9 cost time: 1.674828290939331
Epoch: 9, Steps: 142 | Train Loss: 0.0064857 Vali Loss: 0.0022814 Test Loss: 0.0022120
EarlyStopping counter: 3 out of 3
Early stopping
>>>>>>>testing : mirae_Linear_DLinear_mirae_ftM_sl72_ll48_pl12_dm512_nh8_el2_dl1_df2048_fc1_ebtimeF_dtTrue_Exp_0<<<<<<<<<<<<<<<<<<<<<<<<<<<<<<<<<
test 976
mse:0.002186, mae:0.03216
