Args in experiment:
Namespace(ver='TWM', is_training=1, model_id='mirae_Linear', model='DLinear', data='mirae', root_path='./data/ETT/', data_path='ETTh1.csv', features='M', target='OT', freq='h', checkpoints='./checkpoints/', seq_len=72, label_len=48, pred_len=12, individual=False, embed_type=0, enc_in=7, dec_in=7, c_out=7, d_model=512, n_heads=8, e_layers=2, d_layers=1, d_ff=2048, moving_avg=25, factor=1, distil=True, dropout=0.05, embed='timeF', activation='gelu', output_attention=False, do_predict=False, num_workers=10, itr=1, train_epochs=20, batch_size=32, patience=3, learning_rate=0.005, des='Exp', loss='mse', lradj='type1', use_amp=False, use_gpu=True, gpu=0, use_multi_gpu=False, devices='0,1,2,3', test_flop=False)
Use GPU: cuda:0
>>>>>>>start training : mirae_Linear_DLinear_mirae_ftM_sl72_ll48_pl12_dm512_nh8_el2_dl1_df2048_fc1_ebtimeF_dtTrue_Exp_0>>>>>>>>>>>>>>>>>>>>>>>>>>
train 4552
val 975
test 976
	iters: 100, epoch: 1 | loss: 0.0237154
	speed: 0.0321s/iter; left time: 87.9808s
Epoch: 1 cost time: 3.562875986099243
Epoch: 1, Steps: 142 | Train Loss: 0.0342265 Vali Loss: 0.0156571 Test Loss: 0.0218253
Validation loss decreased (inf --> 0.015657).  Saving model ...
Updating learning rate to 0.005
	iters: 100, epoch: 2 | loss: 0.0182387
	speed: 0.0446s/iter; left time: 115.9287s
Epoch: 2 cost time: 2.0515167713165283
Epoch: 2, Steps: 142 | Train Loss: 0.0177654 Vali Loss: 0.0077864 Test Loss: 0.0113629
Validation loss decreased (0.015657 --> 0.007786).  Saving model ...
Updating learning rate to 0.0025
	iters: 100, epoch: 3 | loss: 0.0201018
	speed: 0.0465s/iter; left time: 114.3490s
Epoch: 3 cost time: 2.0596847534179688
Epoch: 3, Steps: 142 | Train Loss: 0.0130218 Vali Loss: 0.0065411 Test Loss: 0.0094825
Validation loss decreased (0.007786 --> 0.006541).  Saving model ...
Updating learning rate to 0.00125
	iters: 100, epoch: 4 | loss: 0.0099378
	speed: 0.0449s/iter; left time: 103.9753s
Epoch: 4 cost time: 1.892643690109253
Epoch: 4, Steps: 142 | Train Loss: 0.0114719 Vali Loss: 0.0058256 Test Loss: 0.0084821
Validation loss decreased (0.006541 --> 0.005826).  Saving model ...
Updating learning rate to 0.000625
	iters: 100, epoch: 5 | loss: 0.0106360
	speed: 0.0431s/iter; left time: 93.6655s
Epoch: 5 cost time: 1.9330463409423828
Epoch: 5, Steps: 142 | Train Loss: 0.0108371 Vali Loss: 0.0054143 Test Loss: 0.0079135
Validation loss decreased (0.005826 --> 0.005414).  Saving model ...
Updating learning rate to 0.0003125
	iters: 100, epoch: 6 | loss: 0.0070852
	speed: 0.0471s/iter; left time: 95.6629s
Epoch: 6 cost time: 2.0481104850769043
Epoch: 6, Steps: 142 | Train Loss: 0.0105440 Vali Loss: 0.0051788 Test Loss: 0.0075382
Validation loss decreased (0.005414 --> 0.005179).  Saving model ...
Updating learning rate to 0.00015625
	iters: 100, epoch: 7 | loss: 0.0169359
	speed: 0.0484s/iter; left time: 91.4608s
Epoch: 7 cost time: 2.107158899307251
Epoch: 7, Steps: 142 | Train Loss: 0.0104068 Vali Loss: 0.0049891 Test Loss: 0.0073348
Validation loss decreased (0.005179 --> 0.004989).  Saving model ...
Updating learning rate to 7.8125e-05
	iters: 100, epoch: 8 | loss: 0.0076227
	speed: 0.0503s/iter; left time: 87.9300s
Epoch: 8 cost time: 2.259645462036133
Epoch: 8, Steps: 142 | Train Loss: 0.0103277 Vali Loss: 0.0049841 Test Loss: 0.0072846
Validation loss decreased (0.004989 --> 0.004984).  Saving model ...
Updating learning rate to 3.90625e-05
	iters: 100, epoch: 9 | loss: 0.0085017
	speed: 0.0508s/iter; left time: 81.5180s
Epoch: 9 cost time: 2.2186734676361084
Epoch: 9, Steps: 142 | Train Loss: 0.0102934 Vali Loss: 0.0049805 Test Loss: 0.0072501
Validation loss decreased (0.004984 --> 0.004981).  Saving model ...
Updating learning rate to 1.953125e-05
	iters: 100, epoch: 10 | loss: 0.0089425
	speed: 0.0463s/iter; left time: 67.7066s
Epoch: 10 cost time: 2.0610995292663574
Epoch: 10, Steps: 142 | Train Loss: 0.0102742 Vali Loss: 0.0049280 Test Loss: 0.0072313
Validation loss decreased (0.004981 --> 0.004928).  Saving model ...
Updating learning rate to 9.765625e-06
	iters: 100, epoch: 11 | loss: 0.0085920
	speed: 0.0459s/iter; left time: 60.6425s
Epoch: 11 cost time: 2.0200343132019043
Epoch: 11, Steps: 142 | Train Loss: 0.0102671 Vali Loss: 0.0049636 Test Loss: 0.0072235
EarlyStopping counter: 1 out of 3
Updating learning rate to 4.8828125e-06
	iters: 100, epoch: 12 | loss: 0.0093590
	speed: 0.0434s/iter; left time: 51.2047s
Epoch: 12 cost time: 1.8498625755310059
Epoch: 12, Steps: 142 | Train Loss: 0.0102521 Vali Loss: 0.0049383 Test Loss: 0.0072162
EarlyStopping counter: 2 out of 3
Updating learning rate to 2.44140625e-06
	iters: 100, epoch: 13 | loss: 0.0086808
	speed: 0.0483s/iter; left time: 50.1332s
Epoch: 13 cost time: 1.977989673614502
Epoch: 13, Steps: 142 | Train Loss: 0.0102535 Vali Loss: 0.0049443 Test Loss: 0.0072160
EarlyStopping counter: 3 out of 3
Early stopping
>>>>>>>testing : mirae_Linear_DLinear_mirae_ftM_sl72_ll48_pl12_dm512_nh8_el2_dl1_df2048_fc1_ebtimeF_dtTrue_Exp_0<<<<<<<<<<<<<<<<<<<<<<<<<<<<<<<<<
test 976
mse:0.007231, mae:0.07654
