Args in experiment:
Namespace(ver='TWM', is_training=1, model_id='mirae_Linear', model='DLinear_T', data='mirae', root_path='./data/ETT/', data_path='ETTh1.csv', features='M', target='OT', freq='h', checkpoints='./checkpoints/', seq_len=72, label_len=48, pred_len=12, individual=False, embed_type=0, enc_in=7, dec_in=7, c_out=7, d_model=512, n_heads=8, e_layers=2, d_layers=1, d_ff=2048, moving_avg=25, factor=1, distil=True, dropout=0.05, embed='timeF', activation='gelu', output_attention=False, do_predict=False, num_workers=10, itr=1, train_epochs=20, batch_size=32, patience=3, learning_rate=0.005, des='Exp', loss='mse', lradj='type1', use_amp=False, use_gpu=True, gpu=0, use_multi_gpu=False, devices='0,1,2,3', test_flop=False)
Use GPU: cuda:0
>>>>>>>start training : mirae_Linear_DLinear_T_mirae_ftM_sl72_ll48_pl12_dm512_nh8_el2_dl1_df2048_fc1_ebtimeF_dtTrue_Exp_0>>>>>>>>>>>>>>>>>>>>>>>>>>
train 4552
val 975
test 976
	iters: 100, epoch: 1 | loss: 0.0134577
	speed: 0.0362s/iter; left time: 99.1125s
Epoch: 1 cost time: 3.9557318687438965
Epoch: 1, Steps: 142 | Train Loss: 0.0511955 Vali Loss: 0.0076868 Test Loss: 0.0096981
Validation loss decreased (inf --> 0.007687).  Saving model ...
Updating learning rate to 0.005
	iters: 100, epoch: 2 | loss: 0.0170062
	speed: 0.0455s/iter; left time: 118.3426s
Epoch: 2 cost time: 2.0293378829956055
Epoch: 2, Steps: 142 | Train Loss: 0.0145077 Vali Loss: 0.0037723 Test Loss: 0.0049886
Validation loss decreased (0.007687 --> 0.003772).  Saving model ...
Updating learning rate to 0.0025
	iters: 100, epoch: 3 | loss: 0.0216707
	speed: 0.0449s/iter; left time: 110.4397s
Epoch: 3 cost time: 2.036076784133911
Epoch: 3, Steps: 142 | Train Loss: 0.0093608 Vali Loss: 0.0030763 Test Loss: 0.0037823
Validation loss decreased (0.003772 --> 0.003076).  Saving model ...
Updating learning rate to 0.00125
	iters: 100, epoch: 4 | loss: 0.0051125
	speed: 0.0455s/iter; left time: 105.3796s
Epoch: 4 cost time: 1.9891753196716309
Epoch: 4, Steps: 142 | Train Loss: 0.0078869 Vali Loss: 0.0031649 Test Loss: 0.0035736
EarlyStopping counter: 1 out of 3
Updating learning rate to 0.000625
	iters: 100, epoch: 5 | loss: 0.0053971
	speed: 0.0447s/iter; left time: 97.0674s
Epoch: 5 cost time: 1.9529070854187012
Epoch: 5, Steps: 142 | Train Loss: 0.0073236 Vali Loss: 0.0022797 Test Loss: 0.0028249
Validation loss decreased (0.003076 --> 0.002280).  Saving model ...
Updating learning rate to 0.0003125
	iters: 100, epoch: 6 | loss: 0.0059775
	speed: 0.0420s/iter; left time: 85.3782s
Epoch: 6 cost time: 1.92537260055542
Epoch: 6, Steps: 142 | Train Loss: 0.0070375 Vali Loss: 0.0021428 Test Loss: 0.0025992
Validation loss decreased (0.002280 --> 0.002143).  Saving model ...
Updating learning rate to 0.00015625
	iters: 100, epoch: 7 | loss: 0.0135762
	speed: 0.0408s/iter; left time: 77.1025s
Epoch: 7 cost time: 1.8860163688659668
Epoch: 7, Steps: 142 | Train Loss: 0.0069295 Vali Loss: 0.0022762 Test Loss: 0.0027252
EarlyStopping counter: 1 out of 3
Updating learning rate to 7.8125e-05
	iters: 100, epoch: 8 | loss: 0.0043002
	speed: 0.0417s/iter; left time: 72.7961s
Epoch: 8 cost time: 2.1121199131011963
Epoch: 8, Steps: 142 | Train Loss: 0.0068622 Vali Loss: 0.0022377 Test Loss: 0.0026631
EarlyStopping counter: 2 out of 3
Updating learning rate to 3.90625e-05
	iters: 100, epoch: 9 | loss: 0.0058801
	speed: 0.0388s/iter; left time: 62.3230s
Epoch: 9 cost time: 1.7976319789886475
Epoch: 9, Steps: 142 | Train Loss: 0.0068321 Vali Loss: 0.0021957 Test Loss: 0.0026188
EarlyStopping counter: 3 out of 3
Early stopping
>>>>>>>testing : mirae_Linear_DLinear_T_mirae_ftM_sl72_ll48_pl12_dm512_nh8_el2_dl1_df2048_fc1_ebtimeF_dtTrue_Exp_0<<<<<<<<<<<<<<<<<<<<<<<<<<<<<<<<<
test 976
mse:0.002599, mae:0.03799
