Args in experiment:
Namespace(ver='TPM', is_training=1, model_id='mirae_Linear', model='DLinear', data='mirae', root_path='./data/ETT/', data_path='ETTh1.csv', features='M', target='OT', freq='h', checkpoints='./checkpoints/', seq_len=72, label_len=48, pred_len=12, individual=False, embed_type=0, enc_in=7, dec_in=7, c_out=7, d_model=512, n_heads=8, e_layers=2, d_layers=1, d_ff=2048, moving_avg=25, factor=1, distil=True, dropout=0.05, embed='timeF', activation='gelu', output_attention=False, do_predict=False, num_workers=10, itr=1, train_epochs=20, batch_size=32, patience=3, learning_rate=0.005, des='Exp', loss='mse', lradj='type1', use_amp=False, use_gpu=True, gpu=0, use_multi_gpu=False, devices='0,1,2,3', test_flop=False)
Use GPU: cuda:0
>>>>>>>start training : mirae_Linear_DLinear_mirae_ftM_sl72_ll48_pl12_dm512_nh8_el2_dl1_df2048_fc1_ebtimeF_dtTrue_Exp_0>>>>>>>>>>>>>>>>>>>>>>>>>>
train 4552
val 975
test 976
	iters: 100, epoch: 1 | loss: 0.0258998
	speed: 0.0293s/iter; left time: 80.1885s
Epoch: 1 cost time: 3.275070905685425
Epoch: 1, Steps: 142 | Train Loss: 0.0591536 Vali Loss: 0.0124341 Test Loss: 0.0172325
Validation loss decreased (inf --> 0.012434).  Saving model ...
Updating learning rate to 0.005
	iters: 100, epoch: 2 | loss: 0.0158386
	speed: 0.0386s/iter; left time: 100.2808s
Epoch: 2 cost time: 2.0102694034576416
Epoch: 2, Steps: 142 | Train Loss: 0.0158679 Vali Loss: 0.0108404 Test Loss: 0.0121022
Validation loss decreased (0.012434 --> 0.010840).  Saving model ...
Updating learning rate to 0.0025
	iters: 100, epoch: 3 | loss: 0.0123559
	speed: 0.0420s/iter; left time: 103.1351s
Epoch: 3 cost time: 2.017500877380371
Epoch: 3, Steps: 142 | Train Loss: 0.0120040 Vali Loss: 0.0098748 Test Loss: 0.0102647
Validation loss decreased (0.010840 --> 0.009875).  Saving model ...
Updating learning rate to 0.00125
	iters: 100, epoch: 4 | loss: 0.0121145
	speed: 0.0392s/iter; left time: 90.6987s
Epoch: 4 cost time: 1.9444363117218018
Epoch: 4, Steps: 142 | Train Loss: 0.0100162 Vali Loss: 0.0112238 Test Loss: 0.0112213
EarlyStopping counter: 1 out of 3
Updating learning rate to 0.000625
	iters: 100, epoch: 5 | loss: 0.0066115
	speed: 0.0400s/iter; left time: 86.8853s
Epoch: 5 cost time: 1.9946553707122803
Epoch: 5, Steps: 142 | Train Loss: 0.0089797 Vali Loss: 0.0109134 Test Loss: 0.0105880
EarlyStopping counter: 2 out of 3
Updating learning rate to 0.0003125
	iters: 100, epoch: 6 | loss: 0.0099437
	speed: 0.0399s/iter; left time: 81.0684s
Epoch: 6 cost time: 1.918644905090332
Epoch: 6, Steps: 142 | Train Loss: 0.0085560 Vali Loss: 0.0105074 Test Loss: 0.0101199
EarlyStopping counter: 3 out of 3
Early stopping
>>>>>>>testing : mirae_Linear_DLinear_mirae_ftM_sl72_ll48_pl12_dm512_nh8_el2_dl1_df2048_fc1_ebtimeF_dtTrue_Exp_0<<<<<<<<<<<<<<<<<<<<<<<<<<<<<<<<<
test 976
mse:0.010265, mae:0.08525
