Args in experiment:
Namespace(ver='TPM', is_training=1, model_id='mirae_Linear', model='DLinear_S', data='mirae', root_path='./data/ETT/', data_path='ETTh1.csv', features='M', target='OT', freq='h', checkpoints='./checkpoints/', seq_len=72, label_len=48, pred_len=12, individual=False, embed_type=0, enc_in=7, dec_in=7, c_out=7, d_model=512, n_heads=8, e_layers=2, d_layers=1, d_ff=2048, moving_avg=25, factor=1, distil=True, dropout=0.05, embed='timeF', activation='gelu', output_attention=False, do_predict=False, num_workers=10, itr=1, train_epochs=20, batch_size=32, patience=3, learning_rate=0.005, des='Exp', loss='mse', lradj='type1', use_amp=False, use_gpu=True, gpu=0, use_multi_gpu=False, devices='0,1,2,3', test_flop=False)
Use GPU: cuda:0
>>>>>>>start training : mirae_Linear_DLinear_S_mirae_ftM_sl72_ll48_pl12_dm512_nh8_el2_dl1_df2048_fc1_ebtimeF_dtTrue_Exp_0>>>>>>>>>>>>>>>>>>>>>>>>>>
train 4552
val 975
test 976
	iters: 100, epoch: 1 | loss: 0.0105335
	speed: 0.0309s/iter; left time: 84.7939s
Epoch: 1 cost time: 3.3934521675109863
Epoch: 1, Steps: 142 | Train Loss: 0.0182128 Vali Loss: 0.0030506 Test Loss: 0.0026923
Validation loss decreased (inf --> 0.003051).  Saving model ...
Updating learning rate to 0.005
	iters: 100, epoch: 2 | loss: 0.0067396
	speed: 0.0414s/iter; left time: 107.5091s
Epoch: 2 cost time: 1.9050877094268799
Epoch: 2, Steps: 142 | Train Loss: 0.0066848 Vali Loss: 0.0022164 Test Loss: 0.0019896
Validation loss decreased (0.003051 --> 0.002216).  Saving model ...
Updating learning rate to 0.0025
	iters: 100, epoch: 3 | loss: 0.0056188
	speed: 0.0464s/iter; left time: 114.0292s
Epoch: 3 cost time: 2.0235135555267334
Epoch: 3, Steps: 142 | Train Loss: 0.0054451 Vali Loss: 0.0019988 Test Loss: 0.0018936
Validation loss decreased (0.002216 --> 0.001999).  Saving model ...
Updating learning rate to 0.00125
	iters: 100, epoch: 4 | loss: 0.0033446
	speed: 0.0488s/iter; left time: 113.0643s
Epoch: 4 cost time: 2.0283775329589844
Epoch: 4, Steps: 142 | Train Loss: 0.0047497 Vali Loss: 0.0018985 Test Loss: 0.0018305
Validation loss decreased (0.001999 --> 0.001899).  Saving model ...
Updating learning rate to 0.000625
	iters: 100, epoch: 5 | loss: 0.0052150
	speed: 0.0483s/iter; left time: 104.9054s
Epoch: 5 cost time: 2.1515424251556396
Epoch: 5, Steps: 142 | Train Loss: 0.0044710 Vali Loss: 0.0018984 Test Loss: 0.0017837
Validation loss decreased (0.001899 --> 0.001898).  Saving model ...
Updating learning rate to 0.0003125
	iters: 100, epoch: 6 | loss: 0.0032815
	speed: 0.0501s/iter; left time: 101.7680s
Epoch: 6 cost time: 2.3093230724334717
Epoch: 6, Steps: 142 | Train Loss: 0.0043443 Vali Loss: 0.0018617 Test Loss: 0.0017762
Validation loss decreased (0.001898 --> 0.001862).  Saving model ...
Updating learning rate to 0.00015625
	iters: 100, epoch: 7 | loss: 0.0021915
	speed: 0.0482s/iter; left time: 90.9817s
Epoch: 7 cost time: 2.0468125343322754
Epoch: 7, Steps: 142 | Train Loss: 0.0042305 Vali Loss: 0.0018027 Test Loss: 0.0017017
Validation loss decreased (0.001862 --> 0.001803).  Saving model ...
Updating learning rate to 7.8125e-05
	iters: 100, epoch: 8 | loss: 0.0048614
	speed: 0.0470s/iter; left time: 82.0680s
Epoch: 8 cost time: 2.0767462253570557
Epoch: 8, Steps: 142 | Train Loss: 0.0041769 Vali Loss: 0.0018170 Test Loss: 0.0016910
EarlyStopping counter: 1 out of 3
Updating learning rate to 3.90625e-05
	iters: 100, epoch: 9 | loss: 0.0055498
	speed: 0.0477s/iter; left time: 76.5417s
Epoch: 9 cost time: 2.183720350265503
Epoch: 9, Steps: 142 | Train Loss: 0.0041519 Vali Loss: 0.0018063 Test Loss: 0.0016909
EarlyStopping counter: 2 out of 3
Updating learning rate to 1.953125e-05
	iters: 100, epoch: 10 | loss: 0.0038979
	speed: 0.0483s/iter; left time: 70.7216s
Epoch: 10 cost time: 2.107771396636963
Epoch: 10, Steps: 142 | Train Loss: 0.0041274 Vali Loss: 0.0018054 Test Loss: 0.0016956
EarlyStopping counter: 3 out of 3
Early stopping
>>>>>>>testing : mirae_Linear_DLinear_S_mirae_ftM_sl72_ll48_pl12_dm512_nh8_el2_dl1_df2048_fc1_ebtimeF_dtTrue_Exp_0<<<<<<<<<<<<<<<<<<<<<<<<<<<<<<<<<
test 976
mse:0.001702, mae:0.03142
