Args in experiment:
Namespace(ver='TWM', is_training=1, model_id='mirae_Linear', model='DLinear_S', data='mirae', root_path='./data/ETT/', data_path='ETTh1.csv', features='M', target='OT', freq='h', checkpoints='./checkpoints/', seq_len=72, label_len=48, pred_len=12, individual=False, embed_type=0, enc_in=7, dec_in=7, c_out=7, d_model=512, n_heads=8, e_layers=2, d_layers=1, d_ff=2048, moving_avg=25, factor=1, distil=True, dropout=0.05, embed='timeF', activation='gelu', output_attention=False, do_predict=False, num_workers=10, itr=1, train_epochs=20, batch_size=32, patience=3, learning_rate=0.005, des='Exp', loss='mse', lradj='type1', use_amp=False, use_gpu=True, gpu=0, use_multi_gpu=False, devices='0,1,2,3', test_flop=False)
Use GPU: cuda:0
>>>>>>>start training : mirae_Linear_DLinear_S_mirae_ftM_sl72_ll48_pl12_dm512_nh8_el2_dl1_df2048_fc1_ebtimeF_dtTrue_Exp_0>>>>>>>>>>>>>>>>>>>>>>>>>>
train 4552
val 975
test 976
	iters: 100, epoch: 1 | loss: 0.0117185
	speed: 0.0365s/iter; left time: 99.9190s
Epoch: 1 cost time: 3.9785549640655518
Epoch: 1, Steps: 142 | Train Loss: 0.0126764 Vali Loss: 0.0023546 Test Loss: 0.0024353
Validation loss decreased (inf --> 0.002355).  Saving model ...
Updating learning rate to 0.005
	iters: 100, epoch: 2 | loss: 0.0051972
	speed: 0.0397s/iter; left time: 103.2317s
Epoch: 2 cost time: 1.7259771823883057
Epoch: 2, Steps: 142 | Train Loss: 0.0072694 Vali Loss: 0.0022660 Test Loss: 0.0021331
Validation loss decreased (0.002355 --> 0.002266).  Saving model ...
Updating learning rate to 0.0025
	iters: 100, epoch: 3 | loss: 0.0059653
	speed: 0.0392s/iter; left time: 96.3414s
Epoch: 3 cost time: 1.6988379955291748
Epoch: 3, Steps: 142 | Train Loss: 0.0067548 Vali Loss: 0.0022563 Test Loss: 0.0022111
Validation loss decreased (0.002266 --> 0.002256).  Saving model ...
Updating learning rate to 0.00125
	iters: 100, epoch: 4 | loss: 0.0038343
	speed: 0.0390s/iter; left time: 90.3682s
Epoch: 4 cost time: 1.6914639472961426
Epoch: 4, Steps: 142 | Train Loss: 0.0065914 Vali Loss: 0.0022392 Test Loss: 0.0022303
Validation loss decreased (0.002256 --> 0.002239).  Saving model ...
Updating learning rate to 0.000625
	iters: 100, epoch: 5 | loss: 0.0080116
	speed: 0.0389s/iter; left time: 84.6021s
Epoch: 5 cost time: 1.9574611186981201
Epoch: 5, Steps: 142 | Train Loss: 0.0064716 Vali Loss: 0.0021729 Test Loss: 0.0021798
Validation loss decreased (0.002239 --> 0.002173).  Saving model ...
Updating learning rate to 0.0003125
	iters: 100, epoch: 6 | loss: 0.0053863
	speed: 0.0444s/iter; left time: 90.2243s
Epoch: 6 cost time: 1.9716596603393555
Epoch: 6, Steps: 142 | Train Loss: 0.0064074 Vali Loss: 0.0021892 Test Loss: 0.0021791
EarlyStopping counter: 1 out of 3
Updating learning rate to 0.00015625
	iters: 100, epoch: 7 | loss: 0.0061167
	speed: 0.0433s/iter; left time: 81.8393s
Epoch: 7 cost time: 1.795041799545288
Epoch: 7, Steps: 142 | Train Loss: 0.0063638 Vali Loss: 0.0022135 Test Loss: 0.0022031
EarlyStopping counter: 2 out of 3
Updating learning rate to 7.8125e-05
	iters: 100, epoch: 8 | loss: 0.0039855
	speed: 0.0385s/iter; left time: 67.2063s
Epoch: 8 cost time: 1.696631669998169
Epoch: 8, Steps: 142 | Train Loss: 0.0063362 Vali Loss: 0.0022096 Test Loss: 0.0021880
EarlyStopping counter: 3 out of 3
Early stopping
>>>>>>>testing : mirae_Linear_DLinear_S_mirae_ftM_sl72_ll48_pl12_dm512_nh8_el2_dl1_df2048_fc1_ebtimeF_dtTrue_Exp_0<<<<<<<<<<<<<<<<<<<<<<<<<<<<<<<<<
test 976
mse:0.002180, mae:0.03222
