Args in experiment:
Namespace(ver='TWM-2', is_training=1, model_id='mirae_Linear', model='DLinear_T', data='mirae', root_path='./data/ETT/', data_path='ETTh1.csv', features='M', target='OT', freq='h', checkpoints='./checkpoints/', seq_len=72, label_len=48, pred_len=12, individual=False, embed_type=0, enc_in=7, dec_in=7, c_out=7, d_model=512, n_heads=8, e_layers=2, d_layers=1, d_ff=2048, moving_avg=25, factor=1, distil=True, dropout=0.05, embed='timeF', activation='gelu', output_attention=False, do_predict=False, num_workers=10, itr=1, train_epochs=20, batch_size=32, patience=3, learning_rate=0.005, des='Exp', loss='mse', lradj='type1', use_amp=False, use_gpu=True, gpu=0, use_multi_gpu=False, devices='0,1,2,3', test_flop=False)
Use GPU: cuda:0
>>>>>>>start training : mirae_Linear_DLinear_T_mirae_ftM_sl72_ll48_pl12_dm512_nh8_el2_dl1_df2048_fc1_ebtimeF_dtTrue_Exp_0>>>>>>>>>>>>>>>>>>>>>>>>>>
train 4552
val 975
test 976
	iters: 100, epoch: 1 | loss: 0.0059249
	speed: 0.0296s/iter; left time: 81.2187s
Epoch: 1 cost time: 3.279026508331299
Epoch: 1, Steps: 142 | Train Loss: 0.0187607 Vali Loss: 0.0022044 Test Loss: 0.0026748
Validation loss decreased (inf --> 0.002204).  Saving model ...
Updating learning rate to 0.005
	iters: 100, epoch: 2 | loss: 0.0054130
	speed: 0.0396s/iter; left time: 102.8960s
Epoch: 2 cost time: 2.1224915981292725
Epoch: 2, Steps: 142 | Train Loss: 0.0057384 Vali Loss: 0.0017420 Test Loss: 0.0021662
Validation loss decreased (0.002204 --> 0.001742).  Saving model ...
Updating learning rate to 0.0025
	iters: 100, epoch: 3 | loss: 0.0076388
	speed: 0.0391s/iter; left time: 96.0501s
Epoch: 3 cost time: 1.745842695236206
Epoch: 3, Steps: 142 | Train Loss: 0.0047744 Vali Loss: 0.0015783 Test Loss: 0.0019566
Validation loss decreased (0.001742 --> 0.001578).  Saving model ...
Updating learning rate to 0.00125
	iters: 100, epoch: 4 | loss: 0.0020452
	speed: 0.0420s/iter; left time: 97.3349s
Epoch: 4 cost time: 1.8181629180908203
Epoch: 4, Steps: 142 | Train Loss: 0.0043879 Vali Loss: 0.0014525 Test Loss: 0.0018856
Validation loss decreased (0.001578 --> 0.001453).  Saving model ...
Updating learning rate to 0.000625
	iters: 100, epoch: 5 | loss: 0.0028528
	speed: 0.0423s/iter; left time: 91.8217s
Epoch: 5 cost time: 2.0151429176330566
Epoch: 5, Steps: 142 | Train Loss: 0.0042430 Vali Loss: 0.0014224 Test Loss: 0.0018772
Validation loss decreased (0.001453 --> 0.001422).  Saving model ...
Updating learning rate to 0.0003125
	iters: 100, epoch: 6 | loss: 0.0030968
	speed: 0.0462s/iter; left time: 93.7874s
Epoch: 6 cost time: 2.144211769104004
Epoch: 6, Steps: 142 | Train Loss: 0.0041646 Vali Loss: 0.0014571 Test Loss: 0.0018440
EarlyStopping counter: 1 out of 3
Updating learning rate to 0.00015625
	iters: 100, epoch: 7 | loss: 0.0074441
	speed: 0.0428s/iter; left time: 80.7565s
Epoch: 7 cost time: 1.916433334350586
Epoch: 7, Steps: 142 | Train Loss: 0.0041196 Vali Loss: 0.0014172 Test Loss: 0.0018503
Validation loss decreased (0.001422 --> 0.001417).  Saving model ...
Updating learning rate to 7.8125e-05
	iters: 100, epoch: 8 | loss: 0.0025082
	speed: 0.0426s/iter; left time: 74.3734s
Epoch: 8 cost time: 2.0852479934692383
Epoch: 8, Steps: 142 | Train Loss: 0.0040933 Vali Loss: 0.0014335 Test Loss: 0.0018471
EarlyStopping counter: 1 out of 3
Updating learning rate to 3.90625e-05
	iters: 100, epoch: 9 | loss: 0.0058340
	speed: 0.0452s/iter; left time: 72.5668s
Epoch: 9 cost time: 1.929544448852539
Epoch: 9, Steps: 142 | Train Loss: 0.0040905 Vali Loss: 0.0014247 Test Loss: 0.0018435
EarlyStopping counter: 2 out of 3
Updating learning rate to 1.953125e-05
	iters: 100, epoch: 10 | loss: 0.0032318
	speed: 0.0426s/iter; left time: 62.2690s
Epoch: 10 cost time: 2.0442938804626465
Epoch: 10, Steps: 142 | Train Loss: 0.0040825 Vali Loss: 0.0014229 Test Loss: 0.0018431
EarlyStopping counter: 3 out of 3
Early stopping
>>>>>>>testing : mirae_Linear_DLinear_T_mirae_ftM_sl72_ll48_pl12_dm512_nh8_el2_dl1_df2048_fc1_ebtimeF_dtTrue_Exp_0<<<<<<<<<<<<<<<<<<<<<<<<<<<<<<<<<
test 976
mse:0.001850, mae:0.03015
