Args in experiment:
Namespace(ver='TWM-2', is_training=1, model_id='mirae_Linear', model='DLinear_T', data='mirae', root_path='./data/ETT/', data_path='ETTh1.csv', features='M', target='OT', freq='h', checkpoints='./checkpoints/', seq_len=72, label_len=48, pred_len=12, individual=False, embed_type=0, enc_in=7, dec_in=7, c_out=7, d_model=512, n_heads=8, e_layers=2, d_layers=1, d_ff=2048, moving_avg=25, factor=1, distil=True, dropout=0.05, embed='timeF', activation='gelu', output_attention=False, do_predict=False, num_workers=10, itr=1, train_epochs=20, batch_size=32, patience=3, learning_rate=0.005, des='Exp', loss='mse', lradj='type1', use_amp=False, use_gpu=True, gpu=0, use_multi_gpu=False, devices='0,1,2,3', test_flop=False)
Use GPU: cuda:0
>>>>>>>start training : mirae_Linear_DLinear_T_mirae_ftM_sl72_ll48_pl12_dm512_nh8_el2_dl1_df2048_fc1_ebtimeF_dtTrue_Exp_0>>>>>>>>>>>>>>>>>>>>>>>>>>
train 4552
val 975
test 976
	iters: 100, epoch: 1 | loss: 0.0072770
	speed: 0.0301s/iter; left time: 82.4838s
Epoch: 1 cost time: 3.468994617462158
Epoch: 1, Steps: 142 | Train Loss: 0.0341820 Vali Loss: 0.0076409 Test Loss: 0.0079319
Validation loss decreased (inf --> 0.007641).  Saving model ...
Updating learning rate to 0.005
	iters: 100, epoch: 2 | loss: 0.0105517
	speed: 0.0485s/iter; left time: 125.9446s
Epoch: 2 cost time: 2.211106061935425
Epoch: 2, Steps: 142 | Train Loss: 0.0110439 Vali Loss: 0.0063301 Test Loss: 0.0063949
Validation loss decreased (0.007641 --> 0.006330).  Saving model ...
Updating learning rate to 0.0025
	iters: 100, epoch: 3 | loss: 0.0073270
	speed: 0.0497s/iter; left time: 122.0881s
Epoch: 3 cost time: 2.3959546089172363
Epoch: 3, Steps: 142 | Train Loss: 0.0084477 Vali Loss: 0.0051260 Test Loss: 0.0056512
Validation loss decreased (0.006330 --> 0.005126).  Saving model ...
Updating learning rate to 0.00125
	iters: 100, epoch: 4 | loss: 0.0062468
	speed: 0.0516s/iter; left time: 119.5666s
Epoch: 4 cost time: 2.5155234336853027
Epoch: 4, Steps: 142 | Train Loss: 0.0077485 Vali Loss: 0.0041642 Test Loss: 0.0045541
Validation loss decreased (0.005126 --> 0.004164).  Saving model ...
Updating learning rate to 0.000625
	iters: 100, epoch: 5 | loss: 0.0081836
	speed: 0.0552s/iter; left time: 120.0166s
Epoch: 5 cost time: 2.4701311588287354
Epoch: 5, Steps: 142 | Train Loss: 0.0069652 Vali Loss: 0.0049760 Test Loss: 0.0050711
EarlyStopping counter: 1 out of 3
Updating learning rate to 0.0003125
	iters: 100, epoch: 6 | loss: 0.0051760
	speed: 0.0566s/iter; left time: 115.0132s
Epoch: 6 cost time: 2.591848373413086
Epoch: 6, Steps: 142 | Train Loss: 0.0065967 Vali Loss: 0.0044228 Test Loss: 0.0046920
EarlyStopping counter: 2 out of 3
Updating learning rate to 0.00015625
	iters: 100, epoch: 7 | loss: 0.0085128
	speed: 0.0564s/iter; left time: 106.4742s
Epoch: 7 cost time: 2.3254640102386475
Epoch: 7, Steps: 142 | Train Loss: 0.0065058 Vali Loss: 0.0047201 Test Loss: 0.0046757
EarlyStopping counter: 3 out of 3
Early stopping
>>>>>>>testing : mirae_Linear_DLinear_T_mirae_ftM_sl72_ll48_pl12_dm512_nh8_el2_dl1_df2048_fc1_ebtimeF_dtTrue_Exp_0<<<<<<<<<<<<<<<<<<<<<<<<<<<<<<<<<
test 976
mse:0.004554, mae:0.05306
