Args in experiment:
Namespace(ver='TCM', is_training=1, model_id='mirae_Linear', model='DLinear', data='mirae', root_path='./data/ETT/', data_path='ETTh1.csv', features='M', target='OT', freq='h', checkpoints='./checkpoints/', seq_len=72, label_len=48, pred_len=12, individual=False, embed_type=0, enc_in=7, dec_in=7, c_out=7, d_model=512, n_heads=8, e_layers=2, d_layers=1, d_ff=2048, moving_avg=25, factor=1, distil=True, dropout=0.05, embed='timeF', activation='gelu', output_attention=False, do_predict=False, num_workers=10, itr=1, train_epochs=20, batch_size=32, patience=3, learning_rate=0.005, des='Exp', loss='mse', lradj='type1', use_amp=False, use_gpu=True, gpu=0, use_multi_gpu=False, devices='0,1,2,3', test_flop=False)
Use GPU: cuda:0
>>>>>>>start training : mirae_Linear_DLinear_mirae_ftM_sl72_ll48_pl12_dm512_nh8_el2_dl1_df2048_fc1_ebtimeF_dtTrue_Exp_0>>>>>>>>>>>>>>>>>>>>>>>>>>
train 4552
val 975
test 976
	iters: 100, epoch: 1 | loss: 0.0217237
	speed: 0.0354s/iter; left time: 96.9599s
Epoch: 1 cost time: 3.817304849624634
Epoch: 1, Steps: 142 | Train Loss: 0.0396263 Vali Loss: 0.0091612 Test Loss: 0.0140304
Validation loss decreased (inf --> 0.009161).  Saving model ...
Updating learning rate to 0.005
	iters: 100, epoch: 2 | loss: 0.0108274
	speed: 0.0493s/iter; left time: 128.1732s
Epoch: 2 cost time: 2.2690911293029785
Epoch: 2, Steps: 142 | Train Loss: 0.0131018 Vali Loss: 0.0028865 Test Loss: 0.0037335
Validation loss decreased (0.009161 --> 0.002886).  Saving model ...
Updating learning rate to 0.0025
	iters: 100, epoch: 3 | loss: 0.0160068
	speed: 0.0533s/iter; left time: 130.8476s
Epoch: 3 cost time: 2.2973878383636475
Epoch: 3, Steps: 142 | Train Loss: 0.0084613 Vali Loss: 0.0029500 Test Loss: 0.0035404
EarlyStopping counter: 1 out of 3
Updating learning rate to 0.00125
	iters: 100, epoch: 4 | loss: 0.0049848
	speed: 0.0500s/iter; left time: 115.8058s
Epoch: 4 cost time: 2.151592493057251
Epoch: 4, Steps: 142 | Train Loss: 0.0077736 Vali Loss: 0.0023493 Test Loss: 0.0031511
Validation loss decreased (0.002886 --> 0.002349).  Saving model ...
Updating learning rate to 0.000625
	iters: 100, epoch: 5 | loss: 0.0053255
	speed: 0.0530s/iter; left time: 115.0917s
Epoch: 5 cost time: 2.197779417037964
Epoch: 5, Steps: 142 | Train Loss: 0.0074110 Vali Loss: 0.0022440 Test Loss: 0.0030220
Validation loss decreased (0.002349 --> 0.002244).  Saving model ...
Updating learning rate to 0.0003125
	iters: 100, epoch: 6 | loss: 0.0072667
	speed: 0.0507s/iter; left time: 102.8777s
Epoch: 6 cost time: 2.2134206295013428
Epoch: 6, Steps: 142 | Train Loss: 0.0072306 Vali Loss: 0.0022354 Test Loss: 0.0029932
Validation loss decreased (0.002244 --> 0.002235).  Saving model ...
Updating learning rate to 0.00015625
	iters: 100, epoch: 7 | loss: 0.0107885
	speed: 0.0527s/iter; left time: 99.5389s
Epoch: 7 cost time: 2.133302688598633
Epoch: 7, Steps: 142 | Train Loss: 0.0071534 Vali Loss: 0.0023265 Test Loss: 0.0031227
EarlyStopping counter: 1 out of 3
Updating learning rate to 7.8125e-05
	iters: 100, epoch: 8 | loss: 0.0044638
	speed: 0.0503s/iter; left time: 87.9348s
Epoch: 8 cost time: 2.166929006576538
Epoch: 8, Steps: 142 | Train Loss: 0.0070932 Vali Loss: 0.0022948 Test Loss: 0.0030694
EarlyStopping counter: 2 out of 3
Updating learning rate to 3.90625e-05
	iters: 100, epoch: 9 | loss: 0.0070307
	speed: 0.0487s/iter; left time: 78.2261s
Epoch: 9 cost time: 2.2630457878112793
Epoch: 9, Steps: 142 | Train Loss: 0.0070760 Vali Loss: 0.0022901 Test Loss: 0.0030564
EarlyStopping counter: 3 out of 3
Early stopping
>>>>>>>testing : mirae_Linear_DLinear_mirae_ftM_sl72_ll48_pl12_dm512_nh8_el2_dl1_df2048_fc1_ebtimeF_dtTrue_Exp_0<<<<<<<<<<<<<<<<<<<<<<<<<<<<<<<<<
test 976
mse:0.002993, mae:0.04084
