Args in experiment:
Namespace(ver='TWM', is_training=1, model_id='mirae_Linear', model='DLinear_T', data='mirae', root_path='./data/ETT/', data_path='ETTh1.csv', features='M', target='OT', freq='h', checkpoints='./checkpoints/', seq_len=72, label_len=48, pred_len=12, individual=False, embed_type=0, enc_in=7, dec_in=7, c_out=7, d_model=512, n_heads=8, e_layers=2, d_layers=1, d_ff=2048, moving_avg=25, factor=1, distil=True, dropout=0.05, embed='timeF', activation='gelu', output_attention=False, do_predict=False, num_workers=10, itr=1, train_epochs=20, batch_size=32, patience=3, learning_rate=0.005, des='Exp', loss='mse', lradj='type1', use_amp=False, use_gpu=True, gpu=0, use_multi_gpu=False, devices='0,1,2,3', test_flop=False)
Use GPU: cuda:0
>>>>>>>start training : mirae_Linear_DLinear_T_mirae_ftM_sl72_ll48_pl12_dm512_nh8_el2_dl1_df2048_fc1_ebtimeF_dtTrue_Exp_0>>>>>>>>>>>>>>>>>>>>>>>>>>
train 4552
val 975
test 976
	iters: 100, epoch: 1 | loss: 0.0176448
	speed: 0.0346s/iter; left time: 94.7755s
Epoch: 1 cost time: 3.788566827774048
Epoch: 1, Steps: 142 | Train Loss: 0.0314058 Vali Loss: 0.0073855 Test Loss: 0.0088437
Validation loss decreased (inf --> 0.007385).  Saving model ...
Updating learning rate to 0.005
	iters: 100, epoch: 2 | loss: 0.0047275
	speed: 0.0424s/iter; left time: 110.1533s
Epoch: 2 cost time: 1.970282793045044
Epoch: 2, Steps: 142 | Train Loss: 0.0084860 Vali Loss: 0.0026018 Test Loss: 0.0026993
Validation loss decreased (0.007385 --> 0.002602).  Saving model ...
Updating learning rate to 0.0025
	iters: 100, epoch: 3 | loss: 0.0053021
	speed: 0.0419s/iter; left time: 102.8331s
Epoch: 3 cost time: 2.1584229469299316
Epoch: 3, Steps: 142 | Train Loss: 0.0064941 Vali Loss: 0.0023415 Test Loss: 0.0024872
Validation loss decreased (0.002602 --> 0.002341).  Saving model ...
Updating learning rate to 0.00125
	iters: 100, epoch: 4 | loss: 0.0047039
	speed: 0.0421s/iter; left time: 97.5091s
Epoch: 4 cost time: 1.9251461029052734
Epoch: 4, Steps: 142 | Train Loss: 0.0061327 Vali Loss: 0.0020936 Test Loss: 0.0023564
Validation loss decreased (0.002341 --> 0.002094).  Saving model ...
Updating learning rate to 0.000625
	iters: 100, epoch: 5 | loss: 0.0054863
	speed: 0.0454s/iter; left time: 98.6447s
Epoch: 5 cost time: 2.08083438873291
Epoch: 5, Steps: 142 | Train Loss: 0.0059878 Vali Loss: 0.0019934 Test Loss: 0.0022886
Validation loss decreased (0.002094 --> 0.001993).  Saving model ...
Updating learning rate to 0.0003125
	iters: 100, epoch: 6 | loss: 0.0064247
	speed: 0.0444s/iter; left time: 90.2055s
Epoch: 6 cost time: 2.0832433700561523
Epoch: 6, Steps: 142 | Train Loss: 0.0058926 Vali Loss: 0.0020193 Test Loss: 0.0023147
EarlyStopping counter: 1 out of 3
Updating learning rate to 0.00015625
	iters: 100, epoch: 7 | loss: 0.0048813
	speed: 0.0455s/iter; left time: 85.9493s
Epoch: 7 cost time: 1.9477715492248535
Epoch: 7, Steps: 142 | Train Loss: 0.0058336 Vali Loss: 0.0020276 Test Loss: 0.0023047
EarlyStopping counter: 2 out of 3
Updating learning rate to 7.8125e-05
	iters: 100, epoch: 8 | loss: 0.0032845
	speed: 0.0455s/iter; left time: 79.4126s
Epoch: 8 cost time: 2.050767421722412
Epoch: 8, Steps: 142 | Train Loss: 0.0058292 Vali Loss: 0.0020501 Test Loss: 0.0023259
EarlyStopping counter: 3 out of 3
Early stopping
>>>>>>>testing : mirae_Linear_DLinear_T_mirae_ftM_sl72_ll48_pl12_dm512_nh8_el2_dl1_df2048_fc1_ebtimeF_dtTrue_Exp_0<<<<<<<<<<<<<<<<<<<<<<<<<<<<<<<<<
test 976
mse:0.002289, mae:0.03414
