Args in experiment:
Namespace(ver='TWM-2', is_training=1, model_id='mirae_Linear', model='DLinear_S', data='mirae', root_path='./data/ETT/', data_path='ETTh1.csv', features='M', target='OT', freq='h', checkpoints='./checkpoints/', seq_len=72, label_len=48, pred_len=12, individual=False, embed_type=0, enc_in=7, dec_in=7, c_out=7, d_model=512, n_heads=8, e_layers=2, d_layers=1, d_ff=2048, moving_avg=25, factor=1, distil=True, dropout=0.05, embed='timeF', activation='gelu', output_attention=False, do_predict=False, num_workers=10, itr=1, train_epochs=20, batch_size=32, patience=3, learning_rate=0.005, des='Exp', loss='mse', lradj='type1', use_amp=False, use_gpu=True, gpu=0, use_multi_gpu=False, devices='0,1,2,3', test_flop=False)
Use GPU: cuda:0
>>>>>>>start training : mirae_Linear_DLinear_S_mirae_ftM_sl72_ll48_pl12_dm512_nh8_el2_dl1_df2048_fc1_ebtimeF_dtTrue_Exp_0>>>>>>>>>>>>>>>>>>>>>>>>>>
train 4552
val 975
test 976
	iters: 100, epoch: 1 | loss: 0.0039725
	speed: 0.0293s/iter; left time: 80.2665s
Epoch: 1 cost time: 3.222982406616211
Epoch: 1, Steps: 142 | Train Loss: 0.0140509 Vali Loss: 0.0021436 Test Loss: 0.0021322
Validation loss decreased (inf --> 0.002144).  Saving model ...
Updating learning rate to 0.005
	iters: 100, epoch: 2 | loss: 0.0075935
	speed: 0.0411s/iter; left time: 106.9013s
Epoch: 2 cost time: 2.011090040206909
Epoch: 2, Steps: 142 | Train Loss: 0.0063380 Vali Loss: 0.0023224 Test Loss: 0.0021133
EarlyStopping counter: 1 out of 3
Updating learning rate to 0.0025
	iters: 100, epoch: 3 | loss: 0.0088880
	speed: 0.0447s/iter; left time: 109.7258s
Epoch: 3 cost time: 2.1188347339630127
Epoch: 3, Steps: 142 | Train Loss: 0.0050003 Vali Loss: 0.0017261 Test Loss: 0.0016680
Validation loss decreased (0.002144 --> 0.001726).  Saving model ...
Updating learning rate to 0.00125
	iters: 100, epoch: 4 | loss: 0.0029438
	speed: 0.0421s/iter; left time: 97.5604s
Epoch: 4 cost time: 2.076516628265381
Epoch: 4, Steps: 142 | Train Loss: 0.0043088 Vali Loss: 0.0019023 Test Loss: 0.0018264
EarlyStopping counter: 1 out of 3
Updating learning rate to 0.000625
	iters: 100, epoch: 5 | loss: 0.0034868
	speed: 0.0421s/iter; left time: 91.4428s
Epoch: 5 cost time: 2.01766037940979
Epoch: 5, Steps: 142 | Train Loss: 0.0040251 Vali Loss: 0.0016873 Test Loss: 0.0015618
Validation loss decreased (0.001726 --> 0.001687).  Saving model ...
Updating learning rate to 0.0003125
	iters: 100, epoch: 6 | loss: 0.0030540
	speed: 0.0502s/iter; left time: 102.0044s
Epoch: 6 cost time: 2.0674874782562256
Epoch: 6, Steps: 142 | Train Loss: 0.0038505 Vali Loss: 0.0016611 Test Loss: 0.0015134
Validation loss decreased (0.001687 --> 0.001661).  Saving model ...
Updating learning rate to 0.00015625
	iters: 100, epoch: 7 | loss: 0.0059303
	speed: 0.0471s/iter; left time: 88.9356s
Epoch: 7 cost time: 1.97487473487854
Epoch: 7, Steps: 142 | Train Loss: 0.0037562 Vali Loss: 0.0016388 Test Loss: 0.0015122
Validation loss decreased (0.001661 --> 0.001639).  Saving model ...
Updating learning rate to 7.8125e-05
	iters: 100, epoch: 8 | loss: 0.0020858
	speed: 0.0459s/iter; left time: 80.2705s
Epoch: 8 cost time: 2.0041420459747314
Epoch: 8, Steps: 142 | Train Loss: 0.0036978 Vali Loss: 0.0016215 Test Loss: 0.0015183
Validation loss decreased (0.001639 --> 0.001622).  Saving model ...
Updating learning rate to 3.90625e-05
	iters: 100, epoch: 9 | loss: 0.0036993
	speed: 0.0492s/iter; left time: 79.0084s
Epoch: 9 cost time: 2.1546475887298584
Epoch: 9, Steps: 142 | Train Loss: 0.0036721 Vali Loss: 0.0016279 Test Loss: 0.0015205
EarlyStopping counter: 1 out of 3
Updating learning rate to 1.953125e-05
	iters: 100, epoch: 10 | loss: 0.0026295
	speed: 0.0459s/iter; left time: 67.0828s
Epoch: 10 cost time: 2.0521278381347656
Epoch: 10, Steps: 142 | Train Loss: 0.0036604 Vali Loss: 0.0016279 Test Loss: 0.0015078
EarlyStopping counter: 2 out of 3
Updating learning rate to 9.765625e-06
	iters: 100, epoch: 11 | loss: 0.0023058
	speed: 0.0446s/iter; left time: 58.8744s
Epoch: 11 cost time: 2.0994749069213867
Epoch: 11, Steps: 142 | Train Loss: 0.0036471 Vali Loss: 0.0016219 Test Loss: 0.0014909
EarlyStopping counter: 3 out of 3
Early stopping
>>>>>>>testing : mirae_Linear_DLinear_S_mirae_ftM_sl72_ll48_pl12_dm512_nh8_el2_dl1_df2048_fc1_ebtimeF_dtTrue_Exp_0<<<<<<<<<<<<<<<<<<<<<<<<<<<<<<<<<
test 976
mse:0.001518, mae:0.02917
