Args in experiment:
Namespace(ver='TWM-2', is_training=1, model_id='mirae_Linear', model='DLinear', data='mirae', root_path='./data/ETT/', data_path='ETTh1.csv', features='M', target='OT', freq='h', checkpoints='./checkpoints/', seq_len=72, label_len=48, pred_len=12, individual=False, embed_type=0, enc_in=7, dec_in=7, c_out=7, d_model=512, n_heads=8, e_layers=2, d_layers=1, d_ff=2048, moving_avg=25, factor=1, distil=True, dropout=0.05, embed='timeF', activation='gelu', output_attention=False, do_predict=False, num_workers=10, itr=1, train_epochs=20, batch_size=32, patience=3, learning_rate=0.005, des='Exp', loss='mse', lradj='type1', use_amp=False, use_gpu=True, gpu=0, use_multi_gpu=False, devices='0,1,2,3', test_flop=False)
Use GPU: cuda:0
>>>>>>>start training : mirae_Linear_DLinear_mirae_ftM_sl72_ll48_pl12_dm512_nh8_el2_dl1_df2048_fc1_ebtimeF_dtTrue_Exp_0>>>>>>>>>>>>>>>>>>>>>>>>>>
train 4552
val 975
test 976
	iters: 100, epoch: 1 | loss: 0.0118724
	speed: 0.0336s/iter; left time: 92.0911s
Epoch: 1 cost time: 3.719136953353882
Epoch: 1, Steps: 142 | Train Loss: 0.0183463 Vali Loss: 0.0065554 Test Loss: 0.0059751
Validation loss decreased (inf --> 0.006555).  Saving model ...
Updating learning rate to 0.005
	iters: 100, epoch: 2 | loss: 0.0056225
	speed: 0.0453s/iter; left time: 117.7300s
Epoch: 2 cost time: 2.2129528522491455
Epoch: 2, Steps: 142 | Train Loss: 0.0078321 Vali Loss: 0.0107267 Test Loss: 0.0071588
EarlyStopping counter: 1 out of 3
Updating learning rate to 0.0025
	iters: 100, epoch: 3 | loss: 0.0047467
	speed: 0.0470s/iter; left time: 115.5849s
Epoch: 3 cost time: 2.183116912841797
Epoch: 3, Steps: 142 | Train Loss: 0.0061405 Vali Loss: 0.0102065 Test Loss: 0.0067108
EarlyStopping counter: 2 out of 3
Updating learning rate to 0.00125
	iters: 100, epoch: 4 | loss: 0.0040179
	speed: 0.0439s/iter; left time: 101.6056s
Epoch: 4 cost time: 2.0432422161102295
Epoch: 4, Steps: 142 | Train Loss: 0.0054495 Vali Loss: 0.0109131 Test Loss: 0.0065863
EarlyStopping counter: 3 out of 3
Early stopping
>>>>>>>testing : mirae_Linear_DLinear_mirae_ftM_sl72_ll48_pl12_dm512_nh8_el2_dl1_df2048_fc1_ebtimeF_dtTrue_Exp_0<<<<<<<<<<<<<<<<<<<<<<<<<<<<<<<<<
test 976
mse:0.005975, mae:0.06470
