Args in experiment:
Namespace(ver='TCM', is_training=1, model_id='mirae_Linear', model='Linear', data='mirae', root_path='./data/ETT/', data_path='ETTh1.csv', features='M', target='OT', freq='h', checkpoints='./checkpoints/', seq_len=72, label_len=48, pred_len=12, individual=False, embed_type=0, enc_in=7, dec_in=7, c_out=7, d_model=512, n_heads=8, e_layers=2, d_layers=1, d_ff=2048, moving_avg=25, factor=1, distil=True, dropout=0.05, embed='timeF', activation='gelu', output_attention=False, do_predict=False, num_workers=10, itr=1, train_epochs=20, batch_size=32, patience=3, learning_rate=0.005, des='Exp', loss='mse', lradj='type1', use_amp=False, use_gpu=True, gpu=0, use_multi_gpu=False, devices='0,1,2,3', test_flop=False)
Use GPU: cuda:0
>>>>>>>start training : mirae_Linear_Linear_mirae_ftM_sl72_ll48_pl12_dm512_nh8_el2_dl1_df2048_fc1_ebtimeF_dtTrue_Exp_0>>>>>>>>>>>>>>>>>>>>>>>>>>
train 4552
val 975
test 976
	iters: 100, epoch: 1 | loss: 0.0704691
	speed: 0.0296s/iter; left time: 81.1752s
Epoch: 1 cost time: 3.2279818058013916
Epoch: 1, Steps: 142 | Train Loss: 0.2270303 Vali Loss: 0.0095288 Test Loss: 0.0091230
Validation loss decreased (inf --> 0.009529).  Saving model ...
Updating learning rate to 0.005
	iters: 100, epoch: 2 | loss: 0.0239795
	speed: 0.0421s/iter; left time: 109.4060s
Epoch: 2 cost time: 1.7640254497528076
Epoch: 2, Steps: 142 | Train Loss: 0.0320685 Vali Loss: 0.0063918 Test Loss: 0.0075929
Validation loss decreased (0.009529 --> 0.006392).  Saving model ...
Updating learning rate to 0.0025
	iters: 100, epoch: 3 | loss: 0.0200623
	speed: 0.0402s/iter; left time: 98.8489s
Epoch: 3 cost time: 1.7747325897216797
Epoch: 3, Steps: 142 | Train Loss: 0.0226875 Vali Loss: 0.0051472 Test Loss: 0.0064511
Validation loss decreased (0.006392 --> 0.005147).  Saving model ...
Updating learning rate to 0.00125
	iters: 100, epoch: 4 | loss: 0.0218877
	speed: 0.0454s/iter; left time: 105.1658s
Epoch: 4 cost time: 1.897576093673706
Epoch: 4, Steps: 142 | Train Loss: 0.0193912 Vali Loss: 0.0048195 Test Loss: 0.0061442
Validation loss decreased (0.005147 --> 0.004819).  Saving model ...
Updating learning rate to 0.000625
	iters: 100, epoch: 5 | loss: 0.0224730
	speed: 0.0487s/iter; left time: 105.9227s
Epoch: 5 cost time: 2.0848236083984375
Epoch: 5, Steps: 142 | Train Loss: 0.0179240 Vali Loss: 0.0046643 Test Loss: 0.0059432
Validation loss decreased (0.004819 --> 0.004664).  Saving model ...
Updating learning rate to 0.0003125
	iters: 100, epoch: 6 | loss: 0.0192717
	speed: 0.0515s/iter; left time: 104.6259s
Epoch: 6 cost time: 2.099959135055542
Epoch: 6, Steps: 142 | Train Loss: 0.0171299 Vali Loss: 0.0045591 Test Loss: 0.0057948
Validation loss decreased (0.004664 --> 0.004559).  Saving model ...
Updating learning rate to 0.00015625
	iters: 100, epoch: 7 | loss: 0.0150026
	speed: 0.0500s/iter; left time: 94.4458s
Epoch: 7 cost time: 2.0662646293640137
Epoch: 7, Steps: 142 | Train Loss: 0.0167803 Vali Loss: 0.0043468 Test Loss: 0.0055073
Validation loss decreased (0.004559 --> 0.004347).  Saving model ...
Updating learning rate to 7.8125e-05
	iters: 100, epoch: 8 | loss: 0.0179085
	speed: 0.0508s/iter; left time: 88.7932s
Epoch: 8 cost time: 1.867805004119873
Epoch: 8, Steps: 142 | Train Loss: 0.0165619 Vali Loss: 0.0043457 Test Loss: 0.0055496
Validation loss decreased (0.004347 --> 0.004346).  Saving model ...
Updating learning rate to 3.90625e-05
	iters: 100, epoch: 9 | loss: 0.0206347
	speed: 0.0537s/iter; left time: 86.2451s
Epoch: 9 cost time: 2.195935010910034
Epoch: 9, Steps: 142 | Train Loss: 0.0164399 Vali Loss: 0.0043480 Test Loss: 0.0055442
EarlyStopping counter: 1 out of 3
Updating learning rate to 1.953125e-05
	iters: 100, epoch: 10 | loss: 0.0164864
	speed: 0.0503s/iter; left time: 73.6369s
Epoch: 10 cost time: 1.9546220302581787
Epoch: 10, Steps: 142 | Train Loss: 0.0163654 Vali Loss: 0.0043709 Test Loss: 0.0055964
EarlyStopping counter: 2 out of 3
Updating learning rate to 9.765625e-06
	iters: 100, epoch: 11 | loss: 0.0158036
	speed: 0.0486s/iter; left time: 64.2534s
Epoch: 11 cost time: 1.999790906906128
Epoch: 11, Steps: 142 | Train Loss: 0.0162822 Vali Loss: 0.0043846 Test Loss: 0.0055918
EarlyStopping counter: 3 out of 3
Early stopping
>>>>>>>testing : mirae_Linear_Linear_mirae_ftM_sl72_ll48_pl12_dm512_nh8_el2_dl1_df2048_fc1_ebtimeF_dtTrue_Exp_0<<<<<<<<<<<<<<<<<<<<<<<<<<<<<<<<<
test 976
mse:0.005550, mae:0.06031
