Args in experiment:
Namespace(ver='D', is_training=1, model_id='mirae_Linear', model='Linear', data='mirae', root_path='./data/ETT/', data_path='ETTh1.csv', features='M', target='OT', freq='h', checkpoints='./checkpoints/', seq_len=72, label_len=48, pred_len=12, individual=False, embed_type=0, enc_in=7, dec_in=7, c_out=7, d_model=512, n_heads=8, e_layers=2, d_layers=1, d_ff=2048, moving_avg=25, factor=1, distil=True, dropout=0.05, embed='timeF', activation='gelu', output_attention=False, do_predict=False, num_workers=10, itr=1, train_epochs=20, batch_size=32, patience=3, learning_rate=0.005, des='Exp', loss='mse', lradj='type1', use_amp=False, use_gpu=True, gpu=0, use_multi_gpu=False, devices='0,1,2,3', test_flop=False)
Use GPU: cuda:0
>>>>>>>start training : mirae_Linear_Linear_mirae_ftM_sl72_ll48_pl12_dm512_nh8_el2_dl1_df2048_fc1_ebtimeF_dtTrue_Exp_0>>>>>>>>>>>>>>>>>>>>>>>>>>
train 4552
val 975
test 976
	iters: 100, epoch: 1 | loss: 0.0098765
	speed: 0.0167s/iter; left time: 45.8203s
Epoch: 1 cost time: 1.9738919734954834
Epoch: 1, Steps: 142 | Train Loss: 0.0132428 Vali Loss: 0.0025967 Test Loss: 0.0031034
Validation loss decreased (inf --> 0.002597).  Saving model ...
Updating learning rate to 0.005
	iters: 100, epoch: 2 | loss: 0.0040048
	speed: 0.0308s/iter; left time: 80.0527s
Epoch: 2 cost time: 1.4196434020996094
Epoch: 2, Steps: 142 | Train Loss: 0.0079104 Vali Loss: 0.0024435 Test Loss: 0.0027707
Validation loss decreased (0.002597 --> 0.002444).  Saving model ...
Updating learning rate to 0.0025
	iters: 100, epoch: 3 | loss: 0.0048421
	speed: 0.0344s/iter; left time: 84.5832s
Epoch: 3 cost time: 1.497743844985962
Epoch: 3, Steps: 142 | Train Loss: 0.0065828 Vali Loss: 0.0018836 Test Loss: 0.0023653
Validation loss decreased (0.002444 --> 0.001884).  Saving model ...
Updating learning rate to 0.00125
	iters: 100, epoch: 4 | loss: 0.0040459
	speed: 0.0352s/iter; left time: 81.5368s
Epoch: 4 cost time: 1.4761366844177246
Epoch: 4, Steps: 142 | Train Loss: 0.0060718 Vali Loss: 0.0018948 Test Loss: 0.0024729
EarlyStopping counter: 1 out of 3
Updating learning rate to 0.000625
	iters: 100, epoch: 5 | loss: 0.0063553
	speed: 0.0333s/iter; left time: 72.3609s
Epoch: 5 cost time: 1.4911537170410156
Epoch: 5, Steps: 142 | Train Loss: 0.0059472 Vali Loss: 0.0018689 Test Loss: 0.0023838
Validation loss decreased (0.001884 --> 0.001869).  Saving model ...
Updating learning rate to 0.0003125
	iters: 100, epoch: 6 | loss: 0.0088185
	speed: 0.0320s/iter; left time: 65.0771s
Epoch: 6 cost time: 1.5879571437835693
Epoch: 6, Steps: 142 | Train Loss: 0.0057185 Vali Loss: 0.0019307 Test Loss: 0.0024453
EarlyStopping counter: 1 out of 3
Updating learning rate to 0.00015625
	iters: 100, epoch: 7 | loss: 0.0034778
	speed: 0.0367s/iter; left time: 69.2773s
Epoch: 7 cost time: 1.695932388305664
Epoch: 7, Steps: 142 | Train Loss: 0.0056752 Vali Loss: 0.0017550 Test Loss: 0.0022688
Validation loss decreased (0.001869 --> 0.001755).  Saving model ...
Updating learning rate to 7.8125e-05
	iters: 100, epoch: 8 | loss: 0.0032783
	speed: 0.0346s/iter; left time: 60.5141s
Epoch: 8 cost time: 1.6224744319915771
Epoch: 8, Steps: 142 | Train Loss: 0.0056255 Vali Loss: 0.0017910 Test Loss: 0.0022657
EarlyStopping counter: 1 out of 3
Updating learning rate to 3.90625e-05
	iters: 100, epoch: 9 | loss: 0.0037583
	speed: 0.0341s/iter; left time: 54.7458s
Epoch: 9 cost time: 1.4592862129211426
Epoch: 9, Steps: 142 | Train Loss: 0.0056068 Vali Loss: 0.0017721 Test Loss: 0.0022870
EarlyStopping counter: 2 out of 3
Updating learning rate to 1.953125e-05
	iters: 100, epoch: 10 | loss: 0.0051418
	speed: 0.0374s/iter; left time: 54.6837s
Epoch: 10 cost time: 1.6655523777008057
Epoch: 10, Steps: 142 | Train Loss: 0.0055952 Vali Loss: 0.0017939 Test Loss: 0.0022890
EarlyStopping counter: 3 out of 3
Early stopping
>>>>>>>testing : mirae_Linear_Linear_mirae_ftM_sl72_ll48_pl12_dm512_nh8_el2_dl1_df2048_fc1_ebtimeF_dtTrue_Exp_0<<<<<<<<<<<<<<<<<<<<<<<<<<<<<<<<<
test 976
mse:0.002269, mae:0.03522
