Args in experiment:
Namespace(ver='TWM', is_training=1, model_id='mirae_Linear', model='Linear', data='mirae', root_path='./data/ETT/', data_path='ETTh1.csv', features='M', target='OT', freq='h', checkpoints='./checkpoints/', seq_len=72, label_len=48, pred_len=12, individual=False, embed_type=0, enc_in=7, dec_in=7, c_out=7, d_model=512, n_heads=8, e_layers=2, d_layers=1, d_ff=2048, moving_avg=25, factor=1, distil=True, dropout=0.05, embed='timeF', activation='gelu', output_attention=False, do_predict=False, num_workers=10, itr=1, train_epochs=20, batch_size=32, patience=3, learning_rate=0.005, des='Exp', loss='mse', lradj='type1', use_amp=False, use_gpu=True, gpu=0, use_multi_gpu=False, devices='0,1,2,3', test_flop=False)
Use GPU: cuda:0
>>>>>>>start training : mirae_Linear_Linear_mirae_ftM_sl72_ll48_pl12_dm512_nh8_el2_dl1_df2048_fc1_ebtimeF_dtTrue_Exp_0>>>>>>>>>>>>>>>>>>>>>>>>>>
train 4552
val 975
test 976
	iters: 100, epoch: 1 | loss: 0.0073649
	speed: 0.0276s/iter; left time: 75.5880s
Epoch: 1 cost time: 3.062751054763794
Epoch: 1, Steps: 142 | Train Loss: 0.0205313 Vali Loss: 0.0027566 Test Loss: 0.0033887
Validation loss decreased (inf --> 0.002757).  Saving model ...
Updating learning rate to 0.005
	iters: 100, epoch: 2 | loss: 0.0055217
	speed: 0.0371s/iter; left time: 96.3183s
Epoch: 2 cost time: 1.9844684600830078
Epoch: 2, Steps: 142 | Train Loss: 0.0065457 Vali Loss: 0.0019062 Test Loss: 0.0025610
Validation loss decreased (0.002757 --> 0.001906).  Saving model ...
Updating learning rate to 0.0025
	iters: 100, epoch: 3 | loss: 0.0064932
	speed: 0.0400s/iter; left time: 98.2054s
Epoch: 3 cost time: 1.9335575103759766
Epoch: 3, Steps: 142 | Train Loss: 0.0057703 Vali Loss: 0.0017301 Test Loss: 0.0023776
Validation loss decreased (0.001906 --> 0.001730).  Saving model ...
Updating learning rate to 0.00125
	iters: 100, epoch: 4 | loss: 0.0033766
	speed: 0.0435s/iter; left time: 100.6893s
Epoch: 4 cost time: 1.851761817932129
Epoch: 4, Steps: 142 | Train Loss: 0.0054554 Vali Loss: 0.0021281 Test Loss: 0.0025205
EarlyStopping counter: 1 out of 3
Updating learning rate to 0.000625
	iters: 100, epoch: 5 | loss: 0.0039483
	speed: 0.0475s/iter; left time: 103.1149s
Epoch: 5 cost time: 2.1996588706970215
Epoch: 5, Steps: 142 | Train Loss: 0.0053562 Vali Loss: 0.0018529 Test Loss: 0.0023844
EarlyStopping counter: 2 out of 3
Updating learning rate to 0.0003125
	iters: 100, epoch: 6 | loss: 0.0046060
	speed: 0.0489s/iter; left time: 99.2312s
Epoch: 6 cost time: 2.148172378540039
Epoch: 6, Steps: 142 | Train Loss: 0.0051515 Vali Loss: 0.0017811 Test Loss: 0.0023837
EarlyStopping counter: 3 out of 3
Early stopping
>>>>>>>testing : mirae_Linear_Linear_mirae_ftM_sl72_ll48_pl12_dm512_nh8_el2_dl1_df2048_fc1_ebtimeF_dtTrue_Exp_0<<<<<<<<<<<<<<<<<<<<<<<<<<<<<<<<<
test 976
mse:0.002378, mae:0.03421
