Args in experiment:
Namespace(ver='TWM', is_training=1, model_id='mirae_Linear', model='Linear', data='mirae', root_path='./data/ETT/', data_path='ETTh1.csv', features='M', target='OT', freq='h', checkpoints='./checkpoints/', seq_len=72, label_len=48, pred_len=12, individual=False, embed_type=0, enc_in=7, dec_in=7, c_out=7, d_model=512, n_heads=8, e_layers=2, d_layers=1, d_ff=2048, moving_avg=25, factor=1, distil=True, dropout=0.05, embed='timeF', activation='gelu', output_attention=False, do_predict=False, num_workers=10, itr=1, train_epochs=20, batch_size=32, patience=3, learning_rate=0.005, des='Exp', loss='mse', lradj='type1', use_amp=False, use_gpu=True, gpu=0, use_multi_gpu=False, devices='0,1,2,3', test_flop=False)
Use GPU: cuda:0
>>>>>>>start training : mirae_Linear_Linear_mirae_ftM_sl72_ll48_pl12_dm512_nh8_el2_dl1_df2048_fc1_ebtimeF_dtTrue_Exp_0>>>>>>>>>>>>>>>>>>>>>>>>>>
train 4552
val 975
test 976
	iters: 100, epoch: 1 | loss: 0.0177480
	speed: 0.0264s/iter; left time: 72.4681s
Epoch: 1 cost time: 2.9295802116394043
Epoch: 1, Steps: 142 | Train Loss: 0.0192168 Vali Loss: 0.0027383 Test Loss: 0.0035137
Validation loss decreased (inf --> 0.002738).  Saving model ...
Updating learning rate to 0.005
	iters: 100, epoch: 2 | loss: 0.0045774
	speed: 0.0374s/iter; left time: 97.1608s
Epoch: 2 cost time: 1.7312755584716797
Epoch: 2, Steps: 142 | Train Loss: 0.0084966 Vali Loss: 0.0027905 Test Loss: 0.0032738
EarlyStopping counter: 1 out of 3
Updating learning rate to 0.0025
	iters: 100, epoch: 3 | loss: 0.0077175
	speed: 0.0372s/iter; left time: 91.3583s
Epoch: 3 cost time: 1.686645269393921
Epoch: 3, Steps: 142 | Train Loss: 0.0077141 Vali Loss: 0.0024825 Test Loss: 0.0030682
Validation loss decreased (0.002738 --> 0.002482).  Saving model ...
Updating learning rate to 0.00125
	iters: 100, epoch: 4 | loss: 0.0087592
	speed: 0.0419s/iter; left time: 96.8927s
Epoch: 4 cost time: 1.9024288654327393
Epoch: 4, Steps: 142 | Train Loss: 0.0074267 Vali Loss: 0.0026850 Test Loss: 0.0031481
EarlyStopping counter: 1 out of 3
Updating learning rate to 0.000625
	iters: 100, epoch: 5 | loss: 0.0092156
	speed: 0.0423s/iter; left time: 91.8230s
Epoch: 5 cost time: 1.8226826190948486
Epoch: 5, Steps: 142 | Train Loss: 0.0072901 Vali Loss: 0.0026525 Test Loss: 0.0031043
EarlyStopping counter: 2 out of 3
Updating learning rate to 0.0003125
	iters: 100, epoch: 6 | loss: 0.0114709
	speed: 0.0408s/iter; left time: 82.7720s
Epoch: 6 cost time: 1.7961654663085938
Epoch: 6, Steps: 142 | Train Loss: 0.0072109 Vali Loss: 0.0025615 Test Loss: 0.0030404
EarlyStopping counter: 3 out of 3
Early stopping
>>>>>>>testing : mirae_Linear_Linear_mirae_ftM_sl72_ll48_pl12_dm512_nh8_el2_dl1_df2048_fc1_ebtimeF_dtTrue_Exp_0<<<<<<<<<<<<<<<<<<<<<<<<<<<<<<<<<
test 976
mse:0.003068, mae:0.04116
