Args in experiment:
Namespace(ver='TPM', is_training=1, model_id='mirae_Linear', model='Linear', data='mirae', root_path='./data/ETT/', data_path='ETTh1.csv', features='M', target='OT', freq='h', checkpoints='./checkpoints/', seq_len=72, label_len=48, pred_len=12, individual=False, embed_type=0, enc_in=7, dec_in=7, c_out=7, d_model=512, n_heads=8, e_layers=2, d_layers=1, d_ff=2048, moving_avg=25, factor=1, distil=True, dropout=0.05, embed='timeF', activation='gelu', output_attention=False, do_predict=False, num_workers=10, itr=1, train_epochs=20, batch_size=32, patience=3, learning_rate=0.005, des='Exp', loss='mse', lradj='type1', use_amp=False, use_gpu=True, gpu=0, use_multi_gpu=False, devices='0,1,2,3', test_flop=False)
Use GPU: cuda:0
>>>>>>>start training : mirae_Linear_Linear_mirae_ftM_sl72_ll48_pl12_dm512_nh8_el2_dl1_df2048_fc1_ebtimeF_dtTrue_Exp_0>>>>>>>>>>>>>>>>>>>>>>>>>>
train 4552
val 975
test 976
	iters: 100, epoch: 1 | loss: 0.0083962
	speed: 0.0334s/iter; left time: 91.4584s
Epoch: 1 cost time: 3.6760051250457764
Epoch: 1, Steps: 142 | Train Loss: 0.0198198 Vali Loss: 0.0023145 Test Loss: 0.0029665
Validation loss decreased (inf --> 0.002314).  Saving model ...
Updating learning rate to 0.005
	iters: 100, epoch: 2 | loss: 0.0046303
	speed: 0.0458s/iter; left time: 118.9460s
Epoch: 2 cost time: 2.016296148300171
Epoch: 2, Steps: 142 | Train Loss: 0.0073491 Vali Loss: 0.0021069 Test Loss: 0.0024549
Validation loss decreased (0.002314 --> 0.002107).  Saving model ...
Updating learning rate to 0.0025
	iters: 100, epoch: 3 | loss: 0.0065873
	speed: 0.0433s/iter; left time: 106.5005s
Epoch: 3 cost time: 1.8514328002929688
Epoch: 3, Steps: 142 | Train Loss: 0.0062878 Vali Loss: 0.0017957 Test Loss: 0.0022010
Validation loss decreased (0.002107 --> 0.001796).  Saving model ...
Updating learning rate to 0.00125
	iters: 100, epoch: 4 | loss: 0.0030443
	speed: 0.0431s/iter; left time: 99.7234s
Epoch: 4 cost time: 1.7692630290985107
Epoch: 4, Steps: 142 | Train Loss: 0.0057723 Vali Loss: 0.0020351 Test Loss: 0.0022009
EarlyStopping counter: 1 out of 3
Updating learning rate to 0.000625
	iters: 100, epoch: 5 | loss: 0.0043433
	speed: 0.0438s/iter; left time: 95.1905s
Epoch: 5 cost time: 1.9371349811553955
Epoch: 5, Steps: 142 | Train Loss: 0.0056517 Vali Loss: 0.0017770 Test Loss: 0.0020573
Validation loss decreased (0.001796 --> 0.001777).  Saving model ...
Updating learning rate to 0.0003125
	iters: 100, epoch: 6 | loss: 0.0042564
	speed: 0.0436s/iter; left time: 88.4944s
Epoch: 6 cost time: 2.017852544784546
Epoch: 6, Steps: 142 | Train Loss: 0.0054025 Vali Loss: 0.0017295 Test Loss: 0.0020462
Validation loss decreased (0.001777 --> 0.001730).  Saving model ...
Updating learning rate to 0.00015625
	iters: 100, epoch: 7 | loss: 0.0071676
	speed: 0.0427s/iter; left time: 80.6393s
Epoch: 7 cost time: 1.837064504623413
Epoch: 7, Steps: 142 | Train Loss: 0.0053435 Vali Loss: 0.0017264 Test Loss: 0.0020264
Validation loss decreased (0.001730 --> 0.001726).  Saving model ...
Updating learning rate to 7.8125e-05
	iters: 100, epoch: 8 | loss: 0.0087130
	speed: 0.0425s/iter; left time: 74.1621s
Epoch: 8 cost time: 1.9265785217285156
Epoch: 8, Steps: 142 | Train Loss: 0.0052858 Vali Loss: 0.0017436 Test Loss: 0.0020221
EarlyStopping counter: 1 out of 3
Updating learning rate to 3.90625e-05
	iters: 100, epoch: 9 | loss: 0.0032434
	speed: 0.0380s/iter; left time: 61.0598s
Epoch: 9 cost time: 1.7764554023742676
Epoch: 9, Steps: 142 | Train Loss: 0.0052738 Vali Loss: 0.0017538 Test Loss: 0.0020160
EarlyStopping counter: 2 out of 3
Updating learning rate to 1.953125e-05
	iters: 100, epoch: 10 | loss: 0.0062949
	speed: 0.0382s/iter; left time: 55.8162s
Epoch: 10 cost time: 1.830751895904541
Epoch: 10, Steps: 142 | Train Loss: 0.0052423 Vali Loss: 0.0017121 Test Loss: 0.0020087
Validation loss decreased (0.001726 --> 0.001712).  Saving model ...
Updating learning rate to 9.765625e-06
	iters: 100, epoch: 11 | loss: 0.0057162
	speed: 0.0383s/iter; left time: 50.6513s
Epoch: 11 cost time: 1.717423439025879
Epoch: 11, Steps: 142 | Train Loss: 0.0052529 Vali Loss: 0.0017167 Test Loss: 0.0020070
EarlyStopping counter: 1 out of 3
Updating learning rate to 4.8828125e-06
	iters: 100, epoch: 12 | loss: 0.0051894
	speed: 0.0388s/iter; left time: 45.7616s
Epoch: 12 cost time: 1.7502162456512451
Epoch: 12, Steps: 142 | Train Loss: 0.0052389 Vali Loss: 0.0017177 Test Loss: 0.0020059
EarlyStopping counter: 2 out of 3
Updating learning rate to 2.44140625e-06
	iters: 100, epoch: 13 | loss: 0.0047973
	speed: 0.0399s/iter; left time: 41.3754s
Epoch: 13 cost time: 1.8468782901763916
Epoch: 13, Steps: 142 | Train Loss: 0.0052481 Vali Loss: 0.0017146 Test Loss: 0.0020054
EarlyStopping counter: 3 out of 3
Early stopping
>>>>>>>testing : mirae_Linear_Linear_mirae_ftM_sl72_ll48_pl12_dm512_nh8_el2_dl1_df2048_fc1_ebtimeF_dtTrue_Exp_0<<<<<<<<<<<<<<<<<<<<<<<<<<<<<<<<<
test 976
mse:0.002009, mae:0.03124
