Args in experiment:
Namespace(ver='TCM', is_training=1, model_id='mirae_Linear', model='NLinear', data='mirae', root_path='./data/ETT/', data_path='ETTh1.csv', features='M', target='OT', freq='h', checkpoints='./checkpoints/', seq_len=72, label_len=48, pred_len=12, individual=False, embed_type=0, enc_in=7, dec_in=7, c_out=7, d_model=512, n_heads=8, e_layers=2, d_layers=1, d_ff=2048, moving_avg=25, factor=1, distil=True, dropout=0.05, embed='timeF', activation='gelu', output_attention=False, do_predict=False, num_workers=10, itr=1, train_epochs=20, batch_size=32, patience=3, learning_rate=0.005, des='Exp', loss='mse', lradj='type1', use_amp=False, use_gpu=True, gpu=0, use_multi_gpu=False, devices='0,1,2,3', test_flop=False)
Use GPU: cuda:0
>>>>>>>start training : mirae_Linear_NLinear_mirae_ftM_sl72_ll48_pl12_dm512_nh8_el2_dl1_df2048_fc1_ebtimeF_dtTrue_Exp_0>>>>>>>>>>>>>>>>>>>>>>>>>>
train 4552
val 975
test 976
	iters: 100, epoch: 1 | loss: 0.0108308
	speed: 0.0293s/iter; left time: 80.1919s
Epoch: 1 cost time: 3.2237708568573
Epoch: 1, Steps: 142 | Train Loss: 0.0242501 Vali Loss: 0.0040794 Test Loss: 0.0039675
Validation loss decreased (inf --> 0.004079).  Saving model ...
Updating learning rate to 0.005
	iters: 100, epoch: 2 | loss: 0.0057367
	speed: 0.0392s/iter; left time: 101.8648s
Epoch: 2 cost time: 1.528688907623291
Epoch: 2, Steps: 142 | Train Loss: 0.0097047 Vali Loss: 0.0032681 Test Loss: 0.0031957
Validation loss decreased (0.004079 --> 0.003268).  Saving model ...
Updating learning rate to 0.0025
	iters: 100, epoch: 3 | loss: 0.0084312
	speed: 0.0371s/iter; left time: 91.2479s
Epoch: 3 cost time: 1.7297000885009766
Epoch: 3, Steps: 142 | Train Loss: 0.0083589 Vali Loss: 0.0030201 Test Loss: 0.0030292
Validation loss decreased (0.003268 --> 0.003020).  Saving model ...
Updating learning rate to 0.00125
	iters: 100, epoch: 4 | loss: 0.0074773
	speed: 0.0391s/iter; left time: 90.5212s
Epoch: 4 cost time: 1.760124921798706
Epoch: 4, Steps: 142 | Train Loss: 0.0081134 Vali Loss: 0.0029094 Test Loss: 0.0028768
Validation loss decreased (0.003020 --> 0.002909).  Saving model ...
Updating learning rate to 0.000625
	iters: 100, epoch: 5 | loss: 0.0121232
	speed: 0.0402s/iter; left time: 87.2880s
Epoch: 5 cost time: 1.7870478630065918
Epoch: 5, Steps: 142 | Train Loss: 0.0079571 Vali Loss: 0.0028522 Test Loss: 0.0028625
Validation loss decreased (0.002909 --> 0.002852).  Saving model ...
Updating learning rate to 0.0003125
	iters: 100, epoch: 6 | loss: 0.0074905
	speed: 0.0411s/iter; left time: 83.4550s
Epoch: 6 cost time: 1.721548318862915
Epoch: 6, Steps: 142 | Train Loss: 0.0078453 Vali Loss: 0.0028548 Test Loss: 0.0028578
EarlyStopping counter: 1 out of 3
Updating learning rate to 0.00015625
	iters: 100, epoch: 7 | loss: 0.0049095
	speed: 0.0428s/iter; left time: 80.8697s
Epoch: 7 cost time: 1.895202875137329
Epoch: 7, Steps: 142 | Train Loss: 0.0078390 Vali Loss: 0.0028587 Test Loss: 0.0028689
EarlyStopping counter: 2 out of 3
Updating learning rate to 7.8125e-05
	iters: 100, epoch: 8 | loss: 0.0031342
	speed: 0.0421s/iter; left time: 73.6319s
Epoch: 8 cost time: 1.8843488693237305
Epoch: 8, Steps: 142 | Train Loss: 0.0078023 Vali Loss: 0.0028709 Test Loss: 0.0028614
EarlyStopping counter: 3 out of 3
Early stopping
>>>>>>>testing : mirae_Linear_NLinear_mirae_ftM_sl72_ll48_pl12_dm512_nh8_el2_dl1_df2048_fc1_ebtimeF_dtTrue_Exp_0<<<<<<<<<<<<<<<<<<<<<<<<<<<<<<<<<
test 976
mse:0.002862, mae:0.03567
