Args in experiment:
Namespace(ver='TWM', is_training=1, model_id='mirae_Linear', model='NLinear', data='mirae', root_path='./data/ETT/', data_path='ETTh1.csv', features='M', target='OT', freq='h', checkpoints='./checkpoints/', seq_len=72, label_len=48, pred_len=12, individual=False, embed_type=0, enc_in=7, dec_in=7, c_out=7, d_model=512, n_heads=8, e_layers=2, d_layers=1, d_ff=2048, moving_avg=25, factor=1, distil=True, dropout=0.05, embed='timeF', activation='gelu', output_attention=False, do_predict=False, num_workers=10, itr=1, train_epochs=20, batch_size=32, patience=3, learning_rate=0.005, des='Exp', loss='mse', lradj='type1', use_amp=False, use_gpu=True, gpu=0, use_multi_gpu=False, devices='0,1,2,3', test_flop=False)
Use GPU: cuda:0
>>>>>>>start training : mirae_Linear_NLinear_mirae_ftM_sl72_ll48_pl12_dm512_nh8_el2_dl1_df2048_fc1_ebtimeF_dtTrue_Exp_0>>>>>>>>>>>>>>>>>>>>>>>>>>
train 4552
val 975
test 976
	iters: 100, epoch: 1 | loss: 0.0041063
	speed: 0.0296s/iter; left time: 81.1881s
Epoch: 1 cost time: 3.2182388305664062
Epoch: 1, Steps: 142 | Train Loss: 0.0142807 Vali Loss: 0.0031651 Test Loss: 0.0028156
Validation loss decreased (inf --> 0.003165).  Saving model ...
Updating learning rate to 0.005
	iters: 100, epoch: 2 | loss: 0.0045103
	speed: 0.0411s/iter; left time: 106.7456s
Epoch: 2 cost time: 1.7735133171081543
Epoch: 2, Steps: 142 | Train Loss: 0.0072371 Vali Loss: 0.0025453 Test Loss: 0.0024628
Validation loss decreased (0.003165 --> 0.002545).  Saving model ...
Updating learning rate to 0.0025
	iters: 100, epoch: 3 | loss: 0.0060778
	speed: 0.0399s/iter; left time: 97.9775s
Epoch: 3 cost time: 1.7773022651672363
Epoch: 3, Steps: 142 | Train Loss: 0.0063331 Vali Loss: 0.0021464 Test Loss: 0.0022538
Validation loss decreased (0.002545 --> 0.002146).  Saving model ...
Updating learning rate to 0.00125
	iters: 100, epoch: 4 | loss: 0.0050000
	speed: 0.0421s/iter; left time: 97.5576s
Epoch: 4 cost time: 1.9883122444152832
Epoch: 4, Steps: 142 | Train Loss: 0.0061737 Vali Loss: 0.0021154 Test Loss: 0.0022146
Validation loss decreased (0.002146 --> 0.002115).  Saving model ...
Updating learning rate to 0.000625
	iters: 100, epoch: 5 | loss: 0.0121745
	speed: 0.0453s/iter; left time: 98.4456s
Epoch: 5 cost time: 1.9356534481048584
Epoch: 5, Steps: 142 | Train Loss: 0.0060769 Vali Loss: 0.0021452 Test Loss: 0.0022730
EarlyStopping counter: 1 out of 3
Updating learning rate to 0.0003125
	iters: 100, epoch: 6 | loss: 0.0064246
	speed: 0.0475s/iter; left time: 96.5309s
Epoch: 6 cost time: 2.048494338989258
Epoch: 6, Steps: 142 | Train Loss: 0.0060300 Vali Loss: 0.0021444 Test Loss: 0.0022570
EarlyStopping counter: 2 out of 3
Updating learning rate to 0.00015625
	iters: 100, epoch: 7 | loss: 0.0040498
	speed: 0.0465s/iter; left time: 87.8234s
Epoch: 7 cost time: 1.8965375423431396
Epoch: 7, Steps: 142 | Train Loss: 0.0060269 Vali Loss: 0.0020996 Test Loss: 0.0022307
Validation loss decreased (0.002115 --> 0.002100).  Saving model ...
Updating learning rate to 7.8125e-05
	iters: 100, epoch: 8 | loss: 0.0028907
	speed: 0.0436s/iter; left time: 76.1076s
Epoch: 8 cost time: 1.7350585460662842
Epoch: 8, Steps: 142 | Train Loss: 0.0060092 Vali Loss: 0.0021010 Test Loss: 0.0022291
EarlyStopping counter: 1 out of 3
Updating learning rate to 3.90625e-05
	iters: 100, epoch: 9 | loss: 0.0041626
	speed: 0.0460s/iter; left time: 73.8434s
Epoch: 9 cost time: 1.713341236114502
Epoch: 9, Steps: 142 | Train Loss: 0.0060092 Vali Loss: 0.0020935 Test Loss: 0.0022319
Validation loss decreased (0.002100 --> 0.002093).  Saving model ...
Updating learning rate to 1.953125e-05
	iters: 100, epoch: 10 | loss: 0.0041068
	speed: 0.0419s/iter; left time: 61.2347s
Epoch: 10 cost time: 2.00925350189209
Epoch: 10, Steps: 142 | Train Loss: 0.0060070 Vali Loss: 0.0020960 Test Loss: 0.0022314
EarlyStopping counter: 1 out of 3
Updating learning rate to 9.765625e-06
	iters: 100, epoch: 11 | loss: 0.0071176
	speed: 0.0437s/iter; left time: 57.7083s
Epoch: 11 cost time: 1.784179449081421
Epoch: 11, Steps: 142 | Train Loss: 0.0060040 Vali Loss: 0.0021028 Test Loss: 0.0022316
EarlyStopping counter: 2 out of 3
Updating learning rate to 4.8828125e-06
	iters: 100, epoch: 12 | loss: 0.0036752
	speed: 0.0402s/iter; left time: 47.4173s
Epoch: 12 cost time: 1.7062780857086182
Epoch: 12, Steps: 142 | Train Loss: 0.0060007 Vali Loss: 0.0021051 Test Loss: 0.0022318
EarlyStopping counter: 3 out of 3
Early stopping
>>>>>>>testing : mirae_Linear_NLinear_mirae_ftM_sl72_ll48_pl12_dm512_nh8_el2_dl1_df2048_fc1_ebtimeF_dtTrue_Exp_0<<<<<<<<<<<<<<<<<<<<<<<<<<<<<<<<<
test 976
mse:0.002232, mae:0.03350
