Args in experiment:
Namespace(ver='TWM-2', is_training=1, model_id='mirae_Linear', model='NLinear', data='mirae', root_path='./data/ETT/', data_path='ETTh1.csv', features='M', target='OT', freq='h', checkpoints='./checkpoints/', seq_len=72, label_len=48, pred_len=12, individual=False, embed_type=0, enc_in=7, dec_in=7, c_out=7, d_model=512, n_heads=8, e_layers=2, d_layers=1, d_ff=2048, moving_avg=25, factor=1, distil=True, dropout=0.05, embed='timeF', activation='gelu', output_attention=False, do_predict=False, num_workers=10, itr=1, train_epochs=20, batch_size=32, patience=3, learning_rate=0.005, des='Exp', loss='mse', lradj='type1', use_amp=False, use_gpu=True, gpu=0, use_multi_gpu=False, devices='0,1,2,3', test_flop=False)
Use GPU: cuda:0
>>>>>>>start training : mirae_Linear_NLinear_mirae_ftM_sl72_ll48_pl12_dm512_nh8_el2_dl1_df2048_fc1_ebtimeF_dtTrue_Exp_0>>>>>>>>>>>>>>>>>>>>>>>>>>
train 4552
val 975
test 976
	iters: 100, epoch: 1 | loss: 0.0085142
	speed: 0.0349s/iter; left time: 95.6232s
Epoch: 1 cost time: 3.8051698207855225
Epoch: 1, Steps: 142 | Train Loss: 0.0164035 Vali Loss: 0.0025384 Test Loss: 0.0020645
Validation loss decreased (inf --> 0.002538).  Saving model ...
Updating learning rate to 0.005
	iters: 100, epoch: 2 | loss: 0.0058113
	speed: 0.0431s/iter; left time: 112.0623s
Epoch: 2 cost time: 1.9328758716583252
Epoch: 2, Steps: 142 | Train Loss: 0.0062063 Vali Loss: 0.0024075 Test Loss: 0.0023960
Validation loss decreased (0.002538 --> 0.002407).  Saving model ...
Updating learning rate to 0.0025
	iters: 100, epoch: 3 | loss: 0.0066937
	speed: 0.0458s/iter; left time: 112.5983s
Epoch: 3 cost time: 1.9907214641571045
Epoch: 3, Steps: 142 | Train Loss: 0.0050183 Vali Loss: 0.0020694 Test Loss: 0.0019916
Validation loss decreased (0.002407 --> 0.002069).  Saving model ...
Updating learning rate to 0.00125
	iters: 100, epoch: 4 | loss: 0.0046996
	speed: 0.0496s/iter; left time: 114.8382s
Epoch: 4 cost time: 2.406898260116577
Epoch: 4, Steps: 142 | Train Loss: 0.0045201 Vali Loss: 0.0018135 Test Loss: 0.0016225
Validation loss decreased (0.002069 --> 0.001813).  Saving model ...
Updating learning rate to 0.000625
	iters: 100, epoch: 5 | loss: 0.0074277
	speed: 0.0459s/iter; left time: 99.6912s
Epoch: 5 cost time: 1.969731330871582
Epoch: 5, Steps: 142 | Train Loss: 0.0041961 Vali Loss: 0.0017387 Test Loss: 0.0015988
Validation loss decreased (0.001813 --> 0.001739).  Saving model ...
Updating learning rate to 0.0003125
	iters: 100, epoch: 6 | loss: 0.0027113
	speed: 0.0479s/iter; left time: 97.2990s
Epoch: 6 cost time: 2.172914505004883
Epoch: 6, Steps: 142 | Train Loss: 0.0040708 Vali Loss: 0.0015870 Test Loss: 0.0013811
Validation loss decreased (0.001739 --> 0.001587).  Saving model ...
Updating learning rate to 0.00015625
	iters: 100, epoch: 7 | loss: 0.0035564
	speed: 0.0438s/iter; left time: 82.6890s
Epoch: 7 cost time: 1.9170267581939697
Epoch: 7, Steps: 142 | Train Loss: 0.0040062 Vali Loss: 0.0015630 Test Loss: 0.0013645
Validation loss decreased (0.001587 --> 0.001563).  Saving model ...
Updating learning rate to 7.8125e-05
	iters: 100, epoch: 8 | loss: 0.0038455
	speed: 0.0441s/iter; left time: 77.1016s
Epoch: 8 cost time: 2.0383141040802
Epoch: 8, Steps: 142 | Train Loss: 0.0039399 Vali Loss: 0.0015959 Test Loss: 0.0013462
EarlyStopping counter: 1 out of 3
Updating learning rate to 3.90625e-05
	iters: 100, epoch: 9 | loss: 0.0045628
	speed: 0.0470s/iter; left time: 75.4687s
Epoch: 9 cost time: 2.1134705543518066
Epoch: 9, Steps: 142 | Train Loss: 0.0039110 Vali Loss: 0.0015745 Test Loss: 0.0013126
EarlyStopping counter: 2 out of 3
Updating learning rate to 1.953125e-05
	iters: 100, epoch: 10 | loss: 0.0047281
	speed: 0.0441s/iter; left time: 64.5558s
Epoch: 10 cost time: 2.0450048446655273
Epoch: 10, Steps: 142 | Train Loss: 0.0039029 Vali Loss: 0.0015493 Test Loss: 0.0013214
Validation loss decreased (0.001563 --> 0.001549).  Saving model ...
Updating learning rate to 9.765625e-06
	iters: 100, epoch: 11 | loss: 0.0040766
	speed: 0.0390s/iter; left time: 51.4924s
Epoch: 11 cost time: 1.7752821445465088
Epoch: 11, Steps: 142 | Train Loss: 0.0038966 Vali Loss: 0.0015799 Test Loss: 0.0013181
EarlyStopping counter: 1 out of 3
Updating learning rate to 4.8828125e-06
	iters: 100, epoch: 12 | loss: 0.0054586
	speed: 0.0368s/iter; left time: 43.3872s
Epoch: 12 cost time: 1.7101020812988281
Epoch: 12, Steps: 142 | Train Loss: 0.0038878 Vali Loss: 0.0015797 Test Loss: 0.0013169
EarlyStopping counter: 2 out of 3
Updating learning rate to 2.44140625e-06
	iters: 100, epoch: 13 | loss: 0.0037127
	speed: 0.0356s/iter; left time: 36.9189s
Epoch: 13 cost time: 1.7613818645477295
Epoch: 13, Steps: 142 | Train Loss: 0.0038816 Vali Loss: 0.0015698 Test Loss: 0.0013188
EarlyStopping counter: 3 out of 3
Early stopping
>>>>>>>testing : mirae_Linear_NLinear_mirae_ftM_sl72_ll48_pl12_dm512_nh8_el2_dl1_df2048_fc1_ebtimeF_dtTrue_Exp_0<<<<<<<<<<<<<<<<<<<<<<<<<<<<<<<<<
test 976
mse:0.001321, mae:0.02708
