Args in experiment:
Namespace(ver='TWM', is_training=1, model_id='mirae_Linear', model='NLinear', data='mirae', root_path='./data/ETT/', data_path='ETTh1.csv', features='M', target='OT', freq='h', checkpoints='./checkpoints/', seq_len=72, label_len=48, pred_len=12, individual=False, embed_type=0, enc_in=7, dec_in=7, c_out=7, d_model=512, n_heads=8, e_layers=2, d_layers=1, d_ff=2048, moving_avg=25, factor=1, distil=True, dropout=0.05, embed='timeF', activation='gelu', output_attention=False, do_predict=False, num_workers=10, itr=1, train_epochs=20, batch_size=32, patience=3, learning_rate=0.005, des='Exp', loss='mse', lradj='type1', use_amp=False, use_gpu=True, gpu=0, use_multi_gpu=False, devices='0,1,2,3', test_flop=False)
Use GPU: cuda:0
>>>>>>>start training : mirae_Linear_NLinear_mirae_ftM_sl72_ll48_pl12_dm512_nh8_el2_dl1_df2048_fc1_ebtimeF_dtTrue_Exp_0>>>>>>>>>>>>>>>>>>>>>>>>>>
train 4552
val 975
test 976
	iters: 100, epoch: 1 | loss: 0.0106887
	speed: 0.0316s/iter; left time: 86.5223s
Epoch: 1 cost time: 3.4727284908294678
Epoch: 1, Steps: 142 | Train Loss: 0.0273105 Vali Loss: 0.0032038 Test Loss: 0.0029116
Validation loss decreased (inf --> 0.003204).  Saving model ...
Updating learning rate to 0.005
	iters: 100, epoch: 2 | loss: 0.0080488
	speed: 0.0379s/iter; left time: 98.5229s
Epoch: 2 cost time: 1.7553060054779053
Epoch: 2, Steps: 142 | Train Loss: 0.0080427 Vali Loss: 0.0023586 Test Loss: 0.0023625
Validation loss decreased (0.003204 --> 0.002359).  Saving model ...
Updating learning rate to 0.0025
	iters: 100, epoch: 3 | loss: 0.0038506
	speed: 0.0407s/iter; left time: 100.0045s
Epoch: 3 cost time: 1.7845194339752197
Epoch: 3, Steps: 142 | Train Loss: 0.0064225 Vali Loss: 0.0022222 Test Loss: 0.0020280
Validation loss decreased (0.002359 --> 0.002222).  Saving model ...
Updating learning rate to 0.00125
	iters: 100, epoch: 4 | loss: 0.0040547
	speed: 0.0391s/iter; left time: 90.4259s
Epoch: 4 cost time: 1.6221635341644287
Epoch: 4, Steps: 142 | Train Loss: 0.0057561 Vali Loss: 0.0019644 Test Loss: 0.0019228
Validation loss decreased (0.002222 --> 0.001964).  Saving model ...
Updating learning rate to 0.000625
	iters: 100, epoch: 5 | loss: 0.0029484
	speed: 0.0432s/iter; left time: 93.8291s
Epoch: 5 cost time: 1.9443140029907227
Epoch: 5, Steps: 142 | Train Loss: 0.0053917 Vali Loss: 0.0018841 Test Loss: 0.0017469
Validation loss decreased (0.001964 --> 0.001884).  Saving model ...
Updating learning rate to 0.0003125
	iters: 100, epoch: 6 | loss: 0.0050213
	speed: 0.0447s/iter; left time: 90.7105s
Epoch: 6 cost time: 2.1664421558380127
Epoch: 6, Steps: 142 | Train Loss: 0.0051906 Vali Loss: 0.0018508 Test Loss: 0.0017055
Validation loss decreased (0.001884 --> 0.001851).  Saving model ...
Updating learning rate to 0.00015625
	iters: 100, epoch: 7 | loss: 0.0039040
	speed: 0.0430s/iter; left time: 81.3057s
Epoch: 7 cost time: 1.964022159576416
Epoch: 7, Steps: 142 | Train Loss: 0.0051023 Vali Loss: 0.0018085 Test Loss: 0.0016967
Validation loss decreased (0.001851 --> 0.001808).  Saving model ...
Updating learning rate to 7.8125e-05
	iters: 100, epoch: 8 | loss: 0.0046530
	speed: 0.0393s/iter; left time: 68.5876s
Epoch: 8 cost time: 1.7555344104766846
Epoch: 8, Steps: 142 | Train Loss: 0.0050439 Vali Loss: 0.0018088 Test Loss: 0.0016828
EarlyStopping counter: 1 out of 3
Updating learning rate to 3.90625e-05
	iters: 100, epoch: 9 | loss: 0.0042384
	speed: 0.0408s/iter; left time: 65.5603s
Epoch: 9 cost time: 1.848222255706787
Epoch: 9, Steps: 142 | Train Loss: 0.0050170 Vali Loss: 0.0018172 Test Loss: 0.0016691
EarlyStopping counter: 2 out of 3
Updating learning rate to 1.953125e-05
	iters: 100, epoch: 10 | loss: 0.0039639
	speed: 0.0416s/iter; left time: 60.8818s
Epoch: 10 cost time: 1.79435396194458
Epoch: 10, Steps: 142 | Train Loss: 0.0050007 Vali Loss: 0.0018127 Test Loss: 0.0016660
EarlyStopping counter: 3 out of 3
Early stopping
>>>>>>>testing : mirae_Linear_NLinear_mirae_ftM_sl72_ll48_pl12_dm512_nh8_el2_dl1_df2048_fc1_ebtimeF_dtTrue_Exp_0<<<<<<<<<<<<<<<<<<<<<<<<<<<<<<<<<
test 976
mse:0.001697, mae:0.02967
