Args in experiment:
Namespace(ver='TWM-2', is_training=1, model_id='mirae_Linear', model='NLinear', data='mirae', root_path='./data/ETT/', data_path='ETTh1.csv', features='M', target='OT', freq='h', checkpoints='./checkpoints/', seq_len=72, label_len=48, pred_len=12, individual=False, embed_type=0, enc_in=7, dec_in=7, c_out=7, d_model=512, n_heads=8, e_layers=2, d_layers=1, d_ff=2048, moving_avg=25, factor=1, distil=True, dropout=0.05, embed='timeF', activation='gelu', output_attention=False, do_predict=False, num_workers=10, itr=1, train_epochs=20, batch_size=32, patience=3, learning_rate=0.005, des='Exp', loss='mse', lradj='type1', use_amp=False, use_gpu=True, gpu=0, use_multi_gpu=False, devices='0,1,2,3', test_flop=False)
Use GPU: cuda:0
>>>>>>>start training : mirae_Linear_NLinear_mirae_ftM_sl72_ll48_pl12_dm512_nh8_el2_dl1_df2048_fc1_ebtimeF_dtTrue_Exp_0>>>>>>>>>>>>>>>>>>>>>>>>>>
train 4552
val 975
test 976
	iters: 100, epoch: 1 | loss: 0.0063062
	speed: 0.0328s/iter; left time: 89.9270s
Epoch: 1 cost time: 3.593277931213379
Epoch: 1, Steps: 142 | Train Loss: 0.0130863 Vali Loss: 0.0021351 Test Loss: 0.0015700
Validation loss decreased (inf --> 0.002135).  Saving model ...
Updating learning rate to 0.005
	iters: 100, epoch: 2 | loss: 0.0045322
	speed: 0.0421s/iter; left time: 109.4111s
Epoch: 2 cost time: 1.8337733745574951
Epoch: 2, Steps: 142 | Train Loss: 0.0051596 Vali Loss: 0.0015344 Test Loss: 0.0013641
Validation loss decreased (0.002135 --> 0.001534).  Saving model ...
Updating learning rate to 0.0025
	iters: 100, epoch: 3 | loss: 0.0045048
	speed: 0.0438s/iter; left time: 107.6259s
Epoch: 3 cost time: 1.9177463054656982
Epoch: 3, Steps: 142 | Train Loss: 0.0043003 Vali Loss: 0.0016956 Test Loss: 0.0013142
EarlyStopping counter: 1 out of 3
Updating learning rate to 0.00125
	iters: 100, epoch: 4 | loss: 0.0035590
	speed: 0.0450s/iter; left time: 104.2584s
Epoch: 4 cost time: 1.965348720550537
Epoch: 4, Steps: 142 | Train Loss: 0.0039461 Vali Loss: 0.0015383 Test Loss: 0.0012518
EarlyStopping counter: 2 out of 3
Updating learning rate to 0.000625
	iters: 100, epoch: 5 | loss: 0.0021407
	speed: 0.0413s/iter; left time: 89.7273s
Epoch: 5 cost time: 1.8290348052978516
Epoch: 5, Steps: 142 | Train Loss: 0.0037830 Vali Loss: 0.0015139 Test Loss: 0.0011992
Validation loss decreased (0.001534 --> 0.001514).  Saving model ...
Updating learning rate to 0.0003125
	iters: 100, epoch: 6 | loss: 0.0023874
	speed: 0.0392s/iter; left time: 79.6150s
Epoch: 6 cost time: 1.7641663551330566
Epoch: 6, Steps: 142 | Train Loss: 0.0037314 Vali Loss: 0.0015742 Test Loss: 0.0012627
EarlyStopping counter: 1 out of 3
Updating learning rate to 0.00015625
	iters: 100, epoch: 7 | loss: 0.0023228
	speed: 0.0404s/iter; left time: 76.2817s
Epoch: 7 cost time: 1.796689748764038
Epoch: 7, Steps: 142 | Train Loss: 0.0036848 Vali Loss: 0.0014357 Test Loss: 0.0012015
Validation loss decreased (0.001514 --> 0.001436).  Saving model ...
Updating learning rate to 7.8125e-05
	iters: 100, epoch: 8 | loss: 0.0031628
	speed: 0.0390s/iter; left time: 68.1451s
Epoch: 8 cost time: 1.83915114402771
Epoch: 8, Steps: 142 | Train Loss: 0.0036618 Vali Loss: 0.0014380 Test Loss: 0.0011940
EarlyStopping counter: 1 out of 3
Updating learning rate to 3.90625e-05
	iters: 100, epoch: 9 | loss: 0.0029230
	speed: 0.0381s/iter; left time: 61.0971s
Epoch: 9 cost time: 1.7835261821746826
Epoch: 9, Steps: 142 | Train Loss: 0.0036452 Vali Loss: 0.0014563 Test Loss: 0.0011925
EarlyStopping counter: 2 out of 3
Updating learning rate to 1.953125e-05
	iters: 100, epoch: 10 | loss: 0.0031991
	speed: 0.0373s/iter; left time: 54.5058s
Epoch: 10 cost time: 1.6854066848754883
Epoch: 10, Steps: 142 | Train Loss: 0.0036397 Vali Loss: 0.0014238 Test Loss: 0.0011910
Validation loss decreased (0.001436 --> 0.001424).  Saving model ...
Updating learning rate to 9.765625e-06
	iters: 100, epoch: 11 | loss: 0.0021128
	speed: 0.0397s/iter; left time: 52.3803s
Epoch: 11 cost time: 1.950638771057129
Epoch: 11, Steps: 142 | Train Loss: 0.0036385 Vali Loss: 0.0014511 Test Loss: 0.0011924
EarlyStopping counter: 1 out of 3
Updating learning rate to 4.8828125e-06
	iters: 100, epoch: 12 | loss: 0.0025315
	speed: 0.0360s/iter; left time: 42.4228s
Epoch: 12 cost time: 1.6153390407562256
Epoch: 12, Steps: 142 | Train Loss: 0.0036356 Vali Loss: 0.0014393 Test Loss: 0.0011921
EarlyStopping counter: 2 out of 3
Updating learning rate to 2.44140625e-06
	iters: 100, epoch: 13 | loss: 0.0054882
	speed: 0.0365s/iter; left time: 37.7987s
Epoch: 13 cost time: 1.8654403686523438
Epoch: 13, Steps: 142 | Train Loss: 0.0036298 Vali Loss: 0.0014546 Test Loss: 0.0011918
EarlyStopping counter: 3 out of 3
Early stopping
>>>>>>>testing : mirae_Linear_NLinear_mirae_ftM_sl72_ll48_pl12_dm512_nh8_el2_dl1_df2048_fc1_ebtimeF_dtTrue_Exp_0<<<<<<<<<<<<<<<<<<<<<<<<<<<<<<<<<
test 976
mse:0.001191, mae:0.02485
