Args in experiment:
Namespace(ver='TWM-2', is_training=1, model_id='mirae_Linear', model='NLinear', data='mirae', root_path='./data/ETT/', data_path='ETTh1.csv', features='M', target='OT', freq='h', checkpoints='./checkpoints/', seq_len=72, label_len=48, pred_len=12, individual=False, embed_type=0, enc_in=7, dec_in=7, c_out=7, d_model=512, n_heads=8, e_layers=2, d_layers=1, d_ff=2048, moving_avg=25, factor=1, distil=True, dropout=0.05, embed='timeF', activation='gelu', output_attention=False, do_predict=False, num_workers=10, itr=1, train_epochs=20, batch_size=32, patience=3, learning_rate=0.005, des='Exp', loss='mse', lradj='type1', use_amp=False, use_gpu=True, gpu=0, use_multi_gpu=False, devices='0,1,2,3', test_flop=False)
Use GPU: cuda:0
>>>>>>>start training : mirae_Linear_NLinear_mirae_ftM_sl72_ll48_pl12_dm512_nh8_el2_dl1_df2048_fc1_ebtimeF_dtTrue_Exp_0>>>>>>>>>>>>>>>>>>>>>>>>>>
train 4552
val 975
test 976
	iters: 100, epoch: 1 | loss: 0.0065344
	speed: 0.0314s/iter; left time: 86.1924s
Epoch: 1 cost time: 3.4528465270996094
Epoch: 1, Steps: 142 | Train Loss: 0.0091110 Vali Loss: 0.0017626 Test Loss: 0.0015826
Validation loss decreased (inf --> 0.001763).  Saving model ...
Updating learning rate to 0.005
	iters: 100, epoch: 2 | loss: 0.0041114
	speed: 0.0453s/iter; left time: 117.7407s
Epoch: 2 cost time: 2.075890064239502
Epoch: 2, Steps: 142 | Train Loss: 0.0043126 Vali Loss: 0.0014185 Test Loss: 0.0012529
Validation loss decreased (0.001763 --> 0.001419).  Saving model ...
Updating learning rate to 0.0025
	iters: 100, epoch: 3 | loss: 0.0044108
	speed: 0.0477s/iter; left time: 117.2509s
Epoch: 3 cost time: 1.8837461471557617
Epoch: 3, Steps: 142 | Train Loss: 0.0038077 Vali Loss: 0.0013470 Test Loss: 0.0011987
Validation loss decreased (0.001419 --> 0.001347).  Saving model ...
Updating learning rate to 0.00125
	iters: 100, epoch: 4 | loss: 0.0029805
	speed: 0.0462s/iter; left time: 106.8919s
Epoch: 4 cost time: 1.9688653945922852
Epoch: 4, Steps: 142 | Train Loss: 0.0036356 Vali Loss: 0.0013530 Test Loss: 0.0012119
EarlyStopping counter: 1 out of 3
Updating learning rate to 0.000625
	iters: 100, epoch: 5 | loss: 0.0019274
	speed: 0.0440s/iter; left time: 95.6688s
Epoch: 5 cost time: 2.019810676574707
Epoch: 5, Steps: 142 | Train Loss: 0.0035564 Vali Loss: 0.0013147 Test Loss: 0.0011815
Validation loss decreased (0.001347 --> 0.001315).  Saving model ...
Updating learning rate to 0.0003125
	iters: 100, epoch: 6 | loss: 0.0023403
	speed: 0.0468s/iter; left time: 94.9919s
Epoch: 6 cost time: 1.9827284812927246
Epoch: 6, Steps: 142 | Train Loss: 0.0035179 Vali Loss: 0.0013029 Test Loss: 0.0011719
Validation loss decreased (0.001315 --> 0.001303).  Saving model ...
Updating learning rate to 0.00015625
	iters: 100, epoch: 7 | loss: 0.0018295
	speed: 0.0429s/iter; left time: 81.0518s
Epoch: 7 cost time: 1.889052152633667
Epoch: 7, Steps: 142 | Train Loss: 0.0035004 Vali Loss: 0.0012981 Test Loss: 0.0011729
Validation loss decreased (0.001303 --> 0.001298).  Saving model ...
Updating learning rate to 7.8125e-05
	iters: 100, epoch: 8 | loss: 0.0033665
	speed: 0.0412s/iter; left time: 71.9983s
Epoch: 8 cost time: 1.605173110961914
Epoch: 8, Steps: 142 | Train Loss: 0.0034886 Vali Loss: 0.0013082 Test Loss: 0.0011775
EarlyStopping counter: 1 out of 3
Updating learning rate to 3.90625e-05
	iters: 100, epoch: 9 | loss: 0.0029811
	speed: 0.0418s/iter; left time: 67.1348s
Epoch: 9 cost time: 2.0668087005615234
Epoch: 9, Steps: 142 | Train Loss: 0.0034798 Vali Loss: 0.0013064 Test Loss: 0.0011765
EarlyStopping counter: 2 out of 3
Updating learning rate to 1.953125e-05
	iters: 100, epoch: 10 | loss: 0.0029881
	speed: 0.0404s/iter; left time: 59.0831s
Epoch: 10 cost time: 1.9904768466949463
Epoch: 10, Steps: 142 | Train Loss: 0.0034808 Vali Loss: 0.0012989 Test Loss: 0.0011767
EarlyStopping counter: 3 out of 3
Early stopping
>>>>>>>testing : mirae_Linear_NLinear_mirae_ftM_sl72_ll48_pl12_dm512_nh8_el2_dl1_df2048_fc1_ebtimeF_dtTrue_Exp_0<<<<<<<<<<<<<<<<<<<<<<<<<<<<<<<<<
test 976
mse:0.001173, mae:0.02411
