Args in experiment:
Namespace(ver='TWM', is_training=1, model_id='mirae_Linear', model='NLinear', data='mirae', root_path='./data/ETT/', data_path='ETTh1.csv', features='M', target='OT', freq='h', checkpoints='./checkpoints/', seq_len=72, label_len=48, pred_len=12, individual=False, embed_type=0, enc_in=7, dec_in=7, c_out=7, d_model=512, n_heads=8, e_layers=2, d_layers=1, d_ff=2048, moving_avg=25, factor=1, distil=True, dropout=0.05, embed='timeF', activation='gelu', output_attention=False, do_predict=False, num_workers=10, itr=1, train_epochs=20, batch_size=32, patience=3, learning_rate=0.005, des='Exp', loss='mse', lradj='type1', use_amp=False, use_gpu=True, gpu=0, use_multi_gpu=False, devices='0,1,2,3', test_flop=False)
Use GPU: cuda:0
>>>>>>>start training : mirae_Linear_NLinear_mirae_ftM_sl72_ll48_pl12_dm512_nh8_el2_dl1_df2048_fc1_ebtimeF_dtTrue_Exp_0>>>>>>>>>>>>>>>>>>>>>>>>>>
train 4552
val 975
test 976
	iters: 100, epoch: 1 | loss: 0.0128697
	speed: 0.0321s/iter; left time: 87.9462s
Epoch: 1 cost time: 3.4791970252990723
Epoch: 1, Steps: 142 | Train Loss: 0.0189892 Vali Loss: 0.0057490 Test Loss: 0.0059729
Validation loss decreased (inf --> 0.005749).  Saving model ...
Updating learning rate to 0.005
	iters: 100, epoch: 2 | loss: 0.0125413
	speed: 0.0427s/iter; left time: 110.9160s
Epoch: 2 cost time: 1.8049850463867188
Epoch: 2, Steps: 142 | Train Loss: 0.0130312 Vali Loss: 0.0046135 Test Loss: 0.0045785
Validation loss decreased (0.005749 --> 0.004613).  Saving model ...
Updating learning rate to 0.0025
	iters: 100, epoch: 3 | loss: 0.0091697
	speed: 0.0471s/iter; left time: 115.8270s
Epoch: 3 cost time: 1.9326484203338623
Epoch: 3, Steps: 142 | Train Loss: 0.0112842 Vali Loss: 0.0042750 Test Loss: 0.0042341
Validation loss decreased (0.004613 --> 0.004275).  Saving model ...
Updating learning rate to 0.00125
	iters: 100, epoch: 4 | loss: 0.0082857
	speed: 0.0458s/iter; left time: 106.1064s
Epoch: 4 cost time: 1.8571045398712158
Epoch: 4, Steps: 142 | Train Loss: 0.0108488 Vali Loss: 0.0042648 Test Loss: 0.0041647
Validation loss decreased (0.004275 --> 0.004265).  Saving model ...
Updating learning rate to 0.000625
	iters: 100, epoch: 5 | loss: 0.0189606
	speed: 0.0448s/iter; left time: 97.3304s
Epoch: 5 cost time: 1.9580926895141602
Epoch: 5, Steps: 142 | Train Loss: 0.0106401 Vali Loss: 0.0042000 Test Loss: 0.0041137
Validation loss decreased (0.004265 --> 0.004200).  Saving model ...
Updating learning rate to 0.0003125
	iters: 100, epoch: 6 | loss: 0.0102607
	speed: 0.0506s/iter; left time: 102.8175s
Epoch: 6 cost time: 2.1818788051605225
Epoch: 6, Steps: 142 | Train Loss: 0.0105259 Vali Loss: 0.0042585 Test Loss: 0.0041189
EarlyStopping counter: 1 out of 3
Updating learning rate to 0.00015625
	iters: 100, epoch: 7 | loss: 0.0057042
	speed: 0.0484s/iter; left time: 91.4096s
Epoch: 7 cost time: 2.0230329036712646
Epoch: 7, Steps: 142 | Train Loss: 0.0104718 Vali Loss: 0.0042007 Test Loss: 0.0040843
EarlyStopping counter: 2 out of 3
Updating learning rate to 7.8125e-05
	iters: 100, epoch: 8 | loss: 0.0093417
	speed: 0.0488s/iter; left time: 85.1745s
Epoch: 8 cost time: 2.110137701034546
Epoch: 8, Steps: 142 | Train Loss: 0.0104470 Vali Loss: 0.0041893 Test Loss: 0.0040678
Validation loss decreased (0.004200 --> 0.004189).  Saving model ...
Updating learning rate to 3.90625e-05
	iters: 100, epoch: 9 | loss: 0.0061365
	speed: 0.0529s/iter; left time: 84.8278s
Epoch: 9 cost time: 2.0492007732391357
Epoch: 9, Steps: 142 | Train Loss: 0.0103943 Vali Loss: 0.0041811 Test Loss: 0.0040642
Validation loss decreased (0.004189 --> 0.004181).  Saving model ...
Updating learning rate to 1.953125e-05
	iters: 100, epoch: 10 | loss: 0.0129919
	speed: 0.0499s/iter; left time: 72.9496s
Epoch: 10 cost time: 2.1637237071990967
Epoch: 10, Steps: 142 | Train Loss: 0.0104294 Vali Loss: 0.0041792 Test Loss: 0.0040623
Validation loss decreased (0.004181 --> 0.004179).  Saving model ...
Updating learning rate to 9.765625e-06
	iters: 100, epoch: 11 | loss: 0.0137664
	speed: 0.0421s/iter; left time: 55.6124s
Epoch: 11 cost time: 1.8940544128417969
Epoch: 11, Steps: 142 | Train Loss: 0.0104284 Vali Loss: 0.0041647 Test Loss: 0.0040610
Validation loss decreased (0.004179 --> 0.004165).  Saving model ...
Updating learning rate to 4.8828125e-06
	iters: 100, epoch: 12 | loss: 0.0107711
	speed: 0.0452s/iter; left time: 53.3239s
Epoch: 12 cost time: 1.9773616790771484
Epoch: 12, Steps: 142 | Train Loss: 0.0103588 Vali Loss: 0.0041823 Test Loss: 0.0040604
EarlyStopping counter: 1 out of 3
Updating learning rate to 2.44140625e-06
	iters: 100, epoch: 13 | loss: 0.0098239
	speed: 0.0440s/iter; left time: 45.5899s
Epoch: 13 cost time: 1.9558942317962646
Epoch: 13, Steps: 142 | Train Loss: 0.0104280 Vali Loss: 0.0041801 Test Loss: 0.0040600
EarlyStopping counter: 2 out of 3
Updating learning rate to 1.220703125e-06
	iters: 100, epoch: 14 | loss: 0.0125191
	speed: 0.0424s/iter; left time: 37.9729s
Epoch: 14 cost time: 1.855055570602417
Epoch: 14, Steps: 142 | Train Loss: 0.0104261 Vali Loss: 0.0040898 Test Loss: 0.0040598
Validation loss decreased (0.004165 --> 0.004090).  Saving model ...
Updating learning rate to 6.103515625e-07
	iters: 100, epoch: 15 | loss: 0.0156807
	speed: 0.0422s/iter; left time: 31.7528s
Epoch: 15 cost time: 1.8317883014678955
Epoch: 15, Steps: 142 | Train Loss: 0.0104055 Vali Loss: 0.0041048 Test Loss: 0.0040597
EarlyStopping counter: 1 out of 3
Updating learning rate to 3.0517578125e-07
	iters: 100, epoch: 16 | loss: 0.0126198
	speed: 0.0413s/iter; left time: 25.2108s
Epoch: 16 cost time: 1.8198573589324951
Epoch: 16, Steps: 142 | Train Loss: 0.0104238 Vali Loss: 0.0041956 Test Loss: 0.0040597
EarlyStopping counter: 2 out of 3
Updating learning rate to 1.52587890625e-07
	iters: 100, epoch: 17 | loss: 0.0106087
	speed: 0.0399s/iter; left time: 18.7027s
Epoch: 17 cost time: 1.723815679550171
Epoch: 17, Steps: 142 | Train Loss: 0.0104180 Vali Loss: 0.0041812 Test Loss: 0.0040597
EarlyStopping counter: 3 out of 3
Early stopping
>>>>>>>testing : mirae_Linear_NLinear_mirae_ftM_sl72_ll48_pl12_dm512_nh8_el2_dl1_df2048_fc1_ebtimeF_dtTrue_Exp_0<<<<<<<<<<<<<<<<<<<<<<<<<<<<<<<<<
test 976
mse:0.004060, mae:0.04790
